27
 energy: -38.482983400862 gnorm: 0.071222594809 xtb: 6.4.1 (1a32961)
C        -0.55685000000000   -1.28801000000000   -0.48612000000000
C        -1.20849000000000   -0.05816000000000   -0.49943000000000
C        -0.52934000000000    1.08586000000000   -0.06775000000000
C        -1.31068000000000    2.37314000000000   -0.02040000000000
O        -2.54369000000000    2.25591000000000   -0.01632000000000
N        -0.72658000000000    3.65315000000000   -0.01534000000000
C         0.70143000000000    3.97947000000000    0.04314000000000
C         1.29631000000000    4.24335000000000   -1.33280000000000
C        -1.64422000000000    4.79491000000000   -0.09258000000000
C        -2.04314000000000    5.31291000000000    1.28039000000000
N         0.75445000000000    1.04174000000000    0.36455000000000
C         1.35822000000000   -0.16883000000000    0.38009000000000
C         0.75478000000000   -1.34653000000000   -0.03275000000000
H        -1.07326000000000   -2.18678000000000   -0.81253000000000
H        -2.24082000000000    0.00410000000000   -0.83214000000000
H         1.27187000000000    3.20777000000000    0.55369000000000
H         0.81133000000000    4.87955000000000    0.65993000000000
H         1.29828000000000    3.33707000000000   -1.94534000000000
H         2.32841000000000    4.59586000000000   -1.23504000000000
H         0.73402000000000    5.01150000000000   -1.87393000000000
H        -2.54938000000000    4.50685000000000   -0.64043000000000
H        -1.17475000000000    5.59512000000000   -0.67429000000000
H        -2.51395000000000    4.52845000000000    1.88136000000000
H        -2.75433000000000    6.13896000000000    1.17837000000000
H        -1.17289000000000    5.68203000000000    1.83212000000000
H         2.38056000000000   -0.17459000000000    0.75035000000000
H         1.28468000000000   -2.29233000000000    0.01076000000000
27
 energy: -38.489158222977 gnorm: 0.031129436493 xtb: 6.4.1 (1a32961)
C        -0.55613909924289   -1.26112161415119   -0.48188529605841
C        -1.19866053722094   -0.03302169075520   -0.49584348877371
C        -0.51571154145918    1.10649295081749   -0.06426343360558
C        -1.30349649020757    2.38775429204766   -0.03150363665771
O        -2.53169672849689    2.28529615623857   -0.02947892818125
N        -0.72932765982202    3.63083855498188   -0.02019215548618
C         0.68772782229308    3.95525072793311    0.03911698045928
C         1.28797050606469    4.22887619999513   -1.33624306142682
C        -1.63619767683513    4.77330121509127   -0.08720621172379
C        -2.03383054740699    5.30399777679672    1.28495918513541
N         0.75011489853442    1.04986309156539    0.36621241254467
C         1.35095664089588   -0.13966273134148    0.38196459945493
C         0.75184772235388   -1.31937557946835   -0.02673674394861
H        -1.07021537974783   -2.15441328661243   -0.81199261992658
H        -2.22497033093655    0.04310617065868   -0.82630565944345
H         1.23065395892755    3.14920690945003    0.53239813020643
H         0.78552452247789    4.85465572754679    0.65890845089971
H         1.28660674389105    3.32680631006992   -1.94543216315943
H         2.31646178830707    4.57135525087509   -1.22732742509703
H         0.73041262465386    5.00069261615555   -1.86722362343335
H        -2.53577791230005    4.46564802226697   -0.62991895254113
H        -1.14982794391909    5.56609011317356   -0.66337521659945
H        -2.51078680496997    4.51964224013744    1.87062101712866
H        -2.74018242285243    6.12614861248621    1.17345530450897
H        -1.16643902905557    5.66846564772673    1.83504076456264
H         2.37017258932231   -0.13541369828723    0.74845547225455
H         1.28678028675142   -2.25800998539831    0.01135629890723
27
 energy: -38.490665946236 gnorm: 0.006586078366 xtb: 6.4.1 (1a32961)
C        -0.54992544428608   -1.23304121287779   -0.48204684093547
C        -1.19274739430182   -0.00828719843298   -0.49540184472764
C        -0.51053034650556    1.12967653023053   -0.05913893141914
C        -1.31048386558723    2.40186114978295   -0.03280585145969
O        -2.53909462574133    2.29490388639752   -0.04750379036125
N        -0.73907724535580    3.61540252175720   -0.02141568576957
C         0.67571803339696    3.92627444219098    0.03933293787903
C         1.27778132224815    4.20449795672738   -1.33794117836093
C        -1.63034930389907    4.76569739470408   -0.09011824021147
C        -2.02369783369790    5.29065968536536    1.28811821802647
N         0.74418023524961    1.06876937362167    0.37105287279968
C         1.35035418529327   -0.10456246202492    0.38673679030766
C         0.75745573043074   -1.28831528995775   -0.02462289601289
H        -1.06149927056037   -2.12445772193124   -0.81293004301545
H        -2.21543639673321    0.08123161637030   -0.82564294536882
H         1.19835780536536    3.09338091150612    0.51219879716078
H         0.78059433743458    4.81757579344563    0.66530943604072
H         1.26502608143277    3.30620612627749   -1.94840470652916
H         2.30686458942262    4.53313291212977   -1.22174604193855
H         0.72613458512397    4.98416411188440   -1.85826843167927
H        -2.53041933252684    4.45430229473136   -0.62556614011124
H        -1.12896471754203    5.55090208896531   -0.66078739512260
H        -2.50827338528388    4.50495239988260    1.86150454860122
H        -2.72119218984881    6.11561588903078    1.17251070785951
H        -1.15434618477460    5.64329938520456    1.83743243569188
H         2.36779625924550   -0.09031716367103    0.75397696711481
H         1.29774437200102   -2.22105542131030    0.01372725154141
27
 energy: -38.490911362005 gnorm: 0.004140633460 xtb: 6.4.1 (1a32961)
C        -0.54190803341660   -1.22439382083857   -0.48345574475625
C        -1.19255333127767   -0.00400453034784   -0.49618725238113
C        -0.51776125091872    1.13598200166814   -0.05389363786569
C        -1.32181178124409    2.40584558076068   -0.03928306259401
O        -2.55142416299580    2.29370915530416   -0.05948522216398
N        -0.74552245002100    3.61593734657542   -0.02423335503468
C         0.67220826992725    3.91366119629983    0.03947237514993
C         1.27220273116459    4.18830241229958   -1.33978476661073
C        -1.62890629410596    4.77231544137140   -0.09173147893646
C        -2.01925180325298    5.28789328686427    1.29102516466745
N         0.73581417711797    1.08047811946173    0.38077341361544
C         1.35153119033978   -0.08822808584997    0.39357211057832
C         0.76532864849650   -1.27411364037555   -0.02341830413807
H        -1.04814149676854   -2.11729744580256   -0.81846442506447
H        -2.21385986601989    0.08748208261166   -0.83006741841596
H         1.18700189470483    3.07278736694764    0.50461897631508
H         0.78757022096029    4.79938469538968    0.66970713270567
H         1.24692147780021    3.29040409381994   -1.95123224846585
H         2.30525505381850    4.50460207776185   -1.22505836967458
H         0.72651353057543    4.97421616462517   -1.85702164767120
H        -2.53012923838461    4.46798444900030   -0.62855985410791
H        -1.12122961222357    5.55626580478858   -0.65673278092507
H        -2.50880715765941    4.49807664038987    1.85505167387030
H        -2.71079552553781    6.11880084814800    1.18316837027043
H        -1.14659691603641    5.62696500000884    1.84401113686354
H         2.36894640031036   -0.06726379125265    0.76162439180914
H         1.31137532464735   -2.20332244962961    0.01314482296079
27
 energy: -38.491081860260 gnorm: 0.002738617941 xtb: 6.4.1 (1a32961)
C        -0.53116371421555   -1.21740078381243   -0.48664987828080
C        -1.19187641729483   -0.00221414965900   -0.49945109212406
C        -0.52728941890149    1.14089320421343   -0.04898370323807
C        -1.33360342920407    2.41018575280824   -0.04141176396477
O        -2.56358518988168    2.29484700844016   -0.07798350261483
N        -0.75240597585666    3.61937669133749   -0.02580823659199
C         0.66864276981349    3.90431019311721    0.03794641025846
C         1.26573722903088    4.16936794514690   -1.34436353771215
C        -1.62780571798595    4.78200159564549   -0.09227168487143
C        -2.01512518866943    5.28474828073128    1.29610631055441
N         0.72402196024313    1.09060868673009    0.39607147893983
C         1.35091962972360   -0.07324370894485    0.40601213007871
C         0.77497238749834   -1.26030361473644   -0.02201356082808
H        -1.02935238343310   -2.11259915383316   -0.82862824970984
H        -2.21191925653327    0.08972980882857   -0.83775673140177
H         1.17589994802103    3.05982926752028    0.49906372711279
H         0.79575762323536    4.78623578436202    0.66956030022105
H         1.22102330073738    3.27023470727849   -1.95441304216462
H         2.30518456609728    4.46743056695838   -1.23613238653380
H         0.72937543117464    4.96279751094056   -1.86005580506056
H        -2.53012240531824    4.48826326681015   -0.63332558908046
H        -1.11326470148822    5.56584233769102   -0.64968140452414
H        -2.51305369908375    4.49060883033328    1.84764714498384
H        -2.69708613431576    6.12559603335937    1.20138942950588
H        -1.13812096016485    5.60387824053667    1.85517059013077
H         2.36708776963788   -0.04363713860435    0.77760171997294
H         1.32912197713380   -2.18491716319887    0.00992092694276
27
 energy: -38.491173344141 gnorm: 0.003143748035 xtb: 6.4.1 (1a32961)
C        -0.52218435657289   -1.21310672867815   -0.49058225827488
C        -1.19082659103678   -0.00212619431208   -0.50223385805057
C        -0.53441236782897    1.14358383804547   -0.04590494234037
C        -1.34040169628179    2.41403288684145   -0.04807468880945
O        -2.56986723116829    2.29974932802114   -0.09078411043870
N        -0.75646386907110    3.62245828874145   -0.02842732905218
C         0.66626002861255    3.90045048083697    0.03448108374457
C         1.26092294093754    4.15455508503354   -1.35071134092695
C        -1.62671334576704    4.78911934297796   -0.08988410423981
C        -2.01310198339471    5.28084763191793    1.30269943127801
N         0.71398819953400    1.09691081111357    0.40901636326485
C         1.34848027255707   -0.06297912577149    0.41775680628509
C         0.78219911287781   -1.25059823712364   -0.02083591713943
H        -1.01318322135166   -2.11031647375469   -0.83832642265548
H        -2.20929319616278    0.08794907690678   -0.84622869409569
H         1.16842558078675    3.05505571750029    0.49674952253395
H         0.80051118812703    4.78278331502172    0.66355839908663
H         1.19857443062608    3.25401056400682   -1.95802270498478
H         2.30592292348754    4.43572653212399   -1.24912679178169
H         0.73427695645393    4.95457027418440   -1.86629512559432
H        -2.52923717724772    4.50514446546571   -0.63621951669748
H        -1.10681938711986    5.57459288757370   -0.63971312297731
H        -2.52080342475679    4.48523060771763    1.84357269568505
H        -2.68512883457115    6.13106717557039    1.21837139015302
H        -1.13318734566767    5.58244629268043    1.86750224619357
H         2.36146129678132   -0.02704222163533    0.79726228900260
H         1.34257109721757   -2.17164562100600    0.00796070083188
27
 energy: -38.491273279311 gnorm: 0.003087512837 xtb: 6.4.1 (1a32961)
C        -0.51255572305932   -1.20806748435024   -0.49637734272040
C        -1.18783439582488   -0.00066027887959   -0.50887122980243
C        -0.53966712453598    1.14714895606362   -0.04618079424127
C        -1.34534486307126    2.41824430476557   -0.05318800512116
O        -2.57413308467375    2.30662236022218   -0.10532569330812
N        -0.75941145787378    3.62602453543094   -0.02957024706504
C         0.66445219372697    3.89957439032097    0.02843790815703
C         1.25585724050037    4.13737057561321   -1.36087121476257
C        -1.62537793311964    4.79584921429055   -0.08432453495239
C        -2.01222460286310    5.27470253946873    1.31248787029440
N         0.70370062329663    1.10302072241972    0.42303646540972
C         1.34373340731292   -0.05334715088312    0.43407367286484
C         0.78859955398838   -1.24088964625664   -0.01780835561339
H        -0.99552897040075   -2.10709378025095   -0.85092650110330
H        -2.20479563455224    0.08509443439520   -0.85872171325838
H         1.16322926328770    3.05637544712258    0.49733018522754
H         0.80396797619226    4.78679315252314    0.64938339165774
H         1.17207908714970    3.23509285288130   -1.96353454563225
H         2.30706621843753    4.39815834630863   -1.26805182387512
H         0.74157373740757    4.94501824281179   -1.87705844003116
H        -2.52748542383104    4.52245225570635   -0.63722032533781
H        -1.09997013146116    5.58440255012172   -0.62488635958785
H        -2.53375272552397    4.47931787102500    1.84057855864762
H        -2.67131014089095    6.13600793166502    1.23799830812953
H        -1.13016007128977    5.55544446666033    1.88495598286429
H         2.35211545560221   -0.01190353193814    0.82475062927646
H         1.35514752606930   -2.15828327725791    0.00744415388361
27
 energy: -38.491392707147 gnorm: 0.002800712482 xtb: 6.4.1 (1a32961)
C        -0.50050669572745   -1.20048753471353   -0.50653489278850
C        -1.18194371185889    0.00364248359745   -0.52057472744122
C        -0.54357854068812    1.15249211767259   -0.04779056062610
C        -1.34859783729397    2.42390652872407   -0.06066698076897
O        -2.57654637914663    2.31627289777293   -0.12016970960914
N        -0.76086400908908    3.63099860924433   -0.02957224658134
C         0.66395225388752    3.90177745158961    0.01850356409210
C         1.24924324650982    4.11391229438916   -1.37754772618554
C        -1.62364037387252    4.80312914590132   -0.07382427839299
C        -2.01324402192908    5.26532605901107    1.32768669189454
N         0.69215801923502    1.11035273208989    0.44143829881564
C         1.33666298877914   -0.04285587331149    0.45681761255730
C         0.79498150025847   -1.22954591696898   -0.01263080880694
H        -0.97372261085021   -2.10074740581227   -0.87106729523112
H        -2.19580725972204    0.08303941138485   -0.88148666325033
H         1.16199840708011    3.06541231564617    0.50135599312804
H         0.80790938994237    4.80015525481429    0.62288433747018
H         1.13711873187971    3.20919042357201   -1.97219333355659
H         2.30777095637762    4.34829267913406   -1.29697486792014
H         0.75109770397725    4.93064501781929   -1.89533288372209
H        -2.52442527530010    4.54137556013150   -0.63485450269011
H        -1.09288258661356    5.59686607419636   -0.60222824702452
H        -2.55430557795025    4.47171987265719    1.83859461853766
H        -2.65464040198353    6.14072754181481    1.26356142869866
H        -1.13005359271679    5.51865864615027    1.91133104048763
H         2.33726725053979    0.00178105221428    0.86680716889808
H         1.36656842627531   -2.14356743872130    0.01202897001604
27
 energy: -38.491490877527 gnorm: 0.002564383192 xtb: 6.4.1 (1a32961)
C        -0.48888860543274   -1.19077247462573   -0.51924779089090
C        -1.17318045502094    0.01186965376005   -0.53710940769930
C        -0.54387071110720    1.15965929442876   -0.05070341078145
C        -1.34932765526692    2.42995651972828   -0.06530044850331
O        -2.57684059743710    2.32462259185326   -0.13078108747410
N        -0.76065363748385    3.63621600143472   -0.02679064210822
C         0.66496139958278    3.90550466477411    0.00744366198095
C         1.24207140475191    4.08885836745914   -1.39645530156146
C        -1.62239196837927    4.80909382584107   -0.06130932487974
C        -2.01577777087869    5.25551037717359    1.34426293356303
N         0.68308463749417    1.11775795211416    0.45991537982488
C         1.32887580250045   -0.03411155469425    0.48189789862051
C         0.79879996035700   -1.21917276921785   -0.00462922689345
H        -0.95344978814231   -2.09057088336032   -0.89571839200177
H        -2.18262443117376    0.08656757824258   -0.91170504219571
H         1.16552030940088    3.07908709778121    0.50701459144391
H         0.81244328355767    4.81768991409373    0.59102038072533
H         1.10392083407241    3.18114354828620   -1.98046469173231
H         2.30620322694481    4.29946938143876   -1.32859206705087
H         0.75796978446836    4.91164517020644   -1.91755937462943
H        -2.52157908232192    4.55543861350317   -0.62844268376694
H        -1.08871196977552    5.60820592313453   -0.57882155406822
H        -2.57558040814366    4.46432131706652    1.83811821946857
H        -2.64021412033335    6.14342113051154    1.28881410480740
H        -1.13299011826520    5.48263374659717    1.93900449647204
H         2.32149287232435    0.00984139660616    0.91110337328508
H         1.37270780370752   -2.13141638413711    0.02259540604572
27
 energy: -38.491563087412 gnorm: 0.002340416014 xtb: 6.4.1 (1a32961)
C        -0.47995622640542   -1.18174811235139   -0.53152601055848
C        -1.16350442771682    0.02132658502605   -0.55421877872048
C        -0.54104194375510    1.16629576695545   -0.05318025533830
C        -1.34768811592996    2.43491115313308   -0.06705096461312
O        -2.57510005377861    2.32913171178091   -0.13243090803082
N        -0.75928277322091    3.64072491920653   -0.02278611468836
C         0.66680057624966    3.90931229722717   -0.00187738903163
C         1.23577527505451    4.06906971862912   -1.41212841387077
C        -1.62233015440253    4.81279710971730   -0.05042518425440
C        -2.01853717060800    5.24869016975961    1.35769037176294
N         0.67824711752111    1.12302389034584    0.47462459475758
C         1.32267672980565   -0.02941098343085    0.50204215769559
C         0.79958834535380   -1.21256482563940    0.00348543000426
H        -0.93890577913363   -2.07954745858114   -0.91906245071481
H        -2.16759774160219    0.09554113266879   -0.94320321750592
H         1.17142834749049    3.09217064504710    0.51074248759509
H         0.81711391580086    4.83225296040512    0.56405393570977
H         1.08090725507545    3.15799000983209   -1.98517803447608
H         2.30247575868605    4.26522778755527   -1.35410067182391
H         0.75913982995208    4.89274742022868   -1.93791201767136
H        -2.52048429497724    4.56170645977269   -0.61978583056690
H        -1.08918321119335    5.61592801928746   -0.56166852448464
H        -2.59034300811802    4.45960513069263    1.83961592857988
H        -2.63182676509622    6.14400884757153    1.30790816387190
H        -1.13699902970172    5.45825045812576    1.95939235720947
H         2.30846519593794    0.01035933339852    0.94712525693458
H         1.37213234871199   -2.12533014636405    0.03741408222917
27
 energy: -38.491631315353 gnorm: 0.002239450882 xtb: 6.4.1 (1a32961)
C        -0.47119951155508   -1.17212034198263   -0.54498536170711
C        -1.15150437386430    0.03267519970609   -0.57423372706374
C        -0.53580590753655    1.17340921333103   -0.05549778501373
C        -1.34491207991005    2.43978610390423   -0.06572878494329
O        -2.57249868452420    2.33092963274716   -0.12747571332422
N        -0.75779833103026    3.64560250332635   -0.01785272267681
C         0.66868379684000    3.91303518186268   -0.01080195716936
C         1.22877792570066    4.05074936447410   -1.42692052306944
C        -1.62330106286874    4.81619414988361   -0.04033217093757
C        -2.02117707457661    5.24348965142190    1.37013697497770
N         0.67551923158781    1.12735127590460    0.48955658043560
C         1.31690650204928   -0.02690587187668    0.52229511072161
C         0.79866161821496   -1.20769432914611    0.01292837527843
H        -0.92587348815427   -2.06687693895532   -0.94399324650994
H        -2.14883934908229    0.11031397271273   -0.97950047123277
H         1.17731157831015    3.10391511915197    0.51149733236471
H         0.82300007670251    4.84419184287420    0.53956216066248
H         1.06145345063370    3.13460081301557   -1.98731196913304
H         2.29711904386729    4.23742535087278   -1.37849040216370
H         0.75520850072167    4.87193822492833   -1.95900656284723
H        -2.52095035084751    4.56479719742168   -0.61003035481554
H        -1.09225795428405    5.62283935361209   -0.54760457748006
H        -2.60224653382666    4.45533498416927    1.84163185490030
H        -2.62589481981486    6.14456843719664    1.32539500450103
H        -1.14047656870462    5.43851070616912    1.97713384735353
H         2.29661175647864    0.00695768567668    0.98078175314016
H         1.36745260947319   -2.12254848240224    0.05640733575230
27
 energy: -38.491700543137 gnorm: 0.002296932829 xtb: 6.4.1 (1a32961)
C        -0.46204105159308   -1.16210403148657   -0.55993966004910
C        -1.13733212251638    0.04525896126327   -0.59657252207891
C        -0.52910828200913    1.18050108831780   -0.05698926784499
C        -1.34145820430123    2.44460896180567   -0.06146614192645
O        -2.56930842988591    2.33091508242935   -0.11538047478325
N        -0.75638848287646    3.65091660511693   -0.01302942261051
C         0.67045071627164    3.91626539410997   -0.01957445092273
C         1.22067400531687    4.03332401757290   -1.44125089372563
C        -1.62488945102348    4.81972394795528   -0.03103254655290
C        -2.02330642925298    5.23968253821576    1.38174284588576
N         0.67366356497911    1.13033789462196    0.50614150003788
C         1.31125569507834   -0.02636528158119    0.54287458218720
C         0.79653304188881   -1.20420502359470    0.02276267848891
H        -0.91268495205161   -2.05308267333533   -0.97180930536504
H        -2.12611662472605    0.12996009229101   -1.02100570962695
H         1.18201678931333    3.11347031652553    0.50950347014193
H         0.83000765442055    4.85356850144267    0.51726268039803
H         1.04584221196841    3.11022894381558   -1.98726585338893
H         2.28963506363947    4.21641286499315   -1.40280910386057
H         0.74558469415432    4.84841438257909   -1.98143732081709
H        -2.52261492741096    4.56662830398732   -0.59995427833617
H        -1.09696964692941    5.62955206247947   -0.53612263631119
H        -2.61035819646299    4.45164029137907    1.84520538176216
H        -2.62220120632066    6.14471918565615    1.34227767569203
H        -1.14298643292545    5.42374306163342    1.99190390565547
H         2.28451828749781    0.00066571874433    1.01567847460293
H         1.35955271575688   -2.12231120693810    0.07784639334847
27
 energy: -38.491761357031 gnorm: 0.002264724615 xtb: 6.4.1 (1a32961)
C        -0.45272029592294   -1.15263440113252   -0.57527092459519
C        -1.12295112445691    0.05722901931808   -0.61800359134156
C        -0.52282052825935    1.18651141332405   -0.05681990044044
C        -1.33834918849379    2.44878060741297   -0.05459724100704
O        -2.56638746446009    2.33013280586048   -0.09935566587173
N        -0.75543680174083    3.65579323359331   -0.00925248549044
C         0.67176319461495    3.91813416905944   -0.02732769999903
C         1.21191840358079    4.01810365763203   -1.45392564467225
C        -1.62621870613630    4.82316066656769   -0.02354863633182
C        -2.02421241113069    5.23742262513364    1.39115793058256
N         0.67129181214581    1.13141945308423    0.52436902337675
C         1.30548720872196   -0.02745667102343    0.56356234997034
C         0.79415706254585   -1.20179047276360    0.03147693100411
H        -0.89919891293533   -2.03987641303958   -0.99982660704288
H        -2.10262717593552    0.15032043607469   -1.06124519825889
H         1.18453938803296    3.11926761043580    0.50587186053342
H         0.83725212546448    4.85965097921792    0.49912394801447
H         1.03332454125415    3.08735014813189   -1.98632308407342
H         2.28107394515726    4.20288117919648   -1.42561707637732
H         0.73124275915574    4.82529515111568   -2.00153653900049
H        -2.52431038276979    4.56889101827544   -0.59180544894970
H        -1.10080340284018    5.63539992701600   -0.52742778499645
H        -2.61442204851043    4.44851302185734    1.84926589906421
H        -2.62001055630194    6.14478744943848    1.35648270818928
H        -1.14351490364106    5.41438582798981    2.00280756666539
H         2.27255753601662   -0.00615297833826    1.04938145806511
H         1.35134592684431   -2.12304946343834    0.09594385298337
27
 energy: -38.491808845315 gnorm: 0.002223158454 xtb: 6.4.1 (1a32961)
C        -0.44585417708189   -1.14635238128783   -0.58640607665834
C        -1.11308665832699    0.06493320596490   -0.63155098237849
C        -0.51964510003718    1.18945034877429   -0.05446839782431
C        -1.33720623158903    2.45072099302695   -0.04727324088285
O        -2.56524446731450    2.32909384246669   -0.08386061135459
N        -0.75538022150198    3.65820769372884   -0.00767103083893
C         0.67216301045253    3.91750542255660   -0.03231235331662
C         1.20526783899705    4.00936997198668   -1.46153986988199
C        -1.62673374259587    4.82511682205649   -0.01975342259216
C        -2.02323628178584    5.23761009720747    1.39574720020215
N         0.66796826313814    1.13022223832451    0.53948997021722
C         1.30076368342303   -0.02963044630164    0.57810723089417
C         0.79258139676844   -1.20075918204720    0.03558000213011
H        -0.88827842778699   -2.03076391413540   -1.02139935126683
H        -2.08563187554258    0.16440462550405   -1.08810000565566
H         1.18472432583129    3.11965121463301    0.50189006808680
H         0.84219193399257    4.86043458756788    0.48952092566673
H         1.03051838548452    3.07308481634969   -1.98511986902792
H         2.27320419123481    4.20209547408954   -1.44007767078132
H         0.71596387309682    4.80837223375391   -2.01390294544433
H        -2.52550029035441    4.57068360259139   -0.58724889396251
H        -1.10250602416661    5.63807079595775   -0.52391663872820
H        -2.61181258899118    4.44759023220637    1.85385740000232
H        -2.62014581476352    6.14429360835269    1.36351900336630
H        -1.14179356488778    5.41471654407275    2.00601422350701
H         2.26270742923345   -0.01169899536477    1.07436729334417
H         1.34597113507340   -2.12395345203590    0.10406804317843
27
 energy: -38.491865803304 gnorm: 0.002021910458 xtb: 6.4.1 (1a32961)
C        -0.43785311016777   -1.14019829966778   -0.59946182534718
C        -1.10417223069354    0.07156636302745   -0.64414901011170
C        -0.51902422216405    1.19095611456167   -0.04957968295392
C        -1.33806349651992    2.45160533619891   -0.03820315372853
O        -2.56596330284530    2.32844728308790   -0.06611486429730
N        -0.75617020017477    3.65931789222449   -0.00710324886919
C         0.67195077286617    3.91505297629663   -0.03738448620377
C         1.19821246117271    4.00240461437462   -1.46895774259836
C        -1.62651063384825    4.82669520223846   -0.01707686360319
C        -2.02003873724748    5.23913362800684    1.39903008242639
N         0.66128152282567    1.12727016542349    0.55897569940364
C         1.29422280176486   -0.03267089444868    0.59577753670675
C         0.79182113267909   -1.19971291222014    0.03845055980427
H        -0.87465804521276   -2.02173117029024   -1.04601304216716
H        -2.06970274530814    0.17599177601748   -1.11301540995588
H         1.18363738091226    3.11672979971097    0.49653480396581
H         0.84694105208801    4.85831581224279    0.48227265923486
H         1.03195251471647    3.06005368319295   -1.98486764001348
H         2.26432933301080    4.20848004149297   -1.45457267225552
H         0.69630902480740    4.79159746783219   -2.02479469394701
H        -2.52641848762813    4.57352970933937   -0.58369869661851
H        -1.10225244083367    5.63935008995414   -0.52203496946482
H        -2.60436075788308    4.44706769965716    1.85989686399083
H        -2.62055131341180    6.14375021250816    1.36819171188859
H        -1.13692281365162    5.42014971058819    2.00641431908027
H         2.25062397507140   -0.01683878471470    1.10219653775723
H         1.34335056567510   -2.12384351663558    0.10684722787729
27
 energy: -38.491937025146 gnorm: 0.002194061520 xtb: 6.4.1 (1a32961)
C        -0.42799419988938   -1.13342341735885   -0.61533120511312
C        -1.09575343027650    0.07777996522697   -0.65662892317666
C        -0.52126269834996    1.19104238637356   -0.04153698480955
C        -1.34117506389435    2.45118327916566   -0.02605520630052
O        -2.56888287525292    2.32814979093765   -0.04386541909786
N        -0.75774406610982    3.65844284365418   -0.00700845758993
C         0.67115025451417    3.90985107560301   -0.04335301593039
C         1.18999085094523    3.99669603930514   -1.47730651403886
C        -1.62545992244204    4.82734314364401   -0.01494784059090
C        -2.01364650185904    5.24257776034131    1.40148510096544
N         0.64991206764933    1.12239987785226    0.58421214582876
C         1.28474264134597   -0.03662420810344    0.61710839279894
C         0.79192919867209   -1.19820026591064    0.03985266685801
H        -0.85605205951538   -2.01117886211695   -1.07829897594569
H        -2.05345722000182    0.18607250539681   -1.14027025040490
H         1.18210017354926    3.10987037464034    0.48879614235495
H         0.85146837132204    4.85229164817518    0.47643030752834
H         1.03999524285829    3.04787401372444   -1.98660685077612
H         2.25235476894644    4.22432168517214   -1.46969283288639
H         0.67007674728007    4.77290268934271   -2.03575134585666
H        -2.52760719011689    4.57621970736612   -0.57906514551661
H        -1.10078632905632    5.63833921400524   -0.52232183405305
H        -2.58837387896312    4.44794932801571    1.87012087019741
H        -2.62200036136149    6.14199762511341    1.37063128987916
H        -1.12822966174218    5.43425115554489    2.00241733509498
H         2.23307687625028   -0.02329863302511    1.13924464882163
H         1.34359826549762   -2.12236072208608    0.10530190175999
27
 energy: -38.492018755838 gnorm: 0.002949583422 xtb: 6.4.1 (1a32961)
C        -0.41348421679981   -1.12403203301894   -0.63865864354893
C        -1.08531570087226    0.08538836881798   -0.67390602249787
C        -0.52616508014189    1.19034003391930   -0.03029255976948
C        -1.34673230164177    2.44970470378391   -0.01083071514276
O        -2.57421600804657    2.32779617620203   -0.01565106797309
N        -0.76037483423905    3.65568375831609   -0.00673406600308
C         0.66943948006810    3.90190510119763   -0.05194970553867
C         1.17905453565588    3.99057967097449   -1.48913302493573
C        -1.62387249880907    4.82728174987900   -0.01210926553663
C        -2.00294483256472    5.24786939730663    1.40503829904307
N         0.63158493312548    1.11542926841597    0.62047679090264
C         1.26918203508026   -0.04209130098279    0.65011152585374
C         0.79264003841708   -1.19560671342998    0.04256948703174
H        -0.82870997114362   -1.99627007968665   -1.12356384524664
H        -2.03354690744011    0.19676033482481   -1.17536749977636
H         1.18063886910458    3.09965092085872    0.47698318063379
H         0.85638404005858    4.84292386429029    0.46889740044183
H         1.05232383783154    3.03425847795659   -1.99183660774236
H         2.23567744737134    4.24771374464240   -1.48931220879182
H         0.63538182507226    4.74959668261084   -2.04969121904795
H        -2.52983163163097    4.57872338881806   -0.57125746720430
H        -1.09874551882111    5.63527902421476   -0.52382116281311
H        -2.56366014746019    4.44947411767721    1.88528989073104
H        -2.62271283641345    6.13984933212129    1.37332493622365
H        -1.11373463134291    5.45521408503482    1.99630098308671
H         2.20687350263841   -0.03228932918452    1.19035644839748
H         1.34683657294356   -2.11866274556035    0.10232613922354
27
 energy: -38.492085632861 gnorm: 0.003288411845 xtb: 6.4.1 (1a32961)
C        -0.39788611433720   -1.11416831447539   -0.66069366772278
C        -1.07508710423141    0.09264835252750   -0.69024435034812
C        -0.53205411490888    1.18948928192686   -0.02004277216734
C        -1.35310542846393    2.44780598340609    0.00279784399783
O        -2.58039097191242    2.32728861323762    0.00935514621774
N        -0.76352610480182    3.65197628941842   -0.00591859015127
C         0.66696034151649    3.89332979957673   -0.06085194696858
C         1.16824224213361    3.98446284476448   -1.50127150807903
C        -1.62271984777770    4.82654563780244   -0.00884385624277
C        -1.99085924839796    5.25359488834005    1.40934118151540
N         0.61134259412297    1.10910446470570    0.65496360811555
C         1.25240018595840   -0.04653679180881    0.68115969172575
C         0.79439053410333   -1.19158234260686    0.04414936307398
H        -0.79822665790955   -1.98024283307897   -1.16952885941096
H        -2.01387028036838    0.20626833856131   -1.20991702559736
H         1.17935772447412    3.08904856115251    0.46461530015293
H         0.86015723391170    4.83296445424424    0.46091637187497
H         1.06275407356182    3.02258015722547   -1.99943968654376
H         2.21891633261473    4.26736054059075   -1.50791320487774
H         0.60435387366796    4.72800024806214   -2.06277604325197
H        -2.53332922038909    4.57958582378469   -0.56096616979801
H        -1.09816859110029    5.63106348230762   -0.52637556541189
H        -2.53693263325243    4.45227263488740    1.90217213598065
H        -2.62182564818370    6.13799971958166    1.37678056352402
H        -1.09768450596564    5.47684894023274    1.98965613220998
H         2.17657356464405   -0.04245833839238    1.24671489911875
H         1.35218777129070   -2.11278043597445    0.09972100906450
27
 energy: -38.492148273595 gnorm: 0.003140451691 xtb: 6.4.1 (1a32961)
C        -0.37966514192859   -1.10326150740853   -0.68347951913196
C        -1.06352138240408    0.10010712695890   -0.70834953352859
C        -0.53871257145464    1.18876523805605   -0.01094609319663
C        -1.36022197361859    2.44601397793421    0.01299904907635
O        -2.58725442542980    2.32708378181951    0.02793203504147
N        -0.76738128761741    3.64803800296396   -0.00470904563513
C         0.66343016704495    3.88456227342963   -0.07004336532768
C         1.15687685873271    3.97677790236507   -1.51384332671489
C        -1.62244414804513    4.82564476066969   -0.00455102177074
C        -1.97744450678031    5.25972542965196    1.41511591594853
N         0.58848105430107    1.10332409344355    0.69042006704921
C         1.23307826434458   -0.05031356426279    0.71556498465891
C         0.79735048047218   -1.18609402309368    0.04686725394099
H        -0.76349728522178   -1.96255726001549   -1.21566204211729
H        -1.99307471026634    0.21482671512922   -1.24426833477876
H         1.17763793528125    3.07893324587719    0.45241077409086
H         0.86285134180143    4.82334929296336    0.45137625074663
H         1.06658468300383    3.01177636699917   -2.00899184567519
H         2.20224568279931    4.27719760222257   -1.52602529817425
H         0.57901421889208    4.70816479023370   -2.07538795210916
H        -2.53860695292493    4.57934069357617   -0.54751000120285
H        -1.09984846186817    5.62645843104281   -0.52938506420020
H        -2.50956835395804    4.45712718170780    1.92071167240868
H        -2.61770168923188    6.13749969327490    1.38288286059998
H        -1.08001684105222    5.49688610850624    1.98329752952989
H         2.14306677232496   -0.05251305698979    1.30281642990199
H         1.36031227280300   -2.10439329705588    0.09831762057035
27
 energy: -38.492215916489 gnorm: 0.002380880034 xtb: 6.4.1 (1a32961)
C        -0.36130869377647   -1.09337815940175   -0.70100159402122
C        -1.05302971932160    0.10566724235870   -0.72254139923707
C        -0.54533412968527    1.18839132876589   -0.00592881742157
C        -1.36745345997599    2.44469222813433    0.01613823096908
O        -2.59424965851783    2.32698566513186    0.03248183630942
N        -0.77199751185665    3.64489395126326   -0.00316964737206
C         0.65866229208470    3.87756958171598   -0.07724863389161
C         1.14695639048128    3.96780045387915   -1.52381689223684
C        -1.62377118377487    4.82507416685017    0.00008648066920
C        -1.96440316628690    5.26548575637283    1.42169252336738
N         0.56696874948478    1.10020479740730    0.71664162403852
C         1.21580264375031   -0.05109826592225    0.74209763148279
C         0.80270608427957   -1.17877836358594    0.04815863661757
H        -0.72889112475392   -1.94672711349639   -1.25180307229737
H        -1.97512364108353    0.21979539443634   -1.27118352805369
H         1.17468411398700    3.07182715910460    0.44384094783277
H         0.86317844895262    4.81656814967145    0.44187173988942
H         1.05611077403012    3.00287599133553   -2.01805387407912
H         2.19076590415996    4.26765669157240   -1.53977131386020
H         0.56770774426168    4.69625829263455   -2.08374485337709
H        -2.54566364077617    4.57823656636554   -0.53261348162261
H        -1.10435439445462    5.62249326265825   -0.53266668130741
H        -2.48822930473353    4.46390591680283    1.93654819281811
H        -2.60792052347581    6.14078055277299    1.39159607689413
H        -1.06225528057517    5.50853198035254    1.97925090687561
H         2.11072647149633   -0.05984348304957    1.35254331779437
H         1.37168581607937   -2.09339974413116    0.09815564322003
27
 energy: -38.492283469742 gnorm: 0.003171422916 xtb: 6.4.1 (1a32961)
C        -0.33978239626208   -1.08277334051205   -0.72101953938466
C        -1.03896647357617    0.11203939224507   -0.74116758157193
C        -0.55087577330934    1.18861290913301   -0.00134758103970
C        -1.37422111590209    2.44413873632376    0.01680885519014
O        -2.60096041250394    2.32635919932924    0.03106673927391
N        -0.77683266273592    3.64354690305702   -0.00090929185547
C         0.65351940393386    3.87239875950862   -0.08487941455419
C         1.13414175296648    3.95569024693653   -1.53503109096863
C        -1.62660641755315    4.82527286318128    0.00637870386571
C        -1.94978348230127    5.27162890059579    1.43043596747522
N         0.54406949845018    1.09722596624808    0.74811909797145
C         1.19678304958312   -0.05210179646205    0.77498669828150
C         0.80864507651375   -1.17101864851169    0.05294457068706
H        -0.68913542984789   -1.92977284551625   -1.29368066195247
H        -1.95207219049146    0.22648411395929   -1.30593876826040
H         1.17188148255087    3.06830125925338    0.43662877662974
H         0.86369119048283    4.81305272460176    0.42855914337059
H         1.02947860700056    2.99027324538966   -2.02603857793414
H         2.18058394930235    4.24358828571484   -1.55748825352685
H         0.55878095500666    4.68751241420678   -2.09338872713551
H        -2.55510465583161    4.57631533572751   -0.51371925351965
H        -1.11288386461482    5.61958567378111   -0.53639648670018
H        -2.46846229557258    4.47293714051834    1.95364958841347
H        -2.59226009371533    6.14749493477334    1.40504832073647
H        -1.04124868683178    5.51487915621826    1.97629948846559
H         2.07602149557363   -0.06727574745706    1.40595010458125
H         1.38356948968443   -2.08192578224418    0.10168917346226
27
 energy: -38.492318698487 gnorm: 0.001203800727 xtb: 6.4.1 (1a32961)
C        -0.33709831160900   -1.08262571102927   -0.72236956171805
C        -1.03569221584452    0.11239457153534   -0.74322153012674
C        -0.54947315708294    1.18895289208476   -0.00284279165800
C        -1.37423958778353    2.44397929775719    0.01599021704020
O        -2.60099924094902    2.32439391473454    0.02832496835503
N        -0.77800547465263    3.64425403234223   -0.00051635716128
C         0.65242559760495    3.87273836464996   -0.08339273722084
C         1.13124218797122    3.95324752330129   -1.53336900785278
C        -1.62831937031823    4.82556285657713    0.00653883752381
C        -1.94797188117534    5.27369705290128    1.43047277029711
N         0.54450458703566    1.09737871476934    0.74686571162942
C         1.19726864288836   -0.05196782019264    0.77414693476024
C         0.80902970009533   -1.17134493097946    0.05347496145662
H        -0.68586865289467   -1.92988850892967   -1.29425647118474
H        -1.94616282720883    0.22871056031643   -1.31042870818988
H         1.16971479621305    3.06851826729898    0.43825827025772
H         0.86338952881697    4.81328031428858    0.42925552385683
H         1.01818248634188    2.98852222878244   -2.02333620218785
H         2.18016664806863    4.23439104373721   -1.55676711209446
H         0.55951585850834    4.69066693064083   -2.09116277794943
H        -2.55758260412527    4.57549191601185   -0.51164526604585
H        -1.11612711055869    5.61953946185530   -0.53870155354795
H        -2.46798317994694    4.47639358727352    1.95536243467139
H        -2.58794105284745    6.15138013830261    1.40585161991281
H        -1.03756804167957    5.51460920109373    1.97428371965113
H         2.07487728335933   -0.06686164703410    1.40710384249566
H         1.38268539177223   -2.08294425209004    0.10364026503047
27
 energy: -38.492375805622 gnorm: 0.004424661361 xtb: 6.4.1 (1a32961)
C        -0.32608739470653   -1.08184013126893   -0.72875237714859
C        -1.02196333103493    0.11438128755881   -0.75535269889114
C        -0.54385418628924    1.19024667450154   -0.00967608903095
C        -1.37503616716173    2.44251383985530    0.01034691752809
O        -2.60142140804128    2.31518313710786    0.01497159795424
N        -0.78434260515285    3.64602178001470    0.00199132508039
C         0.64644444765289    3.87380249701554   -0.07720797536676
C         1.12050749743502    3.94282057571658   -1.52700760302512
C        -1.63647363562574    4.82561958068308    0.00861133956155
C        -1.93986234857467    5.28390265874995    1.43196857053228
N         0.54553565156760    1.09794178759297    0.74436320658069
C         1.19830203691188   -0.05160562322156    0.77516284083558
C         0.81164059854279   -1.17213319909376    0.05674833845802
H        -0.67130133232227   -1.92968110576814   -1.30033608164231
H        -1.92441971271063    0.23612408009492   -1.33146432742003
H         1.16017544522358    3.07005167700533    0.44722429071592
H         0.85895237562793    4.81509852603607    0.43176189469772
H         0.96895698249997    2.98310174298920   -2.01632459439103
H         2.17967473452722    4.19056010782839   -1.55677716353175
H         0.56906039231464    4.70389702074005   -2.08129972516157
H        -2.56972195871862    4.57008515425215   -0.49973891270500
H        -1.13104756219617    5.61676791821283   -0.54878379384688
H        -2.46606113749755    4.49477204273207    1.96511844661935
H        -2.56812642637910    6.17006900564029    1.40998787319515
H        -1.02136045526890    5.51431243255037    1.96694811523130
H         2.07275277023043   -0.06342390984361    1.41199238587873
H         1.38104672914564   -2.08611955768265    0.11308419929276
27
 energy: -38.492401297294 gnorm: 0.003217560294 xtb: 6.4.1 (1a32961)
C        -0.32368205723975   -1.08135029755473   -0.73080518463154
C        -1.01987070531020    0.11463179995853   -0.75878932109305
C        -0.54370819997247    1.19012407220358   -0.01080721130252
C        -1.37590129616363    2.44167148685269    0.00868938812315
O        -2.60204498032826    2.31319565322046    0.01177251671960
N        -0.78619852571920    3.64544050213375    0.00309124987481
C         0.64461487247617    3.87362478055929   -0.07654182480791
C         1.11901096582867    3.94073132721684   -1.52660756175673
C        -1.63828876570087    4.82494506665974    0.00987519953536
C        -1.93754964313274    5.28656823373342    1.43313846891513
N         0.54449693036325    1.09804044577879    0.74554610671723
C         1.19801774124014   -0.05109110665542    0.77680113682133
C         0.81295853318119   -1.17149277806353    0.05714434628772
H        -0.66729642732876   -1.92898442366848   -1.30405894335920
H        -1.92143035193060    0.23606217155179   -1.33710600926279
H         1.15881625609076    3.07110102674574    0.44978438995538
H         0.85641640348973    4.81614530992060    0.43070184631119
H         0.96085975491868    2.98274953781949   -2.01685992806918
H         2.17933678500733    4.18067162225317   -1.55721201654664
H         0.57311807249123    4.70500413053554   -2.08017778302209
H        -2.57309247481116    4.56809071883359   -0.49492308794449
H        -1.13464869953549    5.61479124989652   -0.55087428320303
H        -2.46493831058959    4.50026731555703    1.96882358904193
H        -2.56312547135757    6.17459184655258    1.41073444169060
H        -1.01746617440440    5.51526379489801    1.96603827301341
H         2.07146144147300   -0.06276624682913    1.41515985364462
H         1.38210432696391   -2.08555724011053    0.11502234834834
27
 energy: -38.492450311657 gnorm: 0.000880663686 xtb: 6.4.1 (1a32961)
C        -0.31482050135738   -1.07971892683409   -0.73836061400874
C        -1.01303410136407    0.11492898950159   -0.77042565303000
C        -0.54397317909338    1.18946334382933   -0.01528497330892
C        -1.37940691502202    2.43852631782512    0.00285074789131
O        -2.60494576116060    2.30664665371821    0.00034722943977
N        -0.79252151562648    3.64310622616006    0.00695204177105
C         0.63816778678371    3.87328359739175   -0.07489016242252
C         1.11439340917642    3.93366406962863   -1.52570028171880
C        -1.64458314345545    4.82231022747654    0.01443691773419
C        -1.92891611001963    5.29594771488005    1.43744664561514
N         0.53927933061221    1.09833686204267    0.74979329556917
C         1.19502496418084   -0.04949925041812    0.78362427331648
C         0.81731938199458   -1.16913852475642    0.05833214501646
H        -0.65273069358282   -1.92684919828736   -1.31693973406299
H        -1.91215845921075    0.23373735177054   -1.35503260897361
H         1.15469064585815    3.07555891215774    0.45773971064334
H         0.84743230325686    4.82026060123964    0.42592232458390
H         0.93473393779187    2.98079411252304   -2.01897807158779
H         2.17913133032883    4.14710741642227   -1.55616325266126
H         0.58745985605909    4.70955691309212   -2.07650215050082
H        -2.58513467357240    4.56059099321919   -0.47715899750362
H        -1.14774306745588    5.60760301583314   -0.55833561816978
H        -2.45955134548578    4.51925108482706    1.98258831095699
H        -2.54601226658782    6.18986027915059    1.41289471231771
H        -1.00323130208484    5.52000703055173    1.96247795362388
H         2.06567348308501   -0.06051898427885    1.42621099222186
H         1.38742660595114   -2.08234682866690    0.11971481724827
27
 energy: -38.492466667450 gnorm: 0.001491458278 xtb: 6.4.1 (1a32961)
C        -0.30544044356135   -1.07811843146242   -0.74573508359539
C        -1.00687414432490    0.11463218134037   -0.77990840911472
C        -0.54541740928968    1.18867623334077   -0.01920968232175
C        -1.38350236336309    2.43581584540249   -0.00241013114620
O        -2.60871392859076    2.30141405425152   -0.01023364203430
N        -0.79840252681586    3.64113854393650    0.01007637148922
C         0.63204983087479    3.87257791258470   -0.07325940300914
C         1.10955248505842    3.92603810030963   -1.52445440191239
C        -1.65050371603396    4.82017810999232    0.01850748613596
C        -1.91988818614884    5.30487883680779    1.44113997468039
N         0.53276610136815    1.09880416963350    0.75349767285452
C         1.19147074544095   -0.04724805234893    0.78898665164260
C         0.82197865777754   -1.16621746423151    0.05817661690030
H        -0.63700714012052   -1.92466764378790   -1.32919271771295
H        -1.90264277862753    0.23112908493245   -1.37063426292262
H         1.14999549824041    3.07883286567799    0.46422419143820
H         0.83981410577017    4.82299250286427    0.42179151863065
H         0.91090657660977    2.97747342620283   -2.01960023356608
H         2.17867952500453    4.11619544141049   -1.55350504362978
H         0.59980780779184    4.71342513917094   -2.07390623967125
H        -2.59640673942880    4.55421638869467   -0.46042290394937
H        -1.16048557359864    5.60150696646864   -0.56547619713503
H        -2.45177533684754    4.53617349136624    1.99595410600810
H        -2.53044780478166    6.20326410832150    1.41505757081159
H        -0.98857759871022    5.52599135505709    1.95749971445316
H         2.05697798217422   -0.05861722056033    1.43873223179901
H         1.39405637413201   -2.07801594537637    0.12186424487799
27
 energy: -38.492475715211 gnorm: 0.000812070742 xtb: 6.4.1 (1a32961)
C        -0.30142877770442   -1.07708731527516   -0.74896642785135
C        -1.00542737608912    0.11432963833442   -0.78215016783517
C        -0.54745632841667    1.18828216423087   -0.01995747243627
C        -1.38600479497220    2.43510780448313   -0.00345771304525
O        -2.61125757388879    2.30084180236959   -0.01330868179913
N        -0.80046781248434    3.64040740200237    0.01060387562759
C         0.62986417085558    3.87158034364476   -0.07294661483765
C         1.10821602172071    3.92262338523117   -1.52379965054086
C        -1.65228602500680    4.81972620088951    0.01968230412801
C        -1.91585089007960    5.30778616950959    1.44198075781157
N         0.52830449074906    1.09886539317300    0.75569548853230
C         1.18833409770205   -0.04625667415989    0.79175095258199
C         0.82368762231676   -1.16444677433716    0.05736196116032
H        -0.63002040549388   -1.92328570829720   -1.33418780742871
H        -1.90001276389232    0.22967147420090   -1.37415286073176
H         1.14767152534364    3.07866824025195    0.46532616850185
H         0.83787373210555    4.82246733423408    0.42060107994575
H         0.90728085181797    2.97508591918949   -2.01857027061778
H         2.17756771425694    4.10926854542231   -1.55127462835507
H         0.60208183187887    4.71151317488989   -2.07442243563077
H        -2.59986206512819    4.55295598585210   -0.45479959917082
H        -1.16471034717827    5.59975190699191   -0.56784244450093
H        -2.44533498261668    4.54053100104705    2.00105499755396
H        -2.52651572100249    6.20593579287823    1.41577121568319
H        -0.98265436077018    5.53031491641207    1.95406988310715
H         2.05184475491691   -0.05759543942929    1.44393569181474
H         1.39853341105935   -2.07457268374046    0.11956239833387
27
 energy: -38.492485625523 gnorm: 0.000651257766 xtb: 6.4.1 (1a32961)
C        -0.29706826936805   -1.07558102873524   -0.75273670085777
C        -1.00459948082690    0.11404923984951   -0.78417868808259
C        -0.55090959463674    1.18769354841233   -0.01972905662340
C        -1.38966702051022    2.43449538151667   -0.00430491830030
O        -2.61495673193976    2.30090588465190   -0.01540374443608
N        -0.80304138599442    3.63954977628523    0.01014399949921
C         0.62738031502772    3.86963688897534   -0.07258846917182
C         1.10727439037002    3.91851403422770   -1.52276901054248
C        -1.65410214983425    4.81952666587952    0.02028586641093
C        -1.91059814026385    5.31089152421582    1.44247519070667
N         0.52224039328936    1.09880639321203    0.75935753199580
C         1.18492606905708   -0.04459867347958    0.79463737025158
C         0.82608384530353   -1.16168932744765    0.05562020273173
H        -0.62159156356977   -1.92103102763897   -1.34092952208290
H        -1.89776496872329    0.22849615901645   -1.37793380990101
H         1.14407610414768    3.07680079311700    0.46646354232030
H         0.83608212673500    4.82055686207664    0.42012866793923
H         0.90599009934627    2.97053478148901   -2.01613982746553
H         2.17685809411941    4.10510031646185   -1.54855030698362
H         0.60184340087169    4.70731539715373   -2.07519959584837
H        -2.60366346322839    4.55207376704770   -0.44938075087934
H        -1.16879369027319    5.59795465442966   -0.57131923474421
H        -2.43457899166016    4.54370019210635    2.00711742586295
H        -2.52401417831610    6.20714072779544    1.41724153212444
H        -0.97510625334648    5.53756289306250    1.94850199990474
H         2.04521216035436   -0.05617163208555    1.45094728823034
H         1.40445888386890   -2.06976419159616    0.11580301794227
27
 energy: -38.492495557182 gnorm: 0.000951930172 xtb: 6.4.1 (1a32961)
C        -0.29237165050255   -1.07325279285048   -0.75778474917181
C        -1.00355521574404    0.11443162103429   -0.78736077996608
C        -0.55467435852554    1.18710983776011   -0.01906269041476
C        -1.39385160198011    2.43365500621933   -0.00402001379916
O        -2.61915172017056    2.30066356049758   -0.01643113444262
N        -0.80607652326648    3.63831330715446    0.00949660281574
C         0.62460091198351    3.86711593451843   -0.07183522292540
C         1.10619868954729    3.91384533832384   -1.52152986094536
C        -1.65585483630840    4.81928429409324    0.02052895412729
C        -1.90430229176530    5.31447847361761    1.44272138035647
N         0.51525149366036    1.09824281452295    0.76460440700101
C         1.18047582533202   -0.04352434273830    0.79917716141451
C         0.82828481754509   -1.15871080052053    0.05387851944966
H        -0.61268460093414   -1.91773467900155   -1.34956965628054
H        -1.89558771756884    0.22799888479748   -1.38288223101598
H         1.14011165854774    3.07455134931057    0.46880982123414
H         0.83349630307227    4.81839245083630    0.42002505911390
H         0.90920434694560    2.96412321122825   -2.01288105272728
H         2.17501091897898    4.10474337008325   -1.54618988466675
H         0.59845886775065    4.69937811512953   -2.07674275699314
H        -2.60795650146160    4.55128951979409   -0.44361121044328
H        -1.17284294767374    5.59574624500285   -0.57571616666001
H        -2.42018040944547    4.54643426462006    2.01391526201798
H        -2.52264389442489    6.20743888523495    1.41896630329861
H        -0.96636569892622    5.54784555900201    1.94125310747121
H         2.03846049812910   -0.05488079366559    1.45834189756580
H         1.41051563720473   -2.06450863400555    0.11145893458662
27
 energy: -38.492505420352 gnorm: 0.000751780971 xtb: 6.4.1 (1a32961)
C        -0.28762723868493   -1.07068018828511   -0.76322262503740
C        -1.00152131323807    0.11540722083739   -0.79167290935707
C        -0.55771408036914    1.18653409770123   -0.01833342096798
C        -1.39782913706770    2.43248373567602   -0.00380777766051
O        -2.62299153149806    2.29919094499439   -0.01586909230110
N        -0.80968793560509    3.63694565212327    0.00889102868169
C         0.62132371996140    3.86471761884310   -0.07077077673478
C         1.10466235795892    3.90889276587320   -1.51987881745375
C        -1.65808797389609    4.81877683762843    0.02095115856054
C        -1.89758894164437    5.31900921357476    1.44293334780090
N         0.50899005595772    1.09731734198073    0.76979037548567
C         1.17695350433640   -0.04287951349383    0.80289358649383
C         0.83041293811298   -1.15611350789898    0.05210568295725
H        -0.60342074057038   -1.91378340131714   -1.35948203846391
H        -1.89136438043124    0.22920711689993   -1.39065348442324
H         1.13575422770242    3.07287100621639    0.47207753440036
H         0.83011519908793    4.81668110100901    0.41980542740630
H         0.91268291382031    2.95646143788356   -2.00847195387129
H         2.17276154285080    4.10496402476880   -1.54430526852435
H         0.59354213556433    4.69031806314321   -2.07801931213707
H        -2.61307172833071    4.54991253744143   -0.43678110985584
H        -1.17790943232201    5.59278905261126   -0.58095281088014
H        -2.40448939521605    4.55047267593892    2.02160039861567
H        -2.52118637457234    6.20842361049369    1.42057564395887
H        -0.95697511724468    5.55997232406621    1.93281741334923
H         2.03149379449941   -0.05482516594667    1.46664780565610
H         1.41474293083775   -2.06059660276401    0.10869199430285
27
 energy: -38.492516064951 gnorm: 0.000541442909 xtb: 6.4.1 (1a32961)
C        -0.28193782100475   -1.06763005581896   -0.77039588439515
C        -0.99725453528464    0.11750185205079   -0.79867077171241
C        -0.55921114740654    1.18614989047223   -0.01829841571506
C        -1.40127916603619    2.43083125631990   -0.00260100466658
O        -2.62621063142185    2.29589816959452   -0.01456033432069
N        -0.81393511573440    3.63553107082788    0.00938845423299
C         0.61736641309933    3.86288016805949   -0.06911603086613
C         1.10216918578861    3.90316567103628   -1.51781993538013
C        -1.66149306779607    4.81771397347293    0.02183889454830
C        -1.89001602167740    5.32529463811354    1.44321332738287
N         0.50335465169428    1.09559487505785    0.77535660031680
C         1.17296283857861   -0.04376766137663    0.80779165654752
C         0.83187989696229   -1.15458174699983    0.05105828078258
H        -0.59327535380674   -1.90906652543580   -1.37147272856455
H        -1.88397796082178    0.23253731525068   -1.40233012565539
H         1.13113974432900    3.07270568087755    0.47705795508492
H         0.82542206090929    4.81632563178949    0.41896923007451
H         0.91507385481087    2.94750031092093   -2.00282645653749
H         2.16963321475606    4.10417806170299   -1.54250219728828
H         0.58764151852822    4.67994290861470   -2.07945525005435
H        -2.62004707766673    4.54663960560356   -0.42737383631365
H        -1.18555828760280    5.58853862922347   -0.58785739199112
H        -2.38732831659929    4.55755169359706    2.03128151990849
H        -2.51865373479299    6.21122481643017    1.42152317149940
H        -0.94617858618298    5.57459233547054    1.92271658189178
H         2.02465473947073   -0.05626171566641    1.47516094981718
H         1.41702870490739   -2.05852084918977    0.10748374137449
27
 energy: -38.492528817819 gnorm: 0.000712975417 xtb: 6.4.1 (1a32961)
C        -0.27446127119447   -1.06373602324421   -0.78006709802301
C        -0.99056299712031    0.12073189800651   -0.80844213994944
C        -0.55995847078227    1.18557313465693   -0.01837054326688
C        -1.40472812674437    2.42841693934150   -0.00108936249316
O        -2.62926248725085    2.29073433900962   -0.01145902778904
N        -0.81912861718214    3.63374551576151    0.01102182826628
C         0.61234443285387    3.86132663688107   -0.06689122720489
C         1.09840147923816    3.89556444077140   -1.51536403308721
C        -1.66648235475483    4.81579581257054    0.02387602035316
C        -1.88076706127190    5.33455041018534    1.44363595097648
N         0.49721858354495    1.09282826903646    0.78219077534313
C         1.16838210191273   -0.04587965227519    0.81352190541251
C         0.83330009755759   -1.15359049591037    0.04976334712675
H        -0.58000612755817   -1.90257974097421   -1.38797989626607
H        -1.87205276923155    0.23848936525596   -1.41963220396375
H         1.12605735910919    3.07408231807695    0.48385136634062
H         0.81910714382521    4.81725166522107    0.41700874638582
H         0.91768589711281    2.93596078901468   -1.99529616943646
H         2.16462077173755    4.10269038716452   -1.54063634098784
H         0.57982907390231    4.66581031831432   -2.08183984393799
H        -2.62951972225159    4.54085280985922   -0.41345411727078
H        -1.19728003725193    5.58232236597675   -0.59664191545702
H        -2.36641014537099    4.56910549680075    2.04427131175873
H        -2.51482848073927    6.21665919041329    1.42173828631384
H        -0.93282672889362    5.59387630988137    1.90963535938033
H         2.01544432266351   -0.06028376801262    1.48693840213934
H         1.41785413413995   -2.05782873178407    0.10727061933748
27
 energy: -38.492542272289 gnorm: 0.001234572160 xtb: 6.4.1 (1a32961)
C        -0.26465273535090   -1.05883164547911   -0.79260976281539
C        -0.98065782527938    0.12551964009985   -0.82166826729827
C        -0.55932928246837    1.18518274755657   -0.01932000963702
C        -1.40802500578309    2.42534776230067    0.00154081938796
O        -2.63205576541144    2.28349717064456   -0.00789014667754
N        -0.82532712731006    3.63187018911976    0.01463706378354
C         0.60614298959679    3.86025251276067   -0.06408842090753
C         1.09337701951407    3.88595824140187   -1.51234548625681
C        -1.67348932140541    4.81305520692306    0.02706581273411
C        -1.86993835542894    5.34672779625284    1.44414873824728
N         0.49074037936138    1.08903063518407    0.79014527283232
C         1.16257034374626   -0.04953877054003    0.82095591079984
C         0.83450181365010   -1.15329755664233    0.04861868465052
H        -0.56348090503842   -1.89430753141038   -1.40859736032694
H        -1.85541095763028    0.24713659010351   -1.44193043669192
H         1.12039900389589    3.07725227264951    0.49242026369697
H         0.81162244002181    4.81961864824873    0.41347495492492
H         0.91693268003451    2.92183247458830   -1.98538865005539
H         2.15890415902233    4.09741553483779   -1.53886957038099
H         0.57160927828247    4.64986404927390   -2.08443850231302
H        -2.64181447586157    4.53184027843281   -0.39466199242442
H        -1.21384370562096    5.57391879189628   -0.60795971735578
H        -2.34279045963090    4.58595521199696    2.06080563047068
H        -2.50886195168858    6.22525696205076    1.42096932253997
H        -0.91707055174651    5.61692523997355    1.89374358602748
H         2.00424279477887   -0.06668709267505    1.50106913505250
H         1.41767552374995   -2.05832535955007    0.10773312799389
27
 energy: -38.492553286506 gnorm: 0.001257143860 xtb: 6.4.1 (1a32961)
C        -0.25425818599680   -1.05367608836483   -0.80534496590946
C        -0.97041005818853    0.13053525121484   -0.83435815129464
C        -0.55861214349940    1.18471145208484   -0.01987765904339
C        -1.41081278314928    2.42236357955451    0.00382962385451
O        -2.63431531044999    2.27664059712238   -0.00415759687342
N        -0.83083606853954    3.63007483933675    0.01905131110323
C         0.60043175756316    3.85934278272806   -0.06139245972033
C         1.08756823227479    3.87569160857739   -1.50993927469004
C        -1.68030654640543    4.81019963097578    0.03117228370298
C        -1.85978876864016    5.35923168019654    1.44454903846778
N         0.48412216517472    1.08496697624410    0.79854741546716
C         1.15651489349159   -0.05345754750960    0.82856288788008
C         0.83592094283870   -1.15299741537675    0.04705613444648
H        -0.54611786219494   -1.88542191006673   -1.42977775454675
H        -1.83779578647992    0.25639026722039   -1.46420158227017
H         1.11566820962466    3.08089861643688    0.50075395004663
H         0.80471191981596    4.82232770885549    0.40929588314180
H         0.91485167439019    2.90771005253513   -1.97632402401002
H         2.15224960567732    4.09062285750854   -1.53768442392117
H         0.56338546757728    4.63358520879906   -2.08756689930648
H        -2.65334497966670    4.52269986073011   -0.37495776707528
H        -1.23074254072104    5.56535418654629   -0.61770940049550
H        -2.32107004225442    4.60403747197576    2.07631091096404
H        -2.50244574059845    6.23499541352539    1.41955789520969
H        -0.90236485726957    5.63871795654497    1.87825970070632
H         1.99204166347828   -0.07425763451547    1.51619893290418
H         1.41772514214718   -2.05881740288087    0.10770599126283
27
 energy: -38.492560127735 gnorm: 0.000833523168 xtb: 6.4.1 (1a32961)
C        -0.24714254928310   -1.04999164382666   -0.81338405651681
C        -0.96359183085746    0.13412186202255   -0.84213642426332
C        -0.55817844305462    1.18464245340449   -0.02015925881826
C        -1.41248790945839    2.42073225919545    0.00586446396607
O        -2.63570369960498    2.27284959108466   -0.00250480270389
N        -0.83397978797128    3.62913494444300    0.02288479638693
C         0.59709062603312    3.85876073524384   -0.06009911961591
C         1.08382536017304    3.86874185469443   -1.50877158687850
C        -1.68450427608262    4.80852078390582    0.03418537672378
C        -1.85409860530372    5.36673591964760    1.44485785047475
N         0.47969047400439    1.08244631702706    0.80399560074120
C         1.15242555027106   -0.05577552035508    0.83340776143625
C         0.83705408179957   -1.15247015016172    0.04584174700142
H        -0.53431921123066   -1.87910490404727   -1.44330436547534
H        -1.82675928595527    0.26208772366042   -1.47682641299362
H         1.11333401185118    3.08341239761325    0.50531753910724
H         0.80145043806907    4.82410709922203    0.40543115822135
H         0.91102979972639    2.89882211503123   -1.97058946854917
H         2.14834970334534    4.08375519793829   -1.53799853869578
H         0.55923087146985    4.62387964335301   -2.08939361980406
H        -2.65984623385604    4.51690665366455   -0.36257054121088
H        -1.24118098891437    5.55990407693472   -0.62302731383807
H        -2.30989409203236    4.61610047799398    2.08551479676468
H        -2.49765442120017    6.24172734740846    1.41819000300248
H        -0.89425282902216    5.65032332833837    1.86963425838095
H         1.98347121996115   -0.07947433041462    1.52632307143592
H         1.41861202712275   -2.05842623302291    0.10687708572166
27
 energy: -38.492565136378 gnorm: 0.000322580998 xtb: 6.4.1 (1a32961)
C        -0.23936749309407   -1.04603027846042   -0.82161181867571
C        -0.95743971303531    0.13731406975233   -0.84887408331567
C        -0.55858483137053    1.18440031502881   -0.01988737675818
C        -1.41442255175995    2.41931821689357    0.00705596465734
O        -2.63741295146695    2.27001312034414   -0.00158682506830
N        -0.83676593409880    3.62822236515168    0.02649850014212
C         0.59405942861920    3.85796230091334   -0.05880971621228
C         1.07957214334392    3.86110678336062   -1.50789067302904
C        -1.68836615537914    4.80700573269384    0.03722743564204
C        -1.84846119355813    5.37404170122889    1.44531420848707
N         0.47427224670230    1.08004290490466    0.81019365259413
C         1.14770012581026   -0.05767936672654    0.83906158305763
C         0.83886116400113   -1.15123303822713    0.04426238210633
H        -0.52161933655131   -1.87253324759764   -1.45692732141983
H        -1.81630248112583    0.26712846053966   -1.48884484373522
H         1.11105511043185    3.08548894529488    0.50968869827529
H         0.79864518441549    4.82543418993570    0.40185307979292
H         0.90546998417239    2.88973879275567   -1.96555176447724
H         2.14423836514439    4.07477450274010   -1.53797922838804
H         0.55582315958680    4.61478669192142   -2.09147476873735
H        -2.66601725586013    4.51151236481435   -0.35055578579110
H        -1.25094135242701    5.55485394161959   -0.62788204887842
H        -2.29982131772482    4.62785923764553    2.09434332315306
H        -2.49232807741569    6.24878501355321    1.41692658341322
H        -0.88574367938469    5.66072800331216    1.86159602904343
H         1.97458699642546   -0.08390116112458    1.53656833374220
H         1.42128041559890   -2.05667056226896    0.10484648038074
27
 energy: -38.492567506390 gnorm: 0.000407439663 xtb: 6.4.1 (1a32961)
C        -0.23604056404119   -1.04414884381422   -0.82443903545569
C        -0.95543290644086    0.13853350817262   -0.85092784526996
C        -0.55942587988982    1.18442272881641   -0.01939755384693
C        -1.41566045922425    2.41902811066704    0.00806611393244
O        -2.63865409900560    2.26974282459726   -0.00175625332371
N        -0.83776001938471    3.62787873998770    0.02813221709246
C         0.59300009012475    3.85711000241782   -0.05874863329427
C         1.07783300370669    3.85749621793707   -1.50803099890123
C        -1.68922514705348    4.80685209505773    0.03849547881256
C        -1.84660660442259    5.37638502934203    1.44561265144431
N         0.47144760047899    1.07943317709629    0.81300860926437
C         1.14584660956994   -0.05763252531030    0.84119057148601
C         0.84024809335340   -1.14985182523060    0.04337315102176
H        -0.51565088727129   -1.86942853416267   -1.46245949279094
H        -1.81319818177570    0.26836510321471   -1.49207761260023
H         1.11027633011542    3.08559873005325    0.51073301390876
H         0.79818230415205    4.82532331089166    0.39993358409205
H         0.90188143473775    2.88588663133194   -1.96419584919268
H         2.14279617421096    4.06951144599785   -1.53888874285755
H         0.55490668550256    4.61119361982268   -2.09235997211586
H        -2.66741331476356    4.51073092912047   -0.34686355280476
H        -1.25321712631020    5.55354394318755   -0.62851990471567
H        -2.29778546360936    4.63180640243356    2.09621663889005
H        -2.48960157606719    6.25172225422717    1.41671259285321
H        -0.88327110109373    5.66248718266519    1.86024438257481
H         1.97038344249943   -0.08508985506156    1.54150239659634
H         1.42411156190132   -2.05443040345974    0.10300404520149
27
 energy: -38.492569337811 gnorm: 0.000427068297 xtb: 6.4.1 (1a32961)
C        -0.23395287492027   -1.04284338901472   -0.82589232886230
C        -0.95497938276473    0.13892699069703   -0.85137278335726
C        -0.56067783186531    1.18444409877336   -0.01871185455495
C        -1.41684751043256    2.41912568609376    0.00822241558271
O        -2.63986913988144    2.27037836093030   -0.00213055393526
N        -0.83831817213870    3.62773514203662    0.02855406054009
C         0.59251931375152    3.85619741060080   -0.05898148642440
C         1.07691564231126    3.85530397838341   -1.50834530387351
C        -1.68920026609381    4.80714953398726    0.03887325930065
C        -1.84580542860644    5.37676969705901    1.44603229331570
N         0.46919780183623    1.07946440942701    0.81493304377884
C         1.14465790341706   -0.05692448473051    0.84268956523769
C         0.84161512540978   -1.14830296803589    0.04273328067303
H        -0.51203375500970   -1.86762011651421   -1.46508117236932
H        -1.81250185770420    0.26832480085828   -1.49284159467040
H         1.10969513275834    3.08486701514627    0.51080465689063
H         0.79844954942718    4.82460582772718    0.39888291299222
H         0.89900165155749    2.88390097588231   -1.96402664817013
H         2.14222070162930    4.06544491566280   -1.53971727346720
H         0.55506407922513    4.60971613976134   -2.09274933326488
H        -2.66761416063472    4.51141639045411   -0.34614647054169
H        -1.25299898879161    5.55344579393007   -0.62852970005725
H        -2.29798097731975    4.63284461354522    2.09696502639261
H        -2.48758923153410    6.25296489644108    1.41705906513863
H        -0.88201236243013    5.66170908731320    1.86058337516199
H         1.96803297768144   -0.08459886011363    1.54428158919933
H         1.42698206112246   -2.05197594630261    0.10147195934562
27
 energy: -38.492571197261 gnorm: 0.000350010229 xtb: 6.4.1 (1a32961)
C        -0.23240049095004   -1.04162345071561   -0.82648196461243
C        -0.95504381145442    0.13917773987820   -0.85114315546703
C        -0.56199326866359    1.18460820062642   -0.01781536684929
C        -1.41799033207326    2.41946589949702    0.00846319380107
O        -2.64106373183780    2.27145179548852   -0.00222194784059
N        -0.83862710656875    3.62772429879228    0.02843800618683
C         0.59236084170254    3.85512839208778   -0.05949661902664
C         1.07593218787623    3.85322965168588   -1.50913894684625
C        -1.68851107744217    4.80784448967311    0.03895974056594
C        -1.84562278714948    5.37629276613175    1.44657459916369
N         0.46715580605274    1.07984096017827    0.81677518835898
C         1.14379166115849   -0.05582983804246    0.84417351131146
C         0.84303825384654   -1.14649114493987    0.04244429830988
H        -0.50891496231748   -1.86600427984439   -1.46689436648026
H        -1.81250642843256    0.26815404198554   -1.49294123412429
H         1.10909849977900    3.08358338244234    0.51041267899721
H         0.79921503134366    4.82349392550000    0.39806517723070
H         0.89571578479597    2.88215986365942   -1.96472611043383
H         2.14167293667493    4.06117075296642   -1.54109158292556
H         0.55533446888036    4.60879400459193   -2.09332189188045
H        -2.66694134170428    4.51347654222870   -0.34724079475478
H        -1.25096358322556    5.55437014697335   -0.62736509516544
H        -2.29995242271955    4.63231280370358    2.09594668821725
H        -2.48570718123211    6.25375725437593    1.41806775133951
H        -0.88168005352922    5.65874028475589    1.86259529475827
H         1.96649855978514   -0.08321147506927    1.54645787557255
H         1.43007454740440   -2.04914700861185    0.10006507259464
27
 energy: -38.492572893446 gnorm: 0.000171013015 xtb: 6.4.1 (1a32961)
C        -0.23055390024929   -1.03990744953881   -0.82731390285418
C        -0.95487455128346    0.13985490817790   -0.85114127069286
C        -0.56340923129610    1.18503504446641   -0.01657369394258
C        -1.41924682998331    2.42005409958155    0.00918460944736
O        -2.64237166850403    2.27282658311126   -0.00137439181037
N        -0.83894189891036    3.62785439276641    0.02814984060445
C         0.59227765570783    3.85377765012752   -0.06047797413461
C         1.07486690937668    3.85077364466562   -1.51045862772851
C        -1.68745460135133    4.80888493769825    0.03897223592804
C        -1.84593443044674    5.37508725103467    1.44741872356782
N         0.46494020147418    1.08048096069416    0.81904264169672
C         1.14303280256914   -0.05436955172089    0.84581167375673
C         0.84463215889797   -1.14425444690015    0.04219726975165
H        -0.50557087921992   -1.86402360009924   -1.46866051527476
H        -1.81229553598324    0.26836151850153   -1.49314933083579
H         1.10850470511020    3.08190538401000    0.50951339178194
H         0.80037960660550    4.82207388573180    0.39674405494545
H         0.89201752250740    2.88005643754788   -1.96590007086459
H         2.14107453168449    4.05621382287612   -1.54340880304148
H         0.55542981773515    4.60740289005019   -2.09421457564029
H        -2.66573851888905    4.51652404269227   -0.34936689394676
H        -1.24774987628079    5.55593318775577   -0.62547088766535
H        -2.30330477001005    4.63088423424123    2.09460608105139
H        -2.48372056521439    6.25425228146231    1.41943818757347
H        -0.88191404281065    5.65432625723685    1.86568991346611
H         1.96483256034817   -0.08149227456573    1.54932395718902
H         1.43306282841574   -2.04604609160600    0.09897835767315
27
 energy: -38.492573953069 gnorm: 0.000171972049 xtb: 6.4.1 (1a32961)
C        -0.22910235403468   -1.03826267003185   -0.82779008207227
C        -0.95434792768511    0.14089726461631   -0.85124479238907
C        -0.56421568938743    1.18559955938942   -0.01548521000990
C        -1.42002464540001    2.42067169297344    0.01002731723641
O        -2.64317839129246    2.27396764673103    0.00045850107265
N        -0.83903664101671    3.62812419605026    0.02787585616130
C         0.59236295664100    3.85278293087311   -0.06162631022616
C         1.07381355662410    3.84848998439947   -1.51197883850101
C        -1.68650434813046    4.80983133639056    0.03913163601240
C        -1.84657335415920    5.37387793857767    1.44831178652618
N         0.46323353605432    1.08091453975580    0.82122278543177
C         1.14218766418782   -0.05345756971029    0.84767114071394
C         0.84556328317345   -1.14257486744722    0.04248121296589
H        -0.50248067911367   -1.86186621745812   -1.47066828875092
H        -1.81113027026347    0.26951520295982   -1.49424982342020
H         1.10827819899227    3.08078218761694    0.50852495728556
H         0.80165111337330    4.82113794799416    0.39498998980273
H         0.88890073700437    2.87779960583323   -1.96682126231340
H         2.14036068991683    4.05201067384268   -1.54603925711070
H         0.55510295830159    4.60568813871381   -2.09558249554380
H        -2.66449756140374    4.51918811227106   -0.35134502301579
H        -1.24486467728782    5.55747354624162   -0.62338291511508
H        -2.30682827860634    4.62946653691504    2.09316480359563
H        -2.48234903983627    6.25450710437289    1.42082183010072
H        -0.88273177683005    5.65010402402315    1.86895625133064
H         1.96351002173010   -0.08036485961461    1.55160326745514
H         1.43487091844802   -2.04383398628051    0.09853296277847
27
 energy: -38.492574805946 gnorm: 0.000212483305 xtb: 6.4.1 (1a32961)
C        -0.22761051591751   -1.03660504271484   -0.82885915493123
C        -0.95321483712897    0.14232728210939   -0.85206326249036
C        -0.56444762873630    1.18622737802958   -0.01458600811280
C        -1.42029130477311    2.42128288101220    0.01140591607014
O        -2.64345205393031    2.27479519878209    0.00301052508981
N        -0.83892499668731    3.62853576586627    0.02780451388748
C         0.59256139526809    3.85229998676949   -0.06277588188949
C         1.07283493864485    3.84636499983008   -1.51355695679930
C        -1.68583805988780    4.81059997013114    0.03939802700224
C        -1.84732060824824    5.37288657031419    1.44918062755953
N         0.46206381764337    1.08108660971547    0.82321483949387
C         1.14149125306486   -0.05303849365819    0.84925377555150
C         0.84607321751432   -1.14145333593924    0.04267809427320
H        -0.50011195622562   -1.85979990723600   -1.47250467713754
H        -1.80929032226370    0.27127322386541   -1.49590838536424
H         1.10836987810621    3.08046695051297    0.50774860328091
H         0.80272114268196    4.82088680909304    0.39299433563389
H         0.88678652656810    2.87543211276128   -1.96750089914047
H         2.13950796357952    4.04892518670034   -1.54869906660379
H         0.55429629659526    4.60349378483992   -2.09737426425295
H        -2.66358819841385    4.52103991154300   -0.35271237874380
H        -1.24286059583759    5.55886361283543   -0.62157517325725
H        -2.30971760832202    4.62815488872143    2.09213930656864
H        -2.48173688931531    6.25452127279463    1.42204156279065
H        -0.88359347017580    5.64692257045841    1.87166935267799
H         1.96189482693392   -0.08030873978194    1.55438966925431
H         1.43536778926274   -2.04271144735667    0.09874695959023
