19
 energy: -26.796836263959 gnorm: 0.052897667780 xtb: 6.4.1 (1a32961)
C        -1.66421000000000   -1.17998000000000   -0.01841000000000
C        -2.56042000000000   -0.10662000000000   -0.01537000000000
C        -2.09326000000000    1.20357000000000   -0.00119000000000
C        -0.72207000000000    1.47950000000000    0.00525000000000
C         0.17303000000000    0.39642000000000   -0.00355000000000
N         1.55163000000000    0.34654000000000   -0.01092000000000
C         2.45347000000000    1.47655000000000   -0.03699000000000
C         1.98032000000000   -0.95657000000000   -0.00555000000000
C         0.86923000000000   -1.76732000000000   -0.00815000000000
C        -0.27779000000000   -0.92832000000000   -0.01028000000000
H        -2.03550000000000   -2.20049000000000   -0.02776000000000
H        -3.62992000000000   -0.29999000000000   -0.02333000000000
H        -2.80332000000000    2.02720000000000    0.00411000000000
H        -0.37523000000000    2.50713000000000    0.01577000000000
H         1.89639000000000    2.41399000000000   -0.00393000000000
H         3.03500000000000    1.42628000000000   -0.96118000000000
H         3.11221000000000    1.41009000000000    0.83265000000000
H         3.03447000000000   -1.20090000000000   -0.00612000000000
H         0.87713000000000   -2.84917000000000   -0.00920000000000
19
 energy: -26.799963897117 gnorm: 0.017698703449 xtb: 6.4.1 (1a32961)
C        -1.66728514331860   -1.18815371004823   -0.01544351411746
C        -2.53953160989245   -0.11736201391877   -0.01349919731106
C        -2.06737278545284    1.19525007910096   -0.00290130048484
C        -0.71299614166908    1.47474777356821   -0.00050729252482
C         0.17194278862476    0.39868626910316   -0.00728817756562
N         1.54179944636197    0.35749320071962   -0.00973176387113
C         2.45333393690640    1.47737746537115   -0.03386466106882
C         1.94565652030751   -0.95028842086097   -0.01000097918401
C         0.85438150919350   -1.77232700365119   -0.00959083097908
C        -0.29225790056353   -0.93672376409078   -0.00982944683913
H        -2.04010054842291   -2.20338937940999   -0.02375065578640
H        -3.60561180095459   -0.30222086982767   -0.02033719338296
H        -2.77374418339636    2.01535347023153    0.00351635047322
H        -0.36848949745929    2.49894490985752    0.00982428169075
H         1.89396638810827    2.40810866543256    0.00033928190876
H         3.04701222485863    1.45227337821276   -0.95031487006313
H         3.12162439417447    1.43121088634313    0.82809354321577
H         2.99175317227215   -1.19370678369274   -0.01008939047358
H         0.86707923032198   -2.84736415244026   -0.00877418363646
19
 energy: -26.800209485718 gnorm: 0.003829094733 xtb: 6.4.1 (1a32961)
C        -1.66852131300536   -1.19003377811186   -0.01388037506186
C        -2.53360756453806   -0.11984202653208   -0.01180210511297
C        -2.05865305293707    1.19427595086717   -0.00434269278098
C        -0.70881107519094    1.47249489602440   -0.00332949571842
C         0.17487073866021    0.39868913209724   -0.00895910768687
N         1.54088868400344    0.36056577757872   -0.00974426491690
C         2.45000849863379    1.47690940695267   -0.03128866967333
C         1.93599475892495   -0.94834917680776   -0.01221718017063
C         0.85292281078354   -1.77467272823844   -0.01162726428718
C        -0.29610486153728   -0.94054645492458   -0.01061767698330
H        -2.04019771495532   -2.20443028889942   -0.01825569867276
H        -3.59990347055473   -0.29639093378379   -0.01563437141383
H        -2.76595479409817    2.01134395259924    0.00046945543992
H        -0.36318831160729    2.49542588610615    0.00224069329000
H         1.88578450012458    2.40445436834414    0.00526479184801
H         3.04820539745294    1.46220861946996   -0.94540640934010
H         3.12059273690462    1.43569094599779    0.82921611794712
H         2.98066590946527   -1.19302210362605   -0.01290399572446
H         0.86616812347089   -2.84686144511350   -0.01133175098144
19
 energy: -26.800227401538 gnorm: 0.001212110958 xtb: 6.4.1 (1a32961)
C        -1.66890049928960   -1.19001156378116   -0.01230265478719
C        -2.53361001707146   -0.11954889321592   -0.01023368974506
C        -2.05780566693399    1.19498239040448   -0.00565677090883
C        -0.70788055190971    1.47185919133084   -0.00582189767237
C         0.17648639429426    0.39794087886743   -0.01023928048398
N         1.54196567224634    0.36008708032762   -0.01051087967659
C         2.44822805611781    1.47676632410250   -0.02956278123519
C         1.93618406521415   -0.94879075883247   -0.01354855813479
C         0.85407357425106   -1.77565032502030   -0.01285486442556
C        -0.29616234370147   -0.94163857047560   -0.01110831795079
H        -2.03973518113712   -2.20485078087127   -0.01526786042631
H        -3.60054741841855   -0.29235785836891   -0.01229183347924
H        -2.76625031103333    2.01090210883174   -0.00173175441647
H        -0.36096972208618    2.49463253028357   -0.00225377996407
H         1.88209354989132    2.40347687506290    0.00893922466751
H         3.04740556223206    1.46645313191785   -0.94329397346649
H         3.11897735119663    1.43602755250345    0.83110382932267
H         2.98119270467084   -1.19471609034378   -0.01460420144392
H         0.86641478146695   -2.84765322272299   -0.01290995577333
19
 energy: -26.800232407563 gnorm: 0.001103882438 xtb: 6.4.1 (1a32961)
C        -1.66901269744827   -1.18967867967947   -0.01057649225510
C        -2.53372571676237   -0.11907441290370   -0.00844053151140
C        -2.05711868079929    1.19578915310002   -0.00728434209212
C        -0.70694453541010    1.47122451290291   -0.00899469845691
C         0.17800524650551    0.39689627459739   -0.01179762674779
N         1.54336190165849    0.35888705536288   -0.01247468143848
C         2.44606592680901    1.47695282240276   -0.02726431595575
C         1.93743099119529   -0.94986034915417   -0.01535227790938
C         0.85524866931310   -1.77657220203759   -0.01408208846654
C        -0.29583487371076   -0.94235314492629   -0.01200325216460
H        -2.03891663064696   -2.20518030360071   -0.01095049999292
H        -3.60133407490720   -0.28808639979320   -0.00736643735090
H        -2.76685594404106    2.01060136394470   -0.00514753475658
H        -0.35835480107946    2.49386216262744   -0.00877006859345
H         1.87787350228551    2.40267264353662    0.01507435671503
H         3.04585237874634    1.47296837916666   -0.94082375402310
H         3.11693591212288    1.43540167971407    0.83364362825314
H         2.98264628221189   -1.19776428353374   -0.01698575104004
H         0.86583714395744   -2.84877627172657   -0.01455363221310
19
 energy: -26.800233869248 gnorm: 0.000329672375 xtb: 6.4.1 (1a32961)
C        -1.66887621511035   -1.18971840155276   -0.00999389963221
C        -2.53350990133831   -0.11921187134541   -0.00810238346652
C        -2.05700123469593    1.19560065946896   -0.00764934962239
C        -0.70696995169621    1.47138311136841   -0.00976839788725
C         0.17765127007710    0.39700161498224   -0.01226369761328
N         1.54317292074269    0.35888494342927   -0.01325449754464
C         2.44632232314187    1.47715799470180   -0.02694226747208
C         1.93735144566677   -0.94988687462138   -0.01568211084971
C         0.85485473898720   -1.77637212543379   -0.01416079886799
C        -0.29579120160821   -0.94205591320498   -0.01186818041947
H        -2.03895374861091   -2.20510425551962   -0.01045213552919
H        -3.60094095598667   -0.28897325639250   -0.00700480643916
H        -2.76646625076668    2.01066393058671   -0.00549778672264
H        -0.35858762193363    2.49398555316145   -0.00959084312867
H         1.87819826792139    2.40272477681519    0.01661941515224
H         3.04574039586305    1.47393421277475   -0.94064338848578
H         3.11726616651688    1.43430373592639    0.83377841417540
H         2.98230499020714   -1.19779789065928   -0.01726467533605
H         0.86539456262281   -2.84860994448545   -0.01440861031062
19
 energy: -26.800234598108 gnorm: 0.000219371555 xtb: 6.4.1 (1a32961)
C        -1.66881957815964   -1.18979533640860   -0.00963628509757
C        -2.53331986577497   -0.11928222870344   -0.00787994875166
C        -2.05681212192486    1.19550748643216   -0.00817051919168
C        -0.70687810381601    1.47149756758908   -0.01080375746691
C         0.17750410153809    0.39701560768576   -0.01280451634672
N         1.54311316823164    0.35884663367375   -0.01459397717013
C         2.44641287517585    1.47734842507215   -0.02626775389994
C         1.93726242110616   -0.94993165205452   -0.01635611599882
C         0.85461595441942   -1.77632095463894   -0.01400027211983
C        -0.29574117796281   -0.94193265326325   -0.01196100647958
H        -2.03901063550636   -2.20509191213200   -0.00899660937692
H        -3.60067035749880   -0.28941609660802   -0.00595170474000
H        -2.76610404260633    2.01072858716385   -0.00650126299057
H        -0.35861789487649    2.49406033041635   -0.01181546185694
H         1.87810513653627    2.40257330512731    0.02022252129518
H         3.04507215158453    1.47646513586363   -0.94038765583264
H         3.11790208991652    1.43211488728892    0.83384709851930
H         2.98203526603352   -1.19793724985218   -0.01825473976782
H         0.86511061358427   -2.84853988265200   -0.01383803272675
