34
 energy: -59.282586195473 gnorm: 0.106486383474 xtb: 6.4.1 (1a32961)
C         1.37686000000000   -1.34873000000000    0.15029000000000
C         2.55080000000000   -0.59558000000000    0.10774000000000
C         2.49457000000000    0.78814000000000   -0.01157000000000
C         1.26212000000000    1.43055000000000   -0.09384000000000
C         0.06764000000000    0.69179000000000   -0.05763000000000
C        -1.15016000000000    1.37030000000000   -0.15930000000000
C        -2.35882000000000    0.69515000000000   -0.12331000000000
B        -2.37954000000000   -0.78520000000000    0.03522000000000
C        -3.81639000000000   -1.49234000000000    0.15119000000000
C        -4.92014000000000   -0.95149000000000   -0.53812000000000
C        -6.18520000000000   -1.53917000000000   -0.44123000000000
C        -6.38174000000000   -2.67547000000000    0.36010000000000
C        -7.73103000000000   -3.33289000000000    0.49234000000000
F        -8.69711000000000   -2.67412000000000   -0.24797000000000
F        -7.65020000000000   -4.64090000000000    0.05008000000000
F        -8.11420000000000   -3.32863000000000    1.82137000000000
C        -5.29379000000000   -3.20420000000000    1.06539000000000
C        -4.03148000000000   -2.61838000000000    0.96893000000000
N        -1.07076000000000   -1.47666000000000    0.10797000000000
C        -0.98300000000000   -2.94916000000000    0.15573000000000
C         0.10004000000000   -0.72997000000000    0.07234000000000
H         1.49515000000000   -2.41716000000000    0.24744000000000
H         3.51065000000000   -1.09265000000000    0.16800000000000
H         3.40952000000000    1.36526000000000   -0.04231000000000
H         1.24240000000000    2.50969000000000   -0.18987000000000
H        -1.16790000000000    2.44960000000000   -0.25980000000000
H        -3.27491000000000    1.26673000000000   -0.17936000000000
H        -4.81176000000000   -0.08153000000000   -1.17288000000000
H        -7.00521000000000   -1.10099000000000   -0.99552000000000
H        -5.42454000000000   -4.06980000000000    1.70324000000000
H        -3.24020000000000   -3.04297000000000    1.56906000000000
H        -1.93425000000000   -3.46711000000000   -0.03183000000000
H        -0.55195000000000   -3.27802000000000    1.12586000000000
H        -0.34938000000000   -3.31304000000000   -0.68075000000000
34
 energy: -59.296285724832 gnorm: 0.046007225645 xtb: 6.4.1 (1a32961)
C         1.36112714911044   -1.34840584868043    0.14652698724573
C         2.52713651199867   -0.60352180960987    0.10930527518136
C         2.48400110180660    0.78038247217958   -0.01134302170656
C         1.26287933610367    1.41171963039707   -0.09176260972127
C         0.06290103069815    0.68166858752492   -0.05809508240777
C        -1.16629133482448    1.36993303665093   -0.15280115349704
C        -2.35270885767249    0.70066781034457   -0.11144375028104
B        -2.37300378978676   -0.80119702650762    0.03689902538390
C        -3.79585344568333   -1.51646798186181    0.14391093758549
C        -4.89816342778918   -0.98308275968601   -0.53967946800885
C        -6.16375459679052   -1.54280969255760   -0.43867418077211
C        -6.36118160159967   -2.66431589244873    0.35925488707415
C        -7.70381073393175   -3.31819645621531    0.48874187664754
F        -8.68804924371171   -2.70334655011224   -0.22650037690741
F        -7.68266853181733   -4.61927767400800    0.06889594108722
F        -8.13554409735502   -3.34572038838707    1.78577741333603
C        -5.29201314972696   -3.19450781812106    1.07277026054461
C        -4.03733985404328   -2.61630258055814    0.97482509730533
N        -1.08289923247930   -1.46824542416091    0.09334514190452
C        -0.96443052145407   -2.92402640874535    0.13293074448794
C         0.09121137084234   -0.73794912583313    0.06333035634018
H         1.46778762599697   -2.41582353971167    0.24822274875718
H         3.48377854916364   -1.10353984326508    0.17108056710433
H         3.39908592363863    1.35577098214115   -0.04138667546535
H         1.23144745306197    2.48837130328284   -0.18652907170183
H        -1.16068080861621    2.44846201229441   -0.25945440508438
H        -3.26224572254574    1.28204753852345   -0.17730072985391
H        -4.78544124382629   -0.11178330374624   -1.16690197333383
H        -6.98893862862345   -1.10732537891315   -0.98495660827500
H        -5.43645059578276   -4.06091673292496    1.70365162139706
H        -3.24858149495492   -3.03335740832898    1.57778849999606
H        -1.93400990770371   -3.39656965414634   -0.02538010549028
H        -0.55871701724148   -3.25613686073589    1.09612184528595
H        -0.31248821446068   -3.28514721407330   -0.67417001415796
34
 energy: -59.299453104056 gnorm: 0.009557769287 xtb: 6.4.1 (1a32961)
C         1.34340155743460   -1.34871915975300    0.14348754492381
C         2.50745389175054   -0.61506150575345    0.11017213739050
C         2.47673256661085    0.77109938783411   -0.01194428218049
C         1.26198821606262    1.40021126129540   -0.09192795409866
C         0.05812571016623    0.67939204581436   -0.06035482555749
C        -1.18054654887695    1.37414970644818   -0.14804622317046
C        -2.35356585262845    0.70767231358940   -0.09863515541593
B        -2.36752421254795   -0.81010470196012    0.03800929423296
C        -3.77723532992348   -1.53280122744351    0.15188210043219
C        -4.87430334831798   -1.01139143362086   -0.54357829277515
C        -6.14251916609667   -1.55409859409618   -0.44470783483877
C        -6.34665069525190   -2.66416839408549    0.36070465044609
C        -7.68785918681701   -3.30876413847426    0.48661390658694
F        -8.66403050251340   -2.71006567228251   -0.21904954203122
F        -7.69280408790496   -4.60094544659093    0.08064244453740
F        -8.13946786487270   -3.34784878309000    1.76276403061368
C        -5.28883458173467   -3.19523437540398    1.08667128947640
C        -4.03576786672142   -2.62104135810035    0.99001645404983
N        -1.09796191011532   -1.45425575012492    0.07713206290625
C        -0.96520757550779   -2.90021662076054    0.10896054267722
C         0.08084537434175   -0.73580123843358    0.05517818328923
H         1.43563699687981   -2.41658159469651    0.25127273278070
H         3.45919439701546   -1.12203888921195    0.17914610738620
H         3.39403995920063    1.34072223634129   -0.03914155177996
H         1.21742628621305    2.47606225570162   -0.18316332401773
H        -1.14864980975352    2.45232844094548   -0.25493823451052
H        -3.26190969401974    1.29249866374595   -0.15730006749474
H        -4.74528435102449   -0.15333116976176   -1.18479773764206
H        -6.96998500626240   -1.11975439926487   -0.98634228222986
H        -5.45034333980792   -4.05154775056692    1.72522614814898
H        -3.24995565061810   -3.02594970634339    1.60587437213226
H        -1.93813737737295   -3.35169960770601   -0.04977203004010
H        -0.57037535860650   -3.23573348580376    1.06978320034168
H        -0.29983563837935   -3.24593130838685   -0.68283786456921
34
 energy: -59.300085084374 gnorm: 0.005134317859 xtb: 6.4.1 (1a32961)
C         1.33367068277589   -1.34993457048687    0.14200635675055
C         2.50012593809471   -0.62172529841068    0.11202502241001
C         2.47437932060682    0.76523110552445   -0.01165641252478
C         1.26114236876426    1.39887377959477   -0.09235230489969
C         0.05512468913152    0.68305777627840   -0.06158224350533
C        -1.18588870843723    1.38116355289768   -0.14229593766761
C        -2.35950527590484    0.71668207835221   -0.08341726929837
B        -2.36855694333028   -0.80526315897043    0.04902997586476
C        -3.76868682857766   -1.54124447586454    0.15974002743247
C        -4.85802902765130   -1.03185114613311   -0.55592368790289
C        -6.12834164347878   -1.56807935897209   -0.45541297230759
C        -6.33944998880638   -2.66710843031267    0.36571793723111
C        -7.68392427702141   -3.30633292967264    0.48760490842618
F        -8.64843441408299   -2.70507689714744   -0.22609873248685
F        -7.68741016249165   -4.59840202611560    0.08685493177182
F        -8.13919483218148   -3.33810319270817    1.76062221628769
C        -5.28658483611516   -3.19183452725352    1.10600417728863
C        -4.03224185872874   -2.61920618017803    1.01159719115114
N        -1.10523960841784   -1.44577682113560    0.06979839632553
C        -0.97472049695928   -2.89212246136316    0.08558965731089
C         0.07538975665286   -0.73006743350066    0.05057701140341
H         1.41769944461937   -2.41814977712532    0.25352991020666
H         3.44862977427670   -1.13384729798386    0.18527805660153
H         3.39413714396648    1.32988607911818   -0.03782377694304
H         1.21405394644506    2.47486516814271   -0.18155359192177
H        -1.14264831875832    2.45914920724333   -0.24649240239810
H        -3.26935498327541    1.30052122688549   -0.13279635324740
H        -4.71602374107818   -0.18552060687315   -1.21081804691555
H        -6.95262371696495   -1.14015866310509   -1.00596245912146
H        -5.45669555470657   -4.04083029630234    1.75191180282922
H        -3.24824166555785   -3.01712949036269    1.63616645591103
H        -1.94767423836910   -3.33901431958273   -0.08347666666865
H        -0.58546781044865   -3.23568794206685    1.04686057177498
H        -0.30332413398980   -3.22591267240986   -0.70625174916855
34
 energy: -59.300687750542 gnorm: 0.006469413427 xtb: 6.4.1 (1a32961)
C         1.32233440056826   -1.35229539190505    0.14199156452819
C         2.49243555412934   -0.62967089886761    0.11613398659502
C         2.47147706776170    0.75733625548651   -0.01144373763663
C         1.26041750387708    1.39811316820803   -0.09384296186242
C         0.05136539330710    0.68832649430962   -0.06205771574271
C        -1.19135528985777    1.39114095643665   -0.12892423815669
C        -2.36753505218718    0.73147002474801   -0.05272579827168
B        -2.37117607544843   -0.79437217754765    0.06542081041020
C        -3.76079127661869   -1.54388823953422    0.17569193094195
C        -4.83818476316831   -1.05833815218954   -0.57467752935542
C        -6.10765510571834   -1.59482005060707   -0.47818629938751
C        -6.32688862761703   -2.67242216701829    0.37241132862384
C        -7.67691714109014   -3.30444702946874    0.49116536153101
F        -8.62855708892120   -2.69975862350354   -0.23594160205211
F        -7.67849366998474   -4.59915298563735    0.09781366739874
F        -8.13744270653543   -3.32281811348584    1.76226779737073
C        -5.28051809305383   -3.18187830626189    1.13534352312181
C        -4.02554624437723   -2.60863806910886    1.04458872615160
N        -1.11364486828196   -1.43595053783691    0.05965730655465
C        -0.99388426649929   -2.88480040161160    0.04725314548298
C         0.06939560728134   -0.72294969561476    0.04510254136158
H         1.39601034121311   -2.42047255355298    0.25867722713810
H         3.43700221375134   -1.14757062582882    0.19742197170686
H         3.39464155268967    1.31561354017766   -0.03609399272525
H         1.21401329641251    2.47440696104280   -0.18179775207429
H        -1.13579418974558    2.46826309914185   -0.23402425201951
H        -3.27944668053426    1.31385411196005   -0.08723196952224
H        -4.67761659030133   -0.23342724265100   -1.25389455256169
H        -6.92626151769924   -1.18312256455262   -1.04923049284439
H        -5.46121313147657   -4.01732849989624    1.79637646917997
H        -3.24318101439623   -2.99450605610040    1.68080683825662
H        -1.96874856560189   -3.32278838101580   -0.14019541565676
H        -0.61462453803210   -3.24901265672743    1.00653101304250
H        -0.31752643384504   -3.20304519098679   -0.74738689952707
34
 energy: -59.301050168335 gnorm: 0.007283144217 xtb: 6.4.1 (1a32961)
C         1.31517693502333   -1.35488111771461    0.14257856219254
C         2.48767107790221   -0.63516579546984    0.12013426754098
C         2.46948133844532    0.75135096751163   -0.01085379457617
C         1.26063991957132    1.39717214628236   -0.09439778336679
C         0.04930147093241    0.69133002331324   -0.06057180669984
C        -1.19307642284853    1.39798539101186   -0.11531073294246
C        -2.37079659319064    0.74283263180467   -0.02445209414794
B        -2.37324717404293   -0.78399251387363    0.08172843123512
C        -3.75696320081282   -1.54211629468194    0.18435976907124
C        -4.82514172125315   -1.07922468973607   -0.59349335612514
C        -6.09232698739707   -1.62037281540703   -0.50110796145228
C        -6.31661226437142   -2.67632438476394    0.37659823245048
C        -7.66921773234443   -3.30482936173116    0.49538216876632
F        -8.61567885073492   -2.70135819094678   -0.24101652411432
F        -7.67192208122835   -4.60305215802858    0.11003505050268
F        -8.13422688542660   -3.31162799157300    1.76520251083802
C        -5.27651858861720   -3.16723674989975    1.16064135607142
C        -4.02200892235977   -2.59259070632350    1.06997936352250
N        -1.11908647336218   -1.43008567181627    0.05374303542180
C        -1.01031325686588   -2.88050002178490    0.01346884514639
C         0.06576856898991   -0.71968769375885    0.04247696196446
H         1.38160448487177   -2.42292630323312    0.26224652761878
H         3.43003253812415   -1.15582777473946    0.20785498156060
H         3.39493271919042    1.30582040088785   -0.03555823943722
H         1.21811574827786    2.47364484755715   -0.18302509291956
H        -1.13189381616066    2.47469389717610   -0.21957193442742
H        -3.28352420272251    1.32494168486991   -0.04354824795094
H        -4.65356223716084   -0.26986872491954   -1.28811693713208
H        -6.90518439136728   -1.22961485001046   -1.09594876761767
H        -5.46334583925807   -3.98941026217229    1.83698604356506
H        -3.24086256914298   -2.96529602371140    1.71624094843088
H        -1.98837219003946   -3.30744748421472   -0.18804197370653
H        -0.63951898442799   -3.26789206452513    0.96732928762886
H        -0.33323341619355   -3.18739234537853   -0.78497109691180
34
 energy: -59.301358942889 gnorm: 0.005829548084 xtb: 6.4.1 (1a32961)
C         1.31014044921056   -1.35796746374522    0.14361055800950
C         2.48444351644565   -0.64032699263135    0.12358315059311
C         2.46861696962225    0.74563077342810   -0.00990440101658
C         1.26200472465282    1.39543520557906   -0.09317673713620
C         0.04866735904293    0.69285322806718   -0.05590938885750
C        -1.19160837534577    1.40317375003109   -0.09867694355089
C        -2.37024054799611    0.75183466945699    0.00389633917828
B        -2.37503477705955   -0.77481923462867    0.09279208962481
C        -3.75674066387467   -1.53563283605821    0.18929880756925
C        -4.81688637665938   -1.09637465216757   -0.61191118802653
C        -6.08025538792639   -1.64710001861412   -0.52554936419020
C        -6.30840048959196   -2.68031425274822    0.37757824626521
C        -7.66095442263134   -3.30806517200796    0.49985897649004
F        -8.60795619035096   -2.70977292786734   -0.24214858844586
F        -7.66593703163694   -4.60994365950375    0.12343066533430
F        -8.12793399791445   -3.30476474664889    1.76902529745468
C        -5.27507402167446   -3.14831131786285    1.18366118634599
C        -4.02200804628833   -2.57098650391615    1.09105954946122
N        -1.12330135162164   -1.42639487535766    0.04929349119456
C        -1.02475964585999   -2.87671281282803   -0.01829836296715
C         0.06312911315864   -0.71904755890921    0.04247555647884
H         1.37096072130326   -2.42618013142296    0.26333064011657
H         3.42564447553204   -1.16215524663857    0.21533681590244
H         3.39563419095674    1.29789446750705   -0.03563829125346
H         1.22536470627773    2.47204745531053   -0.18283180553841
H        -1.12941437707437    2.47981972109376   -0.20191308123398
H        -3.28252803179200    1.33461526533530   -0.00241589830043
H        -4.63880558302758   -0.30177806883446   -1.32072836052950
H        -6.88737607859265   -1.27972734656672   -1.14366934532693
H        -5.46559265897055   -3.95435129081534    1.87868268471024
H        -3.24192630672817   -2.92884444944167    1.74664562124784
H        -2.00636591440009   -3.29132654075387   -0.23025313336194
H        -0.66093431554813   -3.28800027490649    0.92756840866134
H        -0.34848163363781   -3.17335616093345   -0.82110319490270
34
 energy: -59.301625266784 gnorm: 0.003603364140 xtb: 6.4.1 (1a32961)
C         1.30622974484530   -1.36180948257185    0.14257603135996
C         2.48228108868042   -0.64664807498735    0.12451149265411
C         2.46941604652566    0.73918004732902   -0.00786069892693
C         1.26490279750552    1.39278215195849   -0.08743472258201
C         0.04947858987921    0.69364238255122   -0.04734461565873
C        -1.18733381103299    1.40775484926825   -0.07873410588431
C        -2.36687647098724    0.75920947604275    0.02867169819110
B        -2.37678202449055   -0.76633470763154    0.09908968774590
C        -3.75865264191766   -1.52785165125381    0.18717835763915
C        -4.81162015153110   -1.11381867252616   -0.63471820963982
C        -6.07100598293992   -1.67535348950614   -0.55133565667002
C        -6.30291293643664   -2.68386705437888    0.37714433979947
C        -7.65274428296998   -3.31479658299052    0.50457580776230
F        -8.60417145255382   -2.72552117329862   -0.24097483533079
F        -7.65778898070696   -4.62002309228647    0.13804317670690
F        -8.11953043775634   -3.30298766476184    1.77357848738450
C        -5.27675850298132   -3.12398431204891    1.20711448425649
C        -4.02556322964976   -2.54396422745049    1.10947185094229
N        -1.12707711937222   -1.42340867237907    0.04541599796477
C        -1.03738100886149   -2.87207683632869   -0.04820324185103
C         0.06089196575253   -0.71991123026199    0.04381005911309
H         1.36264500147942   -2.43069403938789    0.25920862680164
H         3.42286638007770   -1.16936849418440    0.21643844371400
H         3.39758096189436    1.28999960315324   -0.03541715183734
H         1.23494643171517    2.46961783035380   -0.17634415461433
H        -1.12718331946990    2.48515514046204   -0.17575382608047
H        -3.27762520317761    1.34413391254935    0.03550743717597
H        -4.63188057338103   -0.33249874107703   -1.35649700955657
H        -6.87228403795053   -1.33308728786070   -1.19088413724755
H        -5.46927117214460   -3.91037513342348    1.92401991786914
H        -3.24726845627931   -2.88234069969530    1.77730577986739
H        -2.02257594080119   -3.27458421012288   -0.26580288846238
H        -0.67701121733020   -3.30626219625910    0.88737886644584
H        -0.36385005363379   -3.15885766699460   -0.85673528905176
34
 energy: -59.301828262022 gnorm: 0.002896569224 xtb: 6.4.1 (1a32961)
C         1.30252707269341   -1.36640711840688    0.13772100174124
C         2.48063748676900   -0.65484478061342    0.12153686146878
C         2.47185437719973    0.73160577806713   -0.00463447167462
C         1.26926493187883    1.38934965208419   -0.07657031799828
C         0.05147893121367    0.69423902687779   -0.03576110689795
C        -1.18179128647597    1.41251592737648   -0.05515498973551
C        -2.36301422987161    0.76604768133431    0.04867888743298
B        -2.37880838784856   -0.75887589257320    0.09778607386871
C        -3.76207834564251   -1.51840693478515    0.18219250322504
C        -4.80876059821137   -1.13153163407889   -0.65946112973091
C        -6.06415828795070   -1.70365896222830   -0.57618984782739
C        -6.29948905092286   -2.68698404953048    0.37693678896725
C        -7.64505723753176   -3.32438971881504    0.50921517860583
F        -8.60174665971614   -2.74605192573822   -0.23928343837328
F        -7.64582505872274   -4.63200423873861    0.15207956498174
F        -8.11112426464046   -3.30650373133097    1.77811874245454
C        -5.28006896156258   -3.09611135907101    1.23103681215936
C        -4.03144072769680   -2.51235428632866    1.12782806992253
N        -1.13104257609118   -1.42017799377261    0.03977921501462
C        -1.04825607793456   -2.86644698431682   -0.07441377184309
C         0.05865131731571   -0.72102840611461    0.04463421973429
H         1.35538002304473   -2.43644178796367    0.24785709417072
H         3.42052035704162   -1.17957750208092    0.20927849301706
H         3.40112648120309    1.28080688979241   -0.03312265334751
H         1.24483094686911    2.46672094243022   -0.16000013770930
H        -1.12340341178082    2.49118719386005   -0.14158798294084
H        -3.27144345982651    1.35390984547224    0.06378374691281
H        -4.63033283755242   -0.36470650859241   -1.39760614375030
H        -6.86006173201121   -1.38651522841910   -1.23450621191054
H        -5.47361815478053   -3.86219480851494    1.96897114919501
H        -3.25526468090381   -2.82770443843985    1.80945881598788
H        -2.03694270591490   -3.25915476383091   -0.29220687193307
H        -0.68670378121923   -3.31885889920498    0.85082130013319
H        -0.37974941042070   -3.14440098380465   -0.89021544332105
34
 energy: -59.302002680950 gnorm: 0.003564163638 xtb: 6.4.1 (1a32961)
C         1.29846121581680   -1.37160454410254    0.12766161656992
C         2.47912676263390   -0.66468003754531    0.11396927351685
C         2.47547826527192    0.72315113568632    0.00048890747639
C         1.27485347333726    1.38583867497676   -0.05935273191176
C         0.05438201507199    0.69532052210783   -0.02095812367044
C        -1.17554017891630    1.41795111418372   -0.03093849589943
C        -2.35956280057245    0.77370323176764    0.06085395650925
B        -2.38133701223205   -0.75038722043215    0.09353117102266
C        -3.76564666511452   -1.50932583149319    0.17374813900916
C        -4.80685684168845   -1.15090834141906   -0.68597320200128
C        -6.05873708023855   -1.73168667649278   -0.59906450902758
C        -6.29738089246345   -2.68936628048542    0.37834718963995
C        -7.63788830719366   -3.33599952280992    0.51405930578300
F        -8.59906666581973   -2.76964207522582   -0.23818608600335
F        -7.62978402309691   -4.64543794308945    0.16559648791883
F        -8.10418462744079   -3.31370540183842    1.78264794122462
C        -5.28395426543104   -3.06631183084972    1.25419088697289
C        -4.03820164424513   -2.47861334425352    1.14433374035704
N        -1.13558642411706   -1.41566552114843    0.03314335709995
C        -1.05856160365619   -2.85998220046632   -0.09594401539325
C         0.05626420022598   -0.72138847912857    0.04436381653593
H         1.34826486401387   -2.44312998304429    0.22755881529946
H         3.41785439098929   -1.19311419076612    0.19316059754261
H         3.40618644527153    1.26990227543761   -0.02780378715273
H         1.25451361569678    2.46403858723653   -0.13282458409503
H        -1.11664469377479    2.49813745186575   -0.10137187765366
H        -3.26546240302684    1.36510366561980    0.08174306375673
H        -4.63184625082017   -0.39887806533419   -1.44059376295751
H        -6.84961860186920   -1.43988812667917   -1.27446745184259
H        -5.47891462556272   -3.81119527009306    2.01293802286739
H        -3.26487032299568   -2.76855321327401    1.84054342807003
H        -2.05090183646888   -3.24624465072778   -0.30728215224377
H        -0.69010468486262   -3.32445915680314    0.81972781280304
H        -0.39864279672338   -3.13192875137894   -0.92084675012336
34
 energy: -59.302210651612 gnorm: 0.004475724175 xtb: 6.4.1 (1a32961)
C         1.29255392555934   -1.37857217018917    0.10859405318818
C         2.47682479305989   -0.67816255558876    0.09942172558033
C         2.48041117060239    0.71197681358645    0.00944450437620
C         1.28259370591354    1.38152384500562   -0.03138153745579
C         0.05846553391555    0.69706324818814    0.00036922049297
C        -1.16784086552495    1.42550176344707    0.00027873445012
C        -2.35640942863980    0.78505830242711    0.07038584003673
B        -2.38509820506996   -0.73881740862861    0.08281588716851
C        -3.77025811445673   -1.49689695662285    0.16363608719317
C        -4.80508223272246   -1.17560468189425   -0.71782313141526
C        -6.05252395173772   -1.76647866521725   -0.62569106230602
C        -6.29488101024930   -2.69213304713732    0.38111081201716
C        -7.62896118541137   -3.35162771306317    0.51988135756691
F        -8.59439889991557   -2.80115020013069   -0.23827600884668
F        -7.60603726524464   -4.66315014066518    0.18170460952097
F        -8.09732248432673   -3.32494903914458    1.78750046853170
C        -5.28840304891552   -3.02813397581736    1.28190120573034
C        -4.04661809796172   -2.43464159744782    1.16419377137651
N        -1.14215602303320   -1.40874915556446    0.02265779396982
C        -1.07158550797557   -2.85156616958533   -0.11675700645720
C         0.05290065570871   -0.72094000898478    0.04192787648079
H         1.33859920889216   -2.45222092187503    0.18981904467323
H         3.41345328644347   -1.21303295858337    0.16274624584482
H         3.41347267519540    1.25458647929178   -0.01636146234128
H         1.26609796064589    2.46111029696852   -0.08649531408277
H        -1.10460385898408    2.50701631738791   -0.04874313478814
H        -3.25904947711774    1.38101384555775    0.09224972382408
H        -4.63353526645712   -0.44497978330053   -1.49574615663799
H        -6.83766860599907   -1.50605331666130   -1.32020393600329
H        -5.48588774632821   -3.74598524799602    2.06565871586706
H        -3.27721818686339   -2.69334481121606    1.87653452593640
H        -2.06874479978776   -3.23358796495907   -0.31285848653515
H        -0.68889587389561   -3.32316951986530    0.78907256778406
H        -0.42610277931969   -3.11985290172133   -0.95456753474053
34
 energy: -59.302447023506 gnorm: 0.005635619571 xtb: 6.4.1 (1a32961)
C         1.28414106058536   -1.38744914083028    0.07670883936387
C         2.47308603498125   -0.69537479966945    0.07489507095839
C         2.48591891806598    0.69779005364129    0.02393280628312
C         1.29204969564325    1.37598670601216    0.00993694399303
C         0.06330236270019    0.69892211979929    0.02781412949682
C        -1.15889397752403    1.43485831501979    0.03636081940722
C        -2.35377116879737    0.80111967700235    0.07451118691790
B        -2.39080519011679   -0.72234670742085    0.06874665986515
C        -3.77537336426297   -1.48212106103146    0.15007534546510
C        -4.80169785022385   -1.20792386873058   -0.75695725764281
C        -6.04430209875047   -1.80842019661780   -0.65542685866883
C        -6.29097183102768   -2.69470041690041    0.38568859596731
C        -7.61686159146095   -3.37133696798658    0.52650386724523
F        -8.58610111244177   -2.84192437523074   -0.24090564856230
F        -7.57217072340818   -4.68553593484738    0.20059393855449
F        -8.09030638146714   -3.34010867372600    1.79200461243211
C        -5.29322230637515   -2.98007994232639    1.31408593822751
C        -4.05633377494189   -2.37910560841587    1.18703816221829
N        -1.15172055696613   -1.39874572133852    0.00901095339082
C        -1.08934215250506   -2.84125275509590   -0.13501109342478
C         0.04802351737301   -0.71963203492218    0.03655125964367
H         1.32558156094728   -2.46366792524979    0.12841300493862
H         3.40646291656264   -1.23930227269755    0.11388330659887
H         3.42245729754262    1.23438425158023    0.00494594732806
H         1.27983559376276    2.45731052583709   -0.01646772375004
H        -1.08654080816258    2.51720477648648    0.01656332946816
H        -3.25248771027741    1.40349994341233    0.09643984036079
H        -4.63138083909808   -0.50582628870526   -1.56231487163593
H        -6.82252138161553   -1.58673486419318   -1.37125781419648
H        -5.49450430797707   -3.66535193841825    2.12506147348900
H        -3.29282679219025   -2.59796529637803    1.91974904894233
H        -2.09292544998396   -3.22174555808500   -0.30312239868694
H        -0.68191787170840   -3.31334282975839    0.76035274789867
H        -0.46778971688356   -3.11003119021422   -0.99140416188646
34
 energy: -59.302615749131 gnorm: 0.005023087345 xtb: 6.4.1 (1a32961)
C         1.27726921118254   -1.39332974827723    0.04390853689822
C         2.46937037535934   -0.70707704994529    0.05062769616461
C         2.48883012400703    0.68777109606115    0.03988038701639
C         1.29840893067659    1.37104117526074    0.04442592718601
C         0.06646074792573    0.69901478781610    0.04604867258657
C        -1.15333642561321    1.44068197402394    0.05871669555127
C        -2.35284273916060    0.81417323494613    0.07062417510443
B        -2.39560437767090   -0.70960247608534    0.05491666353609
C        -3.77915720719178   -1.47044457161159    0.14207218604846
C        -4.79859555371889   -1.23052566336690   -0.78016386548243
C        -6.03785104628547   -1.83647601573103   -0.67215951486132
C        -6.28731694979323   -2.69593263181515    0.38878353316390
C        -7.60693852990005   -3.38562066184876    0.52982535609262
F        -8.57713036778369   -2.87311589602513   -0.24627866091786
F        -7.54308452239722   -4.70163351482314    0.21225027997538
F        -8.08666807530973   -3.35228074336607    1.79259703158071
C        -5.29634044191282   -2.94608122411529    1.33192582467624
C        -4.06350630954087   -2.33814782472129    1.20039473096557
N        -1.15960484969004   -1.39062844074405   -0.00215045354172
C        -1.10309065763745   -2.83451530730156   -0.13723308993362
C         0.04404811694939   -0.71830979983600    0.02843181211789
H         1.31574041972862   -2.47085680815967    0.06618908095306
H         3.39976976605335   -1.25773118071865    0.06609549440045
H         3.42829245981659    1.21936122470045    0.03116435766802
H         1.28873691032596    2.45312338320757    0.04635414899684
H        -1.07099952331994    2.52207975149282    0.06043294541432
H        -3.24852448433500    1.42143133982769    0.08718100342877
H        -4.62493889927455   -0.55139505908844   -1.60332586280844
H        -6.81160372548401   -1.64046234224452   -1.39766986920374
H        -5.50151899468548   -3.60830709850724    2.15925660170308
H        -3.30534856118005   -2.52992363001607    1.94407532919278
H        -2.11122719264260   -3.21840424546679   -0.27315449077000
H        -0.66919138675886   -3.29612156300234    0.75224895735705
H        -0.50641624074093   -3.11070447051799   -1.00929162025958
34
 energy: -59.302675119406 gnorm: 0.006530335893 xtb: 6.4.1 (1a32961)
C         1.26926173698987   -1.39847516355455    0.01387957823612
C         2.46424712034939   -0.71720865095181    0.03198018954317
C         2.48963699220126    0.67717244926534    0.05344265589183
C         1.30282851816982    1.36563283677925    0.07243918639444
C         0.06767683765040    0.69899265316494    0.05968251033538
C        -1.14939576216883    1.44705978818470    0.08073970898453
C        -2.35199930559184    0.82858203688919    0.07962651723303
B        -2.39991515805725   -0.69580677631709    0.04987757033198
C        -3.78155344915947   -1.45892396054730    0.13923431885232
C        -4.79114472811790   -1.25536347616870   -0.80650519712182
C        -6.02653493509561   -1.86874316081864   -0.69668344241490
C        -6.28014561436234   -2.69804206603616    0.39164403249698
C        -7.59481716911936   -3.39732716629306    0.53319247902191
F        -8.56567214931343   -2.89943442725792   -0.25117232087005
F        -7.51709507221039   -4.71544057234091    0.22364873230033
F        -8.08026719582686   -3.36047321609628    1.79306532249594
C        -5.29838644995132   -2.91145396559250    1.35795090962918
C        -4.06912657166104   -2.29668953154147    1.22266281714506
N        -1.16780176949524   -1.38297103971120   -0.01397418331438
C        -1.12027556394509   -2.82872471234771   -0.15002491888116
C         0.03953589341578   -0.71725194022700    0.01762376117392
H         1.30263767839727   -2.47645625261924    0.00828918266305
H         3.39165125488059   -1.27239039026939    0.02968720959829
H         3.43211212210855    1.20393834449523    0.05826771442284
H         1.29813301203037    2.44749705438539    0.09898418731940
H        -1.05861860280865    2.52723795636080    0.10055802036187
H        -3.24529678681645    1.43994702060423    0.10022739086673
H        -4.60894954185032   -0.60108222621319   -1.64882298471980
H        -6.79422046609505   -1.70307689212701   -1.44146325506786
H        -5.50842797710567   -3.54995469357767    2.20512914535642
H        -3.31610121019138   -2.46067918691424    1.98040648358688
H        -2.13316102067178   -3.20992235280420   -0.26027345988663
H        -0.66549987060697   -3.28996008444006    0.73077091857154
H        -0.54722479597360   -3.10915823536054   -1.03709078053652
34
 energy: -59.302742319777 gnorm: 0.004314432531 xtb: 6.4.1 (1a32961)
C         1.26812159415460   -1.39640545931236    0.00308920407794
C         2.46250629998536   -0.71401421807401    0.02824417063193
C         2.48692108789921    0.67718448927783    0.05607765314805
C         1.30034932320653    1.36439751734135    0.07330362079525
C         0.06575350674947    0.69744405484362    0.05354841134472
C        -1.15161248415877    1.44578508593155    0.07302687719986
C        -2.35297909851178    0.82989862766287    0.07740324103841
B        -2.40005068768391   -0.69497833357573    0.05175362755362
C        -3.78048488269030   -1.45942344376354    0.14337107084282
C        -4.78732823342663   -1.25429833427187   -0.79996773752258
C        -6.02292026295440   -1.86575119415088   -0.69204781674354
C        -6.27742250870407   -2.69711257582216    0.39141216157322
C        -7.59237138270400   -3.39528384158826    0.53034838310055
F        -8.56079367298284   -2.89761455211762   -0.25629834859476
F        -7.51392479210235   -4.71336696276802    0.21939466191979
F        -8.08105226049051   -3.35951816740886    1.78850133106695
C        -5.29817876935289   -2.91371842272775    1.35416734114432
C        -4.06887803091919   -2.29761503121010    1.22232037897366
N        -1.16855972731348   -1.38292451085331   -0.01607634432384
C        -1.12258427905483   -2.83099059814579   -0.14024062797279
C         0.03899006935250   -0.71701662564968    0.00907884949834
H         1.30075215995823   -2.47256605618722   -0.01295134202975
H         3.38938098348521   -1.26701320423701    0.02359938474633
H         3.42972025668298    1.20349439175436    0.07233927211295
H         1.29671473697762    2.44432587267447    0.10557721069134
H        -1.05861241724428    2.52406256260588    0.09153146449062
H        -3.24675006737995    1.44083223631884    0.10109505047008
H        -4.59607254942809   -0.60389350702948   -1.63959198492099
H        -6.78991694699983   -1.69829862658130   -1.43401726111739
H        -5.50990561522437   -3.55501565778296    2.19553456547188
H        -3.31804223658044   -2.46253714908211    1.97974382652285
H        -2.13483664250501   -3.21368904155081   -0.23848936032342
H        -0.66108644305334   -3.28329475659536    0.74092912836493
H        -0.55875602698903   -3.12003456792331   -1.02871006323131
34
 energy: -59.302770124220 gnorm: 0.001976184842 xtb: 6.4.1 (1a32961)
C         1.26759144647878   -1.39758497083110   -0.00328925281997
C         2.46270503873650   -0.71614195949056    0.02325338905243
C         2.48774590333265    0.67582900291164    0.05888386754267
C         1.30111028624307    1.36463221098824    0.07733295118964
C         0.06642982264488    0.69833647578270    0.05566536988892
C        -1.14986815208622    1.44746571977866    0.07781628732470
C        -2.35193900606754    0.83062262374736    0.08037151216006
B        -2.40040219938039   -0.69379766549357    0.05146623525512
C        -3.78162206992657   -1.45671718035415    0.14439045731938
C        -4.78585016208067   -1.25875729471531   -0.80463256826255
C        -6.02060362924119   -1.87215313114852   -0.69638223583425
C        -6.27679314957429   -2.69828475125447    0.39041810298898
C        -7.59085372804209   -3.39800343073806    0.52939480670834
F        -8.56013367238218   -2.90270322444760   -0.25887459150571
F        -7.51129920192880   -4.71704996460596    0.22083131218760
F        -8.08028953770791   -3.36044897789315    1.78726203898087
C        -5.30015466148373   -2.90787356815178    1.35844637214196
C        -4.07182704099537   -2.28943361447216    1.22827058894774
N        -1.16918868928694   -1.38231458726487   -0.01721858828543
C        -1.12471469419663   -2.82974044798089   -0.14203163068313
C         0.03872798695459   -0.71691255466464    0.00777359222311
H         1.29915677963516   -2.47391794039428   -0.02437127366786
H         3.38968413182339   -1.26990117353046    0.01726703428800
H         3.43057964992158    1.20170314315826    0.07623904001965
H         1.29901197307599    2.44465340079779    0.11205694131949
H        -1.05756948008249    2.52636707846383    0.09806363011218
H        -3.24532527706803    1.44137512353558    0.10637654121189
H        -4.59342696099660   -0.61329875894687   -1.64868959038417
H        -6.78593677751039   -1.70818938583567   -1.43912920231908
H        -5.51268484173993   -3.54518146596588    2.20368899921577
H        -3.32244763756758   -2.44977144081608    1.98863224799504
H        -2.13840014154934   -3.20966170971944   -0.23587517887508
H        -0.66080000098858   -3.28302582101130    0.73655715053810
H        -0.56452230696576   -3.11906975943601   -1.03296435597440
34
 energy: -59.302783732104 gnorm: 0.003307736318 xtb: 6.4.1 (1a32961)
C         1.26614960370248   -1.39868359346008   -0.01701402246390
C         2.46258235830003   -0.71935570061868    0.01377597294966
C         2.48909366211259    0.67282598223097    0.06284705741461
C         1.30266921290535    1.36428369038820    0.08208925841874
C         0.06753007233780    0.70005653716562    0.05747143396932
C        -1.14685311131074    1.45080156752873    0.08670415118734
C        -2.34989913575870    0.83287960412386    0.09091588239973
B        -2.40071985805482   -0.69066051860384    0.05578235885069
C        -3.78305897584851   -1.45206333131484    0.14872424269503
C        -4.78056057142763   -1.26787608678861   -0.81030566345133
C        -6.01391690167808   -1.88495423573707   -0.70381054885922
C        -6.27565470047655   -2.69876997592577    0.39167349306500
C        -7.58773581728105   -3.40240045002704    0.52721319756912
F        -8.55681671777095   -2.91094578906429   -0.26538628380597
F        -7.50513664320613   -4.72231546600788    0.22161545291945
F        -8.08140891935742   -3.36304075980902    1.78325246598577
C        -5.30570394033064   -2.89472619071249    1.36976561468551
C        -4.07849752302542   -2.27406490561648    1.24005219659710
N        -1.17058307645070   -1.38043042590958   -0.01819044710958
C        -1.13013620165961   -2.82716332251014   -0.14534047161016
C         0.03808355977336   -0.71614062142530    0.00407989707314
H         1.29515599920296   -2.47495676808292   -0.05054804997054
H         3.38974882945088   -1.27443155291300    0.00301552416886
H         3.43201965503022    1.19779826735754    0.08530860601940
H         1.30385195312659    2.44439746600960    0.12362377699629
H        -1.05599043854908    2.53067859411327    0.10940473739159
H        -3.24261497824344    1.44320144992824    0.12200241290512
H        -4.58340078270231   -0.63369483960909   -1.66230439816661
H        -6.77302402809606   -1.73649252082531   -1.46094982444478
H        -5.52030004151988   -3.52621177745084    2.21892589320240
H        -3.33336021220151   -2.42444072989389    2.00730281921486
H        -2.14666474870378   -3.20106114128923   -0.22826479905007
H        -0.65856843419496   -3.28402395784634    0.72658443407207
H        -0.58018914809715   -3.11696849740295   -1.04301637081858
34
 energy: -59.302797504879 gnorm: 0.002422887911 xtb: 6.4.1 (1a32961)
C         1.26600058919044   -1.39791731221860   -0.02004750184730
C         2.46249342915330   -0.71891643448610    0.01168158028213
C         2.48918863319662    0.67259924258176    0.06194008286778
C         1.30286813686110    1.36413320972316    0.08078124758346
C         0.06756235916974    0.70045551538170    0.05635163950278
C        -1.14669116427831    1.45116123923812    0.08751379308994
C        -2.34950827837708    0.83326937636062    0.09558461753214
B        -2.40031530182558   -0.69005088002673    0.06022936697414
C        -3.78269154426974   -1.45190083186275    0.15174832245530
C        -4.77749795146231   -1.27129599852213   -0.81115904060806
C        -6.01061347373103   -1.88916722871075   -0.70712948763152
C        -6.27519338829534   -2.70004211772993    0.39005239658576
C        -7.58761344002414   -3.40287255343903    0.52487745931449
F        -8.55543306946552   -2.91089635552594   -0.26884363892691
F        -7.50584605256582   -4.72270091769285    0.21952702312759
F        -8.08271345274852   -3.36297871167696    1.78014796093235
C        -5.30771478271565   -2.89332234212622    1.37120795000904
C        -4.08066013434637   -2.27186158693063    1.24373819204261
N        -1.17053375028814   -1.38002085805073   -0.01710510483899
C        -1.13118904815283   -2.82690525549403   -0.14526029567306
C         0.03812077218477   -0.71570012082520    0.00288446961926
H         1.29447487658383   -2.47378607254375   -0.05622384388475
H         3.38969642656917   -1.27382045175350   -0.00022581331628
H         3.43204694304017    1.19753998481742    0.08644106720667
H         1.30466015497180    2.44402812377412    0.12280972450394
H        -1.05646908518931    2.53105801966588    0.10922729303941
H        -3.24227021317155    1.44354472770467    0.12925843883010
H        -4.57867262794638   -0.63804810556731   -1.66168531880064
H        -6.76836512645448   -1.73956279611584   -1.46163715190386
H        -5.52417432291509   -3.52293646586791    2.22242891053142
H        -3.33740489210066   -2.42053661919990    2.01305841895971
H        -2.14796745680105   -3.19986403161032   -0.22480780372087
H        -0.65678099328965   -3.28495410505181    0.72457722296188
H        -0.58470277050926   -3.11668128621714   -1.04494217679959
34
 energy: -59.302808121908 gnorm: 0.001500611945 xtb: 6.4.1 (1a32961)
C         1.26581859408770   -1.39694461671867   -0.02186211166428
C         2.46223562975887   -0.71814200741187    0.00935707078004
C         2.48927107827251    0.67275568489092    0.05923881940113
C         1.30324305538892    1.36394976482952    0.07943287100893
C         0.06756738764922    0.70063197968855    0.05586971474309
C        -1.14699325986922    1.45099653508729    0.08832649057306
C        -2.34946209106290    0.83385028898385    0.10005040842935
B        -2.39999660502216   -0.68961600409846    0.06465941054616
C        -3.78216348764257   -1.45214607842757    0.15590938493924
C        -4.77465352087836   -1.27333059525086   -0.80878405245229
C        -6.00792979892123   -1.89088277540120   -0.70666283395272
C        -6.27524211412744   -2.70064043310737    0.38941793324014
C        -7.58828253513923   -3.40277764377870    0.52197408747486
F        -8.55416544449539   -2.90938854015688   -0.27259409975142
F        -7.50669100377392   -4.72179266188972    0.21535099056309
F        -8.08542790906411   -3.36397498923515    1.77627963369807
C        -5.30994214455026   -2.89259335708002    1.37210825037761
C        -4.08285255308747   -2.27047056191676    1.24797380139499
N        -1.17050911084605   -1.37959452646321   -0.01603364930086
C        -1.13147107095833   -2.82669091413147   -0.14483642775773
C         0.03810740754388   -0.71525680534832    0.00209464773739
H         1.29420520007165   -2.47242752081672   -0.05849972148074
H         3.38913651142453   -1.27282348077733   -0.00367680807857
H         3.43219530029627    1.19765104626755    0.08427096013900
H         1.30482792951924    2.44360307467092    0.12046282090190
H        -1.05670890603627    2.53062550592394    0.10892688077554
H        -3.24219955108414    1.44478510329207    0.13642373428945
H        -4.57298363899517   -0.64368597605241   -1.66303081632512
H        -6.76361707772346   -1.74238854490857   -1.46217636989932
H        -5.52828942592773   -3.52193452955629    2.22247235905091
H        -3.34130038386529   -2.41885542167327    2.01801820641718
H        -2.14783756629970   -3.20097641652704   -0.22088789062857
H        -0.65384129897735   -3.28446397616075    0.72357621536878
H        -0.58795759566798   -3.11600060674461   -1.04614991055821
34
 energy: -59.302819943082 gnorm: 0.001903423800 xtb: 6.4.1 (1a32961)
C         1.26510305804428   -1.39649228569771   -0.02642739036156
C         2.46188171375036   -0.71853766709780    0.00288982318194
C         2.49011809190770    0.67217968424534    0.05450750644445
C         1.30477543010981    1.36355193755274    0.07979419845401
C         0.06825608695269    0.70110782426656    0.05820725810358
C        -1.14645561606711    1.45145524135158    0.09491186599196
C        -2.34909506511479    0.83565927285319    0.10964992624103
B        -2.40005173145243   -0.68816012395406    0.07066865055131
C        -3.78158877157532   -1.45269337064975    0.16004492595985
C        -4.76896217802769   -1.28143947625471   -0.81045384166587
C        -6.00246879682149   -1.89873020258204   -0.71044367410514
C        -6.27560292683479   -2.70164499615592    0.38917545018028
C        -7.58916477257748   -3.40410685110112    0.51757563295302
F        -8.55187951915699   -2.91033318233420   -0.28033184147442
F        -7.50566652274505   -4.72249981987776    0.21079112878211
F        -8.09051509832216   -3.36556594323485    1.77017367321545
C        -5.31488328410851   -2.88686652889447    1.37705383825524
C        -4.08749043034868   -2.26488132539272    1.25511918292812
N        -1.17106441178060   -1.37814137956265   -0.01477425274205
C        -1.13249956446631   -2.82507678577894   -0.14617889725112
C         0.03784332630243   -0.71445245852946    0.00168998633590
H         1.29315572224338   -2.47195213618181   -0.06486799189022
H         3.38802000707963   -1.27375701653483   -0.01400372298714
H         3.43343529462850    1.19655231856795    0.07801582032953
H         1.30604238382809    2.44333480213287    0.12149999840612
H        -1.05539578602059    2.53085130555978    0.11606296767326
H        -3.24117525702966    1.44797468881522    0.14914196317565
H        -4.56554568346169   -0.65375118068062   -1.66310991855118
H        -6.75358027009908   -1.75689670018633   -1.47212216080197
H        -5.53711564010009   -3.51199701518240    2.22927030493045
H        -3.35019294376247   -2.40674557785307    2.03160331624516
H        -2.14884884652079   -3.20155733592819   -0.21509478277152
H        -0.64806073944554   -3.28296167024969    0.71874614368184
H        -0.59523725901062   -3.11237604544869   -1.05178508741798
34
 energy: -59.302833019138 gnorm: 0.001841158883 xtb: 6.4.1 (1a32961)
C         1.26407671736617   -1.39661355321163   -0.03356314811513
C         2.46156838842385   -0.71977460607654   -0.00682379780663
C         2.49116582612863    0.67108947430485    0.04836644576530
C         1.30650406378709    1.36321433758082    0.08021502255390
C         0.06928900167824    0.70184433643812    0.06218312617526
C        -1.14497919579281    1.45271221170717    0.10669532468508
C        -2.34824328905705    0.83777395186595    0.12440172965066
B        -2.40048163113601   -0.68584028435495    0.08023604773822
C        -3.78203240132687   -1.45086502459812    0.16819062637743
C        -4.76137560947705   -1.29228700375236   -0.81298251521668
C        -5.99430958868017   -1.91209542009596   -0.71879421795435
C        -6.27573713595108   -2.70293259692536    0.38879804201397
C        -7.58942570544161   -3.40663128800319    0.51178317231105
F        -8.54870710237122   -2.91370354744497   -0.29131743311507
F        -7.50344280982188   -4.72509892661142    0.20630336692213
F        -8.09659824308896   -3.36719153073696    1.76207823884960
C        -5.32248796507172   -2.87589574125225    1.38708250651080
C        -4.09498170241872   -2.25374129945183    1.26767002607490
N        -1.17213588161816   -1.37595770821115   -0.01239624623692
C        -1.13434993337241   -2.82224447823788   -0.14955995388135
C         0.03739898065970   -0.71342834186432    0.00185847010857
H         1.29134499203209   -2.47228730541004   -0.07561747414182
H         3.38705948042003   -1.27597493869123   -0.02964279286264
H         3.43500320703349    1.19463729809167    0.06846151833892
H         1.30802210926688    2.44340800096951    0.12544469160586
H        -1.05314483957957    2.53232628126450    0.13121906346208
H        -3.23929769652849    1.45099973581677    0.16860749685916
H        -4.55295830994616   -0.67323912936487   -1.67226720302114
H        -6.73866641460694   -1.78086157502581   -1.48977881802747
H        -5.55027587967300   -3.49319403318422    2.24404562950863
H        -3.36283211103170   -2.38904002962544    2.04850968608763
H        -2.15150468558024   -3.19883609890811   -0.21012493378076
H        -0.64163437042524   -3.28322875068816    0.70924358603920
H        -0.60574026480237   -3.10599241631106   -1.06152528347830
34
 energy: -59.302841027737 gnorm: 0.000459774317 xtb: 6.4.1 (1a32961)
C         1.26470470035009   -1.39680049863211   -0.03379612905554
C         2.46193045706881   -0.71895758561159   -0.00955630812152
C         2.49063068647836    0.67230065873238    0.04554769521373
C         1.30550153203115    1.36406969446317    0.07876703683280
C         0.06904199786580    0.70146387559704    0.06304380362830
C        -1.14495507173863    1.45213989535458    0.10924395019390
C        -2.34817051121143    0.83625686820168    0.12559726084733
B        -2.40028271017973   -0.68709596900175    0.08029739516567
C        -3.78194976597117   -1.45173222486082    0.16772874360091
C        -4.76105126659929   -1.29194172399760   -0.81322534777273
C        -5.99382704399438   -1.91166461620696   -0.71866133763515
C        -6.27519838473501   -2.70315559143505    0.38752071166664
C        -7.58915560096376   -3.40603188169651    0.51036291415465
F        -8.54858152740781   -2.91234254031842   -0.29225467629805
F        -7.50471478250702   -4.72481262915301    0.20420432861464
F        -8.09628488443932   -3.36690331339491    1.76061318599160
C        -5.32311377819397   -2.87641822130198    1.38598665905593
C        -4.09540121032770   -2.25402909032441    1.26786349657074
N        -1.17174286396673   -1.37691608190046   -0.01097228794808
C        -1.13392463137205   -2.82305716920388   -0.14737164368230
C         0.03772311424817   -0.71393501968182    0.00253595715596
H         1.29247369173319   -2.47254775505333   -0.07459539566170
H         3.38790439419665   -1.27473831652193   -0.03208143306268
H         3.43433436575179    1.19635519216546    0.06319007086685
H         1.30705814716561    2.44388231767707    0.12434588026604
H        -1.05306261276214    2.53156889956905    0.13526423688117
H        -3.23949374208249    1.44828115305845    0.17149568270918
H        -4.55106531508583   -0.67360047805508   -1.67278011777270
H        -6.73798662012324   -1.78047469320358   -1.48953151861139
H        -5.55283832865229   -3.49037231101965    2.24413534330315
H        -3.36406563150338   -2.38809218232314    2.05063986664709
H        -2.15134337071042   -3.19831556224159   -0.20921226766736
H        -0.64257384384226   -3.28445343191946    0.71128841481967
H        -0.60442958852283   -3.10687966775832   -1.05863417089663
34
 energy: -59.302845225701 gnorm: 0.000630198523 xtb: 6.4.1 (1a32961)
C         1.26544878538025   -1.39665312802602   -0.03378383577497
C         2.46223891920406   -0.71788445842293   -0.01204685789369
C         2.49009515437701    0.67346119842517    0.04152171374888
C         1.30462689723103    1.36463632096328    0.07713216724386
C         0.06867384049977    0.70102478949901    0.06396498684280
C        -1.14539803269902    1.45133704193137    0.11225993816588
C        -2.34832490023352    0.83477832144710    0.12821288515801
B        -2.39977412730751   -0.68841756562265    0.08153431845599
C        -3.78167894984133   -1.45268579815065    0.16779827452869
C        -4.75989607601044   -1.29269887202232   -0.81402312013538
C        -5.99301059535843   -1.91179672620439   -0.71974489016795
C        -6.27528218979984   -2.70274806077772    0.38637627316903
C        -7.58949760589031   -3.40502241754961    0.50865077635867
F        -8.54866028796100   -2.91087405724798   -0.29410883624893
F        -7.50584003280824   -4.72405790067402    0.20206781840396
F        -8.09693795364086   -3.36607076856522    1.75868082352301
C        -5.32455299991696   -2.87531160411165    1.38618893048103
C        -4.09631404705803   -2.25372572266903    1.26859639043106
N        -1.17103319869376   -1.37795604269360   -0.00912100412257
C        -1.13303110321540   -2.82415138877863   -0.14483442569934
C         0.03814943446348   -0.71439351588610    0.00344665889566
H         1.29380324140389   -2.47242276590854   -0.07361086204623
H         3.38862005175388   -1.27296586507400   -0.03620034521816
H         3.43359817706276    1.19801180488931    0.05631718446783
H         1.30611208380799    2.44432402304569    0.12241142021800
H        -1.05371531802327    2.53062885357053    0.14048382471196
H        -3.24010442820600    1.44597572569794    0.17482264862984
H        -4.54893204156914   -0.67345182937065   -1.67266512299849
H        -6.73710865440783   -1.77973207339437   -1.49056387605843
H        -5.55486238582121   -3.48914679414623    2.24411591167517
H        -3.36543197565639   -2.38808801006798    2.05186100330123
H        -2.15050014323707   -3.19905183715765   -0.20787324584722
H        -0.64292085144066   -3.28533786275797    0.71446873793503
H        -0.60246868639116   -3.10848301418796   -1.05533626413408
34
 energy: -59.302850162388 gnorm: 0.000594241962 xtb: 6.4.1 (1a32961)
C         1.26647539148524   -1.39619356960719   -0.03416361934855
C         2.46269867103424   -0.71634549530471   -0.01640679945920
C         2.48952840885217    0.67500460790839    0.03509090963679
C         1.30366002293177    1.36523142519433    0.07469159242035
C         0.06821580924291    0.70053792700296    0.06553238332546
C        -1.14620380393071    1.45019633915002    0.11720041440562
C        -2.34865482513260    0.83291833395437    0.13292535838685
B        -2.39899663717275   -0.69019700669435    0.08395442702415
C        -3.78124641095963   -1.45400421697383    0.16853675702850
C        -4.75818469024063   -1.29354831053807   -0.81457044155934
C        -5.99184407397553   -1.91178279084498   -0.72146910192306
C        -6.27584812152344   -2.70193002658829    0.38489887348775
C        -7.59058118101979   -3.40326191117035    0.50606849690933
F        -8.54913415603924   -2.90802436226582   -0.29682526400742
F        -7.50763446929386   -4.72233426928150    0.19820628625906
F        -8.09844145987868   -3.36521952703370    1.75580338131473
C        -5.32654481738689   -2.87436913044333    1.38629233355961
C        -4.09763076817798   -2.25398785825997    1.26949299005816
N        -1.16998148846378   -1.37924815876379   -0.00656427548499
C        -1.13147701782897   -2.82560812997967   -0.14119015486289
C         0.03874764145978   -0.71485358690251    0.00487572027753
H         1.29554821167474   -2.47200135573732   -0.07231937223450
H         3.38954582337344   -1.27049227703847   -0.04268015323385
H         3.43268327348330    1.20027889896708    0.04578564546041
H         1.30474023850913    2.44495296604220    0.11926261789827
H        -1.05498846742757    2.52941781348535    0.14782827711086
H        -3.24103613512055    1.44322954456226    0.18151626337783
H        -4.54506481687322   -0.67515016352599   -1.67322794354589
H        -6.73490262022035   -1.77994543178776   -1.49345055722849
H        -5.55835060896098   -3.48709772314118    2.24470153338633
H        -3.36809775478264   -2.38756453805319    2.05392567703134
H        -2.14880272424394   -3.20076646522137   -0.20586850383119
H        -0.64294161245526   -3.28594529202874    0.71957557451494
H        -0.59916483094103   -3.11084625907936   -1.05042932615432
34
 energy: -59.302854571658 gnorm: 0.000410352172 xtb: 6.4.1 (1a32961)
C         1.26745524143246   -1.39546591011309   -0.03515443769431
C         2.46324730095383   -0.71481457366941   -0.02152396989400
C         2.48923533775892    0.67660017231292    0.02822849070527
C         1.30301370096685    1.36587342143619    0.07183332489378
C         0.06797240018235    0.70041595844561    0.06667458874166
C        -1.14688580661232    1.44925104015064    0.12207283866726
C        -2.34888685739202    0.83131158045276    0.13881787902407
B        -2.39828682099483   -0.69184864346148    0.08748981472155
C        -3.78057320930700   -1.45577301296247    0.17016613852604
C        -4.75556486557893   -1.29580927923205   -0.81501216949072
C        -5.98996311732475   -1.91273069083482   -0.72352831670786
C        -6.27679169732485   -2.70111855496025    0.38354493825240
C        -7.59236109826553   -3.40117773656476    0.50303820420605
F        -8.54974351779115   -2.90414548566057   -0.30011804382888
F        -7.51021999240983   -4.71999696200352    0.19352998161530
F        -8.10105264842606   -3.36426890091584    1.75234892661347
C        -5.32917936629599   -2.87355909607085    1.38660444561968
C        -4.09958175460523   -2.25432662817894    1.27126303821605
N        -1.16900051993400   -1.38017778037826   -0.00380182443823
C        -1.12971748864291   -2.82666549959062   -0.13709794460660
C         0.03931896292802   -0.71497221612185    0.00606482217860
H         1.29713371441527   -2.47131688110177   -0.07175973698391
H         3.39042508263246   -1.26826167036036   -0.05003486142299
H         3.43197557707111    1.20265510947501    0.03481238207462
H         1.30326179734194    2.44570829887632    0.11590390351603
H        -1.05624170463102    2.52851430734016    0.15441894403342
H        -3.24166054865673    1.44093848662288    0.18998328907551
H        -4.54073578949205   -0.67797228227189   -1.67364357008933
H        -6.73163603070900   -1.78093334077099   -1.49684804771025
H        -5.56290687230651   -3.48551014276368    2.24513626154645
H        -3.37109966880953   -2.38837288481522    2.05643571802347
H        -2.14675488191777   -3.20251018855843   -0.20268699807955
H        -0.64210311701814   -3.28573111119690    0.72504291878870
H        -0.59600174124030   -3.11275890255296   -1.04520092809257
34
 energy: -59.302858443907 gnorm: 0.000308243432 xtb: 6.4.1 (1a32961)
C         1.26844145587488   -1.39455020297908   -0.03677008226826
C         2.46382719914540   -0.71319447167283   -0.02689570821822
C         2.48907979571471    0.67828577479835    0.02149882989369
C         1.30254858738393    1.36667622528888    0.06875193550196
C         0.06787838826032    0.70052444176630    0.06723588087243
C        -1.14739311870005    1.44844759786201    0.12631764050700
C        -2.34895999574644    0.82981896750813    0.14528318218114
B        -2.39757593984150   -0.69338039891393    0.09213294448050
C        -3.77983151943304   -1.45764529047860    0.17288301874623
C        -4.75259758814864   -1.29818193826285   -0.81463107542730
C        -5.98761196247453   -1.91414893208694   -0.72540942277933
C        -6.27778103447000   -2.70067730751454    0.38224483704233
C        -7.59453928706837   -3.39900758438539    0.49951869361472
F        -8.55036136488424   -2.89911205413589   -0.30368503308637
F        -7.51395186658955   -4.71734155587947    0.18783486194879
F        -8.10429150233641   -3.36342349682164    1.74838427227903
C        -5.33215140296331   -2.87326798552060    1.38715369985206
C        -4.10163775845375   -2.25549809768150    1.27361625076009
N        -1.16801959869268   -1.38085608577390   -0.00086921625374
C        -1.12792871045538   -2.82742797660183   -0.13287627174551
C         0.03992290498886   -0.71488234570496    0.00679856331895
H         1.29877532279474   -2.47041151765891   -0.07246304742184
H         3.39123439691151   -1.26609642513809   -0.05789249878481
H         3.43140565374035    1.20505824811106    0.02473738355671
H         1.30185590388397    2.44657843342617    0.11251400935137
H        -1.05741141582235    2.52777378889372    0.15963261984096
H        -3.24194488345849    1.43892493642022    0.19905267540966
H        -4.53556887617943   -0.68208721401209   -1.67399208352739
H        -6.72736199409187   -1.78285815844671   -1.50065327501480
H        -5.56822973245600   -3.48431872417156    2.24574117809032
H        -3.37492525640618   -2.38925073196744    2.06046320377411
H        -2.14472701080749   -3.20398192259291   -0.19812229906808
H        -0.64017323326804   -3.28516913095325    0.72997168837689
H        -0.59390455595416   -3.11426886471843   -1.04050735580306
34
 energy: -59.302862044926 gnorm: 0.000304998168 xtb: 6.4.1 (1a32961)
C         1.26952441921463   -1.39346815385145   -0.03934202192694
C         2.46445665258569   -0.71127366716071   -0.03341080791002
C         2.48889510606090    0.68024556374874    0.01458524843151
C         1.30201704024281    1.36771817284899    0.06543988359576
C         0.06778635422031    0.70072123208036    0.06764462407158
C        -1.14790561442405    1.44763533238377    0.13036859187022
C        -2.34900577300184    0.82817723124630    0.15205558703926
B        -2.39678377150614   -0.69505282858921    0.09781982340255
C        -3.77897454096823   -1.45976245176839    0.17693580757503
C        -4.74867111546228   -1.30143107500029   -0.81377787681957
C        -5.98445829935463   -1.91618532847909   -0.72730332614486
C        -6.27866507801339   -2.70073089400579    0.38075476769857
C        -7.59707714974300   -3.39658767395542    0.49514934643514
F        -8.55088172993681   -2.89244479968063   -0.30783419946419
F        -7.51914927447319   -4.71420274273592    0.18044158514444
F        -8.10809624196760   -3.36268013280411    1.74356332927384
C        -5.33563131829840   -2.87341084622252    1.38806791339238
C        -4.10443978600009   -2.25638230587537    1.27746573291636
N        -1.16690467642876   -1.38155616169453    0.00267306309761
C        -1.12596707470336   -2.82819849934299   -0.12815649848092
C         0.04060380993370   -0.71472757732580    0.00748111440708
H         1.30064420942905   -2.46932803412159   -0.07452044205125
H         3.39210477725364   -1.26362429247710   -0.06665619445993
H         3.43080527227708    1.20774520892887    0.01485889741685
H         1.30036281913739    2.44766838468636    0.10879892772851
H        -1.05873660092279    2.52705670673966    0.16356028695826
H        -3.24214719527283    1.43676645881308    0.20908039015977
H        -4.52920680100229   -0.68662013379610   -1.67344822871437
H        -6.72175327843096   -1.78546417602506   -1.50496573080990
H        -5.57463588077336   -3.48325083614293    2.24674713364006
H        -3.37975295031101   -2.39052222263200    2.06610564415624
H        -2.14259149066203   -3.20556310537965   -0.19152816611639
H        -0.63665403483417   -3.28461282937957    0.73454982133215
H        -0.59302078386719   -3.11560352302841   -1.03620402684462
34
 energy: -59.302865178070 gnorm: 0.000283585278 xtb: 6.4.1 (1a32961)
C         1.27072725649435   -1.39228180142790   -0.04259449300877
C         2.46509879538429   -0.70906420459456   -0.04025221361266
C         2.48852998077817    0.68250404248521    0.00751223610403
C         1.30123050292609    1.36896777242571    0.06180851862903
C         0.06758243622068    0.70091287014805    0.06764476057245
C        -1.14855197615128    1.44672754070807    0.13416200902228
C        -2.34907948908131    0.82621389886268    0.15955209629985
B        -2.39584698371412   -0.69703027418297    0.10461115873948
C        -3.77785258452627   -1.46242666776794    0.18202289758988
C        -4.74406614964079   -1.30485160692586   -0.81219994472033
C        -5.98054729216552   -1.91860502746556   -0.72919275162947
C        -6.27944244126462   -2.70096960422993    0.37913465860233
C        -7.59976487232734   -3.39391433194710    0.48990615997416
F        -8.55121055405673   -2.88425561824847   -0.31252652844837
F        -7.52543582127723   -4.71058984706845    0.17109968340687
F        -8.11219864119069   -3.36232206223840    1.73785148570234
C        -5.33975665229990   -2.87341439148997    1.38955835933798
C        -4.10749940304094   -2.25780124078105    1.28217166018713
N        -1.16561438902519   -1.38243246836492    0.00673546355347
C        -1.12382293513258   -2.82914954416936   -0.12281742676955
C         0.04136297960767   -0.71459156864053    0.00785332273971
H         1.30275538787845   -2.46810161404257   -0.07814304142583
H         3.39307916775668   -1.26068881288145   -0.07687954494108
H         3.42999899984803    1.21080306178711    0.00485070901538
H         1.29866119670919    2.44891784395988    0.10515863506324
H        -1.06031032656145    2.52624855029122    0.16713728724583
H        -3.24248352260605    1.43415482974305    0.21867586924233
H        -4.52130847903887   -0.69165604805156   -1.67219009685618
H        -6.71503498236802   -1.78828018753594   -1.50952587506591
H        -5.58209156947803   -3.48199277047575    2.24818045805002
H        -3.38575411200884   -2.39137817697759    2.07366814992510
H        -2.14036693771985   -3.20740307238287   -0.18222451310007
H        -0.63109993187855   -3.28419263395655    0.73866624607039
H        -0.59379665705263   -3.11700683456226   -1.03241539549481
34
 energy: -59.302867666136 gnorm: 0.000265960775 xtb: 6.4.1 (1a32961)
C         1.27216377262834   -1.39094468028014   -0.04695687629110
C         2.46578762812940   -0.70638088664851   -0.04878648988298
C         2.48788665522481    0.68518870332544   -0.00055701612091
C         1.30004042907342    1.37038820551070    0.05796336628341
C         0.06716162815027    0.70095055988229    0.06774918371594
C        -1.14948428921240    1.44547934282661    0.13829728365929
C        -2.34927365980144    0.82369641283667    0.16708640294164
B        -2.39464903706713   -0.69955843416544    0.11231546502137
C        -3.77667164094983   -1.46518531958061    0.18836113423006
C        -4.73854809268814   -1.30882246962588   -0.81031102759404
C        -5.97590110199268   -1.92120223289567   -0.73126389733452
C        -6.28017549172190   -2.70121643265977    0.37724968629742
C        -7.60266377004575   -3.39078289808510    0.48355977522287
F        -8.55153921014967   -2.87416475930005   -0.31769899410705
F        -7.53268058808532   -4.70615965972316    0.15886479199525
F        -8.11649964520168   -3.36288964229423    1.73104012588912
C        -5.34462933559295   -2.87315714336696    1.39157453420223
C        -4.11134822460672   -2.25865309358249    1.28832997720832
N        -1.16400954029143   -1.38374678291215    0.01161018350656
C        -1.12118314059276   -2.83055988027996   -0.11643194594934
C         0.04225942189877   -0.71459996936530    0.00821083949730
H         1.30526115193029   -2.46670866219446   -0.08312867921298
H         3.39422191113253   -1.25700940883955   -0.08855215915567
H         3.42880979951385    1.21442553750406   -0.00585093556492
H         1.29652735083699    2.45031620294894    0.10121083182241
H        -1.06231952157569    2.52508407328771    0.17076308889846
H        -3.24311168274628    1.43069315144645    0.22963757608434
H        -4.51167911159994   -0.69713761529722   -1.67029139609215
H        -6.70707417283033   -1.79141783360894   -1.51478670705817
H        -5.59097726529991   -3.47995643470194    2.25029937688436
H        -3.39287705054528   -2.39205205581565    2.08286783653080
H        -2.13765890267966   -3.21000507117032   -0.16939051486628
H        -0.62295473307817   -3.28385055012414    0.74278032995634
H        -0.59612054016677   -3.11901027304977   -1.02876515061711
34
 energy: -59.302868976552 gnorm: 0.000234709554 xtb: 6.4.1 (1a32961)
C         1.27325696750664   -1.38992071970285   -0.05087909482269
C         2.46625019581053   -0.70425655808005   -0.05545723801233
C         2.48722491969605    0.68730238741886   -0.00644361294345
C         1.29892746988988    1.37147083457133    0.05494137658035
C         0.06672074912546    0.70087076862855    0.06783063560679
C        -1.15032540418499    1.44440278916197    0.14175274161273
C        -2.34947070275898    0.82153957120455    0.17346701978505
B        -2.39365931653383   -0.70174081761760    0.11809588913840
C        -3.77560149323807   -1.46765892649992    0.19307413727944
C        -4.73417382589838   -1.31190051069322   -0.80889084847287
C        -5.97221921107860   -1.92306033833505   -0.73286481856036
C        -6.28074484087389   -2.70108613610999    0.37586846099070
C        -7.60474411964144   -3.38826419946433    0.47844496471814
F        -8.55191142882983   -2.86566449114619   -0.32113752836023
F        -7.53797065035503   -4.70230874878649    0.14765544909158
F        -8.11933540836809   -3.36474111125871    1.72565231007862
C        -5.34858625353733   -2.87245639857565    1.39334285252973
C        -4.11438747119253   -2.25913152006339    1.29314451853033
N        -1.16269909799861   -1.38498662215511    0.01559497563388
C        -1.11902998283657   -2.83190554973614   -0.11092405363398
C         0.04295635097158   -0.71471794143795    0.00861709512637
H         1.30715987810708   -2.46562339481165   -0.08801858796380
H         3.39510009266968   -1.25398097735209   -0.09834416020122
H         3.42769687174164    1.21735127199728   -0.01403849874984
H         1.29470446055782    2.45136334405694    0.09850039460478
H        -1.06396428260434    2.52406967539117    0.17376408952440
H        -3.24380006733938    1.42765930563255    0.23682988041298
H        -4.50383223489949   -0.70138207026985   -1.66874593631085
H        -6.70078225767114   -1.79382900107617   -1.51888982039397
H        -5.59818648685343   -3.47756350207860    2.25229451886795
H        -3.39872242801461   -2.39181591042601    2.09033650965821
H        -2.13545151115009   -3.21243506692258   -0.15718310873735
H        -0.61504084829896   -3.28358831387172    0.74575246584348
H        -0.59926863192189   -3.12096112159040   -1.02614297845063
34
 energy: -59.302868723044 gnorm: 0.000395249082 xtb: 6.4.1 (1a32961)
C         1.27428363970278   -1.38895446662532   -0.05457348039415
C         2.46668411881756   -0.70225616331368   -0.06172597779429
C         2.48660236248796    0.68929310467599   -0.01197486492861
C         1.29788142864503    1.37249483847271    0.05207212332838
C         0.06630644595778    0.70080118495509    0.06788695951906
C        -1.15111531248835    1.44339468667333    0.14501285257980
C        -2.34965456187340    0.81951324022617    0.17952726348838
B        -2.39273075698805   -0.70379053642980    0.12354263073927
C        -3.77458596235138   -1.47000306840846    0.19752329501156
C        -4.73004946490915   -1.31479574292502   -0.80753476922788
C        -5.96874673750512   -1.92480750005990   -0.73435980209251
C        -6.28127491721930   -2.70097774432550    0.37456733026323
C        -7.60670560113027   -3.38589186497194    0.47362853225812
F        -8.55224469675116   -2.85767446033855   -0.32441172383752
F        -7.54297388381566   -4.69869531957269    0.13715587947062
F        -8.12202962958184   -3.36642343651364    1.72057236751459
C        -5.35230470904840   -2.87182738468603    1.39500313424647
C        -4.11724263546354   -2.25960860482137    1.29768221606813
N        -1.16146825906317   -1.38614759973603    0.01934367938869
C        -1.11700987475955   -2.83316520044553   -0.10575386094410
C         0.04361055133548   -0.71482456409392    0.00899891834586
H         1.30894383722241   -2.46460016467895   -0.09260575331518
H         3.39592535260911   -1.25113223111248   -0.10753753758516
H         3.42665197121459    1.22010466138760   -0.02173944013587
H         1.29299402442498    2.45235299726852    0.09593320037247
H        -1.06551143758688    2.52312116194206    0.17654603619990
H        -3.24444484750980    1.42481243131162    0.24356511396593
H        -4.49644109344490   -0.70535667034075   -1.66725888090522
H        -6.69484581531437   -1.79609491498341   -1.52274662075249
H        -5.60496757573025   -3.47535141927149    2.25416117428504
H        -3.40422514603498   -2.39162253657697    2.09737908710823
H        -2.13338403611958   -3.21470833551897   -0.14574121166222
H        -0.60762189066784   -3.28335094178122    0.74854322367744
H        -0.60221488706383   -3.12277743538005   -1.02368109425562
34
 energy: -59.302869822278 gnorm: 0.000179494930 xtb: 6.4.1 (1a32961)
C         1.27375798353281   -1.38950681250983   -0.05303358088766
C         2.46642570415859   -0.70328449601295   -0.05875008165084
C         2.48681874620500    0.68825283461934   -0.00893032558193
C         1.29828241514098    1.37187868637397    0.05415498392793
C         0.06644237613947    0.70068953630911    0.06823326511280
C        -1.15079510730281    1.44379409820654    0.14293783268998
C        -2.34961614633957    0.82041932560909    0.17516173286834
B        -2.39313251185555   -0.70289747971496    0.12057692863690
C        -3.77518901172708   -1.46863367484599    0.19509348945858
C        -4.73223792100504   -1.31327279477110   -0.80841224427718
C        -5.97054697032473   -1.92390690648708   -0.73370038904685
C        -6.28102943420138   -2.70073087677990    0.37531494945450
C        -7.60551595283803   -3.38711740709189    0.47602206764422
F        -8.55234559205508   -2.86116615535832   -0.32178925383733
F        -7.53993008727274   -4.70015828902582    0.14073980697228
F        -8.11994002538193   -3.36731776561416    1.72325251871591
C        -5.35056511714536   -2.87145191912053    1.39438222580761
C        -4.11587362267631   -2.25886923812961    1.29538151514702
N        -1.16203591753592   -1.38575074169963    0.01758186011581
C        -1.11791825744501   -2.83273712584455   -0.10791475899308
C         0.04329282457706   -0.71489634562358    0.00882719373033
H         1.30801927687345   -2.46515410491999   -0.09132551678047
H         3.39548891994950   -1.25249889932788   -0.10338885675428
H         3.42704185317218    1.21871026391024   -0.01723470096855
H         1.29372271701400    2.45175600635654    0.09781041516103
H        -1.06475934919013    2.52346636972367    0.17542981754967
H        -3.24426190077722    1.42597401080653    0.23984655814813
H        -4.50010557004983   -0.70352867728915   -1.66830738530030
H        -6.69804927268996   -1.79490128140782   -1.52070850703456
H        -5.60166915968524   -3.47557032063947    2.25354299751676
H        -3.40153221692990   -2.39096757846598    2.09383946158991
H        -2.13425643134738   -3.21395668487559   -0.14929193151549
H        -0.60982553106555   -3.28331117284362    0.74685194068995
H        -0.60207170992440   -3.12230438351423   -1.02519402830878
34
 energy: -59.302870698827 gnorm: 0.000174930743 xtb: 6.4.1 (1a32961)
C         1.27348400910470   -1.38985086280997   -0.05261908495687
C         2.46629791594010   -0.70387255788049   -0.05747666505722
C         2.48694535788648    0.68762468757517   -0.00696596260854
C         1.29850355312357    1.37145087647205    0.05578510858684
C         0.06651573219766    0.70053601516382    0.06866469615805
C        -1.15063176004444    1.44393733598933    0.14228584532538
C        -2.34962801301496    0.82084849460204    0.17257915775816
B        -2.39336058324573   -0.70246180238657    0.11832630473067
C        -3.77561324527057   -1.46769736218628    0.19343962705457
C        -4.73355085226574   -1.31251678083645   -0.80925896035988
C        -5.97170506436067   -1.92333240432825   -0.73339454361192
C        -6.28098276934914   -2.70030424241403    0.37587009404726
C        -7.60475735827777   -3.38788874409569    0.47732498560355
F        -8.55293034189264   -2.86216273919941   -0.31892061694587
F        -7.53795024554843   -4.70053664270658    0.14042965816025
F        -8.11788242833652   -3.37015131947386    1.72501107163796
C        -5.34968612400163   -2.87068227094534    1.39422276866208
C        -4.11523596358053   -2.25781954827808    1.29414505917579
N        -1.16233631172910   -1.38564783960237    0.01663070826042
C        -1.11833593483794   -2.83267192547384   -0.10846992940069
C         0.04312496428522   -0.71501667236445    0.00865170809333
H         1.30752818637733   -2.46547623252963   -0.09166619502449
H         3.39525880893182   -1.25323641638819   -0.10175722713990
H         3.42725210093482    1.21790484525074   -0.01423351584722
H         1.29410970263407    2.45131885077316    0.09973684946696
H        -1.06433825006125    2.52357647033340    0.17491846638589
H        -3.24427177676859    1.42650993042654    0.23631698613695
H        -4.50223052314590   -0.70280929722558   -1.66939593358859
H        -6.70000599354386   -1.79450661312349   -1.51970366020027
H        -5.59997249635210   -3.47474963406052    2.25364683138874
H        -3.40005606728005   -2.38985752526154    2.09183805976029
H        -2.13463646075856   -3.21391886291978   -0.14885351610036
H        -0.60954019292597   -3.28294716209264    0.74596754674295
H        -0.60329157482681   -3.12254204800176   -1.02607572229391
