15
 energy: -23.899703931482 gnorm: 0.061915946785 xtb: 6.4.1 (1a32961)
C         0.91045000000000   -1.46594000000000    0.00331000000000
C         2.07239000000000   -0.70774000000000    0.00573000000000
N         2.11426000000000    0.64337000000000    0.00345000000000
C         0.95187000000000    1.33491000000000   -0.00052000000000
C        -0.24944000000000    0.63768000000000    0.00079000000000
N        -1.54896000000000    1.08987000000000    0.00143000000000
C        -2.41684000000000    0.02924000000000    0.00496000000000
C        -1.66980000000000   -1.12719000000000    0.00456000000000
C        -0.29696000000000   -0.75566000000000    0.00240000000000
H         0.94287000000000   -2.54792000000000    0.00392000000000
H         3.04476000000000   -1.19316000000000    0.01068000000000
H         1.02063000000000    2.41543000000000   -0.00301000000000
H        -1.81970000000000    2.06396000000000    0.00204000000000
H        -3.48692000000000    0.18805000000000    0.00810000000000
H        -2.06661000000000   -2.13397000000000    0.00744000000000
15
 energy: -23.902566224800 gnorm: 0.024433552548 xtb: 6.4.1 (1a32961)
C         0.90836261943184   -1.46271638111547    0.00474250578742
C         2.05845215567827   -0.69905676002814    0.00537713099684
N         2.09625362221768    0.63997232269768    0.00293237225638
C         0.95450442413254    1.31917780650860    0.00041838588511
C        -0.25657681083997    0.64328270892854    0.00148668581525
N        -1.54753076391417    1.09881517358591    0.00179225244792
C        -2.39802924395418    0.02846024184852    0.00448741584764
C        -1.67456216879244   -1.13233601528993    0.00503574381785
C        -0.30336623667742   -0.76633020219575    0.00334098954741
H         0.94912019143445   -2.54110922528745    0.00531240492735
H         3.03303645839584   -1.17155756493467    0.00758363968004
H         1.03629110870392    2.39598377343153   -0.00241460204385
H        -1.82185470133424    2.06803482785828    0.00193440838881
H        -3.46027900680279    0.18079310566072    0.00612454169588
H        -2.07182164767934   -2.13048381166836    0.00712612494994
15
 energy: -23.902950838986 gnorm: 0.005380144430 xtb: 6.4.1 (1a32961)
C         0.90939783122190   -1.45954930498097    0.00506689931936
C         2.05763172213103   -0.69705214672074    0.00447717497954
N         2.09090765081509    0.63765487156055    0.00236843796756
C         0.95835488041497    1.30990579071023    0.00077225073344
C        -0.26246027603049    0.64861833219169    0.00196598762845
N        -1.54951124693085    1.10351866673465    0.00199927315356
C        -2.39146147066979    0.02950069047596    0.00433133888585
C        -1.67848638336931   -1.13288461382557    0.00538879063230
C        -0.30596033129616   -0.77052702479799    0.00398313528932
H         0.95181336134681   -2.53707377115427    0.00655838677531
H         3.03361336060880   -1.16564334990418    0.00622448636836
H         1.04418677497339    2.38757384074084   -0.00131468321033
H        -1.82742837688695    2.06980550486672    0.00147913910815
H        -3.45356905143443    0.17478564837201    0.00496640000311
H        -2.07502844489402   -2.12770313426894    0.00701298236602
15
 energy: -23.902974738985 gnorm: 0.002335097751 xtb: 6.4.1 (1a32961)
C         0.90989839180005   -1.45847897193464    0.00548141419901
C         2.05974820912197   -0.69836238783758    0.00438808474549
N         2.09217075226571    0.63716006099963    0.00217002938082
C         0.95963880739787    1.30911010297250    0.00109125933594
C        -0.26366327443258    0.65086937387374    0.00228079509982
N        -1.55044133006993    1.10427218608466    0.00204294264617
C        -2.39157338693014    0.03019395922172    0.00410630994345
C        -1.67865087089784   -1.13217624424470    0.00551392030255
C        -0.30550166941907   -0.76987192646728    0.00443639619328
H         0.95055464853818   -2.53644193377330    0.00698464180609
H         3.03522267548428   -1.16819177171074    0.00503963332859
H         1.04408747809428    2.38789240686926   -0.00084444357024
H        -1.83009395804726    2.07015475378353    0.00114460317611
H        -3.45494732517781    0.17233313372070    0.00433584033151
H        -2.07444914772771   -2.12753274155748    0.00710857308142
15
 energy: -23.902980611774 gnorm: 0.000563621808 xtb: 6.4.1 (1a32961)
C         0.90991969842186   -1.45763081128468    0.00541123320601
C         2.06110513331450   -0.69942975835318    0.00400470204110
N         2.09330597377650    0.63692046544663    0.00200966639006
C         0.96065139382917    1.30879234214560    0.00124215242144
C        -0.26411179994965    0.65252996932189    0.00249129086685
N        -1.55078434230000    1.10459335935513    0.00207940495379
C        -2.39183123920975    0.03071564919826    0.00403564082522
C        -1.67824530016655   -1.13153315537289    0.00560815067816
C        -0.30492710480336   -0.76879627327243    0.00466493206811
H         0.94862609508221   -2.53604814764623    0.00722605584419
H         3.03591770524289   -1.17035465547846    0.00483440889293
H         1.04366953944165    2.38829107588123   -0.00045599404580
H        -1.83207101066711    2.07024288144342    0.00081874559588
H        -3.45599269720823    0.17019001023701    0.00408485643749
H        -2.07323204480414   -2.12755295162132    0.00722475382455
15
 energy: -23.902980904954 gnorm: 0.000228623542 xtb: 6.4.1 (1a32961)
C         0.90976904914755   -1.45753913244774    0.00561401810694
C         2.06109025342785   -0.69960450641858    0.00428966121328
N         2.09341112833875    0.63686562804972    0.00210201973255
C         0.96088994846015    1.30877109041642    0.00124315772633
C        -0.26400783999465    0.65278907064196    0.00250117280971
N        -1.55065309386570    1.10460475376099    0.00207984468931
C        -2.39185921068210    0.03082153713823    0.00399829142796
C        -1.67796602597944   -1.13139834107056    0.00554656773567
C        -0.30480844677331   -0.76836553574965    0.00475663170052
H         0.94790426872005   -2.53602476654266    0.00717777663293
H         3.03578764269050   -1.17056246242552    0.00440339302957
H         1.04367128641676    2.38828654898231   -0.00044674106475
H        -1.83259070851714    2.07013262578362    0.00070787876969
H        -3.45596350858993    0.16970767487466    0.00408047581997
H        -2.07267474279934   -2.12755418499321    0.00722585167034
