21
 energy: -34.946254330370 gnorm: 0.070149528172 xtb: 6.4.1 (1a32961)
C        -0.87016000000000    1.44078000000000   -0.00037000000000
C         0.27623000000000    0.65827000000000    0.00082000000000
C         0.28384000000000   -0.72619000000000    0.00155000000000
N         1.57782000000000   -1.18397000000000    0.00196000000000
C         2.29762000000000   -0.07831000000000    0.00184000000000
O         1.57212000000000    1.08475000000000    0.00090000000000
C         3.76597000000000    0.06694000000000    0.00184000000000
C        -0.93817000000000   -1.40887000000000    0.00132000000000
C        -2.12794000000000   -0.66134000000000    0.00046000000000
O        -3.26708000000000   -1.42327000000000    0.00128000000000
C        -4.50893000000000   -0.73036000000000    0.00111000000000
C        -2.08709000000000    0.74121000000000   -0.00067000000000
H        -0.82373000000000    2.52225000000000   -0.00078000000000
H         4.24983000000000   -0.91439000000000    0.00142000000000
H         4.09783000000000    0.61182000000000    0.89072000000000
H         4.09786000000000    0.61258000000000   -0.88618000000000
H        -0.95830000000000   -2.49304000000000    0.00206000000000
H        -5.30934000000000   -1.47637000000000    0.00791000000000
H        -4.62310000000000   -0.12742000000000   -0.90581000000000
H        -4.61846000000000   -0.11674000000000    0.90143000000000
H        -2.99876000000000    1.33150000000000   -0.00180000000000
21
 energy: -34.949653817132 gnorm: 0.028656651589 xtb: 6.4.1 (1a32961)
C        -0.87949170497649    1.43610058427594   -0.00036438235092
C         0.27186916349771    0.67502339531003    0.00078657864776
C         0.27424444528961   -0.72163047044766    0.00150681084739
N         1.58113527223352   -1.15666103960654    0.00217396728053
C         2.29503507291150   -0.07047152200822    0.00182340811386
O         1.57340462835821    1.08783291098522    0.00101202159894
C         3.76573986217861    0.05263745627766    0.00180568462903
C        -0.93509429142250   -1.40882857929527    0.00146558000846
C        -2.11479750644073   -0.66257258334044    0.00065203405804
O        -3.26068039656356   -1.40800672565242    0.00132121552762
C        -4.50319425151503   -0.72629066616323    0.00107051496836
C        -2.08013072551268    0.73779329597404   -0.00057439453605
H        -0.84435635057822    2.51251281447702   -0.00107442859921
H         4.22724179200237   -0.93309782544433    0.00147271084957
H         4.09020853026615    0.60434818037883    0.88445551157741
H         4.09021271488103    0.60512092890788   -0.88022791125814
H        -0.96396237062308   -2.48671584946485    0.00222544926009
H        -5.27527376916585   -1.49825368302157    0.00728993693896
H        -4.61786232535036   -0.11665654306147   -0.89962998985609
H        -4.61343876428520   -0.10710251322989    0.89573943145598
H        -2.99274902518500    1.31474843414928   -0.00191974916161
21
 energy: -34.950340972860 gnorm: 0.005915284757 xtb: 6.4.1 (1a32961)
C        -0.88589693257519    1.43747130389022   -0.00051502213827
C         0.27301020283366    0.69309076002130    0.00061015304653
C         0.26915325027346   -0.71417529575750    0.00146167562119
N         1.58370689238298   -1.13691482872618    0.00205499080332
C         2.29228073692735   -0.06162311314466    0.00163731898954
O         1.57706220974310    1.09713938402379    0.00078589935106
C         3.76632551765827    0.04116684698899    0.00194677709614
C        -0.92909176814291   -1.40758584184766    0.00161997297143
C        -2.10561921095471   -0.66408208158769    0.00068943202705
O        -3.25525351413552   -1.39903724235212    0.00134262052929
C        -4.49896473413864   -0.72578719011941    0.00117530278017
C        -2.07798169197561    0.73653174598895   -0.00061547329860
H        -0.86235283003484    2.51341285189058   -0.00142645691464
H         4.20231255556020   -0.95201933272246    0.00168478725819
H         4.09192313939741    0.59236973321404    0.88237282903847
H         4.09209282323837    0.59301201827218   -0.87801868970088
H        -0.96363888428495   -2.48276815472286    0.00243336935548
H        -5.25099177761258   -1.51380467801968    0.00650110866539
H        -4.61918047971950   -0.11244217996454   -0.89614721242093
H        -4.61526806188021   -0.10435767778931    0.89336126217291
H        -2.99556744256014    1.30023297246401   -0.00194464523281
21
 energy: -34.950402143896 gnorm: 0.003283844611 xtb: 6.4.1 (1a32961)
C        -0.88701331012461    1.44113015619633   -0.00066455810474
C         0.27482078003568    0.70075577908379    0.00050311479659
C         0.26872852333742   -0.70859846218313    0.00145262275879
N         1.58328922275650   -1.13224991519996    0.00216648998902
C         2.29211931634525   -0.05703991299496    0.00164616250946
O         1.57876138194618    1.10327957741432    0.00065495724157
C         3.76753126469265    0.03726769750449    0.00196137091814
C        -0.92658955322782   -1.40480073495843    0.00164124732859
C        -2.10478308599031   -0.66299649090534    0.00070073513106
O        -3.25372217613908   -1.39811318000323    0.00132301712984
C        -4.49916190097938   -0.72894118216484    0.00125122252696
C        -2.07873576118287    0.73789001150482   -0.00065094632060
H        -0.86800578816854    2.51795980233950   -0.00164762095470
H         4.19254244193476   -0.96051944997942    0.00180992316145
H         4.09787348374023    0.58494357434457    0.88281829350972
H         4.09814061337015    0.58541219357004   -0.87851527564215
H        -0.96096024373729   -2.48024467025185    0.00254530682034
H        -5.24718212280374   -1.51976388531943    0.00589866208308
H        -4.62216724388338   -0.11513820048668   -0.89571810802582
H        -4.61871719679037   -0.10811200156526    0.89378030451862
H        -2.99870864513144    1.29770929405470   -0.00194692137523
21
 energy: -34.950436634083 gnorm: 0.001728156000 xtb: 6.4.1 (1a32961)
C        -0.88821920241755    1.44681294738869   -0.00089478566307
C         0.27659484960644    0.71055736045839    0.00031110902263
C         0.26843076797814   -0.69986787098109    0.00146970180546
N         1.58209347426296   -1.12607427978977    0.00227328568569
C         2.29229134166984   -0.05063976145618    0.00161318051527
O         1.58034328742992    1.11121096902786    0.00040631013680
C         3.76900326841407    0.03167400913367    0.00198776643612
C        -0.92381710265130   -1.39947688230697    0.00173886975759
C        -2.10471671795029   -0.66011562503445    0.00072105193275
O        -3.25148738996671   -1.39776604626629    0.00132595074833
C        -4.49993580626809   -0.73476222317472    0.00136287006088
C        -2.07972817620398    0.74082799998288   -0.00071618428657
H        -0.87489629441699    2.52450339263787   -0.00200397842777
H         4.18006844264844   -0.97217364850354    0.00204654352263
H         4.10709484484471    0.57394553679423    0.88338240180925
H         4.10751030268144    0.57408866912130   -0.87916206715826
H        -0.95625335824584   -2.47532037072252    0.00275401900417
H        -5.24401759687901   -1.52883127899847    0.00484337286511
H        -4.62649931427177   -0.12065087403476   -0.89524702047530
H        -4.62386572906930   -0.11541921536038    0.89470889451333
H        -3.00193389119514    1.29730719208425   -0.00191129180505
21
 energy: -34.950442082833 gnorm: 0.000977148783 xtb: 6.4.1 (1a32961)
C        -0.88873942089903    1.44953899801964   -0.00102231773829
C         0.27664976440067    0.71419635029182    0.00018445256532
C         0.26834599282720   -0.69564185059234    0.00146680454081
N         1.58131275726801   -1.12297863046506    0.00232806367184
C         2.29249831210951   -0.04780516617582    0.00156704187165
O         1.58060849503449    1.11413181161786    0.00023770573269
C         3.76910988844271    0.02880411175145    0.00199604162436
C        -0.92326311493472   -1.39628533668519    0.00180195138317
C        -2.10505813107982   -0.65800625204336    0.00076059382860
O        -3.25014621378231   -1.39806372941420    0.00137564988977
C        -4.50013600196836   -0.73801515556357    0.00141266956770
C        -2.07999259375257    0.74274869913051   -0.00072835322530
H        -0.87740699480419    2.52716634725965   -0.00222376041841
H         4.17462435199047   -0.97726223857080    0.00223852642298
H         4.11089101405950    0.56876526492462    0.88335967492878
H         4.11139960126896    0.56862452509972   -0.87925051108454
H        -0.95367786659530   -2.47212341608858    0.00292211760038
H        -5.24286133325172   -1.53368199830885    0.00409753230167
H        -4.62795155655609   -0.12383330591165   -0.89490447435079
H        -4.62588300747547   -0.11980675762501    0.89523526285629
H        -3.00226394230196    1.29935772934915   -0.00184467196868
21
 energy: -34.950442988784 gnorm: 0.000243724465 xtb: 6.4.1 (1a32961)
C        -0.88887035476987    1.44970932994471   -0.00105612511555
C         0.27622979371994    0.71390599008757    0.00013129491661
C         0.26838969330332   -0.69552827391667    0.00147209924135
N         1.58124972744177   -1.12258727953912    0.00233446562499
C         2.29248184723677   -0.04759361959471    0.00153699675341
O         1.58047863692167    1.11407263636893    0.00016000555123
C         3.76874468773246    0.02847345643900    0.00198976390214
C        -0.92361728018810   -1.39590327301442    0.00184843586950
C        -2.10509656179044   -0.65765853217733    0.00079729078143
O        -3.24985881753759   -1.39827811712071    0.00143246856213
C        -4.49992036141736   -0.73833968989756    0.00141068094168
C        -2.07997806493277    0.74303369887364   -0.00070676927705
H        -0.87725656162506    2.52711889158636   -0.00228579574089
H         4.17403159511737   -0.97758661821978    0.00235131174596
H         4.11067081337705    0.56858617284957    0.88316014943397
H         4.11121015278069    0.56824846351677   -0.87917090135177
H        -0.95332646124969   -2.47163609834261    0.00300302281190
H        -5.24256305571569   -1.53421145370057    0.00374421467987
H        -4.62746571870845   -0.12400759765441   -0.89470380410892
H        -4.62568543384358   -0.12048108477194    0.89533168737576
H        -3.00178827585246    1.30049299828328   -0.00177049259777
