12
 energy: -24.255132990293 gnorm: 0.075966800380 xtb: 6.4.1 (1a32961)
N        -1.40795000000000   -0.11800000000000    0.03467000000000
C        -0.76233000000000    1.07404000000000    0.02764000000000
C         0.61861000000000    1.20071000000000   -0.00676000000000
Br        1.43156000000000    2.89958000000000   -0.06165000000000
C         1.39128000000000    0.04533000000000   -0.01534000000000
C         0.75638000000000   -1.19766000000000   -0.00461000000000
C        -0.63516000000000   -1.23295000000000    0.00963000000000
C        -1.33531000000000   -2.48891000000000   -0.03344000000000
N        -1.85932000000000   -3.52458000000000   -0.08445000000000
H        -1.41180000000000    1.94508000000000    0.04423000000000
H         2.47656000000000    0.09897000000000   -0.03905000000000
H         1.33930000000000   -2.11260000000000   -0.01921000000000
12
 energy: -24.258341348906 gnorm: 0.027139122085 xtb: 6.4.1 (1a32961)
N        -1.38992948809798   -0.11469503639323    0.02748278829712
C        -0.76959802813105    1.05785441946811    0.02322278458942
C         0.61275770018661    1.18193447309502   -0.00959381591013
Br        1.41805462099942    2.89571833860229   -0.04790286130216
C         1.39491036169841    0.03421784613499   -0.01902275021950
C         0.75951766181150   -1.19722739005643   -0.01132781100616
C        -0.63348073007584   -1.22135997052421    0.00039679174121
C        -1.32799863496598   -2.46789229140040   -0.02331407339254
N        -1.84878326114067   -3.48347242149427   -0.07528180889789
H        -1.41994236676901    1.92281418041525    0.04414055501219
H         2.47417454382429    0.09368358391778   -0.03742627829569
H         1.33213762066030   -2.11256573176491   -0.01971352061587
12
 energy: -24.258563013011 gnorm: 0.009587591939 xtb: 6.4.1 (1a32961)
N        -1.37934293084082   -0.10944626779519    0.01840308105489
C        -0.77411223072919    1.05377558690153    0.01946454438226
C         0.61132875209825    1.17373892964695   -0.00759988928402
Br        1.41433317982526    2.89700323603652   -0.03012275217609
C         1.39735966886483    0.02912108057217   -0.01991636786861
C         0.75980199660114   -1.19822283791751   -0.01627729683660
C        -0.63585612982278   -1.21479325105080   -0.00486733555250
C        -1.33212305553048   -2.45386987995271   -0.05174697193348
N        -1.83589300146916   -3.48425967890861   -0.03383889754748
H        -1.42139844561639    1.91884423103980    0.04136389366113
H         2.47377277155825    0.09358836307776   -0.03551529009451
H         1.32394942506106   -2.11646951164991   -0.02768671780499
12
 energy: -24.258437774752 gnorm: 0.017148190567 xtb: 6.4.1 (1a32961)
N        -1.37099114454673   -0.11147290638888    0.01260043059198
C        -0.77891242479639    1.04982173754089    0.01352050556174
C         0.60948447145500    1.16950086118188   -0.00989200285617
Br        1.41042969065302    2.90019722723651   -0.01840768770683
C         1.40020921132166    0.02852435949323   -0.02561031297124
C         0.76449976606039   -1.19901766685158   -0.02297981727787
C        -0.63328106198340   -1.21520888309497   -0.00913305343210
C        -1.31898834454885   -2.45906332272006    0.00478433834625
N        -1.85609102472362   -3.47066570807277   -0.06481220338316
H        -1.42388364696881    1.91567178225355    0.03681842255240
H         2.47497481529026    0.09968557476407   -0.03736752361754
H         1.32436969278747   -2.11896305534186   -0.02786109580747
12
 energy: -24.258783800246 gnorm: 0.003680617355 xtb: 6.4.1 (1a32961)
N        -1.37909303227074   -0.11185516964926    0.01414683526189
C        -0.77634731259624    1.05530668014063    0.01618974942344
C         0.61103820275242    1.17463334226154   -0.00713061786976
Br        1.41636197307303    2.89890887833003   -0.02074152790561
C         1.39732591351041    0.03060005601926   -0.02230082406281
C         0.76121652436606   -1.19933305251505   -0.02087021807433
C        -0.63568185156852   -1.21827594773200   -0.00827054396515
C        -1.32583818751109   -2.46176855047844   -0.02241100941271
N        -1.84506522623656   -3.48190461656048   -0.04570955047665
H        -1.42066118414887    1.92302421417134    0.03631769030802
H         2.47399735287301    0.09834168765585   -0.03671972275607
H         1.32456682775708   -2.11866752164340   -0.03084026047026
12
 energy: -24.258793851252 gnorm: 0.000742281494 xtb: 6.4.1 (1a32961)
N        -1.37880861472801   -0.11125455253182    0.01106181374830
C        -0.77699587867481    1.05539860731724    0.01417951357687
C         0.61076207680721    1.17396127013228   -0.00645397527171
Br        1.41691901188959    2.89874384441605   -0.01343310636159
C         1.39715029715528    0.03036660899443   -0.02275929381866
C         0.76105213534925   -1.19929594429572   -0.02323900799290
C        -0.63615760224138   -1.21769240168643   -0.01063562418431
C        -1.32553527007731   -2.46139243913614   -0.02282720224113
N        -1.84372209572121   -3.48339271938749   -0.03717824557353
H        -1.41999661233394    1.92385184076999    0.03388110984526
H         2.47371824994084    0.09885317871969   -0.03631934692456
H         1.32343430263450   -2.11913729331205   -0.03461663480203
12
 energy: -24.258798516701 gnorm: 0.001634639891 xtb: 6.4.1 (1a32961)
N        -1.37923282510383   -0.11087833930536    0.00667157843262
C        -0.77771127968602    1.05578566808414    0.01108561989227
C         0.61045746804476    1.17353245892756   -0.00495981013244
Br        1.41778721736598    2.89846722103129   -0.00195926571806
C         1.39679229905353    0.03030439965807   -0.02372262425922
C         0.76073662049519   -1.19932533176377   -0.02702552165050
C        -0.63678942697218   -1.21744973971814   -0.01292987439745
C        -1.32441525414668   -2.46208343611105   -0.01986968005858
N        -1.84238062024188   -3.48460045537461   -0.02709278432464
H        -1.41890503480218    1.92548787816272    0.02862383629928
H         2.47340112563310    0.09958317394022   -0.03603335706848
H         1.32207971036022   -2.11981349753106   -0.04112811701481
12
 energy: -24.258799896638 gnorm: 0.000289082872 xtb: 6.4.1 (1a32961)
N        -1.37966394347461   -0.11092885439128    0.00553197384846
C        -0.77755918977110    1.05577445773473    0.01007889643647
C         0.61048181811161    1.17361278596375   -0.00411178399326
Br        1.41758287342198    2.89830881041206    0.00209492196152
C         1.39681526444759    0.03031447071396   -0.02370854478728
C         0.76061028400369   -1.19925414253390   -0.02834001400270
C        -0.63683193289524   -1.21738847701388   -0.01369024153208
C        -1.32403664158638   -2.46232900409409   -0.01845351737089
N        -1.84219337523785   -3.48429406979252   -0.02382373831294
H        -1.41871703204590    1.92559838805556    0.02605449275284
H         2.47345953443442    0.09937416505096   -0.03613803974215
H         1.32187234059179   -2.11977853010535   -0.04383440525797
12
 energy: -24.258800107915 gnorm: 0.000104736059 xtb: 6.4.1 (1a32961)
N        -1.37968211660390   -0.11097706067078    0.00474928404262
C        -0.77735884882074    1.05565517060432    0.00955707972533
C         0.61056078483234    1.17370014663176   -0.00401514537587
Br        1.41729069308432    2.89832275316797    0.00387642206816
C         1.39695034708306    0.03031580200970   -0.02396453536355
C         0.76063192099705   -1.19917030084483   -0.02907026506987
C        -0.63673104748648   -1.21733167287480   -0.01433695147796
C        -1.32407587626202   -2.46221488026233   -0.01826494971172
N        -1.84246582360865   -3.48406910676979   -0.02180084451167
H        -1.41888307183230    1.92524963447322    0.02550312051540
H         2.47359603801726    0.09913837740762   -0.03573561350658
H         1.32198700060005   -2.11960886287204   -0.04483760133431
