21
 energy: -30.239931603655 gnorm: 0.072069133861 xtb: 6.4.1 (1a32961)
C        -1.01240000000000   -1.43000000000000    0.01319000000000
C        -2.16414000000000   -0.64034000000000    0.01883000000000
C        -2.03406000000000    0.74242000000000    0.03210000000000
N        -0.86739000000000    1.42490000000000    0.04618000000000
C         0.20924000000000    0.61636000000000    0.04007000000000
N         1.50133000000000    1.05765000000000    0.04669000000000
C         2.35868000000000   -0.01101000000000    0.02378000000000
C         1.60640000000000   -1.17450000000000    0.00029000000000
C         0.23117000000000   -0.77452000000000    0.01884000000000
C         2.14446000000000   -2.56812000000000   -0.05761000000000
C         2.41568000000000   -3.15398000000000    1.31864000000000
H        -1.07932000000000   -2.51221000000000    0.00149000000000
H        -3.14784000000000   -1.09718000000000    0.01044000000000
H        -2.92084000000000    1.37225000000000    0.03107000000000
H         1.75579000000000    2.03391000000000    0.05856000000000
H         3.42942000000000    0.14441000000000    0.01836000000000
H         3.07559000000000   -2.57130000000000   -0.63765000000000
H         1.44225000000000   -3.21539000000000   -0.59581000000000
H         3.13282000000000   -2.54251000000000    1.87726000000000
H         2.83349000000000   -4.16213000000000    1.22417000000000
H         1.49716000000000   -3.22103000000000    1.91053000000000
21
 energy: -30.243283356746 gnorm: 0.028854411215 xtb: 6.4.1 (1a32961)
C        -1.00310492371269   -1.43600021300719    0.00850785947717
C        -2.14022965085198   -0.64293336398710    0.01833370522701
C        -2.02160377173542    0.74414228025451    0.03515185924860
N        -0.87060342327322    1.41263731854928    0.05113371516572
C         0.20775304291444    0.62683982217600    0.04212222672042
N         1.49370716390385    1.06761440669665    0.04987945775097
C         2.33416926972057   -0.01538991355497    0.01775478858701
C         1.60425790168424   -1.17687249559112   -0.00675289809456
C         0.23097350945555   -0.78334226976037    0.01506199439158
C         2.14523001728062   -2.56975602477837   -0.06158141533524
C         2.41246378520193   -3.15404196153370    1.32257939644315
H        -1.07309049835410   -2.51479005245134   -0.00369269533054
H        -3.12103410160637   -1.09504013939716    0.01169315044111
H        -2.90573718535949    1.37181623399926    0.03724355842709
H         1.75766634105801    2.03924986481732    0.06500753621795
H         3.39827966015924    0.12821960777270    0.01181530705077
H         3.07811072944969   -2.56613567646136   -0.63418970170742
H         1.43590809313379   -3.21169701350511   -0.59245854624435
H         3.12443937879109   -2.53704412202751    1.87062095075597
H         2.82622282013273   -4.15905834407254    1.23522419324156
H         1.49371184200752   -3.21073794413785    1.90596555756603
21
 energy: -30.243853945421 gnorm: 0.004998151522 xtb: 6.4.1 (1a32961)
C        -0.99780916391624   -1.43965652974650    0.00442676620969
C        -2.13077204729039   -0.64812481731908    0.01923597669482
C        -2.01839013314031    0.74265465674376    0.04180589443703
N        -0.87247736023594    1.39977788871272    0.05864780026795
C         0.21111403529395    0.63298052853496    0.04548799293376
N         1.49450805055019    1.07210838243648    0.05246208443702
C         2.32625482367679   -0.01788359432172    0.01341358933863
C         1.60659123132492   -1.17710821558726   -0.01396159042609
C         0.23278684344306   -0.78889179657616    0.01212227454106
C         2.14638416653860   -2.57057172151703   -0.06747511105275
C         2.40556773102447   -3.14718446582424    1.32615133323857
H        -1.06815016006421   -2.51732630030896   -0.01291867297357
H        -3.11160893448731   -1.09744464319906    0.01207851387716
H        -2.90265284691671    1.36709573805009    0.04689973314322
H         1.76712410932092    2.04009377644772    0.06984398552804
H         3.38988949252795    0.11582088078954    0.00430729287510
H         3.08198729917962   -2.56715624578370   -0.63175759353240
H         1.43446334149290   -3.20972636604619   -0.59465274346724
H         3.11586099446675   -2.52666118351767    1.86754691539247
H         2.81385827972101   -4.15220223104266    1.24519778291158
H         1.48296024748997   -3.19291374092505    1.90055777562593
21
 energy: -30.243914183122 gnorm: 0.002459041935 xtb: 6.4.1 (1a32961)
C        -0.99571749072597   -1.44080466395240    0.00092055896499
C        -2.13040893617118   -0.65181824185649    0.02005731874371
C        -2.01911380534109    0.73989797907594    0.04732766848160
N        -0.87243743234697    1.39592655260220    0.06468733433947
C         0.21385458925557    0.63421689817575    0.04700048746750
N         1.49716521432789    1.07247475283909    0.05307686128483
C         2.32847658661608   -0.01754794411944    0.00930472978568
C         1.60900077373621   -1.17681525598353   -0.01996056866600
C         0.23465759256347   -0.78979410084920    0.00914555937078
C         2.14750592540717   -2.57079454802120   -0.07064751200587
C         2.39935499110054   -3.14199868707037    1.32756082494937
H        -1.06470067691094   -2.51883272829936   -0.02060731912600
H        -3.11143296523861   -1.10150911377422    0.01270157375145
H        -2.90433792331500    1.36252062828420    0.05649580700037
H         1.77341644097721    2.03932751785961    0.07295018356387
H         3.39315744778316    0.11342466194153   -0.00132446799107
H         3.08543558190987   -2.57068298256235   -0.63041700695635
H         1.43652330716113   -3.21030155028427   -0.59774226027651
H         3.10944157846127   -2.52022034191564    1.86756035376646
H         2.80402196518501   -4.14901733041623    1.25378986014625
H         1.47362723556519   -3.17997150167363    1.89754001340544
21
 energy: -30.243958857446 gnorm: 0.002383337149 xtb: 6.4.1 (1a32961)
C        -0.99210928392101   -1.44251401858956   -0.00419614114750
C        -2.12948110077101   -0.65701159284869    0.02161591073146
C        -2.01924199624857    0.73514040908685    0.05623759666512
N        -0.87208808900189    1.39200555938457    0.07355606816260
C         0.21694410139062    0.63477029002347    0.04878029858910
N         1.50018213765039    1.07212525736390    0.05321108397834
C         2.33218310872721   -0.01689637111218    0.00327353289009
C         1.61218399533371   -1.17654855865629   -0.02917819008199
C         0.23754728144697   -0.79041527498918    0.00485629806934
C         2.14911507140298   -2.57102693327851   -0.07502786468731
C         2.38929202886342   -3.13392953220523    1.32923411527368
H        -1.05860987383623   -2.52108453727765   -0.03214470364382
H        -3.11028323846535   -1.10793400076376    0.01364109940664
H        -2.90565646653023    1.35568012656434    0.07151144372674
H         1.78128434584372    2.03764913219364    0.07692960870860
H         3.39780734401646    0.11176328559819   -0.00959243540123
H         3.09089296945768   -2.57585891536854   -0.62807442787100
H         1.44056564779835   -3.21172502577991   -0.60345950098970
H         3.10011259423459   -2.51192468154017    1.86824002629151
H         2.78751090945763   -4.14447560330596    1.26666065923422
H         1.45933851315056   -3.16010901449934    1.89334552209507
21
 energy: -30.243980827146 gnorm: 0.002383691046 xtb: 6.4.1 (1a32961)
C        -0.98887421954024   -1.44420261820971   -0.00832198992291
C        -2.12760544621732   -0.66059621790457    0.02287307449127
C        -2.01822525547961    0.73137795630152    0.06309320749072
N        -0.87166996554317    1.38992552181439    0.07989990222288
C         0.21845329761717    0.63435100236677    0.04959505335021
N         1.50145767003144    1.07176659691114    0.05244924759591
C         2.33437774753126   -0.01632004952681   -0.00160333385688
C         1.61444008968802   -1.17632767932087   -0.03597289367000
C         0.23987068513504   -0.79072878894430    0.00140335990235
C         2.15054851403018   -2.57098729242705   -0.07755239847897
C         2.38113858863301   -3.12833097412176    1.33046934073751
H        -1.05354467034720   -2.52293116227032   -0.04085087195459
H        -3.10787149008608   -1.11267275384918    0.01485986044841
H        -2.90528652694840    1.35088108280355    0.08389917976753
H         1.78537618879988    2.03649713542442    0.07910578515530
H         3.40004183885344    0.11202924065299   -0.01620934042278
H         3.09550523658455   -2.57879816399328   -0.62517765712638
H         1.44444949625503   -3.21271839563129   -0.60809530905508
H         3.09321744178256   -2.50753549789997    1.86936741711253
H         2.77340090582670   -4.14172755614544    1.27590202385725
H         1.44828987339377   -3.14527138603024    1.89028634235565
21
 energy: -30.243999091407 gnorm: 0.001581346534 xtb: 6.4.1 (1a32961)
C        -0.98568647145707   -1.44618913549284   -0.01208380796527
C        -2.12500878471757   -0.66359907059993    0.02414091114403
C        -2.01655390852542    0.72793579204845    0.06987100190966
N        -0.87109361021205    1.38846899589433    0.08561264111548
C         0.21932458718698    0.63322398450602    0.04987531077628
N         1.50198329417897    1.07148943221773    0.05079963500661
C         2.33592694246769   -0.01577330719009   -0.00642535501635
C         1.61657493095586   -1.17613703267959   -0.04199768273782
C         0.24212971703441   -0.79111935279169   -0.00178479818216
C         2.15223534682031   -2.57085145881963   -0.07926039875426
C         2.37325435199822   -3.12368065571984    1.33168122958794
H        -1.04894253000312   -2.52478601366612   -0.04920031242751
H        -3.10461532491935   -1.11677881827959    0.01603340638721
H        -2.90400767577510    1.34685531428586    0.09616191004490
H         1.78743078602955    2.03570216973965    0.08023041488240
H         3.40118839521824    0.11359492861418   -0.02270028435469
H         3.10040455762269   -2.58057197996246   -0.62133587610234
H         1.44890582646011   -3.21351366687402   -0.61269609111381
H         3.08720512645198   -2.50521400024836    1.87090682295548
H         2.75881757181054   -4.13990612115742    1.28398843491095
H         1.43801687137414   -3.13147000382466    1.88760288793320
21
 energy: -30.244013960561 gnorm: 0.001058273003 xtb: 6.4.1 (1a32961)
C        -0.98194932946458   -1.44868879418698   -0.01550100553418
C        -2.12137285783065   -0.66669889885209    0.02626207199768
C        -2.01434640335243    0.72435653507438    0.07747060608422
N        -0.87028805041449    1.38701103607176    0.09093327003805
C         0.22008168743223    0.63156534921058    0.04934072602086
N         1.50220713544717    1.07183662271660    0.04721836667771
C         2.33741521791989   -0.01463845227996   -0.01215573706123
C         1.61948312837554   -1.17553656560203   -0.04784792668172
C         0.24492173747282   -0.79165757119918   -0.00496958770715
C         2.15520306350371   -2.57022184909380   -0.08047830596644
C         2.36370456706426   -3.12011978431002    1.33306471829373
H        -1.04403448821731   -2.52688246800776   -0.05723002101076
H        -3.10024428431719   -1.12109785125771    0.01861420151692
H        -2.90218332407014    1.34264203585062    0.11016454555465
H         1.78739943572021    2.03592298236911    0.07922568874820
H         3.40200058027460    0.11729866661862   -0.03056569750088
H         3.10768779818498   -2.58071676034866   -0.61495355396697
H         1.45586576356842   -3.21339210958343   -0.61892014799848
H         3.07972986313886   -2.50582521228809    1.87435171742551
H         2.74072353182544   -4.13959112660447    1.29174400251857
H         1.42548522773866   -3.11788578429751    1.88365206855162
21
 energy: -30.244022079913 gnorm: 0.000940636487 xtb: 6.4.1 (1a32961)
C        -0.98019741151984   -1.44961488406839   -0.01554183706192
C        -2.11970154228821   -0.66801341092089    0.02819631857617
C        -2.01363045158774    0.72308431446204    0.08057061351571
N        -0.86992568432816    1.38621942464965    0.09191730287812
C         0.22063377437324    0.63113541875829    0.04836465820383
N         1.50244557937959    1.07276430154868    0.04422122602007
C         2.33828804789423   -0.01338927855907   -0.01494306381877
C         1.62136778221891   -1.17471703090466   -0.04933769114479
C         0.24641331966733   -0.79187142922621   -0.00570283560298
C         2.15756671552131   -2.56930262152058   -0.08063494884180
C         2.35878261099466   -3.12037968392234    1.33354682656964
H        -1.04200012642704   -2.52766620768618   -0.05806937123252
H        -3.09838759108219   -1.12290785003111    0.02141730864558
H        -2.90175575056457    1.34073412936374    0.11511206641821
H         1.78586268854553    2.03728936490559    0.07651091008113
H         3.40268870547299    0.12011889964830   -0.03441092082629
H         3.11267338321381   -2.57905087222343   -0.61032232630680
H         1.46087974861533   -3.21199724917715   -0.62303161833531
H         3.07482096119880   -2.50881307961382    1.87784795947057
H         2.73220505883484   -4.14108833980071    1.29337074107962
H         1.41846018186721   -3.11485391568175    1.88033868171245
21
 energy: -30.244032398599 gnorm: 0.000786520135 xtb: 6.4.1 (1a32961)
C        -0.97850876413669   -1.45006454890284   -0.01282328252286
C        -2.11827495330244   -0.66901147916140    0.03119067962940
C        -2.01321390469875    0.72234605626221    0.08144436842625
N        -0.86967516080116    1.38574672942981    0.09056115011811
C         0.22119847150135    0.63127907876820    0.04679536493234
N         1.50266142297859    1.07430486314216    0.04040758433382
C         2.33924114865011   -0.01141160037948   -0.01744066986255
C         1.62340745706613   -1.17334595549631   -0.04909935649152
C         0.24790896410460   -0.79179775203925   -0.00498581017853
C         2.16065308718626   -2.56761670797016   -0.08036102774305
C         2.35372510134535   -3.12288355504517    1.33345326358310
H        -1.04016011848225   -2.52814738357903   -0.05435199464853
H        -3.09683666207316   -1.12437463154486    0.02602238248925
H        -2.90174138482838    1.33922018621904    0.11719115092742
H         1.78288529097926    2.03977902489859    0.07159684450703
H         3.40353933825391    0.12357853598535   -0.03796746400925
H         3.11889986097153   -2.57526197801998   -0.60423245518568
H         1.46754047529446   -3.20921924661360   -0.62855920522318
H         3.06837185914155   -2.51439108313804    1.88302535968513
H         2.72507790635072   -4.14421586080683    1.29207035128348
H         1.41079056449901   -3.11683269200841    1.87548276594976
21
 energy: -30.244044360262 gnorm: 0.000820616454 xtb: 6.4.1 (1a32961)
C        -0.97611727804141   -1.45059567959199   -0.00845548307509
C        -2.11654973085043   -0.67046410877878    0.03568499639761
C        -2.01275595708810    0.72129843810743    0.08311004270720
N        -0.86953770145991    1.38527411971208    0.08886730949557
C         0.22197932381104    0.63186783991989    0.04519000487856
N         1.50301044315532    1.07627470194752    0.03588973316005
C         2.34053193080097   -0.00874585798010   -0.02080124668871
C         1.62591671613557   -1.17147947523993   -0.04874297824635
C         0.24987411117273   -0.79152136233133   -0.00364361785543
C         2.16470870955753   -2.56518080640215   -0.08033111100626
C         2.34667284630671   -3.12623128408623    1.33291740076679
H        -1.03722997780889   -2.52886439509653   -0.04726417556881
H        -3.09483805066492   -1.12654085901489    0.03247557978049
H        -2.90179695126379    1.33725199286576    0.11719214475135
H         1.77980219036515    2.04284336677922    0.06507421175428
H         3.40474750055169    0.12733705739510   -0.04294854161954
H         3.12731372522843   -2.56979116799633   -0.59615572348480
H         1.47674609502011   -3.20531666072781   -0.63677275588973
H         3.05842358251896   -2.52103152694106    1.88993740452302
H         2.71674592817834   -4.14803887319975    1.28998373008565
H         1.39984254437488   -3.12066545934010    1.86821307513408
21
 energy: -30.244056598275 gnorm: 0.000950754089 xtb: 6.4.1 (1a32961)
C        -0.97332398502619   -1.45118774383747   -0.00246358978177
C        -2.11457864207565   -0.67220115898434    0.04039563663199
C        -2.01213725994063    0.71988151542201    0.08268711596436
N        -0.86946813297986    1.38485985332806    0.08617368604086
C         0.22284491098231    0.63269319712094    0.04371114358288
N         1.50340046852243    1.07840131591884    0.03163009582725
C         2.34194961386764   -0.00574782504098   -0.02411179245388
C         1.62851544316528   -1.16934021650826   -0.04842542864497
C         0.25204569328274   -0.79098877246823   -0.00156125625313
C         2.16895124244943   -2.56237593920659   -0.08053406993917
C         2.33856171295770   -3.12970281869562    1.33184620504856
H        -1.03352505018389   -2.52969310289045   -0.03810509970391
H        -3.09245656762618   -1.12922062969805    0.04040123968744
H        -2.90188601824601    1.33496744405040    0.11761087609187
H         1.77760202665207    2.04582699244279    0.05789876048691
H         3.40608314245119    0.13106514130597   -0.04831032814181
H         3.13630641413212   -2.56362829347418   -0.58740735808367
H         1.48693854607051   -3.20096678036671   -0.64614579566008
H         3.04592611113809   -2.52738431383255    1.89759427908753
H         2.70848875265562   -4.15150330513477    1.28737361443652
H         1.38725157775125   -3.12607455945081    1.85916206577616
21
 energy: -30.244069582617 gnorm: 0.000918123476 xtb: 6.4.1 (1a32961)
C        -0.97007504351967   -1.45183540744519    0.00409838130712
C        -2.11237561614004   -0.67419485412063    0.04626127175116
C        -2.01145665192856    0.71812015982036    0.08379742260089
N        -0.86956751130089    1.38456298996487    0.08378405984061
C         0.22370705317909    0.63373103357764    0.04232819799936
N         1.50374020189855    1.08071729103674    0.02733683482289
C         2.34344407993062   -0.00242936057567   -0.02768459497964
C         1.63122926236864   -1.16694215893041   -0.04824498462976
C         0.25444354174640   -0.79014450019233    0.00055467271418
C         2.17329864823591   -2.55928174979914   -0.08081349135379
C         2.32951293391828   -3.13333796042535    1.33031378376538
H        -1.02889167805939   -2.53060791576245   -0.02696623758246
H        -3.08966855094184   -1.13241383686130    0.04894303742015
H        -2.90186646986924    1.33230523874293    0.11549384083939
H         1.77658558714910    2.04865271875970    0.04997416685725
H         3.40744504028495    0.13494593325494   -0.05410757203894
H         3.14557820662401   -2.55707485358705   -0.57814312816959
H         1.49774151823456   -3.19609494769218   -0.65625284308123
H         3.03085615769326   -2.53328412848692    1.90596480876263
H         2.70070585935016   -4.15462344719318    1.28440800927707
H         1.37310343114606   -3.13309024408538    1.84837436387725
21
 energy: -30.244082457700 gnorm: 0.000694252990 xtb: 6.4.1 (1a32961)
C        -0.96652442799666   -1.45263213287871    0.01052424718645
C        -2.10988195221540   -0.67639622196126    0.05159636795822
C        -2.01066879245287    0.71609619843170    0.08442373313428
N        -0.86974211363746    1.38420477868792    0.08152508204193
C         0.22454246605201    0.63472797101842    0.04105700224007
N         1.50400736377699    1.08304612798169    0.02328904371012
C         2.34493063767390    0.00083823323072   -0.03143169184873
C         1.63405775956918   -1.16458296482183   -0.04835839825928
C         0.25699894206003   -0.78922276573700    0.00252727483284
C         2.17752453803975   -2.55631635810119   -0.08122570571721
C         2.31988920296717   -3.13654635626738    1.32873043440302
H        -1.02368191679822   -2.53162060550131   -0.01625893195038
H        -3.08649655369974   -1.13598118309082    0.05802568267951
H        -2.90184922148683    1.32939776513768    0.11503471190503
H         1.77692168166151    2.05106226279749    0.04196871092565
H         3.40873567896974    0.13893098662867   -0.06015877588756
H         3.15471370141774   -2.55097350147150   -0.56881016594677
H         1.50836445579100   -3.19112621950537   -0.66643346039418
H         3.01414569851366   -2.53797712843258    1.91447585512149
H         2.69345782238757   -4.15702492715832    1.28208296442180
H         1.35804502940688   -3.14022395898697    1.83683601944364
21
 energy: -30.244092943869 gnorm: 0.000409814493 xtb: 6.4.1 (1a32961)
C        -0.96329890671703   -1.45340802944261    0.01540680265278
C        -2.10757779740078   -0.67848229581753    0.05675103104448
C        -2.00986332221154    0.71409704054996    0.08604858965600
N        -0.86980489334493    1.38374944616868    0.08031602217524
C         0.22534709773945    0.63546299690969    0.03983128581177
N         1.50429746355214    1.08498352332978    0.01962338885949
C         2.34632748268656    0.00356238654292   -0.03496853136241
C         1.63660671682134   -1.16259784060717   -0.04916392803809
C         0.25932405048391   -0.78843231008375    0.00367916444532
C         2.18089704939104   -2.55396223307581   -0.08162893742373
C         2.31117638613776   -3.13861505410673    1.32749002358266
H        -1.01894451711261   -2.53252474627812   -0.00893938922351
H        -3.08355012071583   -1.13929184401770    0.06525677677047
H        -2.90169640353020    1.32652738472812    0.11602741909967
H         1.77808678625487    2.05279372680291    0.03516260364465
H         3.40993249038422    0.14256000741612   -0.06550708891006
H         3.16225340501267   -2.54654630138822   -0.56062773174511
H         1.51728209998269   -3.18726728804296   -0.67476860215480
H         2.99865620186434   -2.54066208794388    1.92174582925610
H         2.68728362547322   -4.15816628773675    1.28105945703994
H         1.34475510524866   -3.14610019390692    1.82662581481906
21
 energy: -30.244100550893 gnorm: 0.000314827931 xtb: 6.4.1 (1a32961)
C        -0.96077836162993   -1.45408869849694    0.01747256500837
C        -2.10569384040658   -0.68015058079562    0.05976832068788
C        -2.00911937611784    0.71248091631201    0.08804703220385
N        -0.86973433196787    1.38324550984078    0.08014499930056
C         0.22602628034295    0.63584253946713    0.03890802090912
N         1.50457704970674    1.08626287091858    0.01675661715175
C         2.34743830474204    0.00538283244797   -0.03801342957908
C         1.63861482330328   -1.16130357586913   -0.05026785001567
C         0.26115927420864   -0.78797974085254    0.00376788600589
C         2.18341878445699   -2.55243934135183   -0.08187292147814
C         2.30442650342182   -3.13958715750190    1.32694172236359
H        -1.01534016218023   -2.53325646265269   -0.00526097988537
H        -3.08121928101955   -1.14187741574357    0.07100521443060
H        -2.90143658997711    1.32422440802901    0.11897777495153
H         1.77922719785631    2.05383807560755    0.03043687860266
H         3.41085943736168    0.14525283282241   -0.06998906743552
H         3.16778007057751   -2.54384887724215   -0.55448096696176
H         1.52382893735513   -3.18471695401665   -0.68056724910425
H         2.98644774057812   -2.54159319706807    1.92736100944393
H         2.68271472722061   -4.15841281803110    1.28140659131391
H         1.33429281216726   -3.14959516582321    1.81887783208608
21
 energy: -30.244106110384 gnorm: 0.000335847995 xtb: 6.4.1 (1a32961)
C        -0.95897853348137   -1.45469732252888    0.01874967899662
C        -2.10426897275205   -0.68140675936121    0.06246675174803
C        -2.00844201027741    0.71124737560769    0.09039899466683
N        -0.86950643269744    1.38274984066077    0.08069726087112
C         0.22662820319435    0.63592944157214    0.03801631605575
N         1.50490318264152    1.08700375672123    0.01440844241209
C         2.34832582373281    0.00647558105610   -0.04051579725298
C         1.64011340225232   -1.16054770004019   -0.05182309336182
C         0.26252844806289   -0.78781811889749    0.00341294684234
C         2.18518824964373   -2.55158376876145   -0.08220165065470
C         2.29935979549759   -3.13964374393839    1.32677222255887
H        -1.01286961776076   -2.53388009853864   -0.00463123260953
H        -3.07946043353533   -1.14371096674184    0.07424024456642
H        -2.90105600929224    1.32248483906104    0.12248993348181
H         1.77998165412915    2.05444804721036    0.02743939992209
H         3.41160391676886    0.14706584320161   -0.07333636783388
H         3.17177198717543   -2.54247452310443   -0.55011442636522
H         1.52848417856513   -3.18347223172134   -0.68447586314453
H         2.97722392339283   -2.54121064638082    1.93137069915114
H         2.67928481042170   -4.15791810647831    1.28263038011072
H         1.32667443431824   -3.15136073859794    1.81342515983877
21
 energy: -30.244110643932 gnorm: 0.000349396226 xtb: 6.4.1 (1a32961)
C        -0.95759848111011   -1.45522763451746    0.01839851262487
C        -2.10310684088179   -0.68238426098894    0.06406680170714
C        -2.00777849134045    0.71028274485707    0.09266653402014
N        -0.86915253212367    1.38227242096317    0.08156706954174
C         0.22718628369696    0.63583382816432    0.03738004092195
N         1.50526155446068    1.08741934452361    0.01246656405100
C         2.34907575269148    0.00715525918822   -0.04274705823730
C         1.64129066865604   -1.16010130334921   -0.05327356132386
C         0.26361105876910   -0.78783846631775    0.00252668138779
C         2.18658751130595   -2.55105164673561   -0.08237049596453
C         2.29533335855658   -3.13933809564433    1.32689216175053
H        -1.01109512734716   -2.53440016985793   -0.00517713298401
H        -3.07811004558660   -1.14508853225747    0.07703659486560
H        -2.90058277585083    1.32115122160015    0.12668861087563
H         1.78023127263146    2.05488256191935    0.02544977978494
H         3.41225338361411    0.14830687202063   -0.07635988384471
H         3.17491826787146   -2.54165473139431   -0.54651122225708
H         1.53225414724199   -3.18290106803144   -0.68728992341181
H         2.96980789931341   -2.54021302734109    1.93456260283196
H         2.67657778231566   -4.15715766744391    1.28427736797707
H         1.32052535311567   -3.15226764935703    1.80916995568288
21
 energy: -30.244114525491 gnorm: 0.000292328089 xtb: 6.4.1 (1a32961)
C        -0.95644089269733   -1.45574602331705    0.01832320096805
C        -2.10206956606035   -0.68324260834392    0.06550693983068
C        -2.00713453774910    0.70944131915302    0.09501434154476
N        -0.86873454769111    1.38176341967450    0.08255355950900
C         0.22774907505719    0.63564093896346    0.03669993049501
N         1.50566271738500    1.08766312739851    0.01064088886808
C         2.34977254849527    0.00762547094868   -0.04484792259477
C         1.64235688049046   -1.15982440250871   -0.05493712086297
C         0.26456946808545   -0.78799526432514    0.00174586305715
C         2.18796522180302   -2.55066068504409   -0.08267072419047
C         2.29172013662297   -3.13884418769319    1.32708130120038
H        -1.00969458198723   -2.53490057657039   -0.00633850668318
H        -3.07693065712840   -1.14623073480095    0.07927632209905
H        -2.90006163213292    1.31999310134166    0.13073287040011
H         1.78007481884395    2.05527495735226    0.02398598292275
H         3.41287126242253    0.14919141915908   -0.07904413543030
H         3.17784848029787   -2.54104436537479   -0.54343020138327
H         1.53573543237775   -3.18254531471942   -0.68983623798182
H         2.96327262391281   -2.53907736903774    1.93735257439181
H         2.67399277934682   -4.15634960627544    1.28613404856668
H         1.31496497030528   -3.15245261598027    1.80547702527319
21
 energy: -30.244117867445 gnorm: 0.000203203327 xtb: 6.4.1 (1a32961)
C        -0.95532257252496   -1.45623825201536    0.01797328562951
C        -2.10110128528790   -0.68406240029919    0.06708937085262
C        -2.00652606049637    0.70865427904288    0.09712055879449
N        -0.86831485366025    1.38126989515065    0.08346738033650
C         0.22831610590429    0.63546492509279    0.03615467526681
N         1.50607992895935    1.08793122020095    0.00889185498188
C         2.35046923569344    0.00813636520828   -0.04687573316481
C         1.64338585768750   -1.15951359944055   -0.05634986146820
C         0.26550412879861   -0.78814501172028    0.00089476706642
C         2.18926258097576   -2.55024392818456   -0.08285519408921
C         2.28826267751293   -3.13844257430920    1.32724652574450
H        -1.00834866317671   -2.53538697541138   -0.00727383210190
H        -3.07582888162740   -1.14730428823010    0.08136498294190
H        -2.89958187397935    1.31889818004979    0.13457396363588
H         1.77963008831611    2.05578217785860    0.02255925985873
H         3.41351856148197    0.15003797151154   -0.08181481101273
H         3.18069920278917   -2.54032157834920   -0.54025641452423
H         1.53918809166307   -3.18223476808244   -0.69225749318273
H         2.95720170694402   -2.53827048208288    1.93997875231674
H         2.67115796356737   -4.15573077267233    1.28774211638702
H         1.30983806045927   -3.15260038331794    1.80204584573076
21
 energy: -30.244120637127 gnorm: 0.000133144556 xtb: 6.4.1 (1a32961)
C        -0.95424698322961   -1.45667454444992    0.01815470806239
C        -2.10016935821589   -0.68485545521185    0.06839066149390
C        -2.00598240989211    0.70789760905451    0.09895344825542
N        -0.86796507775355    1.38081868090612    0.08409136439358
C         0.22882921790439    0.63535794201539    0.03557548933192
N         1.50644043750850    1.08824916232401    0.00723968711090
C         2.35111441684394    0.00870591117689   -0.04865925448003
C         1.64438273611855   -1.15915139354435   -0.05757639274079
C         0.26638819740200   -0.78824816673512    0.00041157880165
C         2.19058881530848   -2.54976130568581   -0.08304626181424
C         2.28502522634961   -3.13824518313284    1.32730226115700
H        -1.00703498674444   -2.53582337433925   -0.00763101439018
H        -3.07477544472710   -1.14837787359820    0.08353775870993
H        -2.89918032698230    1.31781862280498    0.13768073758472
H         1.77909512803106    2.05635239202724    0.02110151224676
H         3.41411068290000    0.15090485617139   -0.08420940980679
H         3.18343082722173   -2.53952939699884   -0.53732030416892
H         1.54253694148521   -3.18171557081179   -0.69464894544741
H         2.95180526411408   -2.53804224395912    1.94236271543399
H         2.66818265895360   -4.15547423647270    1.28899463336469
H         1.30491403740381   -3.15252643154070    1.79871502690145
21
 energy: -30.244122244697 gnorm: 0.000127930696 xtb: 6.4.1 (1a32961)
C        -0.95334050471100   -1.45698335109561    0.01831129096827
C        -2.09948723495444   -0.68551921341830    0.06938768115911
C        -2.00567759238313    0.70727095024253    0.09975697499382
N        -0.86786220439481    1.38052843369926    0.08422041584490
C         0.22914784773172    0.63542074754011    0.03518190093148
N         1.50664448714205    1.08861395882736    0.00635941267785
C         2.35158171671335    0.00928418337299   -0.04956748789854
C         1.64510740656317   -1.15874853534218   -0.05822786780424
C         0.26706170835233   -0.78818810659609   -0.00008683537261
C         2.19134266364660   -2.54934840563983   -0.08318910045030
C         2.28286568365043   -3.13819769040244    1.32720274368270
H        -1.00577903974971   -2.53616507390407   -0.00718689684208
H        -3.07392383399622   -1.14934388610205    0.08528326333935
H        -2.89904098912674    1.31691089588480    0.13919485851853
H         1.77899767052507    2.05681477771627    0.02002858444335
H         3.41454942019902    0.15170327451190   -0.08531467490354
H         3.18495128502045   -2.53910524144456   -0.53577693381247
H         1.54424497542803   -3.18102749292555   -0.69605357911366
H         2.94867670105904   -2.53849245094958    1.94378655827546
H         2.66554291146096   -4.15561598101791    1.28937848915276
H         1.30188692182380   -3.15213179295701    1.79673120220981
21
 energy: -30.244123950846 gnorm: 0.000124936853 xtb: 6.4.1 (1a32961)
C        -0.95240277912306   -1.45725552865948    0.01927606234877
C        -2.09879060767405   -0.68616440504770    0.07065852560983
C        -2.00540483147013    0.70666490107707    0.10046530461967
N        -0.86782322779501    1.38030067136594    0.08403541452049
C         0.22942254015418    0.63556354548738    0.03467811349110
N         1.50678656961899    1.08909176636727    0.00533919894323
C         2.35202941570211    0.00998943312591   -0.05052414385199
C         1.64588164318994   -1.15823842432638   -0.05863505062995
C         0.26775472277308   -0.78805370722934   -0.00001973050747
C         2.19218024846009   -2.54881909674952   -0.08328924166880
C         2.28057083413516   -3.13851422336000    1.32694688016227
H        -1.00447283064849   -2.53646039338473   -0.00607408630622
H        -3.07306308106519   -1.15030813902846    0.08712066879944
H        -2.89895951203682    1.31601868968588    0.14003881652118
H         1.77878079124096    2.05739944310746    0.01859756521585
H         3.41495037928655    0.15266280005359   -0.08660427328136
H         3.18678948207802   -2.53832071960884   -0.53362318788608
H         1.54644013303045   -3.18010680727625   -0.69802562923454
H         2.94550217801653   -2.53958302045555    1.94523681669785
H         2.66269188789115   -4.15614990326707    1.28938057285159
H         1.29862604423549   -3.15203688187714    1.79444140358508
21
 energy: -30.244125910875 gnorm: 0.000111511622 xtb: 6.4.1 (1a32961)
C        -0.95139425422980   -1.45752138984179    0.02047987409197
C        -2.09802571571047   -0.68682253698837    0.07200732364474
C        -2.00512219555424    0.70604600851292    0.10107020621050
N        -0.86780398693792    1.38010075812148    0.08374010669284
C         0.22969177216275    0.63573434333871    0.03433050447844
N         1.50688109708652    1.08969212100442    0.00404377591778
C         2.35248332448558    0.01084986218764   -0.05170834593587
C         1.64676645914790   -1.15761684918153   -0.05872235790677
C         0.26850467961855   -0.78787279015428    0.00034206198357
C         2.19334754892804   -2.54807127972166   -0.08325068796622
C         2.27783648359516   -3.13923025974292    1.32661596127910
H        -1.00305919392581   -2.53675832122527   -0.00408183736214
H        -3.07212231808680   -1.15131681631164    0.08936624450984
H        -2.89887644840916    1.31509798024840    0.14073933999537
H         1.77847332960383    2.05811929524109    0.01648383313163
H         3.41532682093606    0.15388081505498   -0.08849708519571
H         3.18922497531783   -2.53688224063683   -0.53075881742997
H         1.54948453189564   -3.17883716969311   -0.70055445019887
H         2.94170624941451   -2.54130818518180    1.94702955333537
H         2.65942529430430   -4.15706312482776    1.28901493821473
H         1.29474154635748   -3.15254022020264    1.79172985850960
21
 energy: -30.244128033502 gnorm: 0.000104042299 xtb: 6.4.1 (1a32961)
C        -0.95027421371177   -1.45781296670183    0.02235468902099
C        -2.09718564196847   -0.68751436219747    0.07382637219904
C        -2.00482427421164    0.70541154288559    0.10174881101199
N        -0.86777914929079    1.37990578639519    0.08337312689677
C         0.22998006540744    0.63591645318916    0.03391310530441
N         1.50695738386109    1.09040216483745    0.00238728998225
C         2.35295866885307    0.01185263240467   -0.05319339707740
C         1.64772980762523   -1.15690514922968   -0.05884102036669
C         0.26933890524230   -0.78768247472318    0.00098904825195
C         2.19483689775392   -2.54713966666689   -0.08317342065753
C         2.27472559414421   -3.14018776376746    1.32617875102954
H        -1.00152209474714   -2.53708139493992   -0.00154919746566
H        -3.07110058790755   -1.15236564789222    0.09177875791767
H        -2.89879716978657    1.31415075703965    0.14132536375631
H         1.77813978692769    2.05895634636376    0.01380397239980
H         3.41571790546156    0.15532706178052   -0.09080827137100
H         3.19221906253127   -2.53494039620251   -0.52729877274979
H         1.55332895950864   -3.17733389370250   -0.70354241720929
H         2.93694957949467   -2.54346373359878    1.94950819485736
H         2.65586676349760   -4.15817624692063    1.28839169882740
H         1.29022375131520   -3.15363904835289    1.78824731544180
21
 energy: -30.244129989993 gnorm: 0.000099082852 xtb: 6.4.1 (1a32961)
C        -0.94916374046270   -1.45806398937180    0.02396420209279
C        -2.09634410500697   -0.68817432533162    0.07554699695217
C        -2.00451221969980    0.70479668309335    0.10253949651442
N        -0.86773803361216    1.37972013107566    0.08297050216548
C         0.23027529273190    0.63610976610700    0.03343432543636
N         1.50703932631002    1.09110859093658    0.00068448867670
C         2.35343997859324    0.01285190272848   -0.05470950601162
C         1.64869729721497   -1.15619677703637   -0.05891800476527
C         0.27018696232759   -0.78748647381581    0.00153043501685
C         2.19636917853344   -2.54621540441405   -0.08304622969365
C         2.27149636495675   -3.14119131037164    1.32573929001900
H        -1.00001239047610   -2.53736883212220    0.00102536374622
H        -3.07006621976900   -1.15339590196885    0.09451998263861
H        -2.89870151213546    1.31321690055810    0.14209539503571
H         1.77784440420180    2.05977426357824    0.01108102367324
H         3.41610624934903    0.15674700436970   -0.09327065516986
H         3.19531276279780   -2.53293291093792   -0.52359388820039
H         1.55738576184866   -3.17592109054379   -0.70656882602043
H         2.93175743260485   -2.54542479508432    1.95205518966845
H         2.65267048950958   -4.15916607165635    1.28780904942617
H         1.28544672018252   -3.15510735979233    1.78453136879901
21
 energy: -30.244131546831 gnorm: 0.000094726547 xtb: 6.4.1 (1a32961)
C        -0.94819632661448   -1.45830571680437    0.02538690608840
C        -2.09559590076342   -0.68875771537508    0.07715983768293
C        -2.00420744828690    0.70425644187544    0.10324744038222
N        -0.86765972282994    1.37953206634004    0.08269817508822
C         0.23056063066750    0.63624534613029    0.03296702147348
N         1.50714727210193    1.09166403185780   -0.00084222672898
C         2.35388111740944    0.01365528681114   -0.05607048046380
C         1.64953912095815   -1.15563005111658   -0.05917109205531
C         0.27093159596870   -0.78735456082846    0.00187707700544
C         2.19770134462512   -2.54544718734864   -0.08299396674661
C         2.26863540585525   -3.14191657621160    1.32539097678807
H        -0.99872432305376   -2.53763294258221    0.00292625016134
H        -3.06915549545389   -1.15428633550581    0.09686712748507
H        -2.89856745252745    1.31240535461685    0.14309670969914
H         1.77765532047157    2.06041961610025    0.00875986358420
H         3.41647494180163    0.15788394250447   -0.09533969726458
H         3.19797724153560   -2.53127569730879   -0.52046810521088
H         1.56087897961343   -3.17470577669035   -0.70920080154090
H         2.92684177819973   -2.54671663734237    1.95440778745792
H         2.65014297050429   -4.15976175915296    1.28751085182046
H         1.28122894981748   -3.15659112996899    1.78121034529410
21
 energy: -30.244132743333 gnorm: 0.000092037071 xtb: 6.4.1 (1a32961)
C        -0.94742156379214   -1.45850191303735    0.02618218860426
C        -2.09498573734768   -0.68922644763697    0.07840281224750
C        -2.00392978500689    0.70381312236684    0.10413527233777
N        -0.86756288684251    1.37936658351563    0.08263613815267
C         0.23081688284307    0.63634017862736    0.03256115875985
N         1.50726883058007    1.09207444390970   -0.00205215756896
C         2.35425189163872    0.01425411383846   -0.05720563210792
C         1.65020639928362   -1.15521036560607   -0.05950166860878
C         0.27153037377470   -0.78726022506061    0.00194015440396
C         2.19869217606433   -2.54490455744789   -0.08295846350958
C         2.26635140047692   -3.14236945079594    1.32513958021694
H        -0.99769246464226   -2.53785074773141    0.00414519390516
H        -3.06841544448263   -1.15499699772590    0.09877198528240
H        -2.89842558263325    1.31175515950112    0.14409052771809
H         1.77755645895834    2.06089508297855    0.00705001582698
H         3.41679570554676    0.15872084842994   -0.09699488565469
H         3.20002256207138   -2.53017545529364   -0.51796529277430
H         1.56356041466003   -3.17391258328407   -0.71114139579837
H         2.92262606532235   -2.54729430490300    1.95628140082144
H         2.64845964852260   -4.16000259896625    1.28750826118536
H         1.27778465500443   -3.15783388567844    1.77839480656014
21
 energy: -30.244133724308 gnorm: 0.000085853421 xtb: 6.4.1 (1a32961)
C        -0.94676199730063   -1.45869308220709    0.02678073965056
C        -2.09445664420275   -0.68963890361102    0.07938003846952
C        -2.00366612438902    0.70342339085409    0.10474537229722
N        -0.86744428436717    1.37919866623027    0.08260530313703
C         0.23106269532556    0.63638480247215    0.03219888727401
N         1.50740973634462    1.09236194806369   -0.00301595856216
C         2.35459012061390    0.01469299152942   -0.05813993383924
C         1.65077721235359   -1.15490846557575   -0.05990820401476
C         0.27204667282525   -0.78721573615711    0.00191453404987
C         2.19949645468453   -2.54450852314601   -0.08300415013069
C         2.26437403286730   -3.14257524254795    1.32497304309708
H        -0.99683049925280   -2.53805153191168    0.00483745331118
H        -3.06777969605840   -1.15560421332854    0.10037962356585
H        -2.89825488130700    1.31118451146433    0.14537398035556
H         1.77751934187634    2.06123473738649    0.00575929686274
H         3.41709327986123    0.15934516809805   -0.09833386271125
H         3.20167352169325   -2.52939751995015   -0.51603657731434
H         1.56568973563082   -3.17332476431520   -0.71272574429571
H         2.91889669148031   -2.54741022516468    1.95784145975922
H         2.64721316425735   -4.15994183292504    1.28770939336741
H         1.27484146706368   -3.15887617525821    1.77608530567083
