19
 energy: -33.867508209329 gnorm: 0.060754204195 xtb: 6.4.1 (1a32961)
C         2.37939000000000   -0.01530000000000    0.06600000000000
C         3.85917000000000   -0.09299000000000    0.15610000000000
O         4.45316000000000   -1.06450000000000    0.59501000000000
O         4.42388000000000    1.02966000000000   -0.35274000000000
C         5.85268000000000    1.00448000000000   -0.34619000000000
C         1.69599000000000    1.20670000000000    0.02128000000000
C         0.29700000000000    1.22502000000000   -0.03246000000000
C        -0.42439000000000    0.02584000000000   -0.04725000000000
C        -1.85754000000000    0.04550000000000   -0.09461000000000
N        -3.01814000000000    0.06146000000000   -0.13045000000000
C         0.25863000000000   -1.19551000000000   -0.00824000000000
C         1.65540000000000   -1.21494000000000    0.05437000000000
H         6.21189000000000    1.90308000000000   -0.85518000000000
H         6.23059000000000    0.12958000000000   -0.88574000000000
H         6.22425000000000    1.01439000000000    0.68304000000000
H         2.23989000000000    2.14903000000000    0.04206000000000
H        -0.22362000000000    2.18130000000000   -0.05710000000000
H        -0.28766000000000   -2.13662000000000   -0.02046000000000
H         2.17835000000000   -2.16936000000000    0.09241000000000
19
 energy: -33.870937964494 gnorm: 0.020946400376 xtb: 6.4.1 (1a32961)
C         2.36411194812212   -0.01773654578051    0.06690413253559
C         3.84692054678435   -0.09463179091572    0.13478025221790
O         4.44663878762334   -1.04924415740987    0.57366984007475
O         4.43073822418455    1.01439224913250   -0.34888494359508
C         5.85739509831623    1.00969358069806   -0.34207102161873
C         1.68701911162639    1.20044668280205    0.02073610702936
C         0.30252972672812    1.22356791873611   -0.03041595674132
C        -0.41546931426011    0.02633509229195   -0.04391417704995
C        -1.83490706487908    0.04853345596221   -0.09418857479162
N        -2.97827735555474    0.06220001779117   -0.13235735220808
C         0.25968680658672   -1.19499893142987   -0.00339451632008
C         1.64219773218048   -1.21197117594517    0.06021136631435
H         6.18288101476895    1.91713418676214   -0.85203394297547
H         6.23216863346710    0.13010133187435   -0.86977052134825
H         6.22732330108126    1.00202883788628    0.68520932428929
H         2.23623603007487    2.13061940275052    0.03399336723355
H        -0.21853945620266    2.17100049536814   -0.05909528769466
H        -0.29001643467446   -2.12602384962883   -0.01680992499900
H         2.17028266402659   -2.15462680094551    0.09728182964745
19
 energy: -33.871376255214 gnorm: 0.007076165887 xtb: 6.4.1 (1a32961)
C         2.35815935109153   -0.01988222049142    0.06193322880271
C         3.84115487595409   -0.09350325341203    0.13186546800895
O         4.44855304487819   -1.05094940013755    0.55104109230423
O         4.43214487418132    1.00668268112645   -0.34113327391821
C         5.85831098422782    1.01211605727710   -0.33780502195225
C         1.68521994192005    1.19848847915070    0.01602170727131
C         0.30595037852614    1.22442979890985   -0.03015295793704
C        -0.41061657451264    0.02665234658859   -0.04067002356258
C        -1.82424054475975    0.04950973440936   -0.09367193797923
N        -2.97029573340670    0.06825333495190   -0.13496817878122
C         0.26050722297632   -1.19649142850565    0.00163220624731
C         1.63819796346999   -1.21323575916033    0.05944729695280
H         6.15902227525830    1.92503113480526   -0.84773702628348
H         6.23648514134392    0.13252080153657   -0.86154017061970
H         6.23086899607750    0.99942719074961    0.68780532640941
H         2.24169989578675    2.12125215336319    0.02501049381129
H        -0.21910470292383    2.16634189257654   -0.06020519069621
H        -0.29560473781875   -2.12066449477595   -0.00926347588245
H         2.17250734772976   -2.14915904896222    0.10224043780434
19
 energy: -33.871472298668 gnorm: 0.002722775038 xtb: 6.4.1 (1a32961)
C         2.35711082115622   -0.02374780487478    0.05949986032046
C         3.84001523282777   -0.09959944084978    0.12051271332535
O         4.45201646833923   -1.06082631538106    0.53031905831430
O         4.43079000486929    1.00468859593923   -0.33562464688805
C         5.85734910768914    1.01658087782056   -0.33226990647084
C         1.68774845426570    1.19713178614749    0.01146611510126
C         0.30850304171083    1.22592174204350   -0.03250053218471
C        -0.40960226696517    0.02798499441529   -0.03897694199108
C        -1.82199691739406    0.05425858200688   -0.09272245543545
N        -2.96852449320702    0.07039829396347   -0.13565180467455
C         0.25867181320196   -1.19774636270685    0.00720087826291
C         1.63634952625515   -1.21684146037150    0.06382140813272
H         6.14709248846015    1.93343368145593   -0.83837219579761
H         6.24048505237943    0.14069452656458   -0.85894997484098
H         6.23072645778923    1.00107747090573    0.69316644912585
H         2.25058656418211    2.11629757098566    0.01503031836376
H        -0.21918438819982    2.16622865643551   -0.06367211231698
H        -0.30342567784946   -2.11826709988473    0.00020319811272
H         2.17420871048931   -2.15084829461515    0.10737057154095
19
 energy: -33.871550415021 gnorm: 0.004948892214 xtb: 6.4.1 (1a32961)
C         2.35705163428684   -0.03008635802454    0.05417235972428
C         3.83912418068647   -0.10714070908858    0.10932032437307
O         4.45459971959996   -1.08040817124997    0.49303400201317
O         4.42829373996183    1.00575172542833   -0.32289525426844
C         5.85545180308280    1.02461507838342   -0.32341747202110
C         1.69197296093573    1.19400048702632    0.00231503850173
C         0.31215471454676    1.22614614022695   -0.03731377388451
C        -0.40839672504278    0.02832142049857   -0.03591585067780
C        -1.82059207253432    0.05670804355965   -0.09029454591390
N        -2.96689124574877    0.08312128559838   -0.13583765930962
C         0.25628111741466   -1.20028707345724    0.01616381303576
C         1.63462640638798   -1.22287565295334    0.06805148817349
H         6.13438903600737    1.94681783341495   -0.82338187160785
H         6.24346839560342    0.15474182228368   -0.85702219427796
H         6.23100639380577    1.00487664036096    0.70140084366153
H         2.26218207594059    2.10924905933723   -0.00078393445075
H        -0.21806204144005    2.16539996938428   -0.07166484349024
H        -0.31335530136555   -2.11668909008835    0.01718748703367
H         2.17561520787125   -2.15544245064072    0.11673204338549
19
 energy: -33.871609912405 gnorm: 0.007225857383 xtb: 6.4.1 (1a32961)
C         2.35767191814613   -0.03724037108403    0.04851452326527
C         3.83923577314153   -0.11665635334984    0.09460025663833
O         4.45564246981736   -1.10160553383214    0.45035195485694
O         4.42599958824214    1.00911380643881   -0.30806421941880
C         5.85348478433910    1.03371479957825   -0.31272697150691
C         1.69681038025563    1.18962646058734   -0.00838332285873
C         0.31687136658821    1.22596136708759   -0.04385904359006
C        -0.40724209000189    0.02993643951665   -0.03311156771397
C        -1.82000655141689    0.06519154475019   -0.08665230054238
N        -2.96636201033626    0.08641779148821   -0.13372657483580
C         0.25304215641998   -1.20122248924564    0.02669937885038
C         1.63188837304541   -1.22844023410831    0.07362128976534
H         6.12644601319194    1.96166365340101   -0.80489477584267
H         6.24426009155607    0.17072908836581   -0.85567964046442
H         6.23133137593577    1.00775992581679    0.71124303654850
H         2.27224365644512    2.10183437142437   -0.01859702636528
H        -0.21294271668403    2.16570101272955   -0.08257005704597
H        -0.32228260090891   -2.11449364611368    0.03653808596813
H         2.17282802222356   -2.16117163345096    0.12654697429211
19
 energy: -33.871675397459 gnorm: 0.006914979074 xtb: 6.4.1 (1a32961)
C         2.35873925743036   -0.04455809742802    0.04129205260947
C         3.84022598349687   -0.12638821063983    0.07714486471715
O         4.45620923567879   -1.12263971009911    0.40031475178179
O         4.42415803882366    1.01478582368321   -0.29041326693697
C         5.85151946516158    1.04357781849279   -0.29948259517869
C         1.70053956969911    1.18379443235473   -0.02168985451705
C         0.32070163678296    1.22348763506561   -0.05241370573597
C        -0.40644840316816    0.02953383377470   -0.03012498122270
C        -1.82005345695932    0.06732305778157   -0.08076570190270
N        -2.96611616199374    0.10156703554890   -0.12853960812768
C         0.25043879048284   -1.20258215253109    0.03877822685993
C         1.62941083124516   -1.23354630729024    0.07935507186037
H         6.12218275677735    1.97770881664485   -0.78209452587703
H         6.24301895646109    0.18815996539827   -0.85365493156351
H         6.23221444520177    1.00922679066603    0.72318003998508
H         2.27840515968487    2.09415988027648   -0.03998006932518
H        -0.20666628857531    2.16462118627441   -0.09663043363930
H        -0.32768947150507   -2.11404202079166    0.05918736287982
H         2.16812965527513   -2.16736977718163    0.13638730333323
19
 energy: -33.871740329525 gnorm: 0.003832548781 xtb: 6.4.1 (1a32961)
C         2.35992475679398   -0.04972693206483    0.03308154964487
C         3.84176980388445   -0.13249965058093    0.06374859086697
O         4.45674830394955   -1.13715064993635    0.35426753187039
O         4.42361509090243    1.02007181552381   -0.27426866689855
C         5.85024203899440    1.05036431578860   -0.28637720853237
C         1.70260424684548    1.17848582903917   -0.03531279404637
C         0.32328278054514    1.22098972068142   -0.06116388574804
C        -0.40661601066603    0.02983196192714   -0.02722954464480
C        -1.82067543089834    0.07301711456231   -0.07275211883089
N        -2.96625713504166    0.10597735403545   -0.11873018605829
C         0.24814193568823   -1.20217962789712    0.04863016823942
C         1.62720294227757   -1.23599010180041    0.08134516125199
H         6.12257031115720    1.98950098600303   -0.76017497293522
H         6.24067492066863    0.20094623928155   -0.84974669676098
H         6.23324235393092    1.00778131240292    0.73491726327376
H         2.27952910164555    2.08866311722808   -0.06115732980876
H        -0.19927105437662    2.16438243302860   -0.11087446938998
H        -0.32909478812957   -2.11363475769945    0.07933335358269
H         2.16128583182861   -2.17201047952303    0.14231425492421
19
 energy: -33.871777768823 gnorm: 0.001915944533 xtb: 6.4.1 (1a32961)
C         2.36031013427712   -0.05150396244958    0.02718163509163
C         3.84296806087124   -0.13528033582406    0.05290655953074
O         4.45874350418117   -1.14462692989044    0.31823920099733
O         4.42425657846792    1.02370827093887   -0.26247050194477
C         5.85015601521542    1.05360344499486   -0.27538668911888
C         1.70231475708703    1.17568391548581   -0.04587424800781
C         0.32322250716703    1.21886132281855   -0.06845537877878
C        -0.40753599592957    0.02895271676638   -0.02483029857770
C        -1.82136529082394    0.07282031621639   -0.06467569941295
N        -2.96706467457598    0.11329447177285   -0.10750746669242
C         0.24745985462423   -1.20202873325109    0.05498797923541
C         1.62639949876013   -1.23617220426251    0.08248084100598
H         6.12395178836803    1.99624901493902   -0.74236794110686
H         6.23951845243000    0.20797852203754   -0.84472676873357
H         6.23424674485581    1.00325762151230    0.74509624131700
H         2.27731975309874    2.08663182987282   -0.07980385660923
H        -0.19611368587859    2.16344961341960   -0.12296709103818
H        -0.32721192069484   -2.11443936381111    0.09327656455836
H         2.15734391849900   -2.17361953128625    0.14474691828477
19
 energy: -33.871806192694 gnorm: 0.004784644734 xtb: 6.4.1 (1a32961)
C         2.36032476216711   -0.05408911520988    0.01468913138138
C         3.84378929884647   -0.14068912216955    0.03038595885160
O         4.46217341838380   -1.16353501077231    0.24262240594459
O         4.42560229326211    1.03138039099134   -0.23624618040625
C         5.85078170281891    1.05966685770851   -0.25325695103719
C         1.70261099950269    1.17247550310699   -0.06748283263246
C         0.32347888395087    1.21716411154310   -0.08290580688872
C        -0.40914489792151    0.02889407963126   -0.02013959329726
C        -1.82225965375835    0.07636216550176   -0.04989176320596
N        -2.96804210778929    0.11753052104720   -0.08606378259890
C         0.24561041111050   -1.20161028787279    0.06850035633289
C         1.62480653107222   -1.23669296319933    0.08569883266988
H         6.12376636679757    2.00947610420989   -0.70631362986596
H         6.23814828111554    0.22182845843437   -0.83579130185862
H         6.23783383427353    0.99244421453193    0.76549101617809
H         2.27687022701195    2.08339801866846   -0.11679265251306
H        -0.19285768062681    2.16251737095267   -0.14703770356138
H        -0.32746636289546   -2.11431765721600    0.12137329425639
H         2.15289369267808   -2.17538363988767    0.15301120225106
19
 energy: -33.871838500219 gnorm: 0.002495442591 xtb: 6.4.1 (1a32961)
C         2.35988721182103   -0.05259050804181    0.00417933220402
C         3.84326576772643   -0.14075387559691    0.01534458895085
O         4.46154297981309   -1.16530046055163    0.20645978574949
O         4.42829369960874    1.03442787574739   -0.22421791478534
C         5.85327520628613    1.05950247593117   -0.23968560227832
C         1.70119744301694    1.17296758068840   -0.08294297125403
C         0.32156397225293    1.21672498558912   -0.09202741195772
C        -0.41085582687298    0.02866650261397   -0.01744871039429
C        -1.82363838261026    0.07634020576085   -0.03806657983527
N        -2.96979297292485    0.11535598632739   -0.06592525645267
C         0.24556596442372   -1.20092602512491    0.07381993558042
C         1.62508339781967   -1.23490964393954    0.08512257820799
H         6.12862307214537    2.01249532943119   -0.68366680737200
H         6.23921827542720    0.22546007539147   -0.82886886197628
H         6.23931986452304    0.98130033083411    0.77879425930554
H         2.27371279559707    2.08460781696137   -0.13940686059425
H        -0.19476176143102    2.16162768060885   -0.15949162020473
H        -0.32546159960617   -2.11447560245720    0.13364181349358
H         2.15288089298385   -2.17370073017331    0.15423630361311
19
 energy: -33.871857746085 gnorm: 0.003403025118 xtb: 6.4.1 (1a32961)
C         2.35945305882741   -0.05260460224962   -0.00911886325251
C         3.84198775510707   -0.14299361428592   -0.00513152995908
O         4.45877824255383   -1.17531219718124    0.15092477544650
O         4.43014076044828    1.03977731184449   -0.20325991539585
C         5.85545072233346    1.06177138385820   -0.22095380219065
C         1.70070955604077    1.17264863376061   -0.10291141321093
C         0.32081092797203    1.21598405159644   -0.10509841596184
C        -0.41134626573042    0.02850488814850   -0.01480683028286
C        -1.82447892636580    0.07555265527991   -0.02422369887285
N        -2.97111686987223    0.11714761606757   -0.04181476408687
C         0.24548291434641   -1.20061335193855    0.08267918242849
C         1.62514853717425   -1.23451394169303    0.08575857286487
H         6.13241559240018    2.02026544882047   -0.65152347938877
H         6.23881762822509    0.23481080176787   -0.82235425136384
H         6.24227987943482    0.96863563910749    0.79613378329022
H         2.27340600212860    2.08361700252400   -0.17146781001910
H        -0.19714799952209    2.15981582441591   -0.17730638507151
H        -0.32613990259117   -2.11332213723235    0.15469717341251
H         2.15426838708943   -2.17235141261079    0.15962767161416
19
 energy: -33.871870711823 gnorm: 0.001521024773 xtb: 6.4.1 (1a32961)
C         2.35885527115606   -0.05059363730276   -0.01317775720319
C         3.84045528500787   -0.14096214014914   -0.00856304971984
O         4.45496796928347   -1.17507831983898    0.14077908582079
O         4.43049648316267    1.03952627287727   -0.19879325315254
C         5.85660804419387    1.05973304693852   -0.21630609396508
C         1.69971154793003    1.17452352257341   -0.10827071986374
C         0.31992483823088    1.21674240503020   -0.10888890445899
C        -0.41047634580619    0.02895170614150   -0.01537109995742
C        -1.82413019801084    0.07363103983924   -0.01984616827137
N        -2.97082238338652    0.11352695137663   -0.03064275105665
C         0.24674144843413   -1.20000395112372    0.08271112574600
C         1.62612354310832   -1.23325679288267    0.08420206128048
H         6.13534833077805    2.01935801554087   -0.64238005096356
H         6.23897757278907    0.23509403348893   -0.82099257628799
H         6.24227655620613    0.96264320088498    0.80031647292376
H         2.27319360522876    2.08456287843320   -0.18086344826640
H        -0.20139449275761    2.15899636791941   -0.18127357872578
H        -0.32638813654541   -2.11143009029343    0.15757310480003
H         2.15845106099716   -2.16914450945351    0.15963760132166
19
 energy: -33.871874780601 gnorm: 0.000975371208 xtb: 6.4.1 (1a32961)
C         2.35851052701023   -0.04990864804257   -0.01892146627606
C         3.84027227808186   -0.14163465137561   -0.01788993841577
O         4.45223987656009   -1.17936322646528    0.11782109645340
O         4.43099651634796    1.04131439279031   -0.18993761899356
C         5.85758817714212    1.05984534063226   -0.20792988525677
C         1.69937402219951    1.17510541990910   -0.11792491272172
C         0.31967245207656    1.21731864810043   -0.11493942969426
C        -0.41000373634760    0.02984709444433   -0.01348574009352
C        -1.82398413757225    0.07353971509517   -0.01377475927086
N        -2.97059670636136    0.10898564534157   -0.01800669119728
C         0.24678231551820   -1.19910550683403    0.08700324322003
C         1.62588953282714   -1.23246397985954    0.08473075573687
H         6.13819776213295    2.02301249984206   -0.62599935695875
H         6.23776145029309    0.23994895612015   -0.82012118067635
H         6.24286338056106    0.95382489100713    0.80799010793853
H         2.27342332364665    2.08405647631423   -0.19537096129439
H        -0.20284506642391    2.15889259761250   -0.19090518702694
H        -0.32723658995974   -2.10932696392515    0.16565108825149
H         2.16001462226733   -2.16706870070711    0.16186083627604
19
 energy: -33.871876207439 gnorm: 0.000525681294 xtb: 6.4.1 (1a32961)
C         2.35848850469648   -0.04963579382988   -0.01785705204988
C         3.84084179138918   -0.14115380524064   -0.01640762383771
O         4.45259069463115   -1.17834348076676    0.12164466308007
O         4.43090665920616    1.04098122002829   -0.19151178765694
C         5.85744403024257    1.05949243238695   -0.20895631842962
C         1.69919509121817    1.17512660817805   -0.11676470589263
C         0.31951353143877    1.21745667216392   -0.11470521346421
C        -0.41007696601424    0.03002645940675   -0.01430237819339
C        -1.82397801630666    0.07297529484320   -0.01487122741953
N        -2.97068288775798    0.10832127412780   -0.01807130578062
C         0.24675138295243   -1.19889560100995    0.08623292759147
C         1.62581934055184   -1.23213058942555    0.08463072637814
H         6.13840567097848    2.02284358119920   -0.62636704008819
H         6.23752497957884    0.24021728004113   -0.82171785510896
H         6.24256996346089    0.95239599760053    0.80683908960031
H         2.27304132136830    2.08425301294199   -0.19387973006302
H        -0.20221738576907    2.15924239827653   -0.19052869723539
H        -0.32687242271644   -2.10945215253373    0.16482524110801
H         2.15965471685104   -2.16690080838788    0.16161828746223
19
 energy: -33.871877103549 gnorm: 0.000493458344 xtb: 6.4.1 (1a32961)
C         2.35845191396068   -0.04973568952877   -0.01855906455686
C         3.84115077440772   -0.14114188486608   -0.01694311163086
O         4.45277798493483   -1.17892647982981    0.11881060424949
O         4.43105039336514    1.04124089964760   -0.19043336754757
C         5.85752669532509    1.05973867639365   -0.20791767061019
C         1.69921306163388    1.17482997494575   -0.11828533041848
C         0.31943580887369    1.21740911625777   -0.11616204180021
C        -0.41037860846717    0.03019081327434   -0.01454918990870
C        -1.82417070177398    0.07270711347848   -0.01447702835389
N        -2.97094334648129    0.10812973344637   -0.01573056585918
C         0.24653313827507   -1.19867205763947    0.08693822050985
C         1.62565751502033   -1.23202161200040    0.08500857520130
H         6.13837362825019    2.02455559539307   -0.62193745709873
H         6.23767887344447    0.24264220909634   -0.82368497363306
H         6.24288103130340    0.94882117451338    0.80736818281869
H         2.27289628117061    2.08410691453496   -0.19621017986031
H        -0.20144083914410    2.15946424750362   -0.19266329348318
H        -0.32673333583965   -2.10942680436633    0.16663145900049
H         2.15895973174100   -2.16709194025451    0.16264623298155
