26
 energy: -38.521817342126 gnorm: 0.056660689965 xtb: 6.4.1 (1a32961)
C         1.04945000000000   -1.41186000000000    0.01842000000000
C         2.21518000000000   -0.63670000000000    0.00712000000000
C         2.14366000000000    0.75546000000000   -0.01139000000000
C         0.91147000000000    1.41379000000000   -0.02219000000000
C        -0.24317000000000    0.62228000000000   -0.02079000000000
N        -1.56958000000000    0.98374000000000   -0.03687000000000
C        -2.38844000000000   -0.12489000000000   -0.05225000000000
C        -3.84849000000000   -0.03261000000000   -0.08137000000000
C        -4.49139000000000    0.99213000000000   -0.79066000000000
C        -5.88441000000000    1.09570000000000   -0.78890000000000
C        -6.65125000000000    0.17165000000000   -0.08286000000000
C        -6.02691000000000   -0.86435000000000    0.60802000000000
C        -4.63333000000000   -0.96800000000000    0.60536000000000
C        -1.54972000000000   -1.22520000000000   -0.00034000000000
C        -0.20305000000000   -0.76899000000000    0.00163000000000
H         1.11219000000000   -2.49514000000000    0.03477000000000
H         3.18419000000000   -1.12778000000000    0.01235000000000
H         3.06153000000000    1.33891000000000   -0.01934000000000
H         0.85798000000000    2.49770000000000   -0.03586000000000
H        -1.89773000000000    1.93804000000000   -0.02799000000000
H        -3.91769000000000    1.71203000000000   -1.36840000000000
H        -6.36958000000000    1.89589000000000   -1.34134000000000
H        -7.73483000000000    0.25611000000000   -0.07503000000000
H        -6.62276000000000   -1.59094000000000    1.15430000000000
H        -4.16572000000000   -1.77842000000000    1.15945000000000
H        -1.86965000000000   -2.25880000000000    0.01257000000000
26
 energy: -38.525261618854 gnorm: 0.018966988651 xtb: 6.4.1 (1a32961)
C         1.03462357501676   -1.41551793154102    0.01721293255802
C         2.17970075233237   -0.64070979313802    0.00861885665562
C         2.11091908764190    0.75355172661790   -0.00904551794957
C         0.89512169481220    1.41384317752156   -0.02256333386616
C        -0.25676885901085    0.63295845735055   -0.02266327744337
N        -1.57474977271849    0.99835603526309   -0.05369381254635
C        -2.37664598965712   -0.12241365114643   -0.03983151541524
C        -3.83392511961444   -0.02981392885936   -0.07128255341285
C        -4.47672044388488    0.99163210416152   -0.77605002790598
C        -5.86008810155187    1.08770289811754   -0.78252529795420
C        -6.62646975447161    0.16690335161263   -0.08533854295149
C        -6.00299962117747   -0.86275692477451    0.60238777619968
C        -4.61998983349449   -0.96354597259082    0.60668539563811
C        -1.55617756227440   -1.22949421072719   -0.00044186222252
C        -0.21062273655292   -0.77566201254294    0.00250522766333
H         1.10150050407560   -2.49450544386463    0.03432694320051
H         3.14714941101559   -1.12551709923520    0.01603437580125
H         3.02714922705592    1.33058030006616   -0.01637619385456
H         0.84784315266694    2.49320820129298   -0.03863510202319
H        -1.90798413617764    1.94856227292004   -0.05079982563363
H        -3.90134131977175    1.70740658650616   -1.34785836841836
H        -6.34250843092568    1.88372565154488   -1.33391378733477
H        -7.70564646736584    0.24992745102802   -0.08018422556522
H        -6.59657496931209   -1.58655832973356    1.14449751866518
H        -4.14979703633483   -1.76628310576189    1.15730313340732
H        -1.87704725032093   -2.25582981008748    0.00004108470846
26
 energy: -38.525744661896 gnorm: 0.003431163688 xtb: 6.4.1 (1a32961)
C         1.02338822909839   -1.41737248855811    0.01706590434716
C         2.16144987059486   -0.64412607733150    0.01017209098054
C         2.09513501394213    0.75235595714307   -0.00945010236752
C         0.88544747538222    1.41299227080426   -0.02876335352512
C        -0.26761249882861    0.63861110486588   -0.03019924162428
N        -1.58018186978398    1.00524211222543   -0.06564980187691
C        -2.37215877879782   -0.11996398098197   -0.03864614609444
C        -3.82564746726588   -0.02804188167053   -0.06838447043178
C        -4.46657390674812    0.99561137201835   -0.76767548146057
C        -5.84579635218954    1.08717913348119   -0.77740556609470
C        -6.61217685748697    0.16277682029550   -0.08726982869851
C        -5.98774641369981   -0.86516260701360    0.60022942210882
C        -4.60914323099087   -0.96325924947957    0.60767342484415
C        -1.56364724056835   -1.22960821813978    0.00250374843113
C        -0.21817466760499   -0.77824197368261   -0.00002995049999
H         1.08750718092231   -2.49525415162429    0.03551467003606
H         3.12991244441665   -1.12357018644855    0.02095666019569
H         3.01219114143371    1.32389330003511   -0.01144683530254
H         0.83926732069239    2.49125540686155   -0.04404763389280
H        -1.91803762850605    1.95231505243605   -0.05984366799927
H        -3.88612522688862    1.71254229219615   -1.33001764223914
H        -6.32653506330486    1.88215244574983   -1.32837159160291
H        -7.68944002471714    0.24109392915589   -0.08791936652513
H        -6.57948545754775   -1.59147123029311    1.13747347013247
H        -4.13132826114964   -1.76043856057088    1.15615760110087
H        -1.88653773040368   -2.25176059147374    0.00578368805873
26
 energy: -38.525791977314 gnorm: 0.001936920212 xtb: 6.4.1 (1a32961)
C         1.02009320153995   -1.41806990142888    0.01808969226405
C         2.15915745965589   -0.64600047160794    0.01165949381391
C         2.09414559243702    0.75115460342139   -0.00987090247914
C         0.88487911130697    1.41238989093740   -0.03322546891734
C        -0.26979753955435    0.64006356745308   -0.03508342587791
N        -1.58116257819274    1.00720181382426   -0.07167854084286
C        -2.37238743114275   -0.11720229658549   -0.03844579132434
C        -3.82462330992024   -0.02522456857809   -0.06567856163462
C        -4.46494237279190    1.00047491932293   -0.76245994121326
C        -5.84421180444021    1.08847305553200   -0.77499421228756
C        -6.60974592126899    0.15905728763054   -0.08979570785877
C        -5.98458859307190   -0.86910594943026    0.59779364105903
C        -4.60602169462528   -0.96405124318941    0.60814599381195
C        -1.56656295714718   -1.22783280783939    0.00437808803484
C        -0.22057666662408   -0.77782791582101   -0.00115269437959
H         1.08062310873305   -2.49633824524277    0.03841934876890
H         3.12835597259417   -1.12390170561711    0.02504954028451
H         3.01233429026912    1.32039486202628   -0.01029243458813
H         0.83815985862596    2.49102655850721   -0.05093103396715
H        -1.92077170633779    1.95350333847865   -0.06313674295954
H        -3.88199055212423    1.71872420002914   -1.32073526025379
H        -6.32523981603255    1.88475694008939   -1.32399921128537
H        -7.68691496857813    0.23444464853494   -0.09321639062803
H        -6.57574692598501   -1.59730654162104    1.13334780875188
H        -4.12348518316665   -1.75964974701497    1.15516811682427
H        -1.89102857415817   -2.24940429181084    0.01105459688407
26
 energy: -38.525827680869 gnorm: 0.002197520613 xtb: 6.4.1 (1a32961)
C         1.01536886759817   -1.41913216882672    0.02176833847760
C         2.15749594542253   -0.65039677833111    0.01516321953767
C         2.09567162005720    0.74747410831444   -0.01280185147114
C         0.88747454142134    1.41106742284613   -0.04394361121685
C        -0.27042807882731    0.64265662833354   -0.04468852706392
N        -1.58042449903079    1.01142317814882   -0.08301057985473
C        -2.37337777046910   -0.11004071724458   -0.03737368556683
C        -3.82445142021446   -0.01875287764761   -0.06111988491887
C        -4.46541033760468    1.01117000299074   -0.75174285081999
C        -5.84533687647397    1.09191658145526   -0.76848674377991
C        -6.60782072258080    0.15134133040606   -0.09407800060014
C        -5.98084064481639   -0.87766257665362    0.59192925082430
C        -4.60183240450663   -0.96574216710626    0.60714715865538
C        -1.57048649683778   -1.22254877100995    0.01048000321996
C        -0.22342071896759   -0.77546102993923   -0.00205654233600
H         1.06844742344821   -2.49818641993504    0.04678607601486
H         3.12716033834198   -1.12740814514000    0.03432183940897
H         3.01628263772375    1.31259056795428   -0.01045852576991
H         0.84059407285498    2.49040336621285   -0.06802496567142
H        -1.92274897312116    1.95682124273161   -0.06843530121928
H        -3.87966399037381    1.73471887469825   -1.30065127886517
H        -6.32855569291197    1.89022009498955   -1.31332159456358
H        -7.68551890010672    0.21814122246252   -0.10544517290304
H        -6.57102339466652   -1.61227738543644    1.12065368407985
H        -4.11115328157377   -1.75911571248535    1.15084576683612
H        -1.89805124378469   -2.24346987178811    0.02495377956609
26
 energy: -38.525840894059 gnorm: 0.001487054992 xtb: 6.4.1 (1a32961)
C         1.01506669720546   -1.41926287514633    0.02389287846822
C         2.15765997193665   -0.65150891525807    0.01594743476869
C         2.09679045727808    0.74625325579694   -0.01432459634464
C         0.88928691485591    1.41088702320192   -0.04641459800258
C        -0.26906856561060    0.64317680788233   -0.04558021775293
N        -1.57908835032721    1.01279952359243   -0.08442016655423
C        -2.37335697884352   -0.10799193289546   -0.03645108348104
C        -3.82473865431935   -0.01703268824186   -0.06041019876657
C        -4.46692838102007    1.01342974507214   -0.74920840765501
C        -5.84699538190393    1.09239621164390   -0.76676008543861
C        -6.60858862347176    0.14930941758987   -0.09528780322636
C        -5.98086671533230   -0.88006269593641    0.58914548717691
C        -4.60175443707145   -0.96607782094729    0.60549470870850
C        -1.57041798897818   -1.22084294273651    0.01283569631534
C        -0.22326363898887   -0.77450459176046   -0.00074819057321
H         1.06738906872141   -2.49824622706955    0.05044825539140
H         3.12672730605359   -1.12963769841643    0.03583553176510
H         3.01774692864677    1.31091785721121   -0.01324664332523
H         0.84345266576658    2.49011596639220   -0.07262754169198
H        -1.92110141095109    1.95836058897070   -0.06928054830794
H        -3.88240878390064    1.73906846104853   -1.29643292005555
H        -6.33116566842702    1.89128008696670   -1.30984555292556
H        -7.68640950459861    0.21484634927289   -0.10709699850397
H        -6.57063585891569   -1.61626392387683    1.11601483759805
H        -4.11104756740894   -1.76003602285047    1.14802875223943
H        -1.89833350039525   -2.24162295950605    0.02890197017382
26
 energy: -38.525867538673 gnorm: 0.001377338243 xtb: 6.4.1 (1a32961)
C         1.01370259828125   -1.41981874491284    0.03129455259091
C         2.15774890251450   -0.65525267929947    0.01746438214151
C         2.10030362349893    0.74214165631463   -0.02045877585150
C         0.89514868079972    1.41049308496541   -0.05374954544362
C        -0.26473688063542    0.64512706258169   -0.04627548642844
N        -1.57472796977640    1.01802424222093   -0.08704047323990
C        -2.37298943748590   -0.10094236909766   -0.03260181848158
C        -3.82511859569915   -0.01149876673230   -0.05882006987844
C        -4.47180254691357    1.02029492435752   -0.74143458475381
C        -5.85223387508360    1.09366854685476   -0.76117471397732
C        -6.61137952761946    0.14329682244713   -0.09846262997052
C        -5.98054872619934   -0.88749566371216    0.58001830987831
C        -4.60123084406472   -0.96731037046607    0.59866310956087
C        -1.57051923434861   -1.21495061041587    0.02203358045665
C        -0.22311973697866   -0.77138149008318    0.00537781335831
H         1.06452344013892   -2.49841931851998    0.06317835433222
H         3.12450247358894   -1.13787005155175    0.03826605822136
H         3.02231735512373    1.30549521275851   -0.02490848992559
H         0.85393039227415    2.48921904357808   -0.08642986547466
H        -1.91444972171945    1.96449985076795   -0.07160563644485
H        -3.89257163064547    1.75398633108905   -1.28306811506142
H        -6.33944711742479    1.89344920929089   -1.29984854453465
H        -7.68969525308300    0.20387465973789   -0.11270652765515
H        -6.56842343797238   -1.63009202001687    1.09958921599867
H        -4.11182485414546   -1.76360017642322    1.13819838500078
H        -1.89940807642478   -2.23518838573303    0.04291151558189
26
 energy: -38.525879124958 gnorm: 0.001192132887 xtb: 6.4.1 (1a32961)
C         1.01168599525948   -1.42023575412602    0.03629518382475
C         2.15687229363307   -0.65752054254018    0.01833968362176
C         2.10149209682912    0.73985385301913   -0.02450217098492
C         0.89731741502331    1.41004816170235   -0.05879552255079
C        -0.26384502336826    0.64662264724766   -0.04729234000619
N        -1.57334087496929    1.02128169297425   -0.08897476188924
C        -2.37288220576991   -0.09661268128103   -0.03015320558326
C        -3.82474413775932   -0.00780360092269   -0.05683530701791
C        -4.47314848430554    1.02533771966625   -0.73563860209100
C        -5.85379737362187    1.09467204076409   -0.75787006559910
C        -6.61195950189587    0.13889207580730   -0.10153986831184
C        -5.97927026322692   -0.89292276924326    0.57381138032615
C        -4.59980735925562   -0.96841771912279    0.59510961515993
C        -1.57197204488895   -1.21152480964788    0.02769124885195
C        -0.22410118960951   -0.76990804663253    0.00926068974254
H         1.06092600142726   -2.49878893324615    0.07195721832627
H         3.12281901859028   -1.14176169096351    0.03941998853333
H         3.02435439178460    1.30175512690388   -0.03244302510378
H         0.85828751981519    2.48869536434485   -0.09552927031964
H        -1.91158401110524    1.96825938269502   -0.07449717028606
H        -3.89562483684866    1.76357796675964   -1.27301551341646
H        -6.34205881968917    1.89617748555911   -1.29307314720900
H        -7.69028189186025    0.19703777982658   -0.11681859250308
H        -6.56569722988037   -1.63932167066007    1.08950002443657
H        -4.10977737679878   -1.76635087102958    1.13174536574181
H        -1.90191210750880   -2.23129220785439    0.05225816430725
26
 energy: -38.525888566339 gnorm: 0.000486359493 xtb: 6.4.1 (1a32961)
C         1.00999837502784   -1.42041029831164    0.04012783643978
C         2.15609586007402   -0.65881997838558    0.01841205588994
C         2.10195466627506    0.73849983988480   -0.02843117716923
C         0.89807268832715    1.40956657356017   -0.06268590778306
C        -0.26399070296511    0.64762742160494   -0.04750802541883
N        -1.57304988969666    1.02320307482189   -0.08929315322676
C        -2.37292980759317   -0.09393507727113   -0.02776803242679
C        -3.82439781841850   -0.00579609177955   -0.05541259762489
C        -4.47337697745586    1.02910451156894   -0.73088164256106
C        -5.85405221213980    1.09634422309479   -0.75455158282576
C        -6.61184827892768    0.13694783087731   -0.10292653200662
C        -5.97821302880712   -0.89661374949847    0.56920589512288
C        -4.59877308474201   -0.97017139725973    0.59176174036085
C        -1.57341358940115   -1.20935262997762    0.03289093844442
C        -0.22505693992750   -0.76914808982061    0.01272924640760
H         1.05806897736351   -2.49896091435314    0.07958194626470
H         3.12179617521186   -1.14362262375133    0.03958153888159
H         3.02539808577443    1.29924958166235   -0.03953903108999
H         0.86014611204218    2.48824149392856   -0.10244920117539
H        -1.90960477405001    1.97077049264654   -0.07805461080606
H        -3.89632964248090    1.77062229489504   -1.26434843195454
H        -6.34253369060229    1.89884910240059   -1.28811158555097
H        -7.69023340140203    0.19229809547871   -0.12117145739306
H        -6.56368225511381   -1.64692018667922    1.08047894701691
H        -4.10796750370312   -1.76906114175482    1.12647711479737
H        -1.90412734266936   -2.22876235758175    0.06029570938701
26
 energy: -38.525895567879 gnorm: 0.000513322702 xtb: 6.4.1 (1a32961)
C         1.00917805424402   -1.42038350851992    0.04399436934102
C         2.15577677683308   -0.65935495097680    0.01846675974537
C         2.10218457166295    0.73785211054930   -0.03217242329952
C         0.89832431293011    1.40922829888179   -0.06624601031021
C        -0.26414015559073    0.64810791806558   -0.04770601820445
N        -1.57297597498226    1.02405227828698   -0.08894261174023
C        -2.37303945777035   -0.09250904421274   -0.02517320139232
C        -3.82431657083995   -0.00458616161707   -0.05337308025942
C        -4.47313187928964    1.03215351778087   -0.72619693052602
C        -5.85388898678257    1.09800554069486   -0.75187536936824
C        -6.61191988243111    0.13523977551003   -0.10529083284508
C        -5.97824872619634   -0.90003319813685    0.56432493114585
C        -4.59872495623117   -0.97205312231379    0.58921303662891
C        -1.57416812209838   -1.20816342944944    0.03771559259327
C        -0.22548954835913   -0.76876195127997    0.01619987678617
H         1.05664951050832   -2.49889335256337    0.08631681502400
H         3.12143883702304   -1.14427226329307    0.03913565069738
H         3.02589388299810    1.29799875771074   -0.04663647946736
H         0.86072339410111    2.48792906206170   -0.10857841560865
H        -1.90782167062141    1.97227534785733   -0.08259713121495
H        -3.89584181469011    1.77589308806571   -1.25630914461494
H        -6.34200197276555    1.90251727900858   -1.28289675255907
H        -7.69015120183141    0.19022733660936   -0.12427340604254
H        -6.56342105594185   -1.65268903740589    1.07241184381428
H        -4.10767359545748   -1.77263829770134    1.12125571446391
H        -1.90526376842131   -2.22739199361252    0.06764321721291
26
 energy: -38.525900978853 gnorm: 0.000572914820 xtb: 6.4.1 (1a32961)
C         1.00913203804755   -1.42025712732474    0.04677910111165
C         2.15572781173412   -0.65935058609563    0.01845509660289
C         2.10218353690169    0.73773911735918   -0.03534518540727
C         0.89833924871682    1.40912862551519   -0.06934192240153
C        -0.26414497332209    0.64816082484252   -0.04809991627631
N        -1.57296165675152    1.02408516414227   -0.08861568806220
C        -2.37311340242737   -0.09223751088899   -0.02298198392104
C        -3.82436366311234   -0.00447843120988   -0.05193124514692
C        -4.47272573321473    1.03422200572510   -0.72228484733248
C        -5.85341720685832    1.09999026108330   -0.74911862724315
C        -6.61194873568212    0.13501549350050   -0.10648370824078
C        -5.97882981084255   -0.90227003747009    0.56052450294323
C        -4.59934404152080   -0.97403741626993    0.58687152125065
C        -1.57420158983060   -1.20782419109652    0.04199532481313
C        -0.22549879900654   -0.76862185358784    0.01884884075003
H         1.05657614408852   -2.49867561740568    0.09170933236140
H         3.12141306034206   -1.14422594625120    0.03904654714961
H         3.02590587234336    1.29777067810732   -0.05227712755744
H         0.86068050395734    2.48776552977099   -0.11403985542485
H        -1.90676933144121    1.97269906117341   -0.08681035804320
H        -3.89505236439290    1.77980658160722   -1.24937575794203
H        -6.34104466826008    1.90596892150167   -1.27833668641979
H        -7.69023918836728    0.18942683065946   -0.12714755329183
H        -6.56440679151904   -1.65694961557430    1.06520691649786
H        -4.10869238050622   -1.77610564235800    1.11697873963288
H        -1.90525387907581   -2.22699511945526    0.07418453959755
26
 energy: -38.525905798711 gnorm: 0.000445554746 xtb: 6.4.1 (1a32961)
C         1.00959520278155   -1.42004837358024    0.04936218647745
C         2.15595369665847   -0.65893369988800    0.01874469792014
C         2.10208603157207    0.73803567098304   -0.03807630046614
C         0.89813573494454    1.40912503993016   -0.07236827864327
C        -0.26413331192032    0.64783916652970   -0.04888758367931
N        -1.57303790391853    1.02347654725408   -0.08880294851072
C        -2.37318717903206   -0.09277760082488   -0.02127706087603
C        -3.82443365096230   -0.00492353961143   -0.05069776321219
C        -4.47216474600970    1.03582342687631   -0.71862703313285
C        -5.85278242607122    1.10206646952360   -0.74648006556750
C        -6.61203312577013    0.13530761983493   -0.10751025422208
C        -5.97973308186161   -0.90393960844761    0.55715047631178
C        -4.60028897255266   -0.97607676443449    0.58465591299624
C        -1.57382359463800   -1.20808529289189    0.04546586471894
C        -0.22526747914037   -0.76870024336671    0.02094247068010
H         1.05734109700934   -2.49834552323568    0.09628873444823
H         3.12176251738621   -1.14354985881021    0.03952526561450
H         3.02567336936371    1.29825719326441   -0.05677889590554
H         0.86007987301335    2.48762838918246   -0.11930859278572
H        -1.90657488353512    1.97216607322891   -0.09063757234896
H        -3.89406335134311    1.78264866122463   -1.24334393615238
H        -6.33980703550936    1.90968719878254   -1.27372177613009
H        -7.69030073099854    0.18996977026082   -0.12912084535642
H        -6.56607745054327   -1.65994140984608    1.05890479694310
H        -4.11041575425207   -1.77967629928647    1.11309539002268
H        -1.90455284467090   -2.22728301265180    0.07991311085612
26
 energy: -38.525910188427 gnorm: 0.000294602771 xtb: 6.4.1 (1a32961)
C         1.01029116720831   -1.41979129349445    0.05163877631572
C         2.15624875512746   -0.65828843653478    0.01932801702370
C         2.10186314168069    0.73856305075778   -0.04019362700144
C         0.89774034591814    1.40916089880744   -0.07532322713413
C        -0.26416408125297    0.64733326719382   -0.04997198516539
N        -1.57317680562190    1.02253564506232   -0.08975847263055
C        -2.37320827606235   -0.09379039669518   -0.02017256678255
C        -3.82445223104637   -0.00572398310775   -0.04994741841397
C        -4.47151859723553    1.03696167322355   -0.71561727079729
C        -5.85204323651776    1.10419708355574   -0.74386701078357
C        -6.61209036377860    0.13613281370910   -0.10794285887123
C        -5.98067580929228   -0.90528722649658    0.55411111183130
C        -4.60127256833103   -0.97806149417933    0.58245729790282
C        -1.57326650011140   -1.20873764558298    0.04850595180100
C        -0.22491313357178   -0.76893788365252    0.02259339448875
H         1.05853654096091   -2.49796572387918    0.10076604164384
H         3.12223570795538   -1.14250544554375    0.04073184272039
H         3.02523735139918    1.29911392000079   -0.06054882746049
H         0.85911651399123    2.48751597594559   -0.12463494192049
H        -1.90709244987378    1.97106844871272   -0.09410918711476
H        -3.89297773186104    1.78513233922280   -1.23794023992960
H        -6.33839338434071    1.91363450549076   -1.26891732254588
H        -7.69034227953719    0.19136846691087   -0.13008985438872
H        -6.56786303790958   -1.66235029410760    1.05325441866785
H        -4.11235531713179   -1.78350985180438    1.10891509213425
H        -1.90351372076530   -2.22801841351470    0.08514286641052
26
 energy: -38.525914097978 gnorm: 0.000270721246 xtb: 6.4.1 (1a32961)
C         1.01102632210705   -1.41951630209214    0.05430050569137
C         2.15658805192580   -0.65754317782359    0.02037861064933
C         2.10161493555304    0.73918732946974   -0.04220952685187
C         0.89724857527917    1.40918645623684   -0.07835648581056
C        -0.26426164764937    0.64676639050619   -0.05137790193906
N        -1.57337888829872    1.02144087487148   -0.09135147883663
C        -2.37320635941245   -0.09501141563539   -0.01974377326112
C        -3.82443215723724   -0.00668736778308   -0.04971825012121
C        -4.47088797219883    1.03811230039768   -0.71280923656975
C        -5.85133695030220    1.10642443334921   -0.74110487879910
C        -6.61212964069269    0.13725136840518   -0.10781645057194
C        -5.98147980098954   -0.90636228649152    0.55147392269257
C        -4.60214982753237   -0.98024418815794    0.57979074493603
C        -1.57270196976669   -1.20954911962234    0.05073138368383
C        -0.22455038766033   -0.76926039735918    0.02404867335899
H         1.05984640732179   -2.49755932424346    0.10515502617594
H         3.12278120701043   -1.14129768945785    0.04261717140431
H         3.02473896421626    1.30012489216700   -0.06342643909118
H         0.85801742155461    2.48738882212290   -0.12970421473605
H        -1.90801286964460    1.96969506463214   -0.09698534347333
H        -3.89208868984241    1.78695795919369   -1.23370649393213
H        -6.33705304662252    1.91746476290195   -1.26421363025141
H        -7.69035352399834    0.19334253922807   -0.12990691427776
H        -6.56937591856867   -1.66428642735833    1.04844840467019
H        -4.11412636227655   -1.78734537044070    1.10448497603799
H        -1.90238587227467   -2.22893012701644    0.08941159922262
26
 energy: -38.525917583341 gnorm: 0.000277719572 xtb: 6.4.1 (1a32961)
C         1.01168048434763   -1.41924068557121    0.05658670807487
C         2.15689963358646   -0.65681581718129    0.02169654618099
C         2.10136780479566    0.73976380687172   -0.04337737764069
C         0.89672876137633    1.40917270099584   -0.08076509066648
C        -0.26442798431858    0.64622976098378   -0.05251870439765
N        -1.57364268375606    1.02035830899742   -0.09347429514482
C        -2.37321029062789   -0.09624657846303   -0.02008631215004
C        -3.82439378834575   -0.00777090204031   -0.05033980250395
C        -4.47045764387699    1.03876771812018   -0.71111496016693
C        -5.85084433094483    1.10832523213806   -0.73867280271694
C        -6.61216898777891    0.13844502950869   -0.10719339804380
C        -5.98202394151634   -0.90720487873271    0.54932611012213
C        -4.60272146453206   -0.98212982002113    0.57714151381112
C        -1.57221369030078   -1.21036505159666    0.05248579529651
C        -0.22423387598147   -0.76959078602060    0.02515969259097
H         1.06105866418126   -2.49716581429418    0.10961287001269
H         3.12329153316625   -1.14012135404150    0.04496816695131
H         3.02426102163212    1.30106457708582   -0.06586022426648
H         0.85696828131694    2.48724643386945   -0.13442932805337
H        -1.90902761298399    1.96833649750389   -0.09960658774894
H        -3.89147815575295    1.78866564704466   -1.23036877588248
H        -6.33606389599081    1.92117518033168   -1.25945870323950
H        -7.69033507885464    0.19566413784661   -0.12844045197592
H        -6.57037116077012   -1.66588577312811    1.04459753435011
H        -4.11536412345563   -1.79106906103850    1.09963611985791
H        -1.90132747461491   -2.22985850916845    0.09290575734946
26
 energy: -38.525920727557 gnorm: 0.000263536148 xtb: 6.4.1 (1a32961)
C         1.01215044361450   -1.41901625685836    0.05918840175915
C         2.15710965348700   -0.65624610705045    0.02339297001063
C         2.10114946689980    0.74019376006355   -0.04430370471822
C         0.89629622597221    1.40912458374794   -0.08312349089346
C        -0.26458540402659    0.64581846294064   -0.05380863800222
N        -1.57385331228147    1.01947519843753   -0.09598504303518
C        -2.37319055273936   -0.09724673187530   -0.02105220113481
C        -3.82433225699230   -0.00863125980550   -0.05137039015953
C        -4.47023898068042    1.03955342452608   -0.70974154756287
C        -5.85058824137300    1.11019685380785   -0.73609387972790
C        -6.61220186748536    0.13961027692992   -0.10600491840081
C        -5.98228359422350   -0.90810884314742    0.54745685117041
C        -4.60299824954829   -0.98393964240294    0.57429847856363
C        -1.57185603559966   -1.21103070213039    0.05345050460774
C        -0.22399199176760   -0.76986666695308    0.02620441998659
H         1.06195415577455   -2.49682832613068    0.11391141421336
H         3.12365042395991   -1.13919068798803    0.04781191000085
H         3.02384769227167    1.30177323740993   -0.06752005391925
H         0.85615158277426    2.48707801242359   -0.13857076090294
H        -1.90977436937255    1.96726249617153   -0.10211704846649
H        -3.89128671512294    1.79006161980019   -1.22810520046780
H        -6.33554598580240    1.92438878215292   -1.25499171329906
H        -7.69036118963528    0.19771799916374   -0.12620290384380
H        -6.57077934925339   -1.66739448078248    1.04161103668143
H        -4.11599615152047   -1.79438402611643    1.09476476461659
H        -1.90049539732938   -2.23062097633424    0.09531074292402
26
 energy: -38.525923685165 gnorm: 0.000235749296 xtb: 6.4.1 (1a32961)
C         1.01241422054271   -1.41885089579981    0.06158991315221
C         2.15724268954053   -0.65586933934521    0.02537115658574
C         2.10101838773376    0.74043113171606   -0.04475609770228
C         0.89602429664757    1.40901705859855   -0.08534092608890
C        -0.26471004880443    0.64552531999781   -0.05528713031097
N        -1.57400187870577    1.01882608697954   -0.09883846227273
C        -2.37319451587646   -0.09793773919172   -0.02248007513270
C        -3.82428658412754   -0.00925246953296   -0.05266534064270
C        -4.47029628779813    1.04039624359323   -0.70864054581558
C        -5.85064266081290    1.11172182304226   -0.73371147435552
C        -6.61223674845387    0.14046514097456   -0.10463104634275
C        -5.98222967013749   -0.90887659058676    0.54610524858296
C        -4.60298156915436   -0.98553852568841    0.57148818124793
C        -1.57166000452109   -1.21144810434844    0.05397087941475
C        -0.22385616205720   -0.77004662909663    0.02685282482282
H         1.06245862984437   -2.49656573491864    0.11818799398248
H         3.12388211742528   -1.13855027511676    0.05118981770444
H         3.02359576262188    1.30217816312500   -0.06839339288855
H         0.85567320783757    2.48688051198786   -0.14252346511122
H        -1.91014397812593    1.96653597600483   -0.10489607307751
H        -3.89153280593437    1.79153130771198   -1.22629820008458
H        -6.33558474039306    1.92729876830960   -1.25047833992972
H        -7.69036605924910    0.19941791435007   -0.12337302565417
H        -6.57065450747698   -1.66909677103289    1.03899049317666
H        -4.11602592378368   -1.79735051559872    1.08984905307714
H        -1.89995516678135   -2.23109185613428    0.09712803366282
26
 energy: -38.525926546810 gnorm: 0.000209773806 xtb: 6.4.1 (1a32961)
C         1.01250001370404   -1.41875139826962    0.06398101176601
C         2.15729614312091   -0.65569801375168    0.02761016706071
C         2.10097524020326    0.74046942264082   -0.04480042626258
C         0.89592646825131    1.40885544606808   -0.08744879135123
C        -0.26476724140371    0.64533229086402   -0.05696224695262
N        -1.57405760972696    1.01842717348570   -0.10197537190341
C        -2.37320017942576   -0.09829777766349   -0.02424379434821
C        -3.82425009046390   -0.00963280265707   -0.05413715252251
C        -4.47062842151860    1.04126305205133   -0.70776548511325
C        -5.85096386242989    1.11321923915504   -0.73111416755317
C        -6.61230290693163    0.14107989721032   -0.10303486144783
C        -5.98196632289911   -0.90998171726094    0.54465211911203
C        -4.60270467136508   -0.98695873925073    0.56873732648835
C        -1.57157570616250   -1.21161417350568    0.05411391907550
C        -0.22379557347317   -0.77013070853239    0.02725599923083
H         1.06260951726449   -2.49636874884884    0.12225519243469
H         3.12396855816413   -1.13822429431386    0.05505255958325
H         3.02350941589166    1.30227766256954   -0.06864945805030
H         0.85553631054948    2.48663835638419   -0.14635717787678
H        -1.91013617353094    1.96616267272862   -0.10823443374944
H        -3.89221827237987    1.79327388009305   -1.22460112569625
H        -6.33612220920658    1.92983911921288   -1.24601757105211
H        -7.69042732300450    0.20057151287755   -0.12033643439578
H        -6.57006139907228   -1.67080202531220    1.03690618694736
H        -4.11554101197216   -1.79992623317806    1.08507769051625
H        -1.89965269218266   -2.23127309279647    0.09844632606055
26
 energy: -38.525929445225 gnorm: 0.000194501697 xtb: 6.4.1 (1a32961)
C         1.01243089724866   -1.41871687690256    0.06637603281802
C         2.15727443373188   -0.65571637209577    0.03013242339033
C         2.10101798383782    0.74032768035903   -0.04464878486417
C         0.89600536926629    1.40864345357157   -0.08962437665286
C        -0.26473934884973    0.64521728599509   -0.05888349186349
N        -1.57399176069664    1.01825382962520   -0.10535552709103
C        -2.37319356123947   -0.09833938680879   -0.02631309492499
C        -3.82420748666203   -0.00973335272440   -0.05572341907917
C        -4.47119177269389    1.04238019984738   -0.70681542541771
C        -5.85156021191585    1.11448141296378   -0.72857325449932
C        -6.61238568058068    0.14138893714500   -0.10133539026722
C        -5.98145972431538   -0.91100915101591    0.54358893964263
C        -4.60220023905120   -0.98819547360156    0.56601356120500
C        -1.57159901382721   -1.21155609600438    0.05394842416161
C        -0.22380340111364   -0.77013693249370    0.02745343619504
H         1.06245167084574   -2.49624610779673    0.12634622709469
H         3.12392003864858   -1.13818349242558    0.05947634404794
H         3.02357301046605    1.30209818488903   -0.06834232122273
H         0.85572839163587    2.48633757770165   -0.15017889029022
H        -1.90978532769123    1.96608887447513   -0.11230949844068
H        -3.89334077245501    1.79529197234857   -1.22294239124841
H        -6.33714614084958    1.93226810352019   -1.24125546444541
H        -7.69051598370257    0.20117370264170   -0.11714275240468
H        -6.56909410342784   -1.67291663725834    1.03481209601459
H        -4.11463922840738   -1.80226155651136    1.08024634456944
H        -1.89959803820156   -2.23118977944414    0.09946025357287
26
 energy: -38.525932384322 gnorm: 0.000196147588 xtb: 6.4.1 (1a32961)
C         1.01224033859753   -1.41873593362462    0.06875390225881
C         2.15721088126805   -0.65589333264281    0.03285821248963
C         2.10115435539212    0.74002844597796   -0.04426726085599
C         0.89625624976219    1.40838643273816   -0.09183299600441
C        -0.26462476504738    0.64515998271340   -0.06101077467553
N        -1.57381288512339    1.01825773909069   -0.10887507655638
C        -2.37318904423563   -0.09811656697799   -0.02856013281631
C        -3.82417927582273   -0.00961755894873   -0.05735271702287
C        -4.47196492766204    1.04369612690824   -0.70572617893195
C        -5.85236373770668    1.11578523149278   -0.72575676402744
C        -6.61250360584065    0.14140830036038   -0.09964294776019
C        -5.98080223819490   -0.91233311801541    0.54234133149952
C        -4.60153788940997   -0.98941711733686    0.56316968025039
C        -1.57171271251041   -1.21129246859847    0.05366688895826
C        -0.22387156457742   -0.77007085302108    0.02747984559225
H         1.06203985401572   -2.49618294599190    0.13059812202653
H         3.12378333980317   -1.13837699578428    0.06426524233064
H         3.02379342075954    1.30167053073712   -0.06775261571325
H         0.85620678562553    2.48600199895564   -0.15415203875787
H        -1.90919402393356    1.96622707293477   -0.11715984050873
H        -3.89482339302745    1.79774220628853   -1.22099881760524
H        -6.33854524951809    1.93454949618700   -1.23630212200086
H        -7.69063884853294    0.20129094471338   -0.11395277507368
H        -6.56779580999641   -1.67518961061025    1.03280647950843
H        -4.11342272163008   -1.80437913587844    1.07542161387543
H        -1.89975253245417   -2.23084887166708    0.10039173952087
26
 energy: -38.525935218229 gnorm: 0.000192091193 xtb: 6.4.1 (1a32961)
C         1.01197855126348   -1.41878282403092    0.07126204048088
C         2.15710917434474   -0.65617599552232    0.03555823934119
C         2.10134224178560    0.73962895562872   -0.04399553869286
C         0.89661857682129    1.40810375259226   -0.09408623620734
C        -0.26444358026754    0.64514662266248   -0.06319538178365
N        -1.57354616867071    1.01840126186837   -0.11231781976064
C        -2.37317362767115   -0.09770606245902   -0.03071017133434
C        -3.82414193272083   -0.00930841987725   -0.05881095407715
C        -4.47281719372715    1.04511973793898   -0.70447326962232
C        -5.85325981266856    1.11698216967478   -0.72295767761958
C        -6.61263308623830    0.14130046244680   -0.09798679157788
C        -5.98009014551473   -0.91369372544006    0.54111955033318
C        -4.60080471065615   -0.99046407492700    0.56051101304829
C        -1.57186122033801   -1.21089741811101    0.05342831941877
C        -0.22396440621646   -0.76995441652757    0.02757108870593
H         1.06148031095146   -2.49612921043782    0.13477802006518
H         3.12356983454298   -1.13873601212793    0.06908007014596
H         3.02410129182589    1.30108539993256   -0.06712911036667
H         0.85686442395259    2.48562702692180   -0.15812811744273
H        -1.90849567508482    1.96650495137856   -0.12257153607794
H        -3.89645010587605    1.80047241246003   -1.21871022246878
H        -6.34010299267038    1.93676062365988   -1.23126630397453
H        -7.69079755582519    0.20100802832162   -0.11109804421018
H        -6.56643460089854   -1.67776611034661    1.03052772923108
H        -4.11209297763698   -1.80642013205878    1.07061672104532
H        -1.90000461280651   -2.23035700362043    0.10139438340086
26
 energy: -38.525936729021 gnorm: 0.000169562131 xtb: 6.4.1 (1a32961)
C         1.01193258808688   -1.41873543428659    0.07244211425488
C         2.15708914949888   -0.65624619855466    0.03629192743880
C         2.10142308191791    0.73947703669101   -0.04466871063633
C         0.89678012603290    1.40800144017684   -0.09544364952489
C        -0.26433281158824    0.64513686540643   -0.06382886796649
N        -1.57342678774151    1.01847555655638   -0.11282830771759
C        -2.37317530963583   -0.09753012516124   -0.03068723251833
C        -3.82417874452995   -0.00917234883416   -0.05876284504152
C        -4.47295259173048    1.04589425575514   -0.70331563552039
C        -5.85339111741704    1.11769969234481   -0.72166740129244
C        -6.61265595079429    0.14107253833004   -0.09807668660095
C        -5.98005896011488   -0.91452384791379    0.53995715221059
C        -4.60078870611861   -0.99105726005719    0.55950438965239
C        -1.57186686996097   -1.21072203493520    0.05398849738583
C        -0.22397644666594   -0.76985441386909    0.02799432866675
H         1.06134057496093   -2.49601675898542    0.13724533350800
H         3.12350473675987   -1.13883733949351    0.07050189980809
H         3.02422950103835    1.30084587234090   -0.06840438057515
H         0.85709557410718    2.48545135091589   -0.16063208290818
H        -1.90834090899004    1.96655553462293   -0.12428497317726
H        -3.89669925145432    1.80199598107200   -1.21652539313365
H        -6.34030834649628    1.93810744385856   -1.22887525838649
H        -7.69082179110667    0.20065257125986   -0.11120085602144
H        -6.56635445823533   -1.67928535753848    1.02829881292734
H        -4.11204644391481   -1.80751257130162    1.06873672632180
H        -1.90006983590773   -2.23012244839974    0.10265109884669
26
 energy: -38.525938356539 gnorm: 0.000160991956 xtb: 6.4.1 (1a32961)
C         1.01181215741810   -1.41872991371402    0.07375708335497
C         2.15705607794488   -0.65641758677247    0.03704130836461
C         2.10156369000656    0.73923338193186   -0.04549093822470
C         0.89702140588189    1.40787711402993   -0.09687845382607
C        -0.26419575225840    0.64517465253803   -0.06451243185481
N        -1.57324339339212    1.01865597283664   -0.11347667264238
C        -2.37317137050049   -0.09717515984614   -0.03056434815804
C        -3.82416867718708   -0.00885491257110   -0.05857999191651
C        -4.47313865800613    1.04698490584454   -0.70169564806359
C        -5.85359454902227    1.11844987692327   -0.72022517177851
C        -6.61272487147591    0.14074279910286   -0.09817897556220
C        -5.97997901447008   -0.91556710718089    0.53853022738645
C        -4.60069656791615   -0.99176618567561    0.55821987203628
C        -1.57193638231460   -1.21039048973120    0.05503367826743
C        -0.22402337917957   -0.76971896978361    0.02857366201710
H         1.06105775397143   -2.49595848337539    0.13955677920571
H         3.12340888169750   -1.13908899186925    0.07185155953081
H         3.02444451734234    1.30045847672716   -0.06979074069983
H         0.85746507022747    2.48526566909625   -0.16312172906501
H        -1.90805564095217    1.96674554577347   -0.12671538765578
H        -3.89711104785964    1.80389089229615   -1.21395594864804
H        -6.34063330245519    1.93940411298900   -1.22643260706420
H        -7.69090790841251    0.19997359731080   -0.11157062871431
H        -6.56618802184679   -1.68108864213552    1.02577901845934
H        -4.11189156372390   -1.80863076884428    1.06671957499826
H        -1.90021945351720   -2.22971978590037    0.10453691025308
26
 energy: -38.525939950559 gnorm: 0.000151686746 xtb: 6.4.1 (1a32961)
C         1.01162958078311   -1.41873318499747    0.07514809557410
C         2.15699714835339   -0.65665312491969    0.03759059994217
C         2.10172786970925    0.73893633316282   -0.04625309523163
C         0.89729803543720    1.40773478949081   -0.09827838297339
C        -0.26405951322538    0.64525981756170   -0.06521728642718
N        -1.57303333043324    1.01890500227472   -0.11431745144318
C        -2.37316888553575   -0.09670058771568   -0.03037819822059
C        -3.82412118890232   -0.00843354344051   -0.05833500907798
C        -4.47335939205260    1.04806062432509   -0.70012188386889
C        -5.85383789630518    1.11910357783288   -0.71885986565609
C        -6.61282802121834    0.14029751314011   -0.09837473434127
C        -5.97984784617664   -0.91661326855708    0.53711712175538
C        -4.60054931225112   -0.99234456225961    0.55705630740418
C        -1.57206233446081   -1.20995767241996    0.05636097728779
C        -0.22409956934629   -0.76954874625953    0.02936733416465
H         1.06067717536521   -2.49590643192976    0.14192909572375
H         3.12327653644156   -1.13943826740707    0.07287387329496
H         3.02470574428123    1.29997112911009   -0.07112839963846
H         0.85792675806884    2.48506668069502   -0.16555721764646
H        -1.90765657512755    1.96703566029971   -0.12948442149909
H        -3.89761056519840    1.80604286355857   -1.21111270073033
H        -6.34100931489048    1.94069765169401   -1.22390343566286
H        -7.69103031050059    0.19916034992966   -0.11199242166486
H        -6.56592061165613   -1.68308350018140    1.02305311192108
H        -4.11167667462071   -1.80989591588945    1.06438882223090
H        -1.90041750653827   -2.22921318709787    0.10683916478336
26
 energy: -38.525941452704 gnorm: 0.000149002412 xtb: 6.4.1 (1a32961)
C         1.01144001717526   -1.41871709121700    0.07658843053300
C         2.15693494878374   -0.65688818916343    0.03814227945264
C         2.10189974315146    0.73862518119536   -0.04707931921800
C         0.89758647387582    1.40758408788325   -0.09971970725539
C        -0.26391542196774    0.64536294049642   -0.06590277974979
N        -1.57282366382297    1.01916225099671   -0.11518018119248
C        -2.37316803101394   -0.09621941937051   -0.03020751368741
C        -3.82409306207856   -0.00805102503540   -0.05820733504527
C        -4.47360997103450    1.04918456968224   -0.69851344508046
C        -5.85410482678975    1.11985058272972   -0.71734940552859
C        -6.61294238897973    0.13988270439408   -0.09852101493201
C        -5.97971697633041   -0.91775186452247    0.53552647588032
C        -4.60041703339295   -0.99305530043352    0.55562474143595
C        -1.57218460636581   -1.20950658156157    0.05768013603695
C        -0.22416829851746   -0.76935361432252    0.03025699144549
H         1.06028623155709   -2.49582894716389    0.14451089316338
H         3.12313403319892   -1.13981206978724    0.07369878969254
H         3.02497742154427    1.29946904126281   -0.07247309297291
H         0.85842485204683    2.48486098356039   -0.16802332378976
H        -1.90719645140433    1.96734721770741   -0.13197614605084
H        -3.89815606920355    1.80812310768655   -1.20840624055611
H        -6.34141270022706    1.94197583884343   -1.22139410176147
H        -7.69115718834595    0.19837301478602   -0.11234386418152
H        -6.56561000489490   -1.68506393589456    1.02034685888862
H        -4.11147092173561   -1.81111838171860    1.06204753912341
H        -1.90058610522820   -2.22868510103357    0.10928433534979
26
 energy: -38.525942781017 gnorm: 0.000146073265 xtb: 6.4.1 (1a32961)
C         1.01128774280539   -1.41869069358688    0.07796780729040
C         2.15689245130354   -0.65707288866011    0.03868401776112
C         2.10204275684899    0.73836603558876   -0.04791115969638
C         0.89782111799014    1.40745767838085   -0.10104200398968
C        -0.26379969451769    0.64544480642003   -0.06648057548036
N        -1.57266222916724    1.01936176574288   -0.11604403932128
C        -2.37317094372060   -0.09583268682150   -0.03007020487844
C        -3.82407702915912   -0.00774675030069   -0.05813183266188
C        -4.47381581018158    1.05014986745648   -0.69714175209068
C        -5.85433095080742    1.12048804566658   -0.71608389804869
C        -6.61303995371400    0.13955361583912   -0.09863840002534
C        -5.97962237646134   -0.91872686530963    0.53414451087570
C        -4.60031274767047   -0.99369314238123    0.55435173610082
C        -1.57228027837993   -1.20912868579210    0.05890061204369
C        -0.22422441222742   -0.76918056682031    0.03109328788967
H         1.05996959745332   -2.49574547536897    0.14691803495727
H         3.12302418327930   -1.14010753063314    0.07459871852955
H         3.02519873911788    1.29905468208924   -0.07389808391967
H         0.85883963434845    2.48467913098871   -0.17036171159474
H        -1.90679922270185    1.96760644380215   -0.13399245991991
H        -3.89858490992544    1.80996183865695   -1.20597696176662
H        -6.34175012912877    1.94326553717183   -1.21896381120332
H        -7.69126595566581    0.19779511631004   -0.11253777804513
H        -6.56537439292581   -1.68690945865223    1.01776206554999
H        -4.11130415210034   -1.81236034022333    1.05972608297303
H        -1.90071103469220   -2.22823947956336    0.11153779867098
26
 energy: -38.525943941881 gnorm: 0.000140781298 xtb: 6.4.1 (1a32961)
C         1.01118922685854   -1.41864572603293    0.07926110090930
C         2.15686229843269   -0.65717795472243    0.03923635907613
C         2.10213302558217    0.73818544427929   -0.04863250974445
C         0.89797469879299    1.40735020644888   -0.10230342303577
C        -0.26372191185673    0.64548337588162   -0.06701871216377
N        -1.57255568416956    1.01946722047325   -0.11687312740591
C        -2.37317573991512   -0.09558623380174   -0.02998819192296
C        -3.82406734315133   -0.00756069809527   -0.05810935154640
C        -4.47395291082141    1.05095711680065   -0.69595843366971
C        -5.85447660834210    1.12115762038846   -0.71484006431424
C        -6.61310394048762    0.13936640235622   -0.09866672210864
C        -5.97956780815669   -0.91959328366352    0.53286241670006
C        -4.60025393117581   -0.99432026844037    0.55316635285103
C        -1.57233494337492   -1.20886734080991    0.05988815169802
C        -0.22425686771397   -0.76905266606890    0.03180471322770
H         1.05975968891088   -2.49564170735524    0.14919101123882
H         3.12294807224356   -1.14027544233981    0.07552102745328
H         3.02533932944426    1.29876168558235   -0.07523953308722
H         0.85911425994188    2.48451398729634   -0.17258127427562
H        -1.90650660135623    1.96776102283767   -0.13549088270820
H        -3.89887379567427    1.81149204970496   -1.20387605903133
H        -6.34197127304312    1.94444508993439   -1.21680805771055
H        -7.69133870414076    0.19744736216899   -0.11260693082964
H        -6.56523012882386   -1.68845386357799    1.01550578770076
H        -4.11121586558659   -1.81353390858466    1.05761318350916
H        -1.90076654241690   -2.22792949066019    0.11335316919023
26
 energy: -38.525944995910 gnorm: 0.000134450509 xtb: 6.4.1 (1a32961)
C         1.01114882615652   -1.41858738345885    0.08047572244644
C         2.15685251621184   -0.65720554453488    0.03982298819207
C         2.10218252803480    0.73807725832456   -0.04934938611349
C         0.89805690404128    1.40725649955605   -0.10354121767310
C        -0.26367625629819    0.64547392200718   -0.06755020834093
N        -1.57249444090380    1.01947523980498   -0.11769961204054
C        -2.37318267500802   -0.09547848169038   -0.02999951320779
C        -3.82406169022459   -0.00748739624925   -0.05814559729631
C        -4.47403208793403    1.05166232990252   -0.69487832331577
C        -5.85455827169219    1.12177668216948   -0.71374370645983
C        -6.61314653516588    0.13928081362400   -0.09865389415758
C        -5.97955083124864   -0.92030525458894    0.53176324584028
C        -4.60023861863495   -0.99495278395686    0.55203527326227
C        -1.57235245762791   -1.20872022852413    0.06069125314275
C        -0.22426469070746   -0.76897877273212    0.03237253787417
H         1.05966380099770   -2.49552408389494    0.15134913649949
H         3.12291689661122   -1.14031052315656    0.07656730680073
H         3.02541218603408    1.29859165145188   -0.07643527310393
H         0.85925432760515    2.48436269852528   -0.17471794630100
H        -1.90631856850014    1.96780423252600   -0.13665474731903
H        -3.89904733892910    1.81278624159338   -1.20200754911809
H        -6.34208661500301    1.94563969480423   -1.21473670255826
H        -7.69138329530039    0.19732677738711   -0.11252818168501
H        -6.56517526128238   -1.68977993776436    1.01347203104813
H        -4.11120435450801   -1.81468597704107    1.05563077135354
H        -1.90076399672394   -2.22774767408423    0.11487159223087
26
 energy: -38.525945976292 gnorm: 0.000128624760 xtb: 6.4.1 (1a32961)
C         1.01116063321303   -1.41852052601342    0.08163650311388
C         2.15686256786901   -0.65716713304527    0.04047174803767
C         2.10219677430008    0.73803764990403   -0.04992198458975
C         0.89807578813773    1.40717495025612   -0.10471196588881
C        -0.26365885967437    0.64542003899793   -0.06810250322546
N        -1.57246985532925    1.01939303373568   -0.11858969876482
C        -2.37318827944877   -0.09549001503368   -0.03009134375134
C        -3.82405295722859   -0.00750883878527   -0.05823603311286
C        -4.47406578187637    1.05225664341565   -0.69392313015139
C        -5.85458823817403    1.12245023182168   -0.71260686438705
C        -6.61317738408546    0.13932861115675   -0.09852165811330
C        -5.97956591793787   -0.92094712745362    0.53072376208491
C        -4.60025475976571   -0.99558135262000    0.55095684155991
C        -1.57233519579811   -1.20867099729298    0.06135975045996
C        -0.22425036568252   -0.76895375847180    0.03284945881619
H         1.05967196513274   -2.49539769422535    0.15340806396208
H         3.12292703738644   -1.14023337454626    0.07771630278061
H         3.02542897615793    1.29852173189605   -0.07756716458445
H         0.85927341670315    2.48422000746861   -0.17681904391575
H        -1.90622596352346    1.96774214075804   -0.13773164207553
H        -3.89913804218948    1.81393294165707   -1.20028120373328
H        -6.34211556814183    1.94682716055648   -1.21275084844630
H        -7.69141519005791    0.19738014558326   -0.11233805860350
H        -6.56518820070105   -1.69092086682284    1.01163511027228
H        -4.11125562959783   -1.81586652406438    1.05368077310963
H        -1.90070096968752   -2.22767707883239    0.11616482914654
