12
 energy: -24.170368960907 gnorm: 0.030872548066 xtb: 6.4.1 (1a32961)
C         0.22606000000000    1.22838000000000    0.00843000000000
C        -1.16994000000000    1.21736000000000    0.00226000000000
C        -1.84573000000000    0.00113000000000    0.00124000000000
F        -3.18494000000000   -0.00866000000000   -0.00530000000000
C        -1.15260000000000   -1.20564000000000    0.00772000000000
C         0.24331000000000   -1.19700000000000    0.01033000000000
C         0.92664000000000    0.02075000000000    0.01011000000000
Cl        2.64676000000000    0.03287000000000    0.00902000000000
H         0.75895000000000    2.17544000000000    0.01072000000000
H        -1.73304000000000    2.14531000000000   -0.00263000000000
H        -1.70240000000000   -2.14160000000000    0.00850000000000
H         0.78972000000000   -2.13619000000000    0.01230000000000
12
 energy: -24.171278418604 gnorm: 0.012410482129 xtb: 6.4.1 (1a32961)
C         0.21990461607049    1.22309166278734    0.00602862432529
C        -1.16499991232349    1.21455699389232    0.00249199001984
C        -1.83278609655651    0.00113031227014    0.00205987429982
F        -3.17894569958214   -0.00861207213772   -0.00268675069106
C        -1.14773260823600   -1.20280735569872    0.00608897328281
C         0.23708903307163   -1.19176172390735    0.00949173162209
C         0.91419707666841    0.02063005567032    0.00908849764875
Cl        2.63891327074100    0.03284992782764    0.01368887875179
H         0.75301566226588    2.16154528379576    0.00726247085404
H        -1.72498095208633    2.13764581929180   -0.00043457458484
H        -1.69462290649692   -2.13371594506951    0.00667332579473
H         0.78373851646398   -2.12240295872203    0.01294695867675
12
 energy: -24.171382112315 gnorm: 0.005224844489 xtb: 6.4.1 (1a32961)
C         0.21835179023501    1.22277537753312    0.00603058213197
C        -1.16450918545679    1.21526160631167    0.00230607500193
C        -1.82737992260651    0.00110678332552    0.00218798090995
F        -3.17913572508434   -0.00858694358488   -0.00135814472283
C        -1.14725875908362   -1.20353736015204    0.00585626480042
C         0.23555201476952   -1.19144842823352    0.00958269925254
C         0.90959399770124    0.02056820944539    0.00977688414818
Cl        2.63909115816770    0.03290053467920    0.01485527529943
H         0.75389155934672    2.15751001052087    0.00586151724296
H        -1.72512421682553    2.13581615497297   -0.00050665682130
H        -1.69490918090168   -2.13185371446107    0.00574060977362
H         0.78462646973828   -2.11836223035723    0.01236691298313
12
 energy: -24.171407535907 gnorm: 0.001639662449 xtb: 6.4.1 (1a32961)
C         0.21824662578363    1.22365168723916    0.00569784872651
C        -1.16507621343112    1.21647578860018    0.00232805642895
C        -1.82495531273780    0.00109431250559    0.00247730506132
F        -3.18009119908932   -0.00856451809440   -0.00096866025837
C        -1.14781793747024   -1.20477579818516    0.00575989941603
C         0.23547749577824   -1.19232128792873    0.00936799314880
C         0.90765091427177    0.02053494920243    0.00945392942671
Cl        2.64073810556562    0.03295137838417    0.01541897947879
H         0.75599329262353    2.15699416660539    0.00578384185379
H        -1.72714106002446    2.13580990349845   -0.00057910913723
H        -1.69696678197099   -2.13187316617829    0.00545727506610
H         0.78673207070113   -2.11782741564879    0.01250264078861
12
 energy: -24.171410896411 gnorm: 0.000839229256 xtb: 6.4.1 (1a32961)
C         0.21859675317042    1.22460233991201    0.00626468213963
C        -1.16567607393359    1.21738249941481    0.00236176400674
C        -1.82407712042738    0.00109354122085    0.00219247908253
F        -3.18056659157116   -0.00854464325490   -0.00165062646779
C        -1.14840783362826   -1.20569435456352    0.00595955518636
C         0.23585551027632   -1.19326965597315    0.00977751345742
C         0.90680352861512    0.02052176853532    0.01007322873702
Cl        2.64222083653316    0.03298701794151    0.01430261552588
H         0.75764934688354    2.15777487151489    0.00599731585104
H        -1.72908709642649    2.13626589549482   -0.00066728897905
H        -1.69889502615224   -2.13237173775726    0.00572035389944
H         0.78837376666057   -2.11859754248536    0.01236840756077
12
 energy: -24.171411520079 gnorm: 0.000224270172 xtb: 6.4.1 (1a32961)
C         0.21860052339961    1.22442046611084    0.00584096443519
C        -1.16552536738379    1.21712656225387    0.00236923105197
C        -1.82447115253563    0.00109836554175    0.00240834573872
F        -3.18025634800212   -0.00854646941622   -0.00150689125939
C        -1.14825737175173   -1.20542982945829    0.00592666430329
C         0.23585323891999   -1.19308792115413    0.00940009618910
C         0.90698432267024    0.02052704501014    0.00931295945772
Cl        2.64197419789279    0.03297704026862    0.01486663693316
H         0.75718253720544    2.15780570694193    0.00627119710536
H        -1.72870228146653    2.13617351407297   -0.00060724991878
H        -1.69849231907193   -2.13227612208176    0.00577932660275
H         0.78790002012366   -2.11863835808972    0.01263871936089
