101
 energy: -149.418859855890 gnorm: 2.556958875888 xtb: 6.4.1 (1a32961)
N        -0.96510000000000   -2.11530000000000   -0.24090000000000
C        -2.24700000000000   -1.69840000000000   -0.36220000000000
C        -3.14040000000000   -2.36820000000000   -1.21200000000000
C        -2.70220000000000   -3.47560000000000   -1.93050000000000
C        -1.37780000000000   -3.89880000000000   -1.78760000000000
C        -0.54290000000000   -3.18670000000000   -0.93510000000000
H         0.49810000000000   -3.45630000000000   -0.78940000000000
H        -0.99570000000000   -4.76030000000000   -2.32770000000000
H        -4.16500000000000   -2.02890000000000   -1.31830000000000
C        -2.62130000000000   -0.50950000000000    0.44100000000000
N        -1.62600000000000    0.07330000000000    1.16020000000000
C        -1.89680000000000    1.15240000000000    1.91690000000000
C        -3.17230000000000    1.70330000000000    1.99650000000000
C        -4.20510000000000    1.11740000000000    1.26270000000000
C        -3.92610000000000    0.00250000000000    0.47820000000000
H        -4.71960000000000   -0.46420000000000   -0.09520000000000
H        -3.34630000000000    2.57510000000000    2.62070000000000
H        -1.04450000000000    1.57420000000000    2.43690000000000
Ir        0.42150000000000   -0.81650000000000    0.91330000000000
H         0.87260000000000   -2.23030000000000    1.54050000000000
B         0.50670000000000    0.41560000000000   -0.81540000000000
O         0.19500000000000   -0.04700000000000   -2.09150000000000
C         0.00650000000000    1.10040000000000   -2.95430000000000
C         0.49020000000000    0.74740000000000   -4.35780000000000
H         1.51610000000000    0.37380000000000   -4.33700000000000
H         0.44730000000000    1.62240000000000   -5.01670000000000
H        -0.14740000000000   -0.03390000000000   -4.78430000000000
C        -1.50120000000000    1.39560000000000   -2.96670000000000
H        -1.75370000000000    2.21460000000000   -3.64850000000000
H        -2.03200000000000    0.49450000000000   -3.28930000000000
H        -1.85170000000000    1.65210000000000   -1.96220000000000
C         0.84230000000000    2.20670000000000   -2.22040000000000
O         0.75200000000000    1.78260000000000   -0.83690000000000
C         2.32930000000000    2.18620000000000   -2.59900000000000
H         2.74130000000000    1.18500000000000   -2.45750000000000
H         2.48870000000000    2.51300000000000   -3.63180000000000
H         2.87200000000000    2.86270000000000   -1.93200000000000
C         0.28440000000000    3.62290000000000   -2.33660000000000
H        -0.72650000000000    3.69040000000000   -1.92910000000000
H         0.92130000000000    4.31480000000000   -1.77610000000000
H         0.26430000000000    3.94810000000000   -3.38320000000000
B         1.56300000000000    0.60960000000000    1.84840000000000
O         2.92780000000000    0.55230000000000    2.15020000000000
C         3.36330000000000    1.88660000000000    2.50260000000000
C         4.53140000000000    1.78590000000000    3.47740000000000
H         4.27910000000000    1.16090000000000    4.33690000000000
H         5.39390000000000    1.33790000000000    2.97340000000000
H         4.82390000000000    2.77870000000000    3.83820000000000
C         3.79700000000000    2.56850000000000    1.19670000000000
H         4.20020000000000    3.57090000000000    1.37680000000000
H         4.56740000000000    1.95560000000000    0.72110000000000
H         2.95240000000000    2.63260000000000    0.50540000000000
C         2.05040000000000    2.50090000000000    3.09320000000000
O         1.03750000000000    1.81620000000000    2.31910000000000
C         1.89100000000000    4.00450000000000    2.88650000000000
H         1.87290000000000    4.25440000000000    1.82410000000000
H         0.94940000000000    4.34260000000000    3.33170000000000
H         2.71080000000000    4.55150000000000    3.36630000000000
C         1.82470000000000    2.13200000000000    4.56520000000000
H         1.92610000000000    1.05330000000000    4.71320000000000
H         2.52610000000000    2.65280000000000    5.22540000000000
H         0.80630000000000    2.41580000000000    4.84900000000000
B         2.27820000000000   -1.33090000000000    0.17410000000000
O         2.89460000000000   -2.57740000000000    0.38450000000000
C         4.26930000000000   -2.48200000000000   -0.07210000000000
C         5.10900000000000   -2.05380000000000    1.14010000000000
H         4.76350000000000   -1.08740000000000    1.51750000000000
H         4.98050000000000   -2.79470000000000    1.93590000000000
H         6.17420000000000   -1.99290000000000    0.89300000000000
C         4.71950000000000   -3.84660000000000   -0.58470000000000
H         4.75280000000000   -4.56130000000000    0.24420000000000
H         5.72330000000000   -3.78370000000000   -1.02010000000000
H         4.03500000000000   -4.23600000000000   -1.34170000000000
C         4.16440000000000   -1.36220000000000   -1.16300000000000
O         3.08520000000000   -0.55030000000000   -0.65400000000000
C         5.40720000000000   -0.48870000000000   -1.31550000000000
H         6.27320000000000   -1.09010000000000   -1.61530000000000
H         5.23300000000000    0.26930000000000   -2.08590000000000
H         5.64270000000000    0.02650000000000   -0.38240000000000
C         3.71800000000000   -1.89830000000000   -2.53110000000000
H         2.82530000000000   -2.52160000000000   -2.42740000000000
H         3.46090000000000   -1.05250000000000   -3.17550000000000
H         4.50570000000000   -2.48290000000000   -3.01790000000000
H        -3.38500000000000   -4.00130000000000   -2.59310000000000
H        -5.21400000000000    1.52080000000000    1.29960000000000
C         0.23590000000000   -1.68140000000000    2.96030000000000
C        -1.00750000000000   -2.12040000000000    3.51080000000000
C         1.29360000000000   -1.85560000000000    3.83800000000000
C        -0.83870000000000   -2.60990000000000    4.77900000000000
H        -1.96230000000000   -2.07440000000000    3.00160000000000
S         0.75880000000000   -2.54170000000000    5.32160000000000
C         2.70920000000000   -1.55240000000000    3.66490000000000
Cl       -2.06480000000000   -3.24750000000000    5.79960000000000
O         3.45730000000000   -1.27060000000000    4.60270000000000
C         3.24070000000000   -1.62650000000000    2.23700000000000
C         4.72350000000000   -1.30190000000000    2.14700000000000
H         2.68490000000000   -0.92170000000000    1.61000000000000
H         3.07480000000000   -2.64200000000000    1.85990000000000
H         4.92530000000000   -0.28900000000000    2.51160000000000
H         5.06620000000000   -1.36620000000000    1.10990000000000
H         5.31770000000000   -1.99900000000000    2.74680000000000
101
 energy: -149.884320349991 gnorm: 0.991076153750 xtb: 6.4.1 (1a32961)
N        -0.96510000000000   -2.11530000000000   -0.24090000000000
C        -2.24700000000000   -1.69840000000000   -0.36220000000000
C        -3.14040000000000   -2.36820000000000   -1.21200000000000
C        -2.70220000000000   -3.47560000000000   -1.93050000000000
C        -1.37780000000000   -3.89880000000000   -1.78760000000000
C        -0.54290000000000   -3.18670000000000   -0.93510000000000
H         0.49810000000000   -3.45630000000000   -0.78940000000000
H        -0.99570000000000   -4.76030000000000   -2.32770000000000
H        -4.16500000000000   -2.02890000000000   -1.31830000000000
C        -2.62130000000000   -0.50950000000000    0.44100000000000
N        -1.62600000000000    0.07330000000000    1.16020000000000
C        -1.89680000000000    1.15240000000000    1.91690000000000
C        -3.17230000000000    1.70330000000000    1.99650000000000
C        -4.20510000000000    1.11740000000000    1.26270000000000
C        -3.92610000000000    0.00250000000000    0.47820000000000
H        -4.71960000000000   -0.46420000000000   -0.09520000000000
H        -3.34630000000000    2.57510000000000    2.62070000000000
H        -1.04450000000000    1.57420000000000    2.43690000000000
Ir        0.42150000000000   -0.81650000000000    0.91330000000000
H         0.87260000000000   -2.23030000000000    1.54050000000000
B         0.50670000000000    0.41560000000000   -0.81540000000000
O         0.19500000000000   -0.04700000000000   -2.09150000000000
C         0.00650000000000    1.10040000000000   -2.95430000000000
C         0.49020000000000    0.74740000000000   -4.35780000000000
H         1.51610000000000    0.37380000000000   -4.33700000000000
H         0.44730000000000    1.62240000000000   -5.01670000000000
H        -0.14740000000000   -0.03390000000000   -4.78430000000000
C        -1.50120000000000    1.39560000000000   -2.96670000000000
H        -1.75370000000000    2.21460000000000   -3.64850000000000
H        -2.03200000000000    0.49450000000000   -3.28930000000000
H        -1.85170000000000    1.65210000000000   -1.96220000000000
C         0.84230000000000    2.20670000000000   -2.22040000000000
O         0.75200000000000    1.78260000000000   -0.83690000000000
C         2.32930000000000    2.18620000000000   -2.59900000000000
H         2.74130000000000    1.18500000000000   -2.45750000000000
H         2.48870000000000    2.51300000000000   -3.63180000000000
H         2.87200000000000    2.86270000000000   -1.93200000000000
C         0.28440000000000    3.62290000000000   -2.33660000000000
H        -0.72650000000000    3.69040000000000   -1.92910000000000
H         0.92130000000000    4.31480000000000   -1.77610000000000
H         0.26430000000000    3.94810000000000   -3.38320000000000
B         1.56300000000000    0.60960000000000    1.84840000000000
O         2.92780000000000    0.55230000000000    2.15020000000000
C         3.36330000000000    1.88660000000000    2.50260000000000
C         4.53140000000000    1.78590000000000    3.47740000000000
H         4.27910000000000    1.16090000000000    4.33690000000000
H         5.39390000000000    1.33790000000000    2.97340000000000
H         4.82390000000000    2.77870000000000    3.83820000000000
C         3.79700000000000    2.56850000000000    1.19670000000000
H         4.20020000000000    3.57090000000000    1.37680000000000
H         4.56740000000000    1.95560000000000    0.72110000000000
H         2.95240000000000    2.63260000000000    0.50540000000000
C         2.05040000000000    2.50090000000000    3.09320000000000
O         1.03750000000000    1.81620000000000    2.31910000000000
C         1.89100000000000    4.00450000000000    2.88650000000000
H         1.87290000000000    4.25440000000000    1.82410000000000
H         0.94940000000000    4.34260000000000    3.33170000000000
H         2.71080000000000    4.55150000000000    3.36630000000000
C         1.82470000000000    2.13200000000000    4.56520000000000
H         1.92610000000000    1.05330000000000    4.71320000000000
H         2.52610000000000    2.65280000000000    5.22540000000000
H         0.80630000000000    2.41580000000000    4.84900000000000
B         2.27820000000000   -1.33090000000000    0.17410000000000
O         2.89460000000000   -2.57740000000000    0.38450000000000
C         4.26930000000000   -2.48200000000000   -0.07210000000000
C         5.10900000000000   -2.05380000000000    1.14010000000000
H         4.76350000000000   -1.08740000000000    1.51750000000000
H         4.98050000000000   -2.79470000000000    1.93590000000000
H         6.17420000000000   -1.99290000000000    0.89300000000000
C         4.71950000000000   -3.84660000000000   -0.58470000000000
H         4.75280000000000   -4.56130000000000    0.24420000000000
H         5.72330000000000   -3.78370000000000   -1.02010000000000
H         4.03500000000000   -4.23600000000000   -1.34170000000000
C         4.16440000000000   -1.36220000000000   -1.16300000000000
O         3.08520000000000   -0.55030000000000   -0.65400000000000
C         5.40720000000000   -0.48870000000000   -1.31550000000000
H         6.27320000000000   -1.09010000000000   -1.61530000000000
H         5.23300000000000    0.26930000000000   -2.08590000000000
H         5.64270000000000    0.02650000000000   -0.38240000000000
C         3.71800000000000   -1.89830000000000   -2.53110000000000
H         2.82530000000000   -2.52160000000000   -2.42740000000000
H         3.46090000000000   -1.05250000000000   -3.17550000000000
H         4.50570000000000   -2.48290000000000   -3.01790000000000
H        -3.38500000000000   -4.00130000000000   -2.59310000000000
H        -5.21400000000000    1.52080000000000    1.29960000000000
C         0.23590000000000   -1.68140000000000    2.96030000000000
C        -0.99158966337640   -2.11349302280260    3.52329514506358
C         1.31211263642760   -1.86773104076082    3.83083467245739
C        -0.81952677502842   -2.60871255580581    4.78830443689605
H        -1.95149405237790   -2.05707385862297    3.02781730459427
S         0.79152369393319   -2.55733635945253    5.33042344737013
C         2.71138763284722   -1.57771859173816    3.66408039779472
Cl       -2.04077505265089   -3.24071456470169    5.82192450181633
O         3.49825514150772   -1.30576155779949    4.59040206756063
C         3.23911667518850   -1.66287021965105    2.27208572618398
C         4.72337948841918   -1.37517188446768    2.34367821758876
H         2.69758814704611   -0.95486385369453    1.61122943954312
H         3.06498159059545   -2.66265242518031    1.86261709367904
H         4.93778006942890   -0.31861771744201    2.54469830769841
H         5.05818818961949   -1.23797218705180    1.10990751670807
H         5.34746029906225   -2.04132498323046    2.79836504485977
101
 energy: -150.023644921944 gnorm: 0.689419667221 xtb: 6.4.1 (1a32961)
N        -0.96510000000000   -2.11530000000000   -0.24090000000000
C        -2.24700000000000   -1.69840000000000   -0.36220000000000
C        -3.14040000000000   -2.36820000000000   -1.21200000000000
C        -2.70220000000000   -3.47560000000000   -1.93050000000000
C        -1.37780000000000   -3.89880000000000   -1.78760000000000
C        -0.54290000000000   -3.18670000000000   -0.93510000000000
H         0.49810000000000   -3.45630000000000   -0.78940000000000
H        -0.99570000000000   -4.76030000000000   -2.32770000000000
H        -4.16500000000000   -2.02890000000000   -1.31830000000000
C        -2.62130000000000   -0.50950000000000    0.44100000000000
N        -1.62600000000000    0.07330000000000    1.16020000000000
C        -1.89680000000000    1.15240000000000    1.91690000000000
C        -3.17230000000000    1.70330000000000    1.99650000000000
C        -4.20510000000000    1.11740000000000    1.26270000000000
C        -3.92610000000000    0.00250000000000    0.47820000000000
H        -4.71960000000000   -0.46420000000000   -0.09520000000000
H        -3.34630000000000    2.57510000000000    2.62070000000000
H        -1.04450000000000    1.57420000000000    2.43690000000000
Ir        0.42150000000000   -0.81650000000000    0.91330000000000
H         0.87260000000000   -2.23030000000000    1.54050000000000
B         0.50670000000000    0.41560000000000   -0.81540000000000
O         0.19500000000000   -0.04700000000000   -2.09150000000000
C         0.00650000000000    1.10040000000000   -2.95430000000000
C         0.49020000000000    0.74740000000000   -4.35780000000000
H         1.51610000000000    0.37380000000000   -4.33700000000000
H         0.44730000000000    1.62240000000000   -5.01670000000000
H        -0.14740000000000   -0.03390000000000   -4.78430000000000
C        -1.50120000000000    1.39560000000000   -2.96670000000000
H        -1.75370000000000    2.21460000000000   -3.64850000000000
H        -2.03200000000000    0.49450000000000   -3.28930000000000
H        -1.85170000000000    1.65210000000000   -1.96220000000000
C         0.84230000000000    2.20670000000000   -2.22040000000000
O         0.75200000000000    1.78260000000000   -0.83690000000000
C         2.32930000000000    2.18620000000000   -2.59900000000000
H         2.74130000000000    1.18500000000000   -2.45750000000000
H         2.48870000000000    2.51300000000000   -3.63180000000000
H         2.87200000000000    2.86270000000000   -1.93200000000000
C         0.28440000000000    3.62290000000000   -2.33660000000000
H        -0.72650000000000    3.69040000000000   -1.92910000000000
H         0.92130000000000    4.31480000000000   -1.77610000000000
H         0.26430000000000    3.94810000000000   -3.38320000000000
B         1.56300000000000    0.60960000000000    1.84840000000000
O         2.92780000000000    0.55230000000000    2.15020000000000
C         3.36330000000000    1.88660000000000    2.50260000000000
C         4.53140000000000    1.78590000000000    3.47740000000000
H         4.27910000000000    1.16090000000000    4.33690000000000
H         5.39390000000000    1.33790000000000    2.97340000000000
H         4.82390000000000    2.77870000000000    3.83820000000000
C         3.79700000000000    2.56850000000000    1.19670000000000
H         4.20020000000000    3.57090000000000    1.37680000000000
H         4.56740000000000    1.95560000000000    0.72110000000000
H         2.95240000000000    2.63260000000000    0.50540000000000
C         2.05040000000000    2.50090000000000    3.09320000000000
O         1.03750000000000    1.81620000000000    2.31910000000000
C         1.89100000000000    4.00450000000000    2.88650000000000
H         1.87290000000000    4.25440000000000    1.82410000000000
H         0.94940000000000    4.34260000000000    3.33170000000000
H         2.71080000000000    4.55150000000000    3.36630000000000
C         1.82470000000000    2.13200000000000    4.56520000000000
H         1.92610000000000    1.05330000000000    4.71320000000000
H         2.52610000000000    2.65280000000000    5.22540000000000
H         0.80630000000000    2.41580000000000    4.84900000000000
B         2.27820000000000   -1.33090000000000    0.17410000000000
O         2.89460000000000   -2.57740000000000    0.38450000000000
C         4.26930000000000   -2.48200000000000   -0.07210000000000
C         5.10900000000000   -2.05380000000000    1.14010000000000
H         4.76350000000000   -1.08740000000000    1.51750000000000
H         4.98050000000000   -2.79470000000000    1.93590000000000
H         6.17420000000000   -1.99290000000000    0.89300000000000
C         4.71950000000000   -3.84660000000000   -0.58470000000000
H         4.75280000000000   -4.56130000000000    0.24420000000000
H         5.72330000000000   -3.78370000000000   -1.02010000000000
H         4.03500000000000   -4.23600000000000   -1.34170000000000
C         4.16440000000000   -1.36220000000000   -1.16300000000000
O         3.08520000000000   -0.55030000000000   -0.65400000000000
C         5.40720000000000   -0.48870000000000   -1.31550000000000
H         6.27320000000000   -1.09010000000000   -1.61530000000000
H         5.23300000000000    0.26930000000000   -2.08590000000000
H         5.64270000000000    0.02650000000000   -0.38240000000000
C         3.71800000000000   -1.89830000000000   -2.53110000000000
H         2.82530000000000   -2.52160000000000   -2.42740000000000
H         3.46090000000000   -1.05250000000000   -3.17550000000000
H         4.50570000000000   -2.48290000000000   -3.01790000000000
H        -3.38500000000000   -4.00130000000000   -2.59310000000000
H        -5.21400000000000    1.52080000000000    1.29960000000000
C         0.23590000000000   -1.68140000000000    2.96030000000000
C        -0.97810181530627   -2.11310242177449    3.53169547976871
C         1.31312030852321   -1.88875460377246    3.83996314622975
C        -0.80755324533849   -2.61712278369772    4.79460047622091
H        -1.94376617272565   -2.03567781956643    3.05334020176581
S         0.81090071794969   -2.58882827150719    5.35093938559755
C         2.70103112483721   -1.61195469266621    3.70809786372090
Cl       -2.02898519792917   -3.23777760459354    5.83848794625289
O         3.53688454775967   -1.37472349765721    4.61803468964603
C         3.25587821482693   -1.70907960575972    2.34566621778662
C         4.73676564488341   -1.38543849582815    2.40860680865911
H         2.72165941973905   -1.02752824137719    1.64985319336814
H         3.04770508786370   -2.70038630650330    1.92682616706874
H         4.95046176483807   -0.31467767344513    2.54777367649430
H         5.09254427494610   -1.19204325812488    1.05803339876664
H         5.39920863217713   -2.05244132528704    2.90005454441371
101
 energy: -150.129204814603 gnorm: 0.393239093674 xtb: 6.4.1 (1a32961)
N        -0.96510000000000   -2.11530000000000   -0.24090000000000
C        -2.24700000000000   -1.69840000000000   -0.36220000000000
C        -3.14040000000000   -2.36820000000000   -1.21200000000000
C        -2.70220000000000   -3.47560000000000   -1.93050000000000
C        -1.37780000000000   -3.89880000000000   -1.78760000000000
C        -0.54290000000000   -3.18670000000000   -0.93510000000000
H         0.49810000000000   -3.45630000000000   -0.78940000000000
H        -0.99570000000000   -4.76030000000000   -2.32770000000000
H        -4.16500000000000   -2.02890000000000   -1.31830000000000
C        -2.62130000000000   -0.50950000000000    0.44100000000000
N        -1.62600000000000    0.07330000000000    1.16020000000000
C        -1.89680000000000    1.15240000000000    1.91690000000000
C        -3.17230000000000    1.70330000000000    1.99650000000000
C        -4.20510000000000    1.11740000000000    1.26270000000000
C        -3.92610000000000    0.00250000000000    0.47820000000000
H        -4.71960000000000   -0.46420000000000   -0.09520000000000
H        -3.34630000000000    2.57510000000000    2.62070000000000
H        -1.04450000000000    1.57420000000000    2.43690000000000
Ir        0.42150000000000   -0.81650000000000    0.91330000000000
H         0.87260000000000   -2.23030000000000    1.54050000000000
B         0.50670000000000    0.41560000000000   -0.81540000000000
O         0.19500000000000   -0.04700000000000   -2.09150000000000
C         0.00650000000000    1.10040000000000   -2.95430000000000
C         0.49020000000000    0.74740000000000   -4.35780000000000
H         1.51610000000000    0.37380000000000   -4.33700000000000
H         0.44730000000000    1.62240000000000   -5.01670000000000
H        -0.14740000000000   -0.03390000000000   -4.78430000000000
C        -1.50120000000000    1.39560000000000   -2.96670000000000
H        -1.75370000000000    2.21460000000000   -3.64850000000000
H        -2.03200000000000    0.49450000000000   -3.28930000000000
H        -1.85170000000000    1.65210000000000   -1.96220000000000
C         0.84230000000000    2.20670000000000   -2.22040000000000
O         0.75200000000000    1.78260000000000   -0.83690000000000
C         2.32930000000000    2.18620000000000   -2.59900000000000
H         2.74130000000000    1.18500000000000   -2.45750000000000
H         2.48870000000000    2.51300000000000   -3.63180000000000
H         2.87200000000000    2.86270000000000   -1.93200000000000
C         0.28440000000000    3.62290000000000   -2.33660000000000
H        -0.72650000000000    3.69040000000000   -1.92910000000000
H         0.92130000000000    4.31480000000000   -1.77610000000000
H         0.26430000000000    3.94810000000000   -3.38320000000000
B         1.56300000000000    0.60960000000000    1.84840000000000
O         2.92780000000000    0.55230000000000    2.15020000000000
C         3.36330000000000    1.88660000000000    2.50260000000000
C         4.53140000000000    1.78590000000000    3.47740000000000
H         4.27910000000000    1.16090000000000    4.33690000000000
H         5.39390000000000    1.33790000000000    2.97340000000000
H         4.82390000000000    2.77870000000000    3.83820000000000
C         3.79700000000000    2.56850000000000    1.19670000000000
H         4.20020000000000    3.57090000000000    1.37680000000000
H         4.56740000000000    1.95560000000000    0.72110000000000
H         2.95240000000000    2.63260000000000    0.50540000000000
C         2.05040000000000    2.50090000000000    3.09320000000000
O         1.03750000000000    1.81620000000000    2.31910000000000
C         1.89100000000000    4.00450000000000    2.88650000000000
H         1.87290000000000    4.25440000000000    1.82410000000000
H         0.94940000000000    4.34260000000000    3.33170000000000
H         2.71080000000000    4.55150000000000    3.36630000000000
C         1.82470000000000    2.13200000000000    4.56520000000000
H         1.92610000000000    1.05330000000000    4.71320000000000
H         2.52610000000000    2.65280000000000    5.22540000000000
H         0.80630000000000    2.41580000000000    4.84900000000000
B         2.27820000000000   -1.33090000000000    0.17410000000000
O         2.89460000000000   -2.57740000000000    0.38450000000000
C         4.26930000000000   -2.48200000000000   -0.07210000000000
C         5.10900000000000   -2.05380000000000    1.14010000000000
H         4.76350000000000   -1.08740000000000    1.51750000000000
H         4.98050000000000   -2.79470000000000    1.93590000000000
H         6.17420000000000   -1.99290000000000    0.89300000000000
C         4.71950000000000   -3.84660000000000   -0.58470000000000
H         4.75280000000000   -4.56130000000000    0.24420000000000
H         5.72330000000000   -3.78370000000000   -1.02010000000000
H         4.03500000000000   -4.23600000000000   -1.34170000000000
C         4.16440000000000   -1.36220000000000   -1.16300000000000
O         3.08520000000000   -0.55030000000000   -0.65400000000000
C         5.40720000000000   -0.48870000000000   -1.31550000000000
H         6.27320000000000   -1.09010000000000   -1.61530000000000
H         5.23300000000000    0.26930000000000   -2.08590000000000
H         5.64270000000000    0.02650000000000   -0.38240000000000
C         3.71800000000000   -1.89830000000000   -2.53110000000000
H         2.82530000000000   -2.52160000000000   -2.42740000000000
H         3.46090000000000   -1.05250000000000   -3.17550000000000
H         4.50570000000000   -2.48290000000000   -3.01790000000000
H        -3.38500000000000   -4.00130000000000   -2.59310000000000
H        -5.21400000000000    1.52080000000000    1.29960000000000
C         0.23590000000000   -1.68140000000000    2.96030000000000
C        -0.96598349228719   -2.10946025383128    3.54698457538651
C         1.31325878696758   -1.90814773136865    3.84938163849452
C        -0.79612652527042   -2.62481786188048    4.80521190055924
H        -1.93809456581139   -2.01318093880218    3.08725784814184
S         0.82860022835362   -2.61832030684138    5.37131339651745
C         2.69554787125003   -1.65123788584332    3.75660571391887
Cl       -2.01488651624568   -3.23231062464235    5.86229125043403
O         3.57291768454335   -1.45337005411793    4.64880545614382
C         3.27631770478776   -1.76325126883684    2.41243829514140
C         4.75413878271294   -1.40072494912954    2.48257169911533
H         2.75178205143789   -1.10439496852859    1.69715191838722
H         3.04711801579258   -2.74923164601426    1.98253028540409
H         4.96102404258129   -0.33349816227918    2.56994522460707
H         5.15038831369695   -1.11028335554779    0.97866788410186
H         5.42550239755268   -2.05929447332740    3.02212354197607
101
 energy: -150.172516408449 gnorm: 0.310901611558 xtb: 6.4.1 (1a32961)
N        -0.96510000000000   -2.11530000000000   -0.24090000000000
C        -2.24700000000000   -1.69840000000000   -0.36220000000000
C        -3.14040000000000   -2.36820000000000   -1.21200000000000
C        -2.70220000000000   -3.47560000000000   -1.93050000000000
C        -1.37780000000000   -3.89880000000000   -1.78760000000000
C        -0.54290000000000   -3.18670000000000   -0.93510000000000
H         0.49810000000000   -3.45630000000000   -0.78940000000000
H        -0.99570000000000   -4.76030000000000   -2.32770000000000
H        -4.16500000000000   -2.02890000000000   -1.31830000000000
C        -2.62130000000000   -0.50950000000000    0.44100000000000
N        -1.62600000000000    0.07330000000000    1.16020000000000
C        -1.89680000000000    1.15240000000000    1.91690000000000
C        -3.17230000000000    1.70330000000000    1.99650000000000
C        -4.20510000000000    1.11740000000000    1.26270000000000
C        -3.92610000000000    0.00250000000000    0.47820000000000
H        -4.71960000000000   -0.46420000000000   -0.09520000000000
H        -3.34630000000000    2.57510000000000    2.62070000000000
H        -1.04450000000000    1.57420000000000    2.43690000000000
Ir        0.42150000000000   -0.81650000000000    0.91330000000000
H         0.87260000000000   -2.23030000000000    1.54050000000000
B         0.50670000000000    0.41560000000000   -0.81540000000000
O         0.19500000000000   -0.04700000000000   -2.09150000000000
C         0.00650000000000    1.10040000000000   -2.95430000000000
C         0.49020000000000    0.74740000000000   -4.35780000000000
H         1.51610000000000    0.37380000000000   -4.33700000000000
H         0.44730000000000    1.62240000000000   -5.01670000000000
H        -0.14740000000000   -0.03390000000000   -4.78430000000000
C        -1.50120000000000    1.39560000000000   -2.96670000000000
H        -1.75370000000000    2.21460000000000   -3.64850000000000
H        -2.03200000000000    0.49450000000000   -3.28930000000000
H        -1.85170000000000    1.65210000000000   -1.96220000000000
C         0.84230000000000    2.20670000000000   -2.22040000000000
O         0.75200000000000    1.78260000000000   -0.83690000000000
C         2.32930000000000    2.18620000000000   -2.59900000000000
H         2.74130000000000    1.18500000000000   -2.45750000000000
H         2.48870000000000    2.51300000000000   -3.63180000000000
H         2.87200000000000    2.86270000000000   -1.93200000000000
C         0.28440000000000    3.62290000000000   -2.33660000000000
H        -0.72650000000000    3.69040000000000   -1.92910000000000
H         0.92130000000000    4.31480000000000   -1.77610000000000
H         0.26430000000000    3.94810000000000   -3.38320000000000
B         1.56300000000000    0.60960000000000    1.84840000000000
O         2.92780000000000    0.55230000000000    2.15020000000000
C         3.36330000000000    1.88660000000000    2.50260000000000
C         4.53140000000000    1.78590000000000    3.47740000000000
H         4.27910000000000    1.16090000000000    4.33690000000000
H         5.39390000000000    1.33790000000000    2.97340000000000
H         4.82390000000000    2.77870000000000    3.83820000000000
C         3.79700000000000    2.56850000000000    1.19670000000000
H         4.20020000000000    3.57090000000000    1.37680000000000
H         4.56740000000000    1.95560000000000    0.72110000000000
H         2.95240000000000    2.63260000000000    0.50540000000000
C         2.05040000000000    2.50090000000000    3.09320000000000
O         1.03750000000000    1.81620000000000    2.31910000000000
C         1.89100000000000    4.00450000000000    2.88650000000000
H         1.87290000000000    4.25440000000000    1.82410000000000
H         0.94940000000000    4.34260000000000    3.33170000000000
H         2.71080000000000    4.55150000000000    3.36630000000000
C         1.82470000000000    2.13200000000000    4.56520000000000
H         1.92610000000000    1.05330000000000    4.71320000000000
H         2.52610000000000    2.65280000000000    5.22540000000000
H         0.80630000000000    2.41580000000000    4.84900000000000
B         2.27820000000000   -1.33090000000000    0.17410000000000
O         2.89460000000000   -2.57740000000000    0.38450000000000
C         4.26930000000000   -2.48200000000000   -0.07210000000000
C         5.10900000000000   -2.05380000000000    1.14010000000000
H         4.76350000000000   -1.08740000000000    1.51750000000000
H         4.98050000000000   -2.79470000000000    1.93590000000000
H         6.17420000000000   -1.99290000000000    0.89300000000000
C         4.71950000000000   -3.84660000000000   -0.58470000000000
H         4.75280000000000   -4.56130000000000    0.24420000000000
H         5.72330000000000   -3.78370000000000   -1.02010000000000
H         4.03500000000000   -4.23600000000000   -1.34170000000000
C         4.16440000000000   -1.36220000000000   -1.16300000000000
O         3.08520000000000   -0.55030000000000   -0.65400000000000
C         5.40720000000000   -0.48870000000000   -1.31550000000000
H         6.27320000000000   -1.09010000000000   -1.61530000000000
H         5.23300000000000    0.26930000000000   -2.08590000000000
H         5.64270000000000    0.02650000000000   -0.38240000000000
C         3.71800000000000   -1.89830000000000   -2.53110000000000
H         2.82530000000000   -2.52160000000000   -2.42740000000000
H         3.46090000000000   -1.05250000000000   -3.17550000000000
H         4.50570000000000   -2.48290000000000   -3.01790000000000
H        -3.38500000000000   -4.00130000000000   -2.59310000000000
H        -5.21400000000000    1.52080000000000    1.29960000000000
C         0.23590000000000   -1.68140000000000    2.96030000000000
C        -0.95804490577563   -2.10250863666713    3.57792953586227
C         1.30870366280797   -1.93704860596676    3.86221640596276
C        -0.78170630637723   -2.63873975025272    4.82791225524083
H        -1.93896725008144   -1.97819243452005    3.14430053271599
S         0.84165255152016   -2.65740407811233    5.38545020481723
C         2.71474624073198   -1.72346013137549    3.82896334263840
Cl       -1.99091190730725   -3.22767853185350    5.90516849907729
O         3.56815281349148   -1.57880810740093    4.74503702894552
C         3.31600927849039   -1.81920302446497    2.48493168999457
C         4.77819201884567   -1.40049040034511    2.52008041440743
H         2.78223123918333   -1.17999515799505    1.77813465409912
H         3.09446266591891   -2.81074984879792    2.05588353179125
H         4.97295638931471   -0.33924229037873    2.61114200071908
H         5.18342120263194   -1.05872350846345    0.93652065412175
H         5.44416065467386   -2.04100702077835    3.11132071353711
101
 energy: -150.200533764746 gnorm: 0.286048579852 xtb: 6.4.1 (1a32961)
N        -0.96510000000000   -2.11530000000000   -0.24090000000000
C        -2.24700000000000   -1.69840000000000   -0.36220000000000
C        -3.14040000000000   -2.36820000000000   -1.21200000000000
C        -2.70220000000000   -3.47560000000000   -1.93050000000000
C        -1.37780000000000   -3.89880000000000   -1.78760000000000
C        -0.54290000000000   -3.18670000000000   -0.93510000000000
H         0.49810000000000   -3.45630000000000   -0.78940000000000
H        -0.99570000000000   -4.76030000000000   -2.32770000000000
H        -4.16500000000000   -2.02890000000000   -1.31830000000000
C        -2.62130000000000   -0.50950000000000    0.44100000000000
N        -1.62600000000000    0.07330000000000    1.16020000000000
C        -1.89680000000000    1.15240000000000    1.91690000000000
C        -3.17230000000000    1.70330000000000    1.99650000000000
C        -4.20510000000000    1.11740000000000    1.26270000000000
C        -3.92610000000000    0.00250000000000    0.47820000000000
H        -4.71960000000000   -0.46420000000000   -0.09520000000000
H        -3.34630000000000    2.57510000000000    2.62070000000000
H        -1.04450000000000    1.57420000000000    2.43690000000000
Ir        0.42150000000000   -0.81650000000000    0.91330000000000
H         0.87260000000000   -2.23030000000000    1.54050000000000
B         0.50670000000000    0.41560000000000   -0.81540000000000
O         0.19500000000000   -0.04700000000000   -2.09150000000000
C         0.00650000000000    1.10040000000000   -2.95430000000000
C         0.49020000000000    0.74740000000000   -4.35780000000000
H         1.51610000000000    0.37380000000000   -4.33700000000000
H         0.44730000000000    1.62240000000000   -5.01670000000000
H        -0.14740000000000   -0.03390000000000   -4.78430000000000
C        -1.50120000000000    1.39560000000000   -2.96670000000000
H        -1.75370000000000    2.21460000000000   -3.64850000000000
H        -2.03200000000000    0.49450000000000   -3.28930000000000
H        -1.85170000000000    1.65210000000000   -1.96220000000000
C         0.84230000000000    2.20670000000000   -2.22040000000000
O         0.75200000000000    1.78260000000000   -0.83690000000000
C         2.32930000000000    2.18620000000000   -2.59900000000000
H         2.74130000000000    1.18500000000000   -2.45750000000000
H         2.48870000000000    2.51300000000000   -3.63180000000000
H         2.87200000000000    2.86270000000000   -1.93200000000000
C         0.28440000000000    3.62290000000000   -2.33660000000000
H        -0.72650000000000    3.69040000000000   -1.92910000000000
H         0.92130000000000    4.31480000000000   -1.77610000000000
H         0.26430000000000    3.94810000000000   -3.38320000000000
B         1.56300000000000    0.60960000000000    1.84840000000000
O         2.92780000000000    0.55230000000000    2.15020000000000
C         3.36330000000000    1.88660000000000    2.50260000000000
C         4.53140000000000    1.78590000000000    3.47740000000000
H         4.27910000000000    1.16090000000000    4.33690000000000
H         5.39390000000000    1.33790000000000    2.97340000000000
H         4.82390000000000    2.77870000000000    3.83820000000000
C         3.79700000000000    2.56850000000000    1.19670000000000
H         4.20020000000000    3.57090000000000    1.37680000000000
H         4.56740000000000    1.95560000000000    0.72110000000000
H         2.95240000000000    2.63260000000000    0.50540000000000
C         2.05040000000000    2.50090000000000    3.09320000000000
O         1.03750000000000    1.81620000000000    2.31910000000000
C         1.89100000000000    4.00450000000000    2.88650000000000
H         1.87290000000000    4.25440000000000    1.82410000000000
H         0.94940000000000    4.34260000000000    3.33170000000000
H         2.71080000000000    4.55150000000000    3.36630000000000
C         1.82470000000000    2.13200000000000    4.56520000000000
H         1.92610000000000    1.05330000000000    4.71320000000000
H         2.52610000000000    2.65280000000000    5.22540000000000
H         0.80630000000000    2.41580000000000    4.84900000000000
B         2.27820000000000   -1.33090000000000    0.17410000000000
O         2.89460000000000   -2.57740000000000    0.38450000000000
C         4.26930000000000   -2.48200000000000   -0.07210000000000
C         5.10900000000000   -2.05380000000000    1.14010000000000
H         4.76350000000000   -1.08740000000000    1.51750000000000
H         4.98050000000000   -2.79470000000000    1.93590000000000
H         6.17420000000000   -1.99290000000000    0.89300000000000
C         4.71950000000000   -3.84660000000000   -0.58470000000000
H         4.75280000000000   -4.56130000000000    0.24420000000000
H         5.72330000000000   -3.78370000000000   -1.02010000000000
H         4.03500000000000   -4.23600000000000   -1.34170000000000
C         4.16440000000000   -1.36220000000000   -1.16300000000000
O         3.08520000000000   -0.55030000000000   -0.65400000000000
C         5.40720000000000   -0.48870000000000   -1.31550000000000
H         6.27320000000000   -1.09010000000000   -1.61530000000000
H         5.23300000000000    0.26930000000000   -2.08590000000000
H         5.64270000000000    0.02650000000000   -0.38240000000000
C         3.71800000000000   -1.89830000000000   -2.53110000000000
H         2.82530000000000   -2.52160000000000   -2.42740000000000
H         3.46090000000000   -1.05250000000000   -3.17550000000000
H         4.50570000000000   -2.48290000000000   -3.01790000000000
H        -3.38500000000000   -4.00130000000000   -2.59310000000000
H        -5.21400000000000    1.52080000000000    1.29960000000000
C         0.23590000000000   -1.68140000000000    2.96030000000000
C        -0.95186716753343   -2.08876485869369    3.61399294569670
C         1.30620570852185   -1.96944346806969    3.86796149211534
C        -0.76763043431660   -2.64584128713625    4.85458092094557
H        -1.94251848964481   -1.93496443096350    3.21137539716086
S         0.85564696936968   -2.69946522565444    5.38917515283703
C         2.73723571681543   -1.81307496966147    3.89985746706021
Cl       -1.96474710516714   -3.21468509161463    5.95567492702940
O         3.54056465272876   -1.75117275670455    4.86628986297285
C         3.36308728518905   -1.87032024927491    2.55768075644540
C         4.80843657609015   -1.38800533570594    2.53682452212727
H         2.79503807526148   -1.24925031434284    1.87670051828983
H         3.17722487677132   -2.87481602561610    2.13516166170856
H         4.98190733798098   -0.32603694383802    2.65809909756281
H         5.20206289923958   -1.02165810865142    0.91891129605872
H         5.46390239466402   -2.00236086829575    3.17928980438367
101
 energy: -150.221549624313 gnorm: 0.273061023719 xtb: 6.4.1 (1a32961)
N        -0.96510000000000   -2.11530000000000   -0.24090000000000
C        -2.24700000000000   -1.69840000000000   -0.36220000000000
C        -3.14040000000000   -2.36820000000000   -1.21200000000000
C        -2.70220000000000   -3.47560000000000   -1.93050000000000
C        -1.37780000000000   -3.89880000000000   -1.78760000000000
C        -0.54290000000000   -3.18670000000000   -0.93510000000000
H         0.49810000000000   -3.45630000000000   -0.78940000000000
H        -0.99570000000000   -4.76030000000000   -2.32770000000000
H        -4.16500000000000   -2.02890000000000   -1.31830000000000
C        -2.62130000000000   -0.50950000000000    0.44100000000000
N        -1.62600000000000    0.07330000000000    1.16020000000000
C        -1.89680000000000    1.15240000000000    1.91690000000000
C        -3.17230000000000    1.70330000000000    1.99650000000000
C        -4.20510000000000    1.11740000000000    1.26270000000000
C        -3.92610000000000    0.00250000000000    0.47820000000000
H        -4.71960000000000   -0.46420000000000   -0.09520000000000
H        -3.34630000000000    2.57510000000000    2.62070000000000
H        -1.04450000000000    1.57420000000000    2.43690000000000
Ir        0.42150000000000   -0.81650000000000    0.91330000000000
H         0.87260000000000   -2.23030000000000    1.54050000000000
B         0.50670000000000    0.41560000000000   -0.81540000000000
O         0.19500000000000   -0.04700000000000   -2.09150000000000
C         0.00650000000000    1.10040000000000   -2.95430000000000
C         0.49020000000000    0.74740000000000   -4.35780000000000
H         1.51610000000000    0.37380000000000   -4.33700000000000
H         0.44730000000000    1.62240000000000   -5.01670000000000
H        -0.14740000000000   -0.03390000000000   -4.78430000000000
C        -1.50120000000000    1.39560000000000   -2.96670000000000
H        -1.75370000000000    2.21460000000000   -3.64850000000000
H        -2.03200000000000    0.49450000000000   -3.28930000000000
H        -1.85170000000000    1.65210000000000   -1.96220000000000
C         0.84230000000000    2.20670000000000   -2.22040000000000
O         0.75200000000000    1.78260000000000   -0.83690000000000
C         2.32930000000000    2.18620000000000   -2.59900000000000
H         2.74130000000000    1.18500000000000   -2.45750000000000
H         2.48870000000000    2.51300000000000   -3.63180000000000
H         2.87200000000000    2.86270000000000   -1.93200000000000
C         0.28440000000000    3.62290000000000   -2.33660000000000
H        -0.72650000000000    3.69040000000000   -1.92910000000000
H         0.92130000000000    4.31480000000000   -1.77610000000000
H         0.26430000000000    3.94810000000000   -3.38320000000000
B         1.56300000000000    0.60960000000000    1.84840000000000
O         2.92780000000000    0.55230000000000    2.15020000000000
C         3.36330000000000    1.88660000000000    2.50260000000000
C         4.53140000000000    1.78590000000000    3.47740000000000
H         4.27910000000000    1.16090000000000    4.33690000000000
H         5.39390000000000    1.33790000000000    2.97340000000000
H         4.82390000000000    2.77870000000000    3.83820000000000
C         3.79700000000000    2.56850000000000    1.19670000000000
H         4.20020000000000    3.57090000000000    1.37680000000000
H         4.56740000000000    1.95560000000000    0.72110000000000
H         2.95240000000000    2.63260000000000    0.50540000000000
C         2.05040000000000    2.50090000000000    3.09320000000000
O         1.03750000000000    1.81620000000000    2.31910000000000
C         1.89100000000000    4.00450000000000    2.88650000000000
H         1.87290000000000    4.25440000000000    1.82410000000000
H         0.94940000000000    4.34260000000000    3.33170000000000
H         2.71080000000000    4.55150000000000    3.36630000000000
C         1.82470000000000    2.13200000000000    4.56520000000000
H         1.92610000000000    1.05330000000000    4.71320000000000
H         2.52610000000000    2.65280000000000    5.22540000000000
H         0.80630000000000    2.41580000000000    4.84900000000000
B         2.27820000000000   -1.33090000000000    0.17410000000000
O         2.89460000000000   -2.57740000000000    0.38450000000000
C         4.26930000000000   -2.48200000000000   -0.07210000000000
C         5.10900000000000   -2.05380000000000    1.14010000000000
H         4.76350000000000   -1.08740000000000    1.51750000000000
H         4.98050000000000   -2.79470000000000    1.93590000000000
H         6.17420000000000   -1.99290000000000    0.89300000000000
C         4.71950000000000   -3.84660000000000   -0.58470000000000
H         4.75280000000000   -4.56130000000000    0.24420000000000
H         5.72330000000000   -3.78370000000000   -1.02010000000000
H         4.03500000000000   -4.23600000000000   -1.34170000000000
C         4.16440000000000   -1.36220000000000   -1.16300000000000
O         3.08520000000000   -0.55030000000000   -0.65400000000000
C         5.40720000000000   -0.48870000000000   -1.31550000000000
H         6.27320000000000   -1.09010000000000   -1.61530000000000
H         5.23300000000000    0.26930000000000   -2.08590000000000
H         5.64270000000000    0.02650000000000   -0.38240000000000
C         3.71800000000000   -1.89830000000000   -2.53110000000000
H         2.82530000000000   -2.52160000000000   -2.42740000000000
H         3.46090000000000   -1.05250000000000   -3.17550000000000
H         4.50570000000000   -2.48290000000000   -3.01790000000000
H        -3.38500000000000   -4.00130000000000   -2.59310000000000
H        -5.21400000000000    1.52080000000000    1.29960000000000
C         0.23590000000000   -1.68140000000000    2.96030000000000
C        -0.94647831232933   -2.06882285687819    3.64744553977626
C         1.30942109305827   -2.00445665357017    3.86401259583249
C        -0.75673614427481   -2.64154703980505    4.87987449340574
H        -1.94508938074725   -1.88544578230665    3.27758987629487
S         0.86972092373859   -2.74093901364607    5.38365682204943
C         2.75508137969356   -1.90924609229965    3.95174459460621
Cl       -1.94227037713054   -3.18824408631087    6.00532616787521
O         3.49824331930592   -1.94655441380789    4.97146264210003
C         3.41515939901413   -1.91258522271800    2.62310147902736
C         4.84403123836812   -1.36598169442289    2.54243169250148
H         2.78936955433157   -1.31315443910992    1.97672605786402
H         3.28464334140952   -2.93550617442152    2.21442870714615
H         4.98417023363482   -0.30170823346840    2.70792071593072
H         5.21533652740697   -0.98810959166452    0.91747114601794
H         5.48588690303796   -1.94972511275469    3.23229782492487
101
 energy: -150.236762494583 gnorm: 0.263701727866 xtb: 6.4.1 (1a32961)
N        -0.96510000000000   -2.11530000000000   -0.24090000000000
C        -2.24700000000000   -1.69840000000000   -0.36220000000000
C        -3.14040000000000   -2.36820000000000   -1.21200000000000
C        -2.70220000000000   -3.47560000000000   -1.93050000000000
C        -1.37780000000000   -3.89880000000000   -1.78760000000000
C        -0.54290000000000   -3.18670000000000   -0.93510000000000
H         0.49810000000000   -3.45630000000000   -0.78940000000000
H        -0.99570000000000   -4.76030000000000   -2.32770000000000
H        -4.16500000000000   -2.02890000000000   -1.31830000000000
C        -2.62130000000000   -0.50950000000000    0.44100000000000
N        -1.62600000000000    0.07330000000000    1.16020000000000
C        -1.89680000000000    1.15240000000000    1.91690000000000
C        -3.17230000000000    1.70330000000000    1.99650000000000
C        -4.20510000000000    1.11740000000000    1.26270000000000
C        -3.92610000000000    0.00250000000000    0.47820000000000
H        -4.71960000000000   -0.46420000000000   -0.09520000000000
H        -3.34630000000000    2.57510000000000    2.62070000000000
H        -1.04450000000000    1.57420000000000    2.43690000000000
Ir        0.42150000000000   -0.81650000000000    0.91330000000000
H         0.87260000000000   -2.23030000000000    1.54050000000000
B         0.50670000000000    0.41560000000000   -0.81540000000000
O         0.19500000000000   -0.04700000000000   -2.09150000000000
C         0.00650000000000    1.10040000000000   -2.95430000000000
C         0.49020000000000    0.74740000000000   -4.35780000000000
H         1.51610000000000    0.37380000000000   -4.33700000000000
H         0.44730000000000    1.62240000000000   -5.01670000000000
H        -0.14740000000000   -0.03390000000000   -4.78430000000000
C        -1.50120000000000    1.39560000000000   -2.96670000000000
H        -1.75370000000000    2.21460000000000   -3.64850000000000
H        -2.03200000000000    0.49450000000000   -3.28930000000000
H        -1.85170000000000    1.65210000000000   -1.96220000000000
C         0.84230000000000    2.20670000000000   -2.22040000000000
O         0.75200000000000    1.78260000000000   -0.83690000000000
C         2.32930000000000    2.18620000000000   -2.59900000000000
H         2.74130000000000    1.18500000000000   -2.45750000000000
H         2.48870000000000    2.51300000000000   -3.63180000000000
H         2.87200000000000    2.86270000000000   -1.93200000000000
C         0.28440000000000    3.62290000000000   -2.33660000000000
H        -0.72650000000000    3.69040000000000   -1.92910000000000
H         0.92130000000000    4.31480000000000   -1.77610000000000
H         0.26430000000000    3.94810000000000   -3.38320000000000
B         1.56300000000000    0.60960000000000    1.84840000000000
O         2.92780000000000    0.55230000000000    2.15020000000000
C         3.36330000000000    1.88660000000000    2.50260000000000
C         4.53140000000000    1.78590000000000    3.47740000000000
H         4.27910000000000    1.16090000000000    4.33690000000000
H         5.39390000000000    1.33790000000000    2.97340000000000
H         4.82390000000000    2.77870000000000    3.83820000000000
C         3.79700000000000    2.56850000000000    1.19670000000000
H         4.20020000000000    3.57090000000000    1.37680000000000
H         4.56740000000000    1.95560000000000    0.72110000000000
H         2.95240000000000    2.63260000000000    0.50540000000000
C         2.05040000000000    2.50090000000000    3.09320000000000
O         1.03750000000000    1.81620000000000    2.31910000000000
C         1.89100000000000    4.00450000000000    2.88650000000000
H         1.87290000000000    4.25440000000000    1.82410000000000
H         0.94940000000000    4.34260000000000    3.33170000000000
H         2.71080000000000    4.55150000000000    3.36630000000000
C         1.82470000000000    2.13200000000000    4.56520000000000
H         1.92610000000000    1.05330000000000    4.71320000000000
H         2.52610000000000    2.65280000000000    5.22540000000000
H         0.80630000000000    2.41580000000000    4.84900000000000
B         2.27820000000000   -1.33090000000000    0.17410000000000
O         2.89460000000000   -2.57740000000000    0.38450000000000
C         4.26930000000000   -2.48200000000000   -0.07210000000000
C         5.10900000000000   -2.05380000000000    1.14010000000000
H         4.76350000000000   -1.08740000000000    1.51750000000000
H         4.98050000000000   -2.79470000000000    1.93590000000000
H         6.17420000000000   -1.99290000000000    0.89300000000000
C         4.71950000000000   -3.84660000000000   -0.58470000000000
H         4.75280000000000   -4.56130000000000    0.24420000000000
H         5.72330000000000   -3.78370000000000   -1.02010000000000
H         4.03500000000000   -4.23600000000000   -1.34170000000000
C         4.16440000000000   -1.36220000000000   -1.16300000000000
O         3.08520000000000   -0.55030000000000   -0.65400000000000
C         5.40720000000000   -0.48870000000000   -1.31550000000000
H         6.27320000000000   -1.09010000000000   -1.61530000000000
H         5.23300000000000    0.26930000000000   -2.08590000000000
H         5.64270000000000    0.02650000000000   -0.38240000000000
C         3.71800000000000   -1.89830000000000   -2.53110000000000
H         2.82530000000000   -2.52160000000000   -2.42740000000000
H         3.46090000000000   -1.05250000000000   -3.17550000000000
H         4.50570000000000   -2.48290000000000   -3.01790000000000
H        -3.38500000000000   -4.00130000000000   -2.59310000000000
H        -5.21400000000000    1.52080000000000    1.29960000000000
C         0.23590000000000   -1.68140000000000    2.96030000000000
C        -0.94268840091085   -2.04161451904639    3.67459343789596
C         1.31765388231942   -2.04632674027880    3.85154931489670
C        -0.75065152564940   -2.63063771424698    4.89905940305578
H        -1.94684987376180   -1.82334545372378    3.33776638554063
S         0.87997968479212   -2.78502472692352    5.37117523033288
C         2.76531977551426   -2.00518938344457    3.98115820741374
Cl       -1.92671841579941   -3.15045980261335    6.04812762062136
O         3.43982642928902   -2.12845880966108    5.03900096053879
C         3.47013633900949   -1.94151075131907    2.67620378170861
C         4.88335665527455   -1.33745253371282    2.54252794953515
H         2.78192590607613   -1.37146337553109    2.06190273408716
H         3.40293290933230   -2.98277496099069    2.28691557733873
H         4.98085347234545   -0.27376328808915    2.75481265465222
H         5.22785870250959   -0.95394476760556    0.92885994461883
H         5.51280491274953   -1.89208355238219    3.26691448073588
101
 energy: -150.247668746752 gnorm: 0.259685945150 xtb: 6.4.1 (1a32961)
N        -0.96510000000000   -2.11530000000000   -0.24090000000000
C        -2.24700000000000   -1.69840000000000   -0.36220000000000
C        -3.14040000000000   -2.36820000000000   -1.21200000000000
C        -2.70220000000000   -3.47560000000000   -1.93050000000000
C        -1.37780000000000   -3.89880000000000   -1.78760000000000
C        -0.54290000000000   -3.18670000000000   -0.93510000000000
H         0.49810000000000   -3.45630000000000   -0.78940000000000
H        -0.99570000000000   -4.76030000000000   -2.32770000000000
H        -4.16500000000000   -2.02890000000000   -1.31830000000000
C        -2.62130000000000   -0.50950000000000    0.44100000000000
N        -1.62600000000000    0.07330000000000    1.16020000000000
C        -1.89680000000000    1.15240000000000    1.91690000000000
C        -3.17230000000000    1.70330000000000    1.99650000000000
C        -4.20510000000000    1.11740000000000    1.26270000000000
C        -3.92610000000000    0.00250000000000    0.47820000000000
H        -4.71960000000000   -0.46420000000000   -0.09520000000000
H        -3.34630000000000    2.57510000000000    2.62070000000000
H        -1.04450000000000    1.57420000000000    2.43690000000000
Ir        0.42150000000000   -0.81650000000000    0.91330000000000
H         0.87260000000000   -2.23030000000000    1.54050000000000
B         0.50670000000000    0.41560000000000   -0.81540000000000
O         0.19500000000000   -0.04700000000000   -2.09150000000000
C         0.00650000000000    1.10040000000000   -2.95430000000000
C         0.49020000000000    0.74740000000000   -4.35780000000000
H         1.51610000000000    0.37380000000000   -4.33700000000000
H         0.44730000000000    1.62240000000000   -5.01670000000000
H        -0.14740000000000   -0.03390000000000   -4.78430000000000
C        -1.50120000000000    1.39560000000000   -2.96670000000000
H        -1.75370000000000    2.21460000000000   -3.64850000000000
H        -2.03200000000000    0.49450000000000   -3.28930000000000
H        -1.85170000000000    1.65210000000000   -1.96220000000000
C         0.84230000000000    2.20670000000000   -2.22040000000000
O         0.75200000000000    1.78260000000000   -0.83690000000000
C         2.32930000000000    2.18620000000000   -2.59900000000000
H         2.74130000000000    1.18500000000000   -2.45750000000000
H         2.48870000000000    2.51300000000000   -3.63180000000000
H         2.87200000000000    2.86270000000000   -1.93200000000000
C         0.28440000000000    3.62290000000000   -2.33660000000000
H        -0.72650000000000    3.69040000000000   -1.92910000000000
H         0.92130000000000    4.31480000000000   -1.77610000000000
H         0.26430000000000    3.94810000000000   -3.38320000000000
B         1.56300000000000    0.60960000000000    1.84840000000000
O         2.92780000000000    0.55230000000000    2.15020000000000
C         3.36330000000000    1.88660000000000    2.50260000000000
C         4.53140000000000    1.78590000000000    3.47740000000000
H         4.27910000000000    1.16090000000000    4.33690000000000
H         5.39390000000000    1.33790000000000    2.97340000000000
H         4.82390000000000    2.77870000000000    3.83820000000000
C         3.79700000000000    2.56850000000000    1.19670000000000
H         4.20020000000000    3.57090000000000    1.37680000000000
H         4.56740000000000    1.95560000000000    0.72110000000000
H         2.95240000000000    2.63260000000000    0.50540000000000
C         2.05040000000000    2.50090000000000    3.09320000000000
O         1.03750000000000    1.81620000000000    2.31910000000000
C         1.89100000000000    4.00450000000000    2.88650000000000
H         1.87290000000000    4.25440000000000    1.82410000000000
H         0.94940000000000    4.34260000000000    3.33170000000000
H         2.71080000000000    4.55150000000000    3.36630000000000
C         1.82470000000000    2.13200000000000    4.56520000000000
H         1.92610000000000    1.05330000000000    4.71320000000000
H         2.52610000000000    2.65280000000000    5.22540000000000
H         0.80630000000000    2.41580000000000    4.84900000000000
B         2.27820000000000   -1.33090000000000    0.17410000000000
O         2.89460000000000   -2.57740000000000    0.38450000000000
C         4.26930000000000   -2.48200000000000   -0.07210000000000
C         5.10900000000000   -2.05380000000000    1.14010000000000
H         4.76350000000000   -1.08739999999999    1.51750000000000
H         4.98050000000000   -2.79470000000000    1.93590000000000
H         6.17420000000000   -1.99290000000000    0.89300000000000
C         4.71950000000000   -3.84660000000000   -0.58470000000000
H         4.75280000000000   -4.56130000000000    0.24420000000000
H         5.72330000000000   -3.78370000000000   -1.02010000000000
H         4.03500000000000   -4.23600000000000   -1.34170000000000
C         4.16440000000000   -1.36220000000000   -1.16300000000000
O         3.08520000000000   -0.55030000000000   -0.65400000000000
C         5.40720000000000   -0.48870000000000   -1.31550000000000
H         6.27320000000000   -1.09010000000000   -1.61530000000000
H         5.23300000000000    0.26930000000000   -2.08590000000000
H         5.64270000000000    0.02650000000000   -0.38240000000000
C         3.71800000000000   -1.89830000000000   -2.53110000000000
H         2.82530000000000   -2.52160000000000   -2.42740000000000
H         3.46090000000000   -1.05250000000000   -3.17550000000000
H         4.50570000000000   -2.48290000000000   -3.01790000000000
H        -3.38500000000000   -4.00130000000000   -2.59310000000000
H        -5.21400000000000    1.52080000000000    1.29960000000000
C         0.23590000000000   -1.68140000000000    2.96030000000000
C        -0.94056701227787   -2.00973709051420    3.69261878474595
C         1.32539515736072   -2.08029476252790    3.83519347122656
C        -0.75021912930382   -2.61525452136495    4.90934523611801
H        -1.94415169016232   -1.75804604308631    3.38287982135797
S         0.88208106921517   -2.82559034925590    5.35318053698879
C         2.76673187476412   -2.07705655406704    3.99333695075281
Cl       -1.91984632250689   -3.10185942115497    6.08030167601245
O         3.38222479449841   -2.32426460823412    5.08206457913279
C         3.52281439904815   -1.94710604794724    2.71736779514598
C         4.92468731858415   -1.30512752883449    2.54234964279937
H         2.80052582543414   -1.41221707031819    2.11440844439613
H         3.50548741431733   -2.99948470124095    2.34942772038582
H         4.97614706287046   -0.24557639595653    2.79027174316978
H         5.24294135425573   -0.91704712370094    0.95010551308960
H         5.55126555876190   -1.83514763335388    3.28137000151273
101
 energy: -150.256048488433 gnorm: 0.257271068788 xtb: 6.4.1 (1a32961)
N        -0.96510000000000   -2.11530000000000   -0.24090000000000
C        -2.24700000000000   -1.69840000000000   -0.36220000000000
C        -3.14040000000000   -2.36820000000000   -1.21200000000000
C        -2.70220000000000   -3.47560000000000   -1.93050000000000
C        -1.37780000000000   -3.89880000000000   -1.78760000000000
C        -0.54290000000000   -3.18670000000000   -0.93510000000000
H         0.49810000000000   -3.45630000000000   -0.78940000000000
H        -0.99570000000000   -4.76030000000000   -2.32770000000000
H        -4.16500000000000   -2.02890000000000   -1.31830000000000
C        -2.62130000000000   -0.50950000000000    0.44100000000000
N        -1.62600000000000    0.07330000000000    1.16020000000000
C        -1.89680000000000    1.15240000000000    1.91690000000000
C        -3.17230000000000    1.70330000000000    1.99650000000000
C        -4.20510000000000    1.11740000000000    1.26270000000000
C        -3.92610000000000    0.00250000000000    0.47820000000000
H        -4.71960000000000   -0.46420000000000   -0.09520000000000
H        -3.34630000000000    2.57510000000000    2.62070000000000
H        -1.04450000000000    1.57420000000000    2.43690000000000
Ir        0.42150000000000   -0.81650000000000    0.91330000000000
H         0.87260000000000   -2.23030000000000    1.54050000000000
B         0.50670000000000    0.41560000000000   -0.81540000000000
O         0.19500000000000   -0.04700000000000   -2.09150000000000
C         0.00650000000000    1.10040000000000   -2.95430000000000
C         0.49020000000000    0.74740000000000   -4.35780000000000
H         1.51610000000000    0.37380000000000   -4.33700000000000
H         0.44730000000000    1.62240000000000   -5.01670000000000
H        -0.14740000000000   -0.03390000000000   -4.78430000000000
C        -1.50120000000000    1.39560000000000   -2.96670000000000
H        -1.75370000000000    2.21460000000000   -3.64850000000000
H        -2.03200000000000    0.49450000000000   -3.28930000000000
H        -1.85170000000000    1.65210000000000   -1.96220000000000
C         0.84230000000000    2.20670000000000   -2.22040000000000
O         0.75200000000000    1.78260000000000   -0.83690000000000
C         2.32930000000000    2.18620000000000   -2.59900000000000
H         2.74130000000000    1.18500000000000   -2.45750000000000
H         2.48870000000000    2.51300000000000   -3.63180000000000
H         2.87200000000000    2.86270000000000   -1.93200000000000
C         0.28440000000000    3.62290000000000   -2.33660000000000
H        -0.72650000000000    3.69040000000000   -1.92910000000000
H         0.92130000000000    4.31480000000000   -1.77610000000000
H         0.26430000000000    3.94810000000000   -3.38320000000000
B         1.56300000000000    0.60960000000000    1.84840000000000
O         2.92780000000000    0.55230000000000    2.15020000000000
C         3.36330000000000    1.88660000000000    2.50260000000000
C         4.53140000000000    1.78590000000000    3.47740000000000
H         4.27910000000000    1.16090000000000    4.33690000000000
H         5.39390000000000    1.33790000000000    2.97340000000000
H         4.82390000000000    2.77870000000000    3.83820000000000
C         3.79700000000000    2.56850000000000    1.19670000000000
H         4.20020000000000    3.57090000000000    1.37680000000000
H         4.56740000000000    1.95560000000000    0.72110000000000
H         2.95240000000000    2.63260000000000    0.50540000000000
C         2.05040000000000    2.50090000000000    3.09320000000000
O         1.03750000000000    1.81620000000000    2.31910000000000
C         1.89100000000000    4.00450000000000    2.88650000000000
H         1.87290000000000    4.25440000000000    1.82410000000000
H         0.94940000000000    4.34260000000000    3.33170000000000
H         2.71080000000000    4.55150000000000    3.36630000000000
C         1.82470000000000    2.13200000000000    4.56520000000000
H         1.92610000000000    1.05330000000000    4.71320000000000
H         2.52610000000000    2.65280000000000    5.22540000000000
H         0.80630000000000    2.41580000000000    4.84900000000000
B         2.27820000000000   -1.33090000000000    0.17410000000000
O         2.89460000000000   -2.57740000000000    0.38450000000000
C         4.26930000000000   -2.48200000000000   -0.07210000000000
C         5.10900000000000   -2.05380000000000    1.14010000000000
H         4.76350000000000   -1.08739999999999    1.51750000000000
H         4.98050000000000   -2.79470000000000    1.93590000000000
H         6.17420000000000   -1.99290000000000    0.89300000000000
C         4.71950000000000   -3.84660000000000   -0.58470000000000
H         4.75280000000000   -4.56130000000000    0.24420000000000
H         5.72330000000000   -3.78370000000000   -1.02010000000000
H         4.03500000000000   -4.23600000000000   -1.34170000000000
C         4.16440000000000   -1.36220000000000   -1.16300000000000
O         3.08520000000000   -0.55030000000000   -0.65400000000000
C         5.40720000000000   -0.48870000000000   -1.31550000000000
H         6.27320000000000   -1.09010000000000   -1.61530000000000
H         5.23300000000000    0.26930000000000   -2.08590000000000
H         5.64270000000000    0.02650000000000   -0.38240000000000
C         3.71800000000000   -1.89830000000000   -2.53110000000000
H         2.82530000000000   -2.52160000000000   -2.42740000000000
H         3.46090000000000   -1.05250000000000   -3.17550000000000
H         4.50570000000000   -2.48290000000000   -3.01790000000000
H        -3.38500000000000   -4.00130000000000   -2.59310000000000
H        -5.21400000000000    1.52080000000000    1.29960000000000
C         0.23590000000000   -1.68140000000000    2.96030000000000
C        -0.94113399840218   -1.97034478050074    3.70495128821371
C         1.33189671866992   -2.12060566539033    3.81692895966967
C        -0.75582136493878   -2.60215973174485    4.91023911918088
H        -1.94270987713950   -1.66688785288263    3.42601985025513
S         0.87301904599448   -2.87273940244973    5.33155874463628
C         2.76748823899629   -2.17444551012654    3.99051581861086
Cl       -1.92233808504184   -3.04889467299587    6.09958928478607
O         3.30962067677968   -2.45450141723246    5.05826863642270
C         3.57848690621527   -1.95243889427800    2.75374867129355
C         4.97221462465244   -1.26811606351867    2.54429684375675
H         2.83242588949190   -1.45935831727414    2.14921653510802
H         3.61441226846927   -3.01377919204772    2.40798933892342
H         4.97036734048927   -0.21896347307595    2.82140451726208
H         5.26629337302144   -0.86903734966770    0.98310251017189
H         5.60523919866607   -1.78194157518332    3.27938221330301
101
 energy: -150.266086296293 gnorm: 0.249194476808 xtb: 6.4.1 (1a32961)
N        -0.96510000000000   -2.11530000000000   -0.24090000000000
C        -2.24700000000000   -1.69840000000000   -0.36220000000000
C        -3.14040000000000   -2.36820000000000   -1.21200000000000
C        -2.70220000000000   -3.47560000000000   -1.93050000000000
C        -1.37780000000000   -3.89880000000000   -1.78760000000000
C        -0.54290000000000   -3.18670000000000   -0.93510000000000
H         0.49810000000000   -3.45630000000000   -0.78940000000000
H        -0.99570000000000   -4.76030000000000   -2.32770000000000
H        -4.16500000000000   -2.02890000000000   -1.31830000000000
C        -2.62130000000000   -0.50950000000000    0.44100000000000
N        -1.62600000000000    0.07330000000000    1.16020000000000
C        -1.89680000000000    1.15240000000000    1.91690000000000
C        -3.17230000000000    1.70330000000000    1.99650000000000
C        -4.20510000000000    1.11740000000000    1.26270000000000
C        -3.92610000000000    0.00250000000000    0.47820000000000
H        -4.71960000000000   -0.46420000000000   -0.09520000000000
H        -3.34630000000000    2.57510000000000    2.62070000000000
H        -1.04450000000000    1.57420000000000    2.43690000000000
Ir        0.42150000000000   -0.81650000000000    0.91330000000000
H         0.87260000000000   -2.23030000000000    1.54050000000000
B         0.50670000000000    0.41560000000000   -0.81540000000000
O         0.19500000000000   -0.04700000000000   -2.09150000000000
C         0.00650000000000    1.10040000000000   -2.95430000000000
C         0.49020000000000    0.74740000000000   -4.35780000000000
H         1.51610000000000    0.37380000000000   -4.33700000000000
H         0.44730000000000    1.62240000000000   -5.01670000000000
H        -0.14740000000000   -0.03390000000000   -4.78430000000000
C        -1.50120000000000    1.39560000000000   -2.96670000000000
H        -1.75370000000000    2.21460000000000   -3.64850000000000
H        -2.03200000000000    0.49450000000000   -3.28930000000000
H        -1.85170000000000    1.65210000000000   -1.96220000000000
C         0.84230000000000    2.20670000000000   -2.22040000000000
O         0.75200000000000    1.78260000000000   -0.83690000000000
C         2.32930000000000    2.18620000000000   -2.59900000000000
H         2.74130000000000    1.18500000000000   -2.45750000000000
H         2.48870000000000    2.51300000000000   -3.63180000000000
H         2.87200000000000    2.86270000000000   -1.93200000000000
C         0.28440000000000    3.62290000000000   -2.33660000000000
H        -0.72650000000000    3.69040000000000   -1.92910000000000
H         0.92130000000000    4.31480000000000   -1.77610000000000
H         0.26430000000000    3.94810000000000   -3.38320000000000
B         1.56300000000000    0.60960000000000    1.84840000000000
O         2.92780000000000    0.55230000000000    2.15020000000000
C         3.36330000000000    1.88660000000000    2.50260000000000
C         4.53140000000000    1.78590000000000    3.47740000000000
H         4.27910000000000    1.16090000000000    4.33690000000000
H         5.39390000000000    1.33790000000000    2.97340000000000
H         4.82390000000000    2.77870000000000    3.83820000000000
C         3.79700000000000    2.56850000000000    1.19670000000000
H         4.20020000000000    3.57090000000000    1.37680000000000
H         4.56740000000000    1.95560000000000    0.72110000000000
H         2.95240000000000    2.63260000000000    0.50540000000000
C         2.05040000000000    2.50090000000000    3.09320000000000
O         1.03750000000000    1.81620000000000    2.31910000000000
C         1.89100000000000    4.00450000000000    2.88650000000000
H         1.87290000000000    4.25440000000000    1.82410000000000
H         0.94940000000000    4.34260000000000    3.33170000000000
H         2.71080000000000    4.55150000000000    3.36630000000000
C         1.82470000000000    2.13200000000000    4.56520000000000
H         1.92610000000000    1.05330000000000    4.71320000000000
H         2.52610000000000    2.65280000000000    5.22540000000000
H         0.80630000000000    2.41580000000000    4.84900000000000
B         2.27820000000000   -1.33090000000000    0.17410000000000
O         2.89460000000000   -2.57740000000000    0.38450000000000
C         4.26930000000000   -2.48200000000000   -0.07210000000000
C         5.10900000000000   -2.05380000000000    1.14010000000000
H         4.76350000000000   -1.08739999999999    1.51750000000000
H         4.98050000000000   -2.79470000000000    1.93590000000000
H         6.17420000000000   -1.99290000000000    0.89300000000000
C         4.71950000000000   -3.84660000000000   -0.58470000000000
H         4.75280000000000   -4.56130000000000    0.24420000000000
H         5.72330000000000   -3.78370000000000   -1.02010000000000
H         4.03500000000000   -4.23600000000000   -1.34170000000000
C         4.16440000000000   -1.36220000000000   -1.16300000000000
O         3.08520000000000   -0.55030000000000   -0.65400000000000
C         5.40720000000000   -0.48870000000000   -1.31550000000000
H         6.27320000000000   -1.09010000000000   -1.61530000000000
H         5.23300000000000    0.26930000000000   -2.08590000000000
H         5.64270000000000    0.02650000000000   -0.38240000000000
C         3.71800000000000   -1.89830000000000   -2.53110000000000
H         2.82530000000000   -2.52160000000000   -2.42740000000000
H         3.46090000000000   -1.05250000000000   -3.17550000000000
H         4.50570000000000   -2.48290000000000   -3.01790000000000
H        -3.38500000000000   -4.00130000000000   -2.59310000000000
H        -5.21400000000000    1.52080000000000    1.29960000000000
C         0.23590000000000   -1.68140000000000    2.96030000000000
C        -0.94148770437963   -1.93788365312309    3.70827472084678
C         1.33426966447586   -2.12204913506853    3.80043361424031
C        -0.76327271461831   -2.57811039808033    4.90807699593226
H        -1.93095270783629   -1.61158191640370    3.44288714617373
S         0.86027308214139   -2.89741395908148    5.30612557957988
C         2.76231560885811   -2.20215231822701    3.98199760313037
Cl       -1.92703515640772   -2.98556297291029    6.11310907396913
O         3.26977399210568   -2.69414244578249    5.05712971066368
C         3.62142405290207   -1.92285856416931    2.78539999015069
C         5.01715614707548   -1.23105599659346    2.55101936811396
H         2.88449293651167   -1.47197455189872    2.14664902777061
H         3.67207262832827   -2.98446158267596    2.46129393600717
H         4.96576689510083   -0.19275383211819    2.83567360130202
H         5.29698174534070   -0.81533429435765    1.02328379842902
H         5.66954340377607   -1.73831520615712    3.26423333750374
101
 energy: -150.274725004891 gnorm: 0.238458066345 xtb: 6.4.1 (1a32961)
N        -0.96510000000000   -2.11530000000000   -0.24090000000000
C        -2.24700000000000   -1.69840000000000   -0.36220000000000
C        -3.14040000000000   -2.36820000000000   -1.21200000000000
C        -2.70220000000000   -3.47560000000000   -1.93050000000000
C        -1.37780000000000   -3.89880000000000   -1.78760000000000
C        -0.54290000000000   -3.18670000000000   -0.93510000000000
H         0.49810000000000   -3.45630000000000   -0.78940000000000
H        -0.99570000000000   -4.76030000000000   -2.32770000000000
H        -4.16500000000000   -2.02890000000000   -1.31830000000000
C        -2.62130000000000   -0.50950000000000    0.44100000000000
N        -1.62600000000000    0.07330000000000    1.16020000000000
C        -1.89680000000000    1.15240000000000    1.91690000000000
C        -3.17230000000000    1.70330000000000    1.99650000000000
C        -4.20510000000000    1.11740000000000    1.26270000000000
C        -3.92610000000000    0.00250000000000    0.47820000000000
H        -4.71960000000000   -0.46420000000000   -0.09520000000000
H        -3.34630000000000    2.57510000000000    2.62070000000000
H        -1.04450000000000    1.57420000000000    2.43690000000000
Ir        0.42150000000000   -0.81650000000000    0.91330000000000
H         0.87260000000000   -2.23030000000000    1.54050000000000
B         0.50670000000000    0.41560000000000   -0.81540000000000
O         0.19500000000000   -0.04700000000000   -2.09150000000000
C         0.00650000000000    1.10040000000000   -2.95430000000000
C         0.49020000000000    0.74740000000000   -4.35780000000000
H         1.51610000000000    0.37380000000000   -4.33700000000000
H         0.44730000000000    1.62240000000000   -5.01670000000000
H        -0.14740000000000   -0.03390000000000   -4.78430000000000
C        -1.50120000000000    1.39560000000000   -2.96670000000000
H        -1.75370000000000    2.21460000000000   -3.64850000000000
H        -2.03200000000000    0.49450000000000   -3.28930000000000
H        -1.85170000000000    1.65210000000000   -1.96220000000000
C         0.84230000000000    2.20670000000000   -2.22040000000000
O         0.75200000000000    1.78260000000000   -0.83690000000000
C         2.32930000000000    2.18620000000000   -2.59900000000000
H         2.74130000000000    1.18500000000000   -2.45750000000000
H         2.48870000000000    2.51300000000000   -3.63180000000000
H         2.87200000000000    2.86270000000000   -1.93200000000000
C         0.28440000000000    3.62290000000000   -2.33660000000000
H        -0.72650000000000    3.69040000000000   -1.92910000000000
H         0.92130000000000    4.31480000000000   -1.77610000000000
H         0.26430000000000    3.94810000000000   -3.38320000000000
B         1.56300000000000    0.60960000000000    1.84840000000000
O         2.92780000000000    0.55230000000000    2.15020000000000
C         3.36330000000000    1.88660000000000    2.50260000000000
C         4.53140000000000    1.78590000000000    3.47740000000000
H         4.27910000000000    1.16090000000000    4.33690000000000
H         5.39390000000000    1.33790000000000    2.97340000000000
H         4.82390000000000    2.77870000000000    3.83820000000000
C         3.79700000000000    2.56850000000000    1.19670000000000
H         4.20020000000000    3.57090000000000    1.37680000000000
H         4.56740000000000    1.95560000000000    0.72110000000000
H         2.95240000000000    2.63260000000000    0.50540000000000
C         2.05040000000000    2.50090000000000    3.09320000000000
O         1.03750000000000    1.81620000000000    2.31910000000000
C         1.89100000000000    4.00450000000000    2.88650000000000
H         1.87290000000000    4.25440000000000    1.82410000000000
H         0.94940000000000    4.34260000000000    3.33170000000000
H         2.71080000000000    4.55150000000000    3.36630000000000
C         1.82470000000000    2.13200000000000    4.56520000000000
H         1.92610000000000    1.05330000000000    4.71320000000000
H         2.52610000000000    2.65280000000000    5.22540000000000
H         0.80630000000000    2.41580000000000    4.84900000000000
B         2.27820000000000   -1.33090000000000    0.17410000000000
O         2.89460000000000   -2.57740000000000    0.38450000000000
C         4.26930000000000   -2.48200000000000   -0.07210000000000
C         5.10900000000000   -2.05380000000000    1.14010000000000
H         4.76350000000000   -1.08739999999999    1.51750000000000
H         4.98050000000000   -2.79470000000000    1.93590000000000
H         6.17420000000000   -1.99290000000000    0.89300000000000
C         4.71950000000000   -3.84660000000000   -0.58470000000000
H         4.75280000000000   -4.56130000000000    0.24420000000000
H         5.72330000000000   -3.78370000000000   -1.02010000000000
H         4.03500000000000   -4.23600000000000   -1.34170000000000
C         4.16440000000000   -1.36220000000000   -1.16300000000000
O         3.08520000000000   -0.55030000000000   -0.65400000000000
C         5.40720000000000   -0.48870000000000   -1.31550000000000
H         6.27320000000000   -1.09010000000000   -1.61530000000000
H         5.23300000000000    0.26930000000000   -2.08590000000000
H         5.64270000000000    0.02650000000000   -0.38240000000000
C         3.71800000000000   -1.89830000000000   -2.53110000000000
H         2.82530000000000   -2.52160000000000   -2.42740000000000
H         3.46090000000000   -1.05250000000000   -3.17550000000000
H         4.50570000000000   -2.48290000000000   -3.01790000000000
H        -3.38500000000000   -4.00130000000000   -2.59310000000000
H        -5.21400000000000    1.52080000000000    1.29960000000000
C         0.23590000000000   -1.68140000000000    2.96030000000000
C        -0.94748629807029   -1.90772751187062    3.70647996321057
C         1.33243543162787   -2.13196196709483    3.78842001384506
C        -0.77437421667494   -2.56579820173754    4.89789387767981
H        -1.92983934370838   -1.53848070173948    3.45078148140037
S         0.85020620394444   -2.95610233658362    5.27132870332212
C         2.75730604368854   -2.21008510683416    3.96922002890923
Cl       -1.94434317531052   -2.93477912155928    6.10945544113991
O         3.24794661967555   -2.78203486239146    5.01161311229427
C         3.64259181470153   -1.90156478815041    2.80425832008544
C         5.04416140578413   -1.20907010198775    2.56235437313466
H         2.92495503627693   -1.47597838117518    2.12175424094913
H         3.71160577478138   -2.96275101328262    2.48509605076979
H         4.95767107541831   -0.17274484856452    2.82973820613305
H         5.32917925860913   -0.76824305314339    1.05753603339791
H         5.73542273106809   -1.71814670355022    3.24298400656428
101
 energy: -150.290834635823 gnorm: 0.223707273203 xtb: 6.4.1 (1a32961)
N        -0.96510000000000   -2.11530000000000   -0.24090000000000
C        -2.24700000000000   -1.69840000000000   -0.36220000000000
C        -3.14040000000000   -2.36820000000000   -1.21200000000000
C        -2.70220000000000   -3.47560000000000   -1.93050000000000
C        -1.37780000000000   -3.89880000000000   -1.78760000000000
C        -0.54290000000000   -3.18670000000000   -0.93510000000000
H         0.49810000000000   -3.45630000000000   -0.78940000000000
H        -0.99570000000000   -4.76030000000000   -2.32770000000000
H        -4.16500000000000   -2.02890000000000   -1.31830000000000
C        -2.62130000000000   -0.50950000000000    0.44100000000000
N        -1.62600000000000    0.07330000000000    1.16020000000000
C        -1.89680000000000    1.15240000000000    1.91690000000000
C        -3.17230000000000    1.70330000000000    1.99650000000000
C        -4.20510000000000    1.11740000000000    1.26270000000000
C        -3.92610000000000    0.00250000000000    0.47820000000000
H        -4.71960000000000   -0.46420000000000   -0.09520000000000
H        -3.34630000000000    2.57510000000000    2.62070000000000
H        -1.04450000000000    1.57420000000000    2.43690000000000
Ir        0.42150000000000   -0.81650000000000    0.91330000000000
H         0.87260000000000   -2.23030000000000    1.54050000000000
B         0.50670000000000    0.41560000000000   -0.81540000000000
O         0.19500000000000   -0.04700000000000   -2.09150000000000
C         0.00650000000000    1.10040000000000   -2.95430000000000
C         0.49020000000000    0.74740000000000   -4.35780000000000
H         1.51610000000000    0.37380000000000   -4.33700000000000
H         0.44730000000000    1.62240000000000   -5.01670000000000
H        -0.14740000000000   -0.03390000000000   -4.78430000000000
C        -1.50120000000000    1.39560000000000   -2.96670000000000
H        -1.75370000000000    2.21460000000000   -3.64850000000000
H        -2.03200000000000    0.49450000000000   -3.28930000000000
H        -1.85170000000000    1.65210000000000   -1.96220000000000
C         0.84230000000000    2.20670000000000   -2.22040000000000
O         0.75200000000000    1.78260000000000   -0.83690000000000
C         2.32930000000000    2.18620000000000   -2.59900000000000
H         2.74130000000000    1.18500000000000   -2.45750000000000
H         2.48870000000000    2.51300000000000   -3.63180000000000
H         2.87200000000000    2.86270000000000   -1.93200000000000
C         0.28440000000000    3.62290000000000   -2.33660000000000
H        -0.72650000000000    3.69040000000000   -1.92910000000000
H         0.92130000000000    4.31480000000000   -1.77610000000000
H         0.26430000000000    3.94810000000000   -3.38320000000000
B         1.56300000000000    0.60960000000000    1.84840000000000
O         2.92780000000000    0.55230000000000    2.15020000000000
C         3.36330000000000    1.88660000000000    2.50260000000000
C         4.53140000000000    1.78590000000000    3.47740000000000
H         4.27910000000000    1.16090000000000    4.33690000000000
H         5.39390000000000    1.33790000000000    2.97340000000000
H         4.82390000000000    2.77870000000000    3.83820000000000
C         3.79700000000000    2.56850000000000    1.19670000000000
H         4.20020000000000    3.57090000000000    1.37680000000000
H         4.56740000000000    1.95560000000000    0.72110000000000
H         2.95240000000000    2.63260000000000    0.50540000000000
C         2.05040000000000    2.50090000000000    3.09320000000000
O         1.03750000000000    1.81620000000000    2.31910000000000
C         1.89100000000000    4.00450000000000    2.88650000000000
H         1.87290000000000    4.25440000000000    1.82410000000000
H         0.94940000000000    4.34260000000000    3.33170000000000
H         2.71080000000000    4.55150000000000    3.36630000000000
C         1.82470000000000    2.13200000000000    4.56520000000000
H         1.92610000000000    1.05330000000000    4.71320000000000
H         2.52610000000000    2.65280000000000    5.22540000000000
H         0.80630000000000    2.41580000000000    4.84900000000000
B         2.27820000000000   -1.33090000000000    0.17410000000000
O         2.89460000000000   -2.57740000000000    0.38450000000000
C         4.26930000000000   -2.48200000000000   -0.07210000000000
C         5.10900000000000   -2.05380000000000    1.14010000000000
H         4.76350000000000   -1.08739999999999    1.51750000000000
H         4.98050000000000   -2.79470000000000    1.93590000000000
H         6.17420000000000   -1.99290000000000    0.89300000000000
C         4.71950000000000   -3.84660000000000   -0.58470000000000
H         4.75280000000000   -4.56130000000000    0.24420000000000
H         5.72330000000000   -3.78370000000000   -1.02010000000000
H         4.03500000000000   -4.23600000000000   -1.34170000000000
C         4.16440000000000   -1.36220000000000   -1.16300000000000
O         3.08520000000000   -0.55030000000000   -0.65400000000000
C         5.40720000000000   -0.48870000000000   -1.31550000000000
H         6.27320000000000   -1.09010000000000   -1.61530000000000
H         5.23300000000000    0.26930000000000   -2.08590000000000
H         5.64270000000000    0.02650000000000   -0.38240000000000
C         3.71800000000000   -1.89830000000000   -2.53110000000000
H         2.82530000000000   -2.52160000000000   -2.42740000000000
H         3.46090000000000   -1.05250000000000   -3.17550000000000
H         4.50570000000000   -2.48290000000000   -3.01790000000000
H        -3.38500000000000   -4.00130000000000   -2.59310000000000
H        -5.21400000000000    1.52080000000000    1.29960000000000
C         0.23590000000000   -1.68140000000000    2.96030000000000
C        -0.95596649596808   -1.87325722815424    3.70342311246521
C         1.31486369849341   -2.14135182574064    3.77844260792533
C        -0.79373410580971   -2.54842498609237    4.88385685242061
H        -1.90551202784379   -1.49629594954823    3.43299501694027
S         0.80135462174696   -2.95051994790178    5.25325304541697
C         2.75350804200006   -2.23777190739221    3.95021503258736
Cl       -1.96616482093626   -2.86935903898549    6.09954346903620
O         3.23303940148158   -2.88586340218150    4.89132604062405
C         3.65007652852585   -1.87708022228721    2.82930560391491
C         5.07020493598214   -1.18755584055061    2.59150536053100
H         2.98672376329065   -1.47793916263529    2.05611931218125
H         3.73167832464515   -2.93312356979148    2.50045376941281
H         4.93476056365755   -0.15601222146835    2.80154277360215
H         5.40926267384312   -0.66656423461414    1.13593988969503
H         5.84786862957582   -1.72987961738060    3.17665618699037
101
 energy: -150.315254277567 gnorm: 0.246550055512 xtb: 6.4.1 (1a32961)
N        -0.96510000000000   -2.11530000000000   -0.24090000000000
C        -2.24700000000000   -1.69840000000000   -0.36220000000000
C        -3.14040000000000   -2.36820000000000   -1.21200000000000
C        -2.70220000000000   -3.47560000000000   -1.93050000000000
C        -1.37780000000000   -3.89880000000000   -1.78760000000000
C        -0.54290000000000   -3.18670000000000   -0.93510000000000
H         0.49810000000000   -3.45630000000000   -0.78940000000000
H        -0.99570000000000   -4.76030000000000   -2.32770000000000
H        -4.16500000000000   -2.02890000000000   -1.31830000000000
C        -2.62130000000000   -0.50950000000000    0.44100000000000
N        -1.62600000000000    0.07330000000000    1.16020000000000
C        -1.89680000000000    1.15240000000000    1.91690000000000
C        -3.17230000000000    1.70330000000000    1.99650000000000
C        -4.20510000000000    1.11740000000000    1.26270000000000
C        -3.92610000000000    0.00250000000000    0.47820000000000
H        -4.71960000000000   -0.46420000000000   -0.09520000000000
H        -3.34630000000000    2.57510000000000    2.62070000000000
H        -1.04450000000000    1.57420000000000    2.43690000000000
Ir        0.42150000000000   -0.81650000000000    0.91330000000000
H         0.87260000000000   -2.23030000000000    1.54050000000000
B         0.50670000000000    0.41560000000000   -0.81540000000000
O         0.19500000000000   -0.04700000000000   -2.09150000000000
C         0.00650000000000    1.10040000000000   -2.95430000000000
C         0.49020000000000    0.74740000000000   -4.35780000000000
H         1.51610000000000    0.37380000000000   -4.33700000000000
H         0.44730000000000    1.62240000000000   -5.01670000000000
H        -0.14740000000000   -0.03390000000000   -4.78430000000000
C        -1.50120000000000    1.39560000000000   -2.96670000000000
H        -1.75370000000000    2.21460000000000   -3.64850000000000
H        -2.03200000000000    0.49450000000000   -3.28930000000000
H        -1.85170000000000    1.65210000000000   -1.96220000000000
C         0.84230000000000    2.20670000000000   -2.22040000000000
O         0.75200000000000    1.78260000000000   -0.83690000000000
C         2.32930000000000    2.18620000000000   -2.59900000000000
H         2.74130000000000    1.18500000000000   -2.45750000000000
H         2.48870000000000    2.51300000000000   -3.63180000000000
H         2.87200000000000    2.86270000000000   -1.93200000000000
C         0.28440000000000    3.62290000000000   -2.33660000000000
H        -0.72650000000000    3.69040000000000   -1.92910000000000
H         0.92130000000000    4.31480000000000   -1.77610000000000
H         0.26430000000000    3.94810000000000   -3.38320000000000
B         1.56300000000000    0.60960000000000    1.84840000000000
O         2.92780000000000    0.55230000000000    2.15020000000000
C         3.36330000000000    1.88660000000000    2.50260000000000
C         4.53140000000000    1.78590000000000    3.47740000000000
H         4.27910000000000    1.16090000000000    4.33690000000000
H         5.39390000000000    1.33790000000000    2.97340000000000
H         4.82390000000000    2.77870000000000    3.83820000000000
C         3.79700000000000    2.56850000000000    1.19670000000000
H         4.20020000000000    3.57090000000000    1.37680000000000
H         4.56740000000000    1.95560000000000    0.72110000000000
H         2.95240000000000    2.63260000000000    0.50540000000000
C         2.05040000000000    2.50090000000000    3.09320000000000
O         1.03750000000000    1.81620000000000    2.31910000000000
C         1.89100000000000    4.00450000000000    2.88650000000000
H         1.87290000000000    4.25440000000000    1.82410000000000
H         0.94940000000000    4.34260000000000    3.33170000000000
H         2.71080000000000    4.55150000000000    3.36630000000000
C         1.82470000000000    2.13200000000000    4.56520000000000
H         1.92610000000000    1.05330000000000    4.71320000000000
H         2.52610000000000    2.65280000000000    5.22540000000000
H         0.80630000000000    2.41580000000000    4.84900000000000
B         2.27820000000000   -1.33090000000000    0.17410000000000
O         2.89460000000000   -2.57740000000000    0.38450000000000
C         4.26930000000000   -2.48200000000000   -0.07210000000000
C         5.10900000000000   -2.05380000000000    1.14010000000000
H         4.76350000000000   -1.08739999999999    1.51750000000000
H         4.98050000000000   -2.79470000000000    1.93590000000000
H         6.17420000000000   -1.99290000000000    0.89300000000000
C         4.71950000000000   -3.84660000000000   -0.58470000000000
H         4.75280000000000   -4.56130000000000    0.24420000000000
H         5.72330000000000   -3.78370000000000   -1.02010000000000
H         4.03500000000000   -4.23600000000000   -1.34170000000000
C         4.16440000000000   -1.36220000000000   -1.16300000000000
O         3.08520000000000   -0.55030000000000   -0.65400000000000
C         5.40720000000000   -0.48870000000000   -1.31550000000000
H         6.27320000000000   -1.09010000000000   -1.61530000000000
H         5.23300000000000    0.26930000000000   -2.08590000000000
H         5.64270000000000    0.02650000000000   -0.38240000000000
C         3.71800000000000   -1.89830000000000   -2.53110000000000
H         2.82530000000000   -2.52160000000000   -2.42740000000000
H         3.46090000000000   -1.05250000000000   -3.17550000000000
H         4.50570000000000   -2.48290000000000   -3.01790000000000
H        -3.38500000000000   -4.00130000000000   -2.59310000000000
H        -5.21400000000000    1.52080000000000    1.29960000000000
C         0.23590000000000   -1.68140000000000    2.96030000000000
C        -0.95557807283842   -1.86381890690114    3.70330817427136
C         1.29999596959105   -2.16740989265973    3.76928857639211
C        -0.79916481651873   -2.52610956157766    4.88615426951281
H        -1.91269713856781   -1.37109981432541    3.47012173122909
S         0.79027793423613   -3.02836742198655    5.21415314280379
C         2.74128243936799   -2.26084573377291    3.94709942480820
Cl       -1.97001035206056   -2.79777122732696    6.11271143081545
O         3.18516702777260   -3.04594198709726    4.80664635718096
C         3.65837628847649   -1.84887341387279    2.86597052006536
C         5.09177129721272   -1.16311397414345    2.61955463009605
H         3.03864644491550   -1.47279989961865    2.03290370161914
H         3.76165821274185   -2.90851780962731    2.53789934434739
H         4.89723511285447   -0.12809197069916    2.78597760685430
H         5.50970869504508   -0.53540844790471    1.23163860752223
H         5.93187244143432   -1.72490733228345    3.11995872012539
