22
 energy: -32.351556617512 gnorm: 0.052811486796 xtb: 6.4.0 (f63f532)
C         0.58557000000000    0.60283000000000   -1.17573000000000
C         0.89521000000000    1.19919000000000    0.04019000000000
C         0.48946000000000    0.56393000000000    1.20039000000000
N        -0.19645000000000   -0.60007000000000    1.22029000000000
C        -0.48340000000000   -1.18092000000000    0.02600000000000
C        -1.25480000000000   -2.47484000000000    0.05509000000000
N        -0.37786000000000   -3.63839000000000    0.08442000000000
C         0.02738000000000   -4.36102000000000   -1.01021000000000
C         0.73600000000000   -5.45366000000000   -0.56073000000000
C         0.76337000000000   -5.38845000000000    0.85221000000000
C         0.07332000000000   -4.25728000000000    1.22450000000000
C        -0.10806000000000   -0.60517000000000   -1.18750000000000
H         0.88395000000000    1.07318000000000   -2.10818000000000
H         1.44026000000000    2.13475000000000    0.08313000000000
H         0.71004000000000    0.98717000000000    2.17641000000000
H        -1.90974000000000   -2.56556000000000   -0.81908000000000
H        -1.89330000000000   -2.51854000000000    0.94605000000000
H        -0.22569000000000   -4.04973000000000   -2.01517000000000
H         1.17991000000000   -6.22008000000000   -1.18265000000000
H         1.23301000000000   -6.09216000000000    1.52800000000000
H        -0.13612000000000   -3.84213000000000    2.20252000000000
H        -0.35392000000000   -1.08058000000000   -2.13184000000000
22
 energy: -32.354649680738 gnorm: 0.019488546355 xtb: 6.4.0 (f63f532)
C         0.59351745913616    0.59373780384884   -1.17966258543144
C         0.89444434705716    1.18167285038676    0.03896849415771
C         0.48301656738440    0.53696468530136    1.19238514382977
N        -0.19383792536691   -0.60891261976541    1.19728603540054
C        -0.48168459036576   -1.17550333852740    0.02092134031027
C        -1.24999310317792   -2.47294002864979    0.06228232988506
N        -0.38554102408774   -3.63759355374124    0.08878451595524
C         0.01881579020692   -4.35732736923224   -0.99671857078892
C         0.73593842210631   -5.43933447583813   -0.55788899999247
C         0.76782084553219   -5.37272468800650    0.84868764928248
C         0.06874846554745   -4.25361711189634    1.21659937991111
C        -0.10269616243202   -0.60505674585630   -1.18908494979266
H         0.88664072712413    1.06622789439181   -2.10746665936607
H         1.43030015729185    2.11793012525419    0.09110904419607
H         0.68760512591288    0.95292461874756    2.17150573336403
H        -1.89571581617192   -2.55005934144767   -0.81802624974427
H        -1.87536589059894   -2.49674774028536    0.96050592001955
H        -0.23457693927358   -4.05032473297748   -1.99421438811144
H         1.18113327756374   -6.19870728111463   -1.17593861429809
H         1.24035343809013   -6.07133341170207    1.51604623478863
H        -0.13840318120167   -3.84383712964950    2.18715664725834
H        -0.35237999027687   -1.08296840924049   -2.12512745083346
22
 energy: -32.355135575820 gnorm: 0.004083019340 xtb: 6.4.0 (f63f532)
C         0.59863358119712    0.58612349903222   -1.18147359508173
C         0.89398968523227    1.17017107208791    0.04055083954713
C         0.47646803818495    0.51993927060669    1.19113392537050
N        -0.19189145702849   -0.61953259335317    1.18326165466208
C        -0.47686504751113   -1.18091736698412    0.01601902359341
C        -1.25678024558190   -2.47490122930306    0.06386021466170
N        -0.40134898654656   -3.63881643497853    0.09104613717986
C         0.00853690247086   -4.35168660676972   -0.99070277628786
C         0.73979593199367   -5.42409823149079   -0.55779886299218
C         0.77545709393941   -5.35607497406154    0.84770980873659
C         0.06487601722223   -4.24532434798524    1.21309475124618
C        -0.09642259207365   -0.61162875446322   -1.19391078717524
H         0.89741225241403    1.05704598509558   -2.10607871517856
H         1.43027613082686    2.10387262864311    0.09966019955032
H         0.67925391990448    0.92802514061057    2.17289326707579
H        -1.90202806025019   -2.54364416083852   -0.81620271702395
H        -1.86924433284004   -2.47932642476184    0.96939500911350
H        -0.24960033663301   -4.04973491027076   -1.98611530823933
H         1.19061397751137   -6.17768256341771   -1.17422929758813
H         1.25698328129000   -6.04905216895755    1.51015351356126
H        -0.14122230959147   -3.83875721850825    2.18225038638842
H        -0.34875344413083   -1.09152960993209   -2.12640667111974
22
 energy: -32.355255999170 gnorm: 0.003502777069 xtb: 6.4.0 (f63f532)
C         0.60587819717154    0.57805450024192   -1.18056432951230
C         0.89937908610420    1.16103062172659    0.04283838413506
C         0.47849035496085    0.51009560519614    1.19290591843695
N        -0.19464521579353   -0.62568038037230    1.17956150889824
C        -0.48114334851718   -1.18417579347475    0.01249978237649
C        -1.26687139431057   -2.47653714824521    0.06317072775060
N        -0.41522429592994   -3.64052954849397    0.09139333662195
C        -0.00009112000398   -4.34894045838400   -0.99021870459259
C         0.74482877834594   -5.41313169162291   -0.55882988894410
C         0.78448101476311   -5.34260425882665    0.84708312275513
C         0.06152950099158   -4.23926150727370    1.21246314038890
C        -0.09427803848641   -0.61708570300774   -1.19731354263396
H         0.90818759372006    1.04931217298661   -2.10382691822894
H         1.43451851454818    2.09499144485115    0.10426889951732
H         0.67713406035047    0.91858566558011    2.17531079641582
H        -1.91494989349915   -2.54283529151622   -0.81431071893307
H        -1.87349902139848   -2.47186522845988    0.97192484348231
H        -0.26474121369615   -4.05204737955234   -1.98587626975740
H         1.20247841723775   -6.16263374015449   -1.17505055780056
H         1.27683817460966   -6.02965988702678    1.50779854142591
H        -0.14532749726813   -3.83464673040275    2.18269327265713
H        -0.34483265389988   -1.09796526376890   -2.12981134445889
22
 energy: -32.355391460820 gnorm: 0.003768343329 xtb: 6.4.0 (f63f532)
C         0.61698021769788    0.56523231859538   -1.17793628036765
C         0.90534760427841    1.14870481904794    0.04661495347287
C         0.47756704376626    0.49941089625940    1.19587526153665
N        -0.20158335145834   -0.63376569348118    1.17684211208436
C        -0.48648049072399   -1.19060342677824    0.00787138388901
C        -1.28353004494622   -2.47823871540538    0.06228483795190
N        -0.43770195932702   -3.64401957678907    0.09140248030864
C        -0.01410712609493   -4.34586316148275   -0.99110328351794
C         0.75260256605002   -5.39629326204378   -0.56121410081928
C         0.79915062145684   -5.32115630441958    0.84511812370002
C         0.05821756514692   -4.22924622538338    1.21161099805665
C        -0.08821278039491   -0.62744386948342   -1.20111918333749
H         0.92772021416858    1.03565726092072   -2.09936331235025
H         1.44259470240400    2.08133343193654    0.11039728325132
H         0.67702125330533    0.90567859541185    2.17889497135423
H        -1.93697119525973   -2.54150333405814   -0.81091715524128
H        -1.88369930260517   -2.46223332540642    0.97463589879699
H        -0.29190615049749   -4.05874144137896   -1.98706655767709
H         1.22058525884383   -6.13985671118668   -1.17749822526636
H         1.30932346698565   -5.99812696045448    1.50368583822155
H        -0.14992293104560   -3.82763426913649    2.18376718136904
H        -0.33485518175040   -1.10882104528399   -2.13467322541584
22
 energy: -32.355478016448 gnorm: 0.003718759628 xtb: 6.4.0 (f63f532)
C         0.62705054753591    0.55217253381570   -1.17518458715067
C         0.91202123960944    1.13619947071762    0.04965362433672
C         0.47659433203071    0.49045627336991    1.19794865732316
N        -0.21120744574619   -0.63841274261898    1.17667429399014
C        -0.49405047809302   -1.19473208441711    0.00602463793282
C        -1.29816713474875   -2.47853798822848    0.06243148584571
N        -0.45550098133538   -3.64605791963316    0.09095764199056
C        -0.02561216763750   -4.34303582050488   -0.99264117414238
C         0.75876879634798   -5.38117886717547   -0.56403729394546
C         0.81225270492354   -5.30139517730830    0.84201678951645
C         0.05742938788195   -4.21946726006420    1.21013423462553
C        -0.08423489444740   -0.63698856996084   -1.20173878093514
H         0.94670964816004    1.01991032783634   -2.09538036426143
H         1.45248604612993    2.06707622542151    0.11444280458695
H         0.67432387400690    0.89670597403300    2.18127325692263
H        -1.95524573562718   -2.54018881322194   -0.80815815890357
H        -1.89528166515947   -2.45768478597261    0.97641263257125
H        -0.31567885720949   -4.06476121780597   -1.98800654641046
H         1.23511476304572   -6.11938042468339   -1.18077388727621
H         1.33763574956001   -5.96867527812332    1.49904704338782
H        -0.15180907003692   -3.81998636941491    2.18324024296860
H        -0.32545865919093   -1.11956748606061   -2.13622655297299
22
 energy: -32.355553869505 gnorm: 0.002770427511 xtb: 6.4.0 (f63f532)
C         0.63642013379533    0.53897426449329   -1.17261551640542
C         0.91791477327780    1.12479168692973    0.05197380603058
C         0.47269412521248    0.48494807598326    1.19941179922797
N        -0.22230567336581   -0.63993575364869    1.17833147350780
C        -0.50185084689162   -1.19762758490474    0.00687890318136
C        -1.31032396909084   -2.47805047675327    0.06330180878681
N        -0.46786974601979   -3.64626811156537    0.09017322279786
C        -0.03466285522370   -4.34021423220472   -0.99446956586200
C         0.76325045519240   -5.36809945396787   -0.56728019131611
C         0.82348988852284   -5.28399081351293    0.83811914748988
C         0.05885711656493   -4.21007245740783    1.20803159641773
C        -0.08133792154387   -0.64623962788533   -1.19969819013174
H         0.96437047098913    1.00245070637173   -2.09220820957118
H         1.46418235680031    2.05242652772723    0.11685924342363
H         0.66990278661508    0.89108773376114    2.18289442936973
H        -1.96883896048087   -2.53902152982450   -0.80649373498043
H        -1.90685324120985   -2.45751464238668    0.97763492394256
H        -0.33518008506141   -4.06906910045447   -1.98853425355479
H         1.24514880775493   -6.10196224191731   -1.18485771642603
H         1.36038742638524   -5.94288619859635    1.49406958738552
H        -0.15070472181672   -3.81132890693319    2.18124835922951
H        -0.31855032040612   -1.12992786330327   -2.13466092254322
22
 energy: -32.355645675437 gnorm: 0.001884491626 xtb: 6.4.0 (f63f532)
C         0.64834417859830    0.52134378313041   -1.16926982210285
C         0.92628595171589    1.11001860261195    0.05466039114937
C         0.46614898416238    0.47997996979073    1.20122147717335
N        -0.23860080472173   -0.63898384643116    1.18175216124985
C        -0.51336719832348   -1.19999033127468    0.01029292326152
C        -1.32465888970562   -2.47713839539622    0.06491405668848
N        -0.47929205063557   -3.64453923992293    0.08881832950223
C        -0.04512526260247   -4.33643581661077   -0.99703203221687
C         0.76758532275496   -5.35289779516843   -0.57207977432232
C         0.83720714903460   -5.26327492579332    0.83229289459432
C         0.06288125901807   -4.19780288814910    1.20459082896313
C        -0.07923321171485   -0.65783045393008   -1.19499465629162
H         0.98785553093321    0.97700488997206   -2.08857385191867
H         1.48170728777387    2.03238710713443    0.11909292614775
H         0.65987751426859    0.88832000416120    2.18461606227425
H        -1.98285330448652   -2.53790596156635   -0.80542739762154
H        -1.92219356219481   -2.46099221986013    0.97889167986034
H        -0.35737981221590   -4.07261283316440   -1.98899103422279
H         1.25412276461478   -6.08219914477085   -1.19117875114634
H         1.38658986653891   -5.91247404431314    1.48709798908204
H        -0.14534802866176   -3.79805109374188    2.17734879520000
H        -0.31241368415096   -1.14345536670750   -2.12993319530357
22
 energy: -32.355789218041 gnorm: 0.002864976266 xtb: 6.4.0 (f63f532)
C         0.67416996189078    0.48404418553619   -1.16197666955731
C         0.94408103334993    1.07965300914992    0.06054550989961
C         0.44900357852643    0.47276643519176    1.20540845362336
N        -0.27468080255288   -0.63396442546617    1.18855722520803
C        -0.53835071008518   -1.20345900460247    0.01847697496384
C        -1.35308321021896   -2.47602142546908    0.06828302131150
N        -0.49834351381159   -3.63871494140220    0.08598819879553
C        -0.06638798625414   -4.32861902261290   -1.00200236544131
C         0.77493072265108   -5.32377305737798   -0.58258657875485
C         0.86502534875384   -5.22273757595151    0.81967324341551
C         0.07387544160003   -4.17191381241153    1.19692013357662
C        -0.07611334606239   -0.68103623186454   -1.18473484126572
H         1.03799804746402    0.92183673620482   -2.08078478292935
H         1.52045245595722    1.98949793930216    0.12436570450849
H         0.63401536020875    0.88740428699795    2.18806566390718
H        -2.00871372558076   -2.53681881347033   -0.80415828520960
H        -1.95314096668114   -2.46993035033837    0.98134250256140
H        -0.40080811919074   -4.07782432729096   -1.98978807982111
H         1.26783056241235   -6.04553172941265   -1.20511036715812
H         1.43829868247139   -5.85384559607436    1.47166236954026
H        -0.12812500610661   -3.76753886580405    2.16866410326158
H        -0.30379380874160   -1.17100341283391   -2.11870113443549
22
 energy: -32.355862827285 gnorm: 0.002638236467 xtb: 6.4.0 (f63f532)
C         0.69127136474999    0.45854748643305   -1.15611744538010
C         0.95608442799510    1.05846209635372    0.06545863914459
C         0.43764418152902    0.46779828976747    1.20864435718343
N        -0.29918329509867   -0.63008052117993    1.19133100451002
C        -0.55502932864192   -1.20543049898596    0.02270260885649
C        -1.37184717103885   -2.47640943719234    0.07013869534616
N        -0.51007643836201   -3.63409466071362    0.08451461846586
C        -0.08047892231236   -4.32314277627420   -1.00468968165860
C         0.77865682240145   -5.30492783052274   -0.58988049230031
C         0.88334411952210   -5.19534013170556    0.81079285561495
C         0.08198281955110   -4.15347934545860    1.19170056462050
C        -0.07435216376738   -0.69635833496162   -1.17912157482659
H         1.07250370691081    0.88366472979913   -2.07383689437124
H         1.54602037267965    1.95944653132103    0.12966870685398
H         0.61389675956805    0.88902246259464    2.19019612972058
H        -2.02632456440483   -2.53724072951390   -0.80294141198156
H        -1.97217705429131   -2.47415466253079    0.98308273922278
H        -0.42878216515963   -4.08106043367995   -1.98996022157563
H         1.27478772248195   -6.02258254427542   -1.21457745392502
H         1.47270924811858   -5.81487877863229    1.45969056180077
H        -0.11367678855318   -3.74516793158232    2.16320831082489
H        -0.29883365387787   -1.19012297906005   -2.11189461614589
22
 energy: -32.355924307875 gnorm: 0.002099855810 xtb: 6.4.0 (f63f532)
C         0.71355355203361    0.42600732258091   -1.14819092266458
C         0.97034902218511    1.03186622521825    0.07237666388176
C         0.42158086744714    0.46247441401094    1.21269050788073
N        -0.33079877757918   -0.62458721637813    1.19333520362876
C        -0.57593509283913   -1.20729850637913    0.02670650793309
C        -1.39470518197388   -2.47740545409938    0.07237125627840
N        -0.52390213688419   -3.62791803849491    0.08306110255337
C        -0.09894221930026   -4.31694422838553   -1.00754582953905
C         0.78301398444674   -5.28156693958855   -0.59908538983496
C         0.90580859892133   -5.16091183988484    0.79934447151205
C         0.09258573837911   -4.12977986169673    1.18498026101720
C        -0.07188883825338   -0.71529685015509   -1.17316245537946
H         1.11613887981364    0.83572133595125   -2.06369807361254
H         1.57782312903418    1.92098154976503    0.13785878764805
H         0.58856319115369    0.89106527214423    2.19255216528619
H        -2.04844594840927   -2.53870623357163   -0.80082610563618
H        -1.99425636969671   -2.47821942566466    0.98568026597768
H        -0.46407634467223   -4.08609353647509   -1.98965945040730
H         1.28269115364779   -5.99462665172808   -1.22626161566409
H         1.51538775732971   -5.76601470482710    1.44342270902409
H        -0.09378570423873   -3.71611236024818    2.15626700424815
H        -0.29261926054534   -1.21416427209387   -2.10410706413125
22
 energy: -32.355945116172 gnorm: 0.001122849133 xtb: 6.4.0 (f63f532)
C         0.72459561290873    0.40912233817718   -1.14331210303911
C         0.97690141510787    1.01811409184818    0.07667146028256
C         0.41316941942758    0.46011537124116    1.21463462206084
N        -0.34770512146020   -0.62090952794055    1.19331468806301
C        -0.58638352546301   -1.20782323858359    0.02787967997482
C        -1.40571786903582   -2.47814470217047    0.07359770804832
N        -0.53002001215662   -3.62439650229907    0.08251888215643
C        -0.10847874526829   -4.31418546731170   -1.00876062467376
C         0.78388513863800   -5.27028522078700   -0.60416078445398
C         0.91722349730329   -5.14285797554027    0.79272275314577
C         0.09893823852699   -4.11680817182405    1.18110540705813
C        -0.07034507992430   -0.72496813926154   -1.17050693914869
H         1.13990217226825    0.80999993407016   -2.05684745707440
H         1.59319024030285    1.90067336366963    0.14338154366802
H         0.57318384252814    0.89399566273211    2.19335549789301
H        -2.05992100564711   -2.54029394666494   -0.79899244808142
H        -2.00391238912116   -2.47953914366383    0.98762725013865
H        -0.48228555903148   -4.08969492525482   -1.98901778704958
H         1.28407543732255   -5.98186086273060   -1.23249041667873
H         1.53733668077708   -5.74033087955110    1.43342267032079
H        -0.08164342759724   -3.69999609414664    2.15223258614345
H        -0.28784896040640   -1.22745596400854   -2.10026618875403
22
 energy: -32.355956189391 gnorm: 0.000884427682 xtb: 6.4.0 (f63f532)
C         0.73265572918664    0.39962492670171   -1.13981302496550
C         0.97964161841464    1.01148683546167    0.08000351610239
C         0.40566800760263    0.46079927567565    1.21552575674392
N        -0.35874256428216   -0.61753269454722    1.19207716204308
C        -0.59151858673049   -1.20758428676853    0.02733061306146
C        -1.41091302322207   -2.47850491008736    0.07444746088852
N        -0.53350543403025   -3.62293818526045    0.08228269640562
C        -0.11627541538319   -4.31484692932808   -1.00929229717290
C         0.78326311807932   -5.26533948007284   -0.60741925375850
C         0.92407697959857   -5.13298263959648    0.78816463632163
C         0.10408038882018   -4.10904670348068    1.17825224516618
C        -0.06723920649149   -0.73035274560378   -1.16958626713043
H         1.15532685276413    0.79596657222151   -2.05113558839262
H         1.59950912430926    1.89083189332486    0.14840037856597
H         0.56196509979635    0.89704077982778    2.19349206365350
H        -2.06678777929845   -2.54159207810730   -0.79675193633925
H        -2.00685259081611   -2.47876761630133    0.98977991103474
H        -0.49654098386394   -4.09527706874021   -1.98814487363237
H         1.28243306988986   -5.97720829004354   -1.23620318730557
H         1.55097570123715   -5.72568755181030    1.42610592612709
H        -0.07196002406753   -3.69002814451808    2.14921036116871
H        -0.28112008151332   -1.23559095894730   -2.09861629858559
22
 energy: -32.355958403258 gnorm: 0.001884772050 xtb: 6.4.0 (f63f532)
C         0.74061779645413    0.39022474029392   -1.13635736934739
C         0.98236218915583    1.00491316346591    0.08329602015321
C         0.39827316656772    0.46145386121308    1.21640464591331
N        -0.36964029219926   -0.61420750556684    1.19084597614673
C        -0.59660657404575   -1.20734641475633    0.02678037290051
C        -1.41605915934154   -2.47886360958841    0.07528242213815
N        -0.53695217134851   -3.62148772231117    0.08205221255480
C        -0.12396799781573   -4.31548368614177   -1.00981306228982
C         0.78267878552044   -5.26042291832485   -0.61063197138731
C         0.93084278969278   -5.12321050895636    0.78366925751558
C         0.10914243766828   -4.10137172375326    1.17543815110746
C        -0.06419552979008   -0.73567056965188   -1.16868570763842
H         1.17054194514173    0.78209311197836   -2.04548968535523
H         1.60577101694157    1.88107280570740    0.15336242440270
H         0.55093186228265    0.90001142948213    2.19362293941806
H        -2.07358300315100   -2.54288217281512   -0.79454379387717
H        -2.00977024240587   -2.47800346551576    0.99190161379958
H        -0.51060142817449   -4.10077198971183   -1.98728182104616
H         1.28085874342006   -5.97257176071880   -1.23986231054392
H         1.56443741571964   -5.71120675016766    1.41888435223764
H        -0.06242407476269   -3.68017913929779    2.14622874041769
H        -0.27451767553022   -1.24361917486332   -2.09699340721987
22
 energy: -32.355969635671 gnorm: 0.001406726693 xtb: 6.4.0 (f63f532)
C         0.74385982663385    0.38824179998566   -1.13467288141173
C         0.98247739237773    1.00457405685342    0.08477274665884
C         0.39369769957664    0.46362365316323    1.21669269813760
N        -0.37537174304528   -0.61170447492773    1.19066882901784
C        -0.59789196290937   -1.20718339128887    0.02674406404299
C        -1.41706455292077   -2.47880187065471    0.07599147369963
N        -0.53813083563229   -3.62178738623150    0.08173745270734
C        -0.12813806594403   -4.31758797638464   -1.01030133690863
C         0.77950552144523   -5.26153976754366   -0.61246915920653
C         0.93439174728376   -5.12056462931101    0.78102207117692
C         0.11296578152357   -4.09874578805763    1.17375192197451
C        -0.06101045146646   -0.73763370850249   -1.16774557710615
H         1.17959176582797    0.77746698533633   -2.04298665689651
H         1.60730498578244    1.88007950864914    0.15560898434018
H         0.54150926280273    0.90463449363975    2.19384939839335
H        -2.07598432421131   -2.54316415976113   -0.79282000480839
H        -2.00943253664593   -2.47758613034309    0.99348241184293
H        -0.51850414803679   -4.10528596475971   -1.98674359300124
H         1.27570558793737   -5.97488810893189   -1.24198993954677
H         1.57194198111004   -5.70620248708397    1.41499969847410
H        -0.05567177946854   -3.67615314702897    2.14448924437743
H        -0.26761115202084   -1.24732150681684   -2.09597184595761
22
 energy: -32.355987666558 gnorm: 0.001097430674 xtb: 6.4.0 (f63f532)
C         0.74562244621907    0.39203803924276   -1.13407493746577
C         0.97955998445398    1.01122072899761    0.08471059729951
C         0.38987178429309    0.46912874749180    1.21641564755415
N        -0.37551753275730   -0.60937944766952    1.19167483284457
C        -0.59378258592694   -1.20766721912302    0.02786441189166
C        -1.41346076280796   -2.47800877032683    0.07678481503703
N        -0.53712146624646   -3.62388785151247    0.08102613120833
C        -0.13124558784124   -4.32270758860632   -1.01091435358538
C         0.77526522557206   -5.26825393248684   -0.61349022898635
C         0.93398467230875   -5.12534736993447    0.77917927531805
C         0.11683314697064   -4.10028663850972    1.17225516754267
C        -0.05475333813145   -0.73791947287995   -1.16577017469187
H         1.18162049771664    0.78208961012396   -2.04255433100161
H         1.60175000950223    1.88958343982776    0.15526328265358
H         0.53162409754359    0.91268998057459    2.19381379606850
H        -2.07376490924064   -2.54150753985265   -0.79124765853471
H        -2.00526574542357   -2.47725478668803    0.99482663925308
H        -0.52550874347123   -4.11192662747418   -1.98618272010709
H         1.26806250774687   -5.98420385812067   -1.24306442542381
H         1.57124739757339   -5.71133483117593    1.41311884984189
H        -0.04931691648897   -3.67614849967571    2.14284114375459
H        -0.25756418156483   -1.24844611222245   -2.09436576047091
22
 energy: -32.356007468739 gnorm: 0.001903689665 xtb: 6.4.0 (f63f532)
C         0.74858873893822    0.39510939971740   -1.13204387505571
C         0.97436339096767    1.01951528393264    0.08551988977016
C         0.38346967530118    0.47721378687634    1.21653843254476
N        -0.37622820936760   -0.60518405770215    1.19273454759989
C        -0.58783061375608   -1.20810816077578    0.02974801533667
C        -1.40828659983759   -2.47710737947790    0.07760541655865
N        -0.53529985855872   -3.62603493060824    0.08000640032035
C        -0.13654329354564   -4.32946040676089   -1.01168561657574
C         0.76685938543144   -5.27766797867355   -0.61541913504487
C         0.93421596339061   -5.12998255590830    0.77592766345142
C         0.12125407418245   -4.10155285585736    1.16968959003929
C        -0.04547892773192   -0.73967743552141   -1.16255439527707
H         1.18570587843449    0.78477669462164   -2.04049643642427
H         1.59120107561456    1.90183392148912    0.15567130287121
H         0.51963915023418    0.92355110197108    2.19331646427192
H        -2.06949206707370   -2.53856152083640   -0.79001560778612
H        -2.00000033950798   -2.47686334739154    0.99584234345979
H        -0.53494122125952   -4.12041138774442   -1.98507537704834
H         1.25474960582995   -5.99691957289965   -1.24516424315337
H         1.57369799294059   -5.71497821735141    1.40933983908327
H        -0.03960503021059   -3.67392095981725    2.13970324592246
H        -0.24189877041627   -1.25309942128226   -2.09107846486425
22
 energy: -32.356035168164 gnorm: 0.002159701004 xtb: 6.4.0 (f63f532)
C         0.75369114361487    0.39640695592379   -1.12838054854874
C         0.96853407134470    1.02787374552586    0.08741687888757
C         0.37465736025821    0.48686101978825    1.21733194513507
N        -0.38084066485281   -0.59851372401848    1.19382555847501
C        -0.58290802737600   -1.20766491019379    0.03222245906099
C        -1.40322363906548   -2.47639746768769    0.07876147167951
N        -0.53303727772085   -3.62760513825340    0.07866422269110
C        -0.14545878542500   -4.33776387533476   -1.01273079751366
C         0.75832396776456   -5.28684560576976   -0.61851778402885
C         0.93563177693296   -5.13364213770229    0.77082284002596
C         0.13008250621423   -4.10013560456769    1.16575576540914
C        -0.03356923108859   -0.74319305999280   -1.15828455659150
H         1.19471427819640    0.78366571777488   -2.03634047333579
H         1.57837128289030    1.91492511686520    0.15703617869919
H         0.50299044747362    0.93796179216652    2.19292754280293
H        -2.06486661576170   -2.53497567908476   -0.78874590585467
H        -1.99498052275803   -2.47688402620178    0.99708790348028
H        -0.55181341849863   -4.13267320688988   -1.98380727274496
H         1.23858032974898   -6.01085151361913   -1.24846707791463
H         1.57603978104597   -5.71830157871538    1.40265052516191
H        -0.02269748344811   -3.66750554446605    2.13484360338490
H        -0.22008127948987   -1.26227127554712   -2.08596247836064
22
 energy: -32.356074936228 gnorm: 0.001863922200 xtb: 6.4.0 (f63f532)
C         0.76344356655732    0.39630115427492   -1.12281424587072
C         0.96028941880134    1.03916623113665    0.09035409370681
C         0.35978993379940    0.50153675467352    1.21866333458022
N        -0.38902254345928   -0.58833583806325    1.19497538831175
C        -0.57636041683303   -1.20656640068561    0.03565312583698
C        -1.39673236740685   -2.47558975999487    0.08057027322587
N        -0.53003547454146   -3.62920652460616    0.07704809805008
C        -0.15919027029840   -4.34931954835874   -1.01376451016914
C         0.74464210913943   -5.30014268473878   -0.62329061313227
C         0.93818862080012   -5.13837980402585    0.76289698359640
C         0.14285301936900   -4.09777642789101    1.15986585979423
C        -0.01559752283423   -0.74895273712059   -1.15233424563436
H         1.20839862998842    0.78072721614238   -2.02932391070435
H         1.56123453216968    1.93232180159857    0.15914714280064
H         0.47759137495694    0.95944237836980    2.19244618853718
H        -2.05856710456345   -2.53026084333293   -0.78701634452663
H        -1.98877548504030   -2.47644274308272    0.99885241083176
H        -0.57572049765445   -4.14921143983291   -1.98150584545775
H         1.21392712684137   -6.03092086619468   -1.25374382430824
H         1.58282958904388   -5.72185839039208    1.39168398311742
H         0.00348061956929   -3.65732526347443    2.12755029188281
H        -0.18852685840499   -1.27673626440145   -2.07780363446858
22
 energy: -32.356148963089 gnorm: 0.003982328763 xtb: 6.4.0 (f63f532)
C         0.79150106102280    0.39656686175150   -1.10521492499145
C         0.93422613244304    1.07326403376913    0.09921291470181
C         0.31255100773846    0.54717367167549    1.22177899678725
N        -0.41521542818749   -0.55659397836967    1.19737397420844
C        -0.55684635306871   -1.20249877242052    0.04586098910868
C        -1.37660535701507   -2.47342111202980    0.08648874381653
N        -0.51849109691963   -3.63227441534633    0.07254462468934
C        -0.20057157974199   -4.38345589908009   -1.01596240156381
C         0.70266111879250   -5.34053755763054   -0.63798953094738
C         0.94685373691303   -5.15298799281560    0.73790072549872
C         0.18343281850156   -4.09031532117155    1.14130827225850
C         0.03689969664115   -0.76502842404156   -1.13397812181668
H         1.25646153776726    0.76879547214127   -2.00664095801245
H         1.51065182715450    1.98294928804416    0.16565316574307
H         0.39612078777010    1.02730162526314    2.18932525156945
H        -2.03988654200598   -2.51790319941238   -0.78050966946746
H        -1.96869839745266   -2.47453484388793    1.00510974178104
H        -0.64821516739767   -4.19809919448221   -1.97352486625274
H         1.13623797284875   -6.09325298335666   -1.26981952406621
H         1.60256419713847   -5.73481087189506    1.35597174405210
H         0.08579844692207   -3.62658785881947    2.10454194354504
H        -0.09329041986470   -1.32127852788545   -2.05132109064164
22
 energy: -32.356181560412 gnorm: 0.002551869293 xtb: 6.4.0 (f63f532)
C         0.79883360080215    0.39557727008489   -1.10073774240632
C         0.93030266554972    1.07838457216182    0.10048856967331
C         0.30126239299660    0.55631050575581    1.22092691985914
N        -0.42351819299742   -0.54944439791163    1.19659993727252
C        -0.55459467753952   -1.20096408646390    0.04783956478302
C        -1.37294291695517   -2.47329874431343    0.08815302331124
N        -0.51567135687114   -3.63224515478731    0.07167716679139
C        -0.20934876646427   -4.38910125555947   -1.01533392647099
C         0.69323290906018   -5.34793875532820   -0.64068302677436
C         0.94921051995081   -5.15594653354412    0.73192008166746
C         0.19342706185024   -4.08860838682552    1.13634035176257
C         0.04787387977191   -0.76801237369280   -1.12940359605829
H         1.26994501451536    0.76473383334824   -1.99995420061061
H         1.50169394554586    1.99076630438121    0.16623334033759
H         0.37476258353711    1.04251336245591    2.18617281368112
H        -2.03724558508988   -2.51662490475379   -0.77800763952506
H        -1.96411155776253   -2.47444957021754    1.00730831721156
H        -0.66314543930770   -4.20591505385344   -1.97004568543692
H         1.11808597856282   -6.10525486417857   -1.27228900426580
H         1.60853281809777   -5.73759037387918    1.34668485618114
H         0.10533046833400   -3.62076301688885    2.09793852578324
H        -0.07377534558714   -1.32965837599024   -2.04371864676681
22
 energy: -32.356200551545 gnorm: 0.000822225483 xtb: 6.4.0 (f63f532)
C         0.80055902889525    0.39385775606019   -1.09984057355885
C         0.93066276299942    1.07688967437646    0.10031687389202
C         0.29814170027865    0.55699956084340    1.21925732442477
N        -0.42769884699915   -0.54810977203323    1.19534459997566
C        -0.55680081782480   -1.20040512486379    0.04757639717318
C        -1.37375399944841   -2.47327710963874    0.08910406340662
N        -0.51495669950575   -3.63115344840568    0.07171774794474
C        -0.21001822345886   -4.38751842053653   -1.01479061393857
C         0.69191768081516   -5.34718153609782   -0.64083895849291
C         0.95129115532482   -5.15481589239677    0.73051377674082
C         0.19521036006803   -4.08820991301973    1.13543788746125
C         0.04736434315967   -0.76805300426691   -1.12869741761430
H         1.27568913747133    0.76118252097542   -1.99766871644222
H         1.50536472076923    1.98695639814519    0.16663837546410
H         0.36936884862470    1.04399704105294    2.18339695297137
H        -2.03946103091955   -2.51854659722380   -0.77600180781705
H        -1.96366958708746   -2.47484481428597    1.00902798429201
H        -0.66432245887059   -4.20324110608476   -1.96893635086055
H         1.11607936250775   -6.10406145771652   -1.27249074676752
H         1.61179059786193   -5.73661136420021    1.34426287194386
H         0.10818207276814   -3.62108158809204    2.09669832720539
H        -0.07280010742973   -1.33030180259122   -2.04191799740368
22
 energy: -32.356216820926 gnorm: 0.001548890655 xtb: 6.4.0 (f63f532)
C         0.80623181824983    0.38767441299339   -1.09781912225563
C         0.93286898877630    1.07284697305635    0.10056866331143
C         0.28998759840644    0.56024795514848    1.21639709381734
N        -0.43871596447927   -0.54321031365951    1.19305590140605
C        -0.56234499304349   -1.19900051236718    0.04739441610290
C        -1.37601870724227   -2.47334807495880    0.09194869081823
N        -0.51324655063721   -3.62843035043135    0.07208567818034
C        -0.21205577564117   -4.38432593864908   -1.01415302955046
C         0.69123003572164   -5.34387525142007   -0.64322210298308
C         0.95467961630346   -5.15275546508740    0.72692928892355
C         0.19983002016869   -4.08615139940887    1.13362373767829
C         0.04725415016351   -0.77027832455280   -1.12718794905197
H         1.28921327141785    0.75069150968430   -1.99328152404927
H         1.51426635887659    1.97843912069411    0.16793550233827
H         0.35538238973212    1.05017556904459    2.17847994218045
H        -2.04530783991436   -2.52304475749023   -0.77037662170683
H        -1.96232596883834   -2.47581856462945    1.01412022280930
H        -0.66860420086157   -4.19844664850611   -1.96685760808350
H         1.11411299264796   -6.09991929697274   -1.27581438799709
H         1.61706028151594   -5.73528222114221    1.33829974452327
H         0.11587856318378   -3.61991388765234    2.09483319391705
H        -0.07123608450665   -1.33380453369319   -2.03884973032852
22
 energy: -32.356229901117 gnorm: 0.001144166434 xtb: 6.4.0 (f63f532)
C         0.81054785770607    0.38209872171057   -1.09644231228450
C         0.93483837236862    1.07003735563984    0.10101917657459
C         0.28430394253287    0.56364288810361    1.21530318056217
N        -0.44646337173144   -0.53857230867561    1.19223817173706
C        -0.56572045344567   -1.19829569994381    0.04812357296246
C        -1.37789378398052   -2.47343264580356    0.09460939179925
N        -0.51269338050221   -3.62678870850903    0.07251946080356
C        -0.21330121784650   -4.38209913541189   -1.01474010436470
C         0.69103449202836   -5.34160390856606   -0.64612240056760
C         0.95724475392267   -5.15047951813809    0.72363786898692
C         0.20220682245634   -4.08473531845322    1.13267978933375
C         0.04837913825807   -0.77375999218105   -1.12578559676421
H         1.29830986402341    0.74132307629027   -1.99086103226446
H         1.51972120184539    1.97341302831200    0.16863654427580
H         0.34512068049411    1.05706603560546    2.17611045409246
H        -2.04943269504486   -2.52477978958186   -0.76584799354537
H        -1.96160207365888   -2.47668052926893    1.01842203830438
H        -0.67143137122072   -4.19549641482344   -1.96660975132256
H         1.11302175414826   -6.09739965517779   -1.27986285851350
H         1.62109152128615   -5.73298424277776    1.33331815483556
H         0.12004483825019   -3.61907470008013    2.09455504964697
H        -0.06918689188992   -1.33892853826961   -2.03679080428792
22
 energy: -32.356247204567 gnorm: 0.000584378944 xtb: 6.4.0 (f63f532)
C         0.81699169354701    0.37304753553755   -1.09426798616295
C         0.93711842304424    1.06652798695985    0.10110708597404
C         0.27635290491536    0.56938401601349    1.21371444426366
N        -0.45673905504406   -0.53131825361528    1.19166551065946
C        -0.56966458896975   -1.19775383832201    0.05036990818798
C        -1.38087037367915   -2.47350473752549    0.09930832257816
N        -0.51349118357089   -3.62523289656884    0.07327459294322
C        -0.21548927657815   -4.37895006643184   -1.01630946628902
C         0.69232472267725   -5.33668251027075   -0.65147631931759
C         0.95979880946000   -5.14766094945598    0.71865529236703
C         0.20449854399119   -4.08329487466244    1.13120398511310
C         0.05140058813720   -0.78053611038748   -1.12270984027085
H         1.31045680431192    0.72634497954577   -1.98786637559632
H         1.52559391841564    1.96767489471587    0.16821647227016
H         0.33183947765572    1.06841434410544    2.17250687977840
H        -2.05564759403141   -2.52490777660540   -0.75844816775570
H        -1.96074402185353   -2.47806273461253    1.02549603763502
H        -0.67600685302492   -4.19187448851899   -1.96698392066948
H         1.11430579568648   -6.09101202590307   -1.28745548004315
H         1.62561070742759   -5.72997710353730    1.32618312813929
H         0.12434994006380   -3.61875440656822    2.09424723491512
H        -0.06384938258176   -1.34940098389244   -2.03232133871945
22
 energy: -32.356263636190 gnorm: 0.001175630643 xtb: 6.4.0 (f63f532)
C         0.82395491722844    0.36323531781516   -1.09179438748744
C         0.93862567367153    1.06350147576313    0.10062001603028
C         0.26845193625030    0.57543643436252    1.21180329670385
N        -0.46678821529606   -0.52385215663642    1.19144877023118
C        -0.57299492446810   -1.19766368884972    0.05359137861187
C        -1.38414616171858   -2.47349121135165    0.10486954916987
N        -0.51572534516378   -3.62429106331227    0.07410059204406
C        -0.21790311652506   -4.37498166210537   -1.01827444112224
C         0.69265198723174   -5.33159418345753   -0.65729138395659
C         0.96361592014273   -5.14365459156146    0.71254180539349
C         0.20566066006919   -4.08279858380643    1.12948987292250
C         0.05596116321183   -0.78877904302085   -1.11843052333137
H         1.32395868618496    0.70958883023407   -1.98454945144639
H         1.52951416922749    1.96320245824753    0.16651339014825
H         0.31796467164541    1.08119699194783    2.16780709999653
H        -2.06245978467229   -2.52383824285467   -0.75007624835102
H        -1.96006533197846   -2.47923627453344    1.03348846928616
H        -0.68079194748025   -4.18719002410135   -1.96766937976317
H         1.11484740274090   -6.08392451463334   -1.29584011056558
H         1.63242727852181   -5.72510650223278    1.31748988753128
H         0.12651493503793   -3.62043391056397    2.09397191627681
H        -0.05513457386192   -1.36285585534909   -2.02570011832220
22
 energy: -32.356281743557 gnorm: 0.001409424305 xtb: 6.4.0 (f63f532)
C         0.83115996367603    0.35353273414215   -1.08923306101380
C         0.93900912760367    1.06138140951442    0.09950828307277
C         0.26059902659585    0.58164312759766    1.20937501541406
N        -0.47586018236364   -0.51685743738389    1.19129623997139
C        -0.57526157367183   -1.19802183226004    0.05717488254168
C        -1.38717453245376   -2.47336028008966    0.11072628634378
N        -0.51894161156222   -3.62402770283800    0.07511777420949
C        -0.22110680450682   -4.37110307986772   -1.01997572880660
C         0.69353328286755   -5.32551384402591   -0.66346064682483
C         0.96655360212844   -5.14047312026599    0.70642658503355
C         0.20650260516772   -4.08280856317432    1.12763935077445
C         0.06185172542484   -0.79762660184302   -1.11349087375220
H         1.33745129565073    0.69312822345558   -1.98107985379565
H         1.53102873597301    1.96046416770727    0.16366874185035
H         0.30492629572617    1.09370413296329    2.16238467221937
H        -2.06927468656134   -2.52217616778918   -0.74133656815248
H        -1.95916606270561   -2.47975124364945    1.04173166529723
H        -0.68691440315639   -4.18280932233235   -1.96785610226307
H         1.11671445724752   -6.07489698705813   -1.30494220022529
H         1.63833125430578   -5.72127322495544    1.30865480386321
H         0.12808402365071   -3.62299548521109    2.09351249394208
H        -0.04390553903662   -1.37768890263625   -2.01773175969938
22
 energy: -32.356307180307 gnorm: 0.001248836508 xtb: 6.4.0 (f63f532)
C         0.84055294869193    0.34153792124675   -1.08588518117475
C         0.93830220176471    1.05987994534674    0.09739083724884
C         0.25066334432957    0.58990972176705    1.20567185353095
N        -0.48643316270414   -0.50824275476623    1.19102439497104
C        -0.57695371731627   -1.19880429570250    0.06200375384025
C        -1.39044053544536   -2.47306430958887    0.11860978438700
N        -0.52371518483871   -3.62444514082414    0.07684156935394
C        -0.22555766545436   -4.36592491027256   -1.02191531088195
C         0.69390875431592   -5.31794081330824   -0.67148727358362
C         0.97019840755216   -5.13694901426657    0.69825706533106
C         0.20700752643128   -4.08401592225328    1.12544732244765
C         0.07086186615645   -0.80936370223876   -1.10651807674397
H         1.35472738514908    0.67274522421232   -1.97637572215657
H         1.52997972061049    1.95936245253828    0.15867781570994
H         0.28829567384429    1.10988006265475    2.15459503264972
H        -2.07744702578348   -2.51949108834108   -0.72976510675337
H        -1.95761932707029   -2.47958942518060    1.05251678720104
H        -0.69519177509202   -4.17654315606883   -1.96770292886447
H         1.11848745257618   -6.06297373365449   -1.31703934735474
H         1.64600879069790   -5.71713155173454    1.29657732012572
H         0.12904038005291   -3.62829059521262    2.09325585816250
H        -0.02653605846844   -1.39807491435266   -2.00607044744606
22
 energy: -32.356338982318 gnorm: 0.001013387654 xtb: 6.4.0 (f63f532)
C         0.85332160088654    0.32638066117789   -1.08130220012503
C         0.93627156982113    1.05942188279718    0.09403217006800
C         0.23665683150536    0.60208346945744    1.20008881778025
N        -0.50018941294486   -0.49639632771351    1.19033906227821
C        -0.57796284937558   -1.19991283052228    0.06849523770576
C        -1.39365040230728   -2.47261643320290    0.12946720109009
N        -0.52952248325486   -3.62538156722108    0.07964725097051
C        -0.23183331833601   -4.35917857384852   -1.02415047581010
C         0.69356749808115   -5.30863175354115   -0.68247178669938
C         0.97437354323146   -5.13399273311954    0.68708779657233
C         0.20814951706625   -4.08683939462294    1.12270234859839
C         0.08425786218995   -0.82492097595900   -1.09676928811139
H         1.37818329429927    0.64664561776887   -1.96963825210505
H         1.52654215959098    1.96011050279085    0.15112998322986
H         0.26404717826812    1.13296039427977    2.14323415232620
H        -2.08729745768022   -2.51613711757172   -0.71388501942262
H        -1.95437213445143   -2.47877899589314    1.06726205396116
H        -0.70691099511721   -4.16775603784996   -1.96683051120434
H         1.11927326445588   -6.04790225036327   -1.33369557526464
H         1.65521464547261   -5.71423179318678    1.27969974792291
H         0.13133922787956   -3.63701704100091    2.09323160500797
H        -0.00131913928101   -1.42543870265536   -1.98956431876890
22
 energy: -32.356366385588 gnorm: 0.000887846092 xtb: 6.4.0 (f63f532)
C         0.86611482918782    0.31271193804838   -1.07628658202680
C         0.93339609128483    1.06059771029065    0.09063269898374
C         0.22151064369529    0.61568914524113    1.19384092893539
N        -0.51388094140303   -0.48386308068402    1.18890651778766
C        -0.57814347944199   -1.20049015270183    0.07460902800412
C        -1.39508251260760   -2.47217788860347    0.14024568267816
N        -0.53371988028843   -3.62644311083539    0.08267301855761
C        -0.23812389855542   -4.35334795486428   -1.02609025139739
C         0.69161560518758   -5.30162964095663   -0.69327494022348
C         0.97785628145844   -5.13313722695034    0.67589674108260
C         0.21023961332789   -4.09070064264351    1.12009233656654
C         0.09813764679750   -0.83928904355932   -1.08691793456220
H         1.40142734380666    0.62263854274142   -1.96201152873663
H         1.52142222162971    1.96299391249106    0.14356876110064
H         0.23804586144634    1.15728696418560    2.13099130826509
H        -2.09523131910910   -2.51321861146092   -0.69800454791871
H        -1.94941904041528   -2.47781016580803    1.08180980846877
H        -0.71861277608106   -4.15927388305835   -1.96549471297018
H         1.11706011826712   -6.03593105712577   -1.35013514919474
H         1.66312014360068   -5.71423808364329    1.26255218481551
H         0.13574052865911   -3.64651476102973    2.09333475260010
H         0.02466691955277   -1.45138290907341   -1.97282812081560
22
 energy: -32.356388745031 gnorm: 0.000691854659 xtb: 6.4.0 (f63f532)
C         0.87605126042520    0.30371811766239   -1.07176073615390
C         0.92999096388576    1.06351545118034    0.08791558546005
C         0.20825044399706    0.62805941915792    1.18827733002123
N        -0.52498437245877   -0.47299472487702    1.18709117008452
C        -0.57716996295677   -1.20054265510762    0.07938269988837
C        -1.39440804610251   -2.47189390279044    0.14888825169054
N        -0.53513958064330   -3.62723154705108    0.08501002933859
C        -0.24338110684572   -4.34988133895731   -1.02748365823297
C         0.68834187151357   -5.29861289330356   -0.70186505756468
C         0.97988192197530   -5.13492759507964    0.66675003315971
C         0.21355916143907   -4.09453430728945    1.11766324836921
C         0.11013220373708   -0.84962031897159   -1.07863460524266
H         1.42069380308254    0.60516431820576   -1.95472340854681
H         1.51587783517770    1.96749249179006    0.13763951555537
H         0.21378928865136    1.17930689208160    2.11994994290927
H        -2.09994522835142   -2.51134423009497   -0.68503284846089
H        -1.94338388245187   -2.47719208960541    1.09358456598918
H        -0.72844822886712   -4.15327680015765   -1.96400710411622
H         1.11165224175260   -6.03012458579218   -1.36305846439740
H         1.66775199772672   -5.71781224321457    1.24852472649648
H         0.14249396180066   -3.65427632935695    2.09289205714050
H         0.04653345351270   -1.47052112842868   -1.95889327338728
22
 energy: -32.356413246635 gnorm: 0.000606772445 xtb: 6.4.0 (f63f532)
C         0.88655127665030    0.29633620561599   -1.06665881219284
C         0.92580649938890    1.06823868818395    0.08548744534340
C         0.19273519277870    0.64241080589342    1.18223700103263
N        -0.53684609654853   -0.46108426552002    1.18471462999157
C        -0.57569068679362   -1.19972157112806    0.08390968514246
C        -1.39183868213320   -2.47159788767690    0.15731144909122
N        -0.53438298244213   -3.62777395614480    0.08702115117064
C        -0.24893980678900   -4.34795777295708   -1.02862205033151
C         0.68294673980599   -5.29881543889984   -0.70997739617152
C         0.98140095077746   -5.13907042139230    0.65757263106100
C         0.21850699748750   -4.09896476177970    1.11483707815804
C         0.12259921366513   -0.85832311786143   -1.07029622241442
H         1.43932377908218    0.59054934447197   -1.94669713813410
H         1.50912135833311    1.97402839649036    0.13222815091904
H         0.18772617448410    1.20229815697536    2.10832766329199
H        -2.10271934108160   -2.50985054249560   -0.67220939313022
H        -1.93550102167584   -2.47689182960648    1.10506213325937
H        -0.73849729208427   -4.14833954836677   -1.96215121158224
H         1.10221623575119   -6.02890903154652   -1.37517421288581
H         1.67128126496850   -5.72450328986146    1.23443705618141
H         0.15260833441659   -3.66161583400075    2.09166674497186
H         0.06973189195838   -1.48797232839339   -1.94491638277175
22
 energy: -32.356444297180 gnorm: 0.000616627703 xtb: 6.4.0 (f63f532)
C         0.89759683458890    0.29030794224113   -1.06031656393116
C         0.91978054329919    1.07549555653721    0.08303648807948
C         0.17457080734096    0.65965441990556    1.17515803146908
N        -0.55106961979990   -0.44642233617993    1.18147003633118
C        -0.57297641827768   -1.19827393222796    0.08917751011383
C        -1.38710163962421   -2.47122117944701    0.16702562283884
N        -0.53145053110569   -3.62806971674497    0.08890185090485
C        -0.25618943732848   -4.34738545937408   -1.02982572072172
C         0.67454238186489   -5.30204933350509   -0.71929147385189
C         0.98245545446793   -5.14620315460294    0.64655956526848
C         0.22638392282690   -4.10417687036225    1.11080731577240
C         0.13821904832324   -0.86738381246557   -1.06014157512844
H         1.46200040091238    0.57537255430838   -1.93623415849186
H         1.49950065499247    1.98373115660797    0.12660538762317
H         0.15303867487217    1.23207952250727    2.09374425494375
H        -2.10432740675309   -2.50823088131321   -0.65723841776834
H        -1.92446959041404   -2.47684000257653    1.11839309373674
H        -0.75126880440529   -4.14410320529113   -1.95965705765050
H         1.08696883036629   -6.03207559327171   -1.38879413241079
H         1.67412226419122   -5.73529420591928    1.21756278866994
H         0.16862485962126   -3.66891276101199    2.08906254160919
H         0.09918877004042   -1.50752870781391   -1.92789538740598
22
 energy: -32.356479220535 gnorm: 0.000876482417 xtb: 6.4.0 (f63f532)
C         0.91081590496871    0.28476257910007   -1.05236530242683
C         0.91155378581405    1.08565267744390    0.08080037220249
C         0.15156351261007    0.68084053418998    1.16701390562696
N        -0.56755046553346   -0.42949950412349    1.17745544374917
C        -0.56854777774788   -1.19652313781039    0.09514707140276
C        -1.38024325967089   -2.47076606037708    0.17720592456316
N        -0.52654569439226   -3.62820180316282    0.09025954354205
C        -0.26510028287933   -4.34870571643961   -1.03116170136173
C         0.66274629961530   -5.30890821428789   -0.72912825886785
C         0.98354578071538   -5.15525569457338    0.63401118024105
C         0.23703841012748   -4.10942484781425    1.10547534358316
C         0.15768677403414   -0.87703294522089   -1.04813109402932
H         1.48642555271817    0.56127318397614   -1.92361350077636
H         1.48657698099461    1.99704356293106    0.12119281205924
H         0.11403350796932    1.26472249999080    2.07755668674886
H        -2.10400235232435   -2.50610724663540   -0.64152071960325
H        -1.91113611600012   -2.47714398990812    1.13224276561644
H        -0.76675653189174   -4.14185345274030   -1.95673058983192
H         1.06510800242005   -6.04101379414696   -1.40259202418733
H         1.67705216881399   -5.74844451865877    1.19845858370227
H         0.19014184212504   -3.67482177838648    2.08470844051635
H         0.13373395751360   -1.52812233334616   -1.90817488246908
22
 energy: -32.356520853546 gnorm: 0.001428887660 xtb: 6.4.0 (f63f532)
C         0.92803043185709    0.28014521246626   -1.04077639925321
C         0.90120931846537    1.09958220589440    0.07904823278833
C         0.12220554620851    0.70751901307669    1.15671616091467
N        -0.58826522776768   -0.40838027858443    1.17164217153376
C        -0.56251936682609   -1.19314729354099    0.10242938204866
C        -1.36949661652325   -2.47008420822791    0.18906912364697
N        -0.51859422112715   -3.62842829907756    0.09090370379065
C        -0.27849386483548   -4.35381864008709   -1.03263975138369
C         0.64500529190796   -5.32149273367482   -0.74103517171212
C         0.98477161649651   -5.16797762604943    0.61768594547065
C         0.25323032661010   -4.11499877463574    1.09727656467965
C         0.18302596032547   -0.88689043177296   -1.03210488341319
H         1.51743470458589    0.54729661386586   -1.90537170225378
H         1.46706749870172    2.01695775722763    0.11518974925713
H         0.06037186731165    1.30744956034453    2.05622087032105
H        -2.10125409362402   -2.50286566033184   -0.62269825594468
H        -1.89263185387946   -2.47805837348926    1.14843457559878
H        -0.78985511027335   -4.14388236505651   -1.95226347919296
H         1.03188621356480   -6.05870212515970   -1.41842435573493
H         1.68079519342222   -5.76596839493432    1.17380619030619
H         0.22287814864136   -3.67859469360503    2.07669725397055
H         0.18133823675770   -1.55319046464778   -1.88169592543816
22
 energy: -32.356549915168 gnorm: 0.005777582162 xtb: 6.4.0 (f63f532)
C         0.96075050208676    0.27456097448975   -1.01615889318045
C         0.87585402605334    1.13089382221744    0.07626907368267
C         0.06125244414710    0.76100991748971    1.13583358276459
N        -0.62961473589980   -0.36733574746826    1.15926564847316
C        -0.54755941194683   -1.18777824971431    0.11683476487066
C        -1.34713604466912   -2.46900702444884    0.21071142226449
N        -0.50216612385245   -3.62920696133184    0.09074273437764
C        -0.30788008326576   -4.36767435566378   -1.03505853589298
C         0.60653057911092   -5.35005379946373   -0.76331507581496
C         0.98796931693696   -5.19272666857674    0.58484982476386
C         0.28865377938045   -4.12354763556037    1.07877346789984
C         0.23724025097767   -0.90626492078324   -0.99878417278254
H         1.58292530940385    0.52132649918095   -1.86585196934890
H         1.42634575030251    2.05808525441244    0.10528301615508
H        -0.04590696054160    1.38883214475571    2.01336261816617
H        -2.09400747862362   -2.49623139716831   -0.58783877068909
H        -1.85565237729226   -2.48017998232909    1.17824735388187
H        -0.84063194353590   -4.15401800995806   -1.94204692670280
H         0.95997207685516   -6.09993977785421   -1.44661559039403
H         1.68981439181177   -5.79908200027469    1.12450392308405
H         0.29423169270991   -3.68033254932767    2.05681877743321
H         0.27715503985088   -1.59885953262284   -1.82771627301115
22
 energy: -32.356580741843 gnorm: 0.002952787077 xtb: 6.4.0 (f63f532)
C         0.95762684818266    0.27764163075879   -1.01697313757469
C         0.87843564562249    1.12814059605919    0.07775020106622
C         0.06721499114395    0.75417415244670    1.13767760004155
N        -0.62491492163133   -0.37314837511011    1.15933929590390
C        -0.54849130170711   -1.18787804522306    0.11458736056096
C        -1.34805101635769   -2.46920227550647    0.20664828925264
N        -0.50227325802623   -3.62890457154816    0.08937019617100
C        -0.30657937893410   -4.36950823073120   -1.03431334016309
C         0.60787049992309   -5.35060099580542   -0.75948440518715
C         0.98784832640495   -5.19009648135931    0.58829927538053
C         0.28770588115794   -4.12054829751590    1.07900619858489
C         0.23246065795289   -0.90191320338880   -1.00145184995769
H         1.57515272848828    0.52875447655538   -1.86710404968191
H         1.42874906036087    2.05528851410623    0.10775336525344
H        -0.03669873742339    1.37823684650555    2.01683393136431
H        -2.09253024385535   -2.49692443735441   -0.59366527147377
H        -1.85881877577097   -2.48063681152177    1.17283770834945
H        -0.83858602949831   -4.15824831513131   -1.94200897657157
H         0.96204140030014   -6.10189391490255   -1.44030792732421
H         1.68919797427766   -5.79478178509555    1.12990439349414
H         0.29227001997300   -3.67504531626566    2.05566065067960
H         0.26850962941649   -1.59043515997214   -1.83224950816815
22
 energy: -32.356601397074 gnorm: 0.001957296464 xtb: 6.4.0 (f63f532)
C         0.96441244664976    0.27765743007604   -1.01096557834693
C         0.87476586653401    1.13268180540250    0.07836364718189
C         0.05729510927747    0.76080247641137    1.13414813885047
N        -0.63215555011478   -0.36801123862132    1.15641968985076
C        -0.54634801222778   -1.18661921345715    0.11654234627492
C        -1.34408861964137   -2.46910668102113    0.20837772062270
N        -0.49929060460355   -3.62901482289105    0.08773116661283
C        -0.31394570308935   -4.37453822096574   -1.03389779863613
C         0.59952152506854   -5.35707585131947   -0.76149654642066
C         0.98947606899248   -5.19268983545795    0.58263042864158
C         0.29609868367600   -4.11933936262971    1.07361107834725
C         0.24147580466735   -0.90307316811730   -0.99493948146448
H         1.58551927399433    0.52797078580255   -1.85778052919137
H         1.42111204141791    2.06214549235035    0.10704348177511
H        -0.05535790009555    1.38858228494537    2.00907251382344
H        -2.09022912672003   -2.49558313904922   -0.59037360872069
H        -1.85344643386114   -2.48171128433359    1.17532895741721
H        -0.85149164701975   -4.16496304017371   -1.93858661700432
H         0.94662991999867   -6.11201727776465   -1.44124455817376
H         1.69267993176619   -5.79746918266128    1.12166506637777
H         0.30879400107282   -3.67007565789572    2.04802867572041
H         0.28671292425770   -1.59608229862918   -1.82156819353761
22
 energy: -32.356640963547 gnorm: 0.001295750988 xtb: 6.4.0 (f63f532)
C         0.98388553953926    0.27438003284971   -0.99439095804916
C         0.86264348145285    1.14545938304333    0.07877681682340
C         0.02751779954339    0.78152194430302    1.12363032388134
N        -0.65390452261540   -0.35211930525462    1.14898060393031
C        -0.53980952289599   -1.18487262873616    0.12352197904045
C        -1.33500161111551   -2.46877482964412    0.21513152799296
N        -0.49395768313542   -3.62990503474830    0.08456455846747
C        -0.33552110267585   -4.38597003134985   -1.03272086647055
C         0.57772211019532   -5.37117358211683   -0.76931590201085
C         0.99522747250322   -5.19827384208939    0.56508966526390
C         0.31788024943581   -4.11674552931616    1.05911070432269
C         0.26927429976286   -0.91127708294457   -0.97535752639839
H         1.62073415345202    0.51777008530018   -1.83196505433955
H         1.40025980398476    2.07993256177665    0.10357598075379
H        -0.10744081283777    1.42006465437255    1.98673912692734
H        -2.08624440238903   -2.49129389792970   -0.57925846350751
H        -1.84040310735131   -2.48372801548724    1.18422225723716
H        -0.88893331205580   -4.18002921013166   -1.92865355398231
H         0.90769656940855   -6.13330163467290   -1.44834164332647
H         1.70535982783594   -5.80281324657442    1.09584207782466
H         0.35211361114582   -3.65905243593102    2.02828260517169
H         0.33904115881219   -1.61732835471845   -1.78935425955193
22
 energy: -32.356641271375 gnorm: 0.007403519781 xtb: 6.4.0 (f63f532)
C         1.02816363223465    0.26402527785931   -0.95701862117486
C         0.83609471584762    1.17370903152812    0.07860695306960
C        -0.04044840580087    0.83123726519110    1.09853335004866
N        -0.70223122125841   -0.31441625337051    1.13203951779016
C        -0.52328879875305   -1.18230146721557    0.14021013366449
C        -1.31490625911708   -2.46776074623555    0.23301328386206
N        -0.48294755795076   -3.63193483927079    0.08030437102669
C        -0.38258258465879   -4.40868887334456   -1.03075539975719
C         0.52997423071270   -5.40101830624853   -0.79035698556120
C         1.00752471482197   -5.21133789964293    0.52360180266139
C         0.36477531921886   -4.11280795795841    1.02882999538398
C         0.33605955584478   -0.93525347274350   -0.92965075687487
H         1.69976179265380    0.48992149192283   -1.77373936152705
H         1.35262400399336    2.12079283975996    0.09425673857659
H        -0.22937956970732    1.49910393195241    1.93370230042733
H        -2.07773711893044   -2.48107636469519   -0.55145621892661
H        -1.81113154394553   -2.48669405872814    1.20713608862484
H        -0.97115139707295   -4.20929535444558   -1.90696937993497
H         0.82182371461274   -6.17824776863950   -1.47134572030190
H         1.73297861684087   -5.81600458293156    1.03430742258974
H         0.44616623456066   -3.63904944761922    1.98899778267302
H         0.45799792585316   -1.67043244512408   -1.71413729633936
22
 energy: -32.356696855022 gnorm: 0.002458468022 xtb: 6.4.0 (f63f532)
C         1.01610691542002    0.26671013908412   -0.96505733686282
C         0.84218523036285    1.16587315108356    0.07880088551942
C        -0.02294891678519    0.81719067407969    1.10436973014783
N        -0.68907840689090   -0.32579483929860    1.13583945211752
C        -0.52698571015867   -1.18409093211244    0.13616866877726
C        -1.32133221207865   -2.46799849159053    0.22710409465510
N        -0.48782028097533   -3.63186431021117    0.08124614502964
C        -0.37265494417119   -4.40387184653505   -1.03006439088641
C         0.54220465121622   -5.39248984985301   -0.78435445710333
C         1.00581058198840   -5.20504980684296    0.53321119803411
C         0.35309784999735   -4.11152229597875    1.03521969067007
C         0.32008451215955   -0.93018697301373   -0.93949544475773
H         1.68142712984700    0.49579062074100   -1.78600775609553
H         1.36457984556581    2.10924211958057    0.09693376663276
H        -0.19587999322153    1.47590110015995    1.94636324046232
H        -2.07953707663749   -2.48285738774574   -0.56149947629096
H        -1.82195805486080   -2.48589552453964    1.19885486055760
H        -0.95416031727993   -4.20494278218677   -1.91008388879353
H         0.84423704866407   -6.16569906465696   -1.46453757642178
H         1.72913597090584   -5.80767912206648    1.04850680565727
H         0.42298271214832   -3.64083308811751    1.99657504602783
H         0.42864346478422   -1.65746148997947   -1.72998325707613
22
 energy: -32.356716485615 gnorm: 0.001609135004 xtb: 6.4.0 (f63f532)
C         1.02214742227172    0.26354450310035   -0.95887028138328
C         0.84006769920131    1.16692738629763    0.07880873928887
C        -0.03085500496491    0.82140257032997    1.10039917290913
N        -0.69608778203924   -0.32184529994841    1.13277175903394
C        -0.52688117903634   -1.18384605094250    0.13826973008524
C        -1.32121979655981   -2.46785213469876    0.22862231171992
N        -0.48867814336559   -3.63209729339608    0.08098760383014
C        -0.37990237495050   -4.40648663746080   -1.02884797069082
C         0.53748946762468   -5.39367072532439   -0.78680504713647
C         1.00917348619114   -5.20280814234908    0.52679517692796
C         0.35886357579987   -4.10865936892343    1.03030846014990
C         0.32783239026832   -0.93407495692287   -0.93195089491291
H         1.69272250103669    0.48966425847358   -1.77625441008064
H         1.36088664543802    2.11104064317752    0.09571248310646
H        -0.20907376450348    1.48285790038492    1.93831147193580
H        -2.07951167181524   -2.48114506202235   -0.56006835204449
H        -1.82220385020500   -2.48684465054729    1.20033473732236
H        -0.96755943253897   -4.21041898324581   -1.90515500640074
H         0.83589409403063   -6.16792176600965   -1.46712717035083
H         1.73618080705056   -5.80352217232192    1.03886814162186
H         0.43443788513816   -3.63590993384862    1.98985694965350
H         0.44441702592796   -1.66586408380194   -1.71685760458438
22
 energy: -32.356775127867 gnorm: 0.002803193151 xtb: 6.4.0 (f63f532)
C         1.05899831930119    0.24291906897905   -0.92542056502931
C         0.82942164020888    1.17316774019610    0.07860947143333
C        -0.07541542874647    0.84707701514764    1.07821118393940
N        -0.73580759038893   -0.29812326977281    1.11587034831739
C        -0.52514589838319   -1.18351875946534    0.15036703586898
C        -1.31994943683562   -2.46739699890965    0.23951316759645
N        -0.49207978649677   -3.63305678241587    0.08001452623923
C        -0.41812323950057   -4.41888651250240   -1.02413880542920
C         0.51113230030438   -5.40000473167968   -0.80218922051749
C         1.02653930028727   -5.19312816062193    0.49187259777172
C         0.38974529468614   -4.09580876186704    1.00481949295636
C         0.37134094445417   -0.95759351317574   -0.89110561679331
H         1.75616018417404    0.45327633211261   -1.72388273670038
H         1.34068229849736    2.12238972360659    0.08839726106113
H        -0.28829324549319    1.52858593861795    1.89282999661236
H        -2.08154217043476   -2.47309383835056   -0.54676216686477
H        -1.81950172614175   -2.49119003577857    1.21239908419317
H        -1.03663901861533   -4.23483630242147   -1.88163547032899
H         0.79009546779371   -6.17901456393028   -1.48434139150414
H         1.77306465188359   -5.78508779815283    0.98618856933178
H         0.49657786312740   -3.61292323268195    1.95602206159808
H         0.52687927631846   -1.71128255693370   -1.64752882375120
22
 energy: -32.356791210740 gnorm: 0.000799197373 xtb: 6.4.0 (f63f532)
C         1.05854273472189    0.24129066516875   -0.92420284229150
C         0.83064722373664    1.17214273319782    0.07910407405876
C        -0.07666438098176    0.84851089692614    1.07589834429507
N        -0.73815996276880   -0.29649663754008    1.11363337141781
C        -0.52637827049527   -1.18396474758837    0.15071053653810
C        -1.32095279675268   -2.46775177529788    0.24104787150837
N        -0.49232636639890   -3.63276838774956    0.08074492057266
C        -0.41751547564874   -4.41797953384481   -1.02450982383561
C         0.51207384187648   -5.39871392309609   -0.80378244034022
C         1.02736311644612   -5.19201341623743    0.49062239283785
C         0.38973553481853   -4.09541980555292    1.00489734798431
C         0.37020035550438   -0.95933929021579   -0.88979653845936
H         1.75902813518639    0.44889838386498   -1.71991135879084
H         1.34375678549113    2.12057323259458    0.08924991158761
H        -0.28931888920954    1.53113623014307    1.88864767350942
H        -2.08357751392169   -2.47448263135557   -0.54378922088342
H        -1.81898088333103   -2.49056129895396    1.21443644767481
H        -1.03569538809870   -4.23346584749213   -1.88191687583372
H         0.79132058248136   -6.17763753580661   -1.48669789860252
H         1.77455741878819   -5.78361624599542    0.98372901507922
H         0.49651093381097   -3.61275640700351    1.95654914230141
H         0.52397326474504   -1.71311465816510   -1.64655405032763
22
 energy: -32.356804745837 gnorm: 0.001619515923 xtb: 6.4.0 (f63f532)
C         1.06123671981025    0.23474564290553   -0.92052993444096
C         0.83404382734472    1.16845535782177    0.07972478990192
C        -0.08036346424720    0.85147396911072    1.07090633458925
N        -0.74486486782712   -0.29236020852519    1.10892262095153
C        -0.53085703445271   -1.18404559489511    0.15084796496123
C        -1.32382961073494   -2.46847712238400    0.24555098901457
N        -0.49332360198894   -3.63183969377504    0.08267636978159
C        -0.41691223519300   -4.41456463782581   -1.02523297379993
C         0.51481166656667   -5.39356010810425   -0.80786469000078
C         1.02978045682367   -5.18895105642081    0.48738532340405
C         0.38987442357076   -4.09492202766092    1.00494364371338
C         0.36806475354052   -0.96366741610984   -0.88737332598945
H         1.76624608851798    0.43735332486719   -1.71296921942754
H         1.35162249401391    2.11471080320143    0.09025367432976
H        -0.29531610982106    1.53820189543732    1.87846349962195
H        -2.08986259110232   -2.47759701847143   -0.53539747434759
H        -1.81728476396432   -2.49033363961208    1.22096522319775
H        -1.03498445683143   -4.22868220047238   -1.88220177899877
H         0.79535940501119   -6.17091219140161   -1.49281967846882
H         1.77872219032271   -5.78017752535643    0.97766536013074
H         0.49629562021533   -3.61397296148008    1.95785440606826
H         0.51968109042534   -1.71840759084885   -1.64366112419156
22
 energy: -32.356817051983 gnorm: 0.001369459594 xtb: 6.4.0 (f63f532)
C         1.06435050361153    0.22851085004104   -0.91846184552084
C         0.83610391514173    1.16496927431464    0.07905610768453
C        -0.08445930629436    0.85366499644793    1.06671355017773
N        -0.75082071475320   -0.28900188493028    1.10577507848496
C        -0.53433534685026   -1.18408410613171    0.15137155578248
C        -1.32642950029229   -2.46893073062910    0.24971236671731
N        -0.49474249666260   -3.63107238348950    0.08430214707004
C        -0.41701609683015   -4.41064796660161   -1.02582718911517
C         0.51692866915648   -5.38810923402801   -0.81126674207658
C         1.03217806349171   -5.18586482727275    0.48430861520156
C         0.38989194532195   -4.09482233566371    1.00488316018481
C         0.36746822588916   -0.96764847630280   -0.88544626517765
H         1.77325635548116    0.42692566299404   -1.70862061036648
H         1.35809355896161    2.10877516410166    0.09038396974256
H        -0.30213609251128    1.54397216304227    1.87061597731874
H        -2.09598824056370   -2.47956186824277   -0.52780964963053
H        -1.81556243510818   -2.49086999873012    1.22732561962693
H        -1.03560111575670   -4.22349779726092   -1.88219431820735
H         0.79896074690812   -6.16315023240512   -1.49809105806814
H         1.78278580155930   -5.77687514567115    0.97239627452152
H         0.49580534062839   -3.61620331136356    1.95900008363408
H         0.51940821947156   -1.72400781221834   -1.64001682798395
22
 energy: -32.356832535122 gnorm: 0.000491757407 xtb: 6.4.0 (f63f532)
C         1.07012683493171    0.21837958159682   -0.91521612478485
C         0.83867799608669    1.15966151903763    0.07725959423862
C        -0.09014312747597    0.85641155785522    1.06043484393451
N        -0.75947232099559   -0.28408556284858    1.10143445443753
C        -0.53910696792852   -1.18429634495176    0.15253334020791
C        -1.33020023300954   -2.46944373161360    0.25623758763330
N        -0.49794467939233   -3.63050051791760    0.08677463701321
C        -0.41793294462597   -4.40447559397231   -1.02670372524451
C         0.52023175357859   -5.37913111154736   -0.81692282745809
C         1.03552511880730   -5.18096736156520    0.47915931224868
C         0.38941353189518   -4.09483686299199    1.00471097258922
C         0.36841049930522   -0.97462356901450   -0.88137789490150
H         1.78359564454870    0.41148462891717   -1.70287265648882
H         1.36497231325405    2.10087288557369    0.08855831445903
H        -0.31255920650454    1.55219465400357    1.85892802684095
H        -2.10521359582732   -2.48129922011624   -0.51610718034029
H        -1.81301225189009   -2.49148927719180    1.23713483337682
H        -1.03806125500871   -4.21574863466648   -1.88172251972675
H         0.80513034846399   -6.14976382124636   -1.50711257406827
H         1.78883189527285   -5.77128088940284    0.96421924343728
H         0.49438805725621   -3.62013506891895    1.96074286786996
H         0.52248258925809   -1.73445725901838   -1.63198252527337
22
 energy: -32.356842848722 gnorm: 0.000729203333 xtb: 6.4.0 (f63f532)
C         1.07459968063157    0.20967406328243   -0.91255893189453
C         0.83937820675239    1.15614725259414    0.07426653495286
C        -0.09557171010121    0.85954716899364    1.05402335497103
N        -0.76620753497411   -0.27990036335720    1.09802872945968
C        -0.54158409905638   -1.18545265798228    0.15500450081870
C        -1.33340571522186   -2.46988901727461    0.26249331571623
N        -0.50165316172641   -3.63059180408596    0.08926888178901
C        -0.41904254813103   -4.39880856265713   -1.02771727837423
C         0.52271443050220   -5.37113772868656   -0.82252790012281
C         1.03848925264232   -5.17647062922908    0.47378613481793
C         0.38824323397810   -4.09547165545283    1.00466932358856
C         0.37098842207603   -0.98194898201468   -0.87601540009544
H         1.79319054790597    0.39741672707273   -1.69708291238820
H         1.36853706204734    2.09568511493658    0.08487219830553
H        -0.32089856144707    1.55956502681739    1.84828628213070
H        -2.11272184920198   -2.48166207449630   -0.50571666864874
H        -1.81125761511450   -2.49181726101994    1.24589045163545
H        -1.04062234712521   -4.20859116156263   -1.88143454803644
H         0.81023424495754   -6.13744709068834   -1.51622794256315
H         1.79453660744160   -5.76580001914663    0.95597762557738
H         0.49206225456138   -3.62471567693136    1.96268307499163
H         0.52813119860335   -1.74586066911122   -1.62185882663061
22
 energy: -32.356851564130 gnorm: 0.000746815112 xtb: 6.4.0 (f63f532)
C         1.07865213377039    0.20288296767650   -0.90971994516959
C         0.83939087964539    1.15424459985514    0.07143688325495
C        -0.09913679302993    0.86224704167812    1.04907956559021
N        -0.77066242522191   -0.27657913383096    1.09566073392470
C        -0.54280231104655   -1.18642243915452    0.15754421084774
C        -1.33535199304484   -2.47017769832664    0.26782328364419
N        -0.50500161339061   -3.63131761145283    0.09160821440696
C        -0.42054247423430   -4.39471837481565   -1.02842778225629
C         0.52457707667027   -5.36479198562476   -0.82768462218598
C         1.04013259098125   -5.17382941271520    0.46920850367675
C         0.38718386914774   -4.09669157816402    1.00457224534112
C         0.37451185226912   -0.98829064273846   -0.87030732721122
H         1.80026118572461    0.38685197975292   -1.69227094734420
H         1.36777662201874    2.09417494335587    0.07927820545832
H        -0.32768257177889    1.56612109674630    1.83910222281279
H        -2.11716295562007   -2.48083905141372   -0.49784871569168
H        -1.81022746286888   -2.49180540288861    1.25265257002710
H        -1.04354363187625   -4.20331117540164   -1.88086486798666
H         0.81414743636287   -6.12729512516806   -1.52469206614771
H         1.79824355420413   -5.76248259634990    0.94898091476421
H         0.49021407187436   -3.62926015432842    1.96425870000304
H         0.53516295944334   -1.75624024669130   -1.61127997975826
22
 energy: -32.356861218811 gnorm: 0.000539318457 xtb: 6.4.0 (f63f532)
C         1.08303931156374    0.19597483308182   -0.90623939202592
C         0.83747077580564    1.15392836138321    0.06689025424777
C        -0.10439965814817    0.86675059559545    1.04248610107661
N        -0.77489874993634   -0.27260770861521    1.09347215520458
C        -0.54213779458159   -1.18803767085119    0.16205423352948
C        -1.33661316829772   -2.47044578285030    0.27433220292015
N        -0.50871377933193   -3.63264997743368    0.09469803995985
C        -0.42241147233806   -4.39004578938769   -1.02933042441027
C         0.52539246873275   -5.35853140718754   -0.83389634576412
C         1.04180874744100   -5.17186609360186    0.46325882775082
C         0.38588609119668   -4.09942992362176    1.00454858887098
C         0.38069256330271   -0.99608982651742   -0.86184517299811
H         1.80839828245956    0.37542565008675   -1.68627305159961
H         1.36377629201037    2.09511902673284    0.07045610484676
H        -0.33564249896294    1.57450054454341    1.82805509267748
H        -2.12044009862592   -2.47881216409063   -0.48929999227052
H        -1.80917989522259   -2.49167518075106    1.26019038922244
H        -1.04680971142996   -4.19656927459743   -1.88025899553766
H         0.81653108008101   -6.11674785649192   -1.53498405363290
H         1.80219976519278   -5.76015984229934    0.93975713668042
H         0.48804822352243   -3.63641575148772    1.96649834517572
H         0.54614322556654   -1.76914476163858   -1.59646004392345
22
 energy: -32.356868231032 gnorm: 0.000386827406 xtb: 6.4.0 (f63f532)
C         1.08782472424275    0.18925610089370   -0.90223557653145
C         0.83515507797853    1.15434820908768    0.06186099296601
C        -0.11042212310122    0.87235213729567    1.03517366875180
N        -0.77982003102788   -0.26762320881716    1.09085161739074
C        -0.54106172351946   -1.18933950993216    0.16726204114514
C        -1.33689457700265   -2.47073460537719    0.28210212601829
N        -0.51173244361710   -3.63408486687558    0.09834516325501
C        -0.42463365949005   -4.38502876635142   -1.03014966471447
C         0.52584702660874   -5.35216530570462   -0.84129566003094
C         1.04265195809618   -5.17179258282935    0.45667290291622
C         0.38529454098978   -4.10347195021908    1.00440189265772
C         0.38795796824146   -1.00412110173630   -0.85209975526379
H         1.81785269706549    0.36352133468345   -1.67907160352247
H         1.35816877086551    2.09747902642281    0.05975275860701
H        -0.34745120109203    1.58601845880662    1.81368164403551
H        -2.12324174424364   -2.47665200482556   -0.47904345004618
H        -1.80678628016793   -2.49171520133514    1.26919937399192
H        -1.05043105503729   -4.18839618115072   -1.87930564007575
H         0.81807341935572   -6.10573528159026   -1.54710818056231
H         1.80487177702609   -5.76083769175833    0.92916375986575
H         0.48718665463054   -3.64562996287999    1.96892276151777
H         0.55973022319847   -1.78317704580689   -1.57897117237104
22
 energy: -32.356872191746 gnorm: 0.000354253809 xtb: 6.4.0 (f63f532)
C         1.09237942509688    0.18444897508175   -0.89846286815224
C         0.83280982856765    1.15541969172614    0.05786965411095
C        -0.11694977805428    0.87778699657793    1.02835011021037
N        -0.78461113635563   -0.26302224004498    1.08782417962624
C        -0.54026301310784   -1.18978328912820    0.17083887760268
C        -1.33612621952894   -2.47095638407466    0.28833225111607
N        -0.51271959773979   -3.63487192042921    0.10111718614582
C        -0.42592380093644   -4.38103931283300   -1.03069376343305
C         0.52510426373003   -5.34842863271065   -0.84660948230560
C         1.04310802514648   -5.17290298352783    0.45157898667924
C         0.38541935003770   -4.10740944323586    1.00439928233426
C         0.39386867379832   -1.00959195384934   -0.84465170404180
H         1.82499447964242    0.35543756314515   -1.67339773572340
H         1.35384563758314    2.09963037555526    0.05197341921115
H        -0.35729545342301    1.59483544781589    1.80242641088491
H        -2.12469682973012   -2.47556281181811   -0.47053195966840
H        -1.80356859059824   -2.49187915570837    1.27659789451268
H        -1.05233697488751   -4.18105181376113   -1.87859510068172
H         0.81725644487432   -6.09885017716239   -1.55581360976889
H         1.80621701276967   -5.76337829450167    0.92075952976812
H         0.48762143297394   -3.65376342342445    1.97090047230914
H         0.57000682014127   -1.79259721369209   -1.56610203073604
22
 energy: -32.356876085324 gnorm: 0.000255332045 xtb: 6.4.0 (f63f532)
C         1.09544316226596    0.18155788227414   -0.89572333862489
C         0.83062074016931    1.15676308675329    0.05463231994793
C        -0.12287181564310    0.88260239783843    1.02239512882893
N        -0.78929607149161   -0.25871942188362    1.08454932130702
C        -0.53957058022669   -1.18979225974856    0.17349171222853
C        -1.33473812550457   -2.47117680192086    0.29378545926598
N        -0.51231456152965   -3.63511385309071    0.10324647874583
C        -0.42679668105659   -4.37760799856811   -1.03111596863606
C         0.52382633070946   -5.34605437298372   -0.85099734923164
C         1.04299901370881   -5.17507884838943    0.44735024680586
C         0.38628501236963   -4.11116479328734    1.00422901535092
C         0.39856341302754   -1.01328583915525   -0.83884055298829
H         1.83195786969976    0.34916039372891   -1.66781840215453
H         1.35076459360843    2.10141372435793    0.04633437506037
H        -0.36803623798488    1.60328892232012    1.79159344611002
H        -2.12605097307773   -2.47541447660713   -0.46230137553755
H        -1.79899520196207   -2.49220864776196    1.28356755259296
H        -1.05357180981270   -4.17415933949027   -1.87791858920279
H         0.81512836984685   -6.09424371513866   -1.56284056587953
H         1.80618727101455   -5.76765264163061    0.91371778957760
H         0.48949534982438   -3.66099945689190    1.97223729620618
H         0.57911093204491   -1.79964394072448   -1.55546399977238
22
 energy: -32.356880719460 gnorm: 0.000207665925 xtb: 6.4.0 (f63f532)
C         1.09912531367672    0.17935290901474   -0.89251557499484
C         0.82837468701726    1.15877785949247    0.05177374813170
C        -0.13022973001449    0.88834754343620    1.01566195737824
N        -0.79498411149147   -0.25374785874831    1.08033054962302
C        -0.53894646953806   -1.18929063350763    0.17557253673727
C        -1.33245002651887   -2.47142935234021    0.29942951424194
N        -0.51062084580354   -3.63503227851065    0.10499239019772
C        -0.42756276731681   -4.37449117546686   -1.03154814282805
C         0.52185318370155   -5.34486226082531   -0.85532604157533
C         1.04224464905356   -5.17876715454007    0.44318807352651
C         0.38793684009203   -4.11534057903331    1.00375368878573
C         0.40347277412606   -1.01612825176790   -0.83337341142253
H         1.83922112825841    0.34411726886464   -1.66175822786118
H         1.34796867041400    2.10370357282651    0.04186630153550
H        -0.38080404899873    1.61259064723185    1.77981321258305
H        -2.12755116766646   -2.47606858732201   -0.45275553137749
H        -1.79210928870832   -2.49270015865911    1.29136208985209
H        -1.05468385040505   -4.16715754450934   -1.87715293619151
H         0.81141665355260   -6.09144760790357   -1.56955039420840
H         1.80480273802246   -5.77424253885211    0.90689510969900
H         0.49311304183118   -3.66826648006120    1.97296352377644
H         0.58855262671600   -1.80544733881859   -1.54551243560843
22
 energy: -32.356885295485 gnorm: 0.000211691910 xtb: 6.4.0 (f63f532)
C         1.10284583394565    0.17828749668689   -0.88917328791781
C         0.82561214968292    1.16168068233893    0.04912127438222
C        -0.13804934553520    0.89441603543310    1.00885322966504
N        -0.80090127101106   -0.24856441741256    1.07568340988552
C        -0.53797780878640   -1.18836871869834    0.17725673613201
C        -1.32911446179689   -2.47162300682181    0.30505132054492
N        -0.50804618821643   -3.63493995032555    0.10624073608432
C        -0.42830763286650   -4.37193583884507   -1.03212409538984
C         0.51858747075939   -5.34535521852075   -0.85919033905389
C         1.04125854087702   -5.18344409887893    0.43889331097845
C         0.38999295885543   -4.11998285945658    1.00296366575365
C         0.40885865543631   -1.01806996762006   -0.82807739700877
H         1.84678803018419    0.34056954228268   -1.65528486259303
H         1.34420976525597    2.10712244652944    0.03797929392327
H        -0.39488775611137    1.62226206887529    1.76759934824141
H        -2.12840995631481   -2.47663613800684   -0.44266265065931
H        -1.78353000384874   -2.49343467729283    1.29939462383879
H        -1.05568880209762   -4.16055724093702   -1.87655162053310
H         0.80544466806533   -6.09103072884034   -1.57539392992543
H         1.80282732742167   -5.78210774754393    0.90018525280277
H         0.49765852604042   -3.67563245279607    1.97314999550974
H         0.59896930006077   -1.81018521014942   -1.53580401466049
22
 energy: -32.356888577581 gnorm: 0.000234420428 xtb: 6.4.0 (f63f532)
C         1.10545451102198    0.17844418755499   -0.88672392627688
C         0.82297618013543    1.16457938938644    0.04713470866189
C        -0.14415458372230    0.89904477012558    1.00386103798292
N        -0.80471739251246   -0.24512065131495    1.07250919241133
C        -0.53638322106637   -1.18780257609033    0.17864915105723
C        -1.32610689090618   -2.47169516367666    0.30879461954364
N        -0.50595678830767   -3.63502351166670    0.10674191144429
C        -0.42931931117973   -4.37096390333501   -1.03248615741767
C         0.51596387233271   -5.34644317308288   -0.86191385702615
C         1.03979049260683   -5.18777023387667    0.43608457847130
C         0.39191463491282   -4.12321831890310    1.00192162270242
C         0.41348239791422   -1.01900686931602   -0.82405711145701
H         1.85210490817230    0.33935526053655   -1.65052033403585
H         1.34037528136182    2.11067089959885    0.03517578146120
H        -0.40505701343835    1.62888820821383    1.75919636815894
H        -2.12849288485511   -2.47661319870807   -0.43561656655347
H        -1.77669112991225   -2.49391428915954    1.30485981996853
H        -1.05719307143220   -4.15713444021828   -1.87592304151926
H         0.80051822738006   -6.09179400860152   -1.57937806758399
H         1.80028217677590   -5.78885149934346    0.89601411308080
H         0.50187417666373   -3.68020112992921    1.97243253592225
H         0.60747542805482   -1.81295974819363   -1.52864637899603
22
 energy: -32.356891086491 gnorm: 0.000177839350 xtb: 6.4.0 (f63f532)
C         1.10736001803992    0.17904208557201   -0.88488457287310
C         0.82111205535656    1.16688522614634    0.04598168424799
C        -0.14782853755860    0.90194950411979    1.00104317170097
N        -0.80674983922486   -0.24310222782229    1.07076705941221
C        -0.53483776993700   -1.18741950240981    0.17972204271993
C        -1.32376983892936   -2.47167512460753    0.31099254639818
N        -0.50460830702938   -3.63528048954052    0.10682905603528
C        -0.43021251932187   -4.37087810115665   -1.03278361753113
C         0.51343848297405   -5.34816509893521   -0.86339908466802
C         1.03901630356570   -5.19065353707960    0.43399147836214
C         0.39318985897760   -4.12541289563066    1.00101987287228
C         0.41717082214274   -1.01941378226224   -0.82107740835839
H         1.85527664868298    0.33957229646753   -1.64742604315201
H         1.33664839067667    2.11400803670836    0.03290091251403
H        -0.41213726371202    1.63335534517347    1.75377011544582
H        -2.12790185589758   -2.47603092525669   -0.43151146500457
H        -1.77224649487934   -2.49417169620934    1.30797587096871
H        -1.05847347318816   -4.15571221129283   -1.87557533741226
H         0.79597874551317   -6.09374238387164   -1.58145612406847
H         1.79896098488222   -5.79308299399322    0.89306141860500
H         0.50471757380270   -3.68300565638515    1.97163913613492
H         0.61403601506389   -1.81459586773391   -1.52347071234909
22
 energy: -32.356893372310 gnorm: 0.000147640814 xtb: 6.4.0 (f63f532)
C         1.10891030185085    0.17989203459675   -0.88326616156598
C         0.81897918436214    1.16930408511096    0.04483424194101
C        -0.15097495118221    0.90448146504095    0.99885811433669
N        -0.80820916374315   -0.24146119219540    1.06954241726396
C        -0.53313093417552   -1.18712539663685    0.18082693201602
C        -1.32160984058957   -2.47161736829995    0.31259688052004
N        -0.50364879415925   -3.63572598411596    0.10684691216045
C        -0.43148798081874   -4.37135314289988   -1.03290727269506
C         0.51104967537887   -5.34991095777094   -0.86461990476847
C         1.03829691812189   -5.19315960260055    0.43218191846877
C         0.39450028215911   -4.12709797894317    1.00001000294072
C         0.42082295705446   -1.01974131357167   -0.81820152582160
H         1.85814142949004    0.34009245236808   -1.64467212492446
H         1.33257786987011    2.11746596205688    0.03056682932180
H        -0.41769256948151    1.63680219774608    1.74976356263702
H        -2.12673241974152   -2.47506406636756   -0.42882414311465
H        -1.76896891659997   -2.49439316022407    1.31008467511261
H        -1.06042149229693   -4.15545402205898   -1.87502248884519
H         0.79170619952410   -6.09582490440259   -1.58308601389549
H         1.79793394724155   -5.79656218943384    0.89048435883654
H         0.50754788772897   -3.68493778673798    1.97058419768198
H         0.62055041000634   -1.81613913066011   -1.51847140760629
22
 energy: -32.356895897257 gnorm: 0.000112110899 xtb: 6.4.0 (f63f532)
C         1.11086932684058    0.18113377383963   -0.88114072621891
C         0.81647923171002    1.17224513651888    0.04363993310729
C        -0.15471141087491    0.90739035053295    0.99642691555658
N        -0.80962530723315   -0.23979913033455    1.06829977078660
C        -0.53069102436491   -1.18691249335380    0.18230727201848
C        -1.31898820686259   -2.47150261349969    0.31414586088538
N        -0.50241073756720   -3.63621264763395    0.10678454537399
C        -0.43330391468567   -4.37226955126866   -1.03289753980165
C         0.50785302106528   -5.35236604725050   -0.86587708811885
C         1.03743858324101   -5.19618669953766    0.43003898546135
C         0.39641597175702   -4.12884402943652    0.99860676804380
C         0.42552872033685   -1.02001299562308   -0.81453694986640
H         1.86119638031183    0.34131327387331   -1.64139842814262
H         1.32734327089889    2.12186731728441    0.02765789606309
H        -0.42453075405023    1.64082035441244    1.74518333508600
H        -2.12496373214911   -2.47375404615509   -0.42640866417634
H        -1.76554547188173   -2.49464007980215    1.31200383815574
H        -1.06324199229657   -4.15569173994519   -1.87408160988682
H         0.78600272639369   -6.09895174759462   -1.58463801662930
H         1.79674441590640   -5.80075934453129    0.88733484573075
H         0.51159784640775   -3.68671248230603    1.96894978993476
H         0.62868305709679   -1.81768455818861   -1.51229073336252
22
 energy: -32.356898576152 gnorm: 0.000130627068 xtb: 6.4.0 (f63f532)
C         1.11363859169740    0.18283699326268   -0.87807756853241
C         0.81282871128868    1.17644791352533    0.04199713178619
C        -0.16019381877013    0.91162406849377    0.99293853397196
N        -0.81212876737412   -0.23712803477738    1.06629284585979
C        -0.52774796194518   -1.18634991665082    0.18417188770347
C        -1.31532180795928   -2.47134644699450    0.31629497594461
N        -0.50041963563937   -3.63676835853913    0.10676724087202
C        -0.43599460519029   -4.37363868983803   -1.03271071320465
C         0.50322813018997   -5.35592374315616   -0.86762008203235
C         1.03641163067249   -5.20039262681346    0.42692014236806
C         0.39939379916871   -4.13120577965907    0.99661516214413
C         0.43186627513577   -1.02031640708885   -0.80951782674781
H         1.86611638171567    0.34263387201746   -1.63638141734538
H         1.32041583905838    2.12780121433775    0.02402986728758
H        -0.43422490819279    1.64648513845517    1.73872017864109
H        -2.12236837886868   -2.47227395114904   -0.42314282434786
H        -1.76092526836433   -2.49494664926566    1.31460013805440
H        -1.06746333194273   -4.15597716636238   -1.87246475591835
H         0.77772958265809   -6.10355635160032   -1.58675342133594
H         1.79534750062668   -5.80665541519668    0.88257883016281
H         0.51794507423600   -3.68897498315607    1.96652951833572
H         0.64000696779912   -1.81990467984437   -1.50367784366668
22
 energy: -32.356900972280 gnorm: 0.000149275330 xtb: 6.4.0 (f63f532)
C         1.11764979897230    0.18510788341896   -0.87359862674382
C         0.80816343609905    1.18194418643251    0.04005074960879
C        -0.16813106093627    0.91750049411857    0.98779024442466
N        -0.81594047328568   -0.23341312287950    1.06314460219478
C        -0.52378812006056   -1.18555028191292    0.18657945681998
C        -1.31020458504285   -2.47117763089684    0.31929006920277
N        -0.49724294745458   -3.63728001053250    0.10666319227799
C        -0.43962163861424   -4.37534960403659   -1.03245578677179
C         0.49664254045861   -5.36086009258509   -0.86995672476837
C         1.03496580837753   -5.20628572113783    0.42259200064551
C         0.40393051299804   -4.13432022451958    0.99370931479494
C         0.44046331349657   -1.02054159648892   -0.80269676948338
H         1.87310491889897    0.34440923113801   -1.62903735402812
H         1.31132985439142    2.13560634003931    0.01952084029349
H        -0.44853900306352    1.65460771034384    1.72904860174159
H        -2.11905995657810   -2.47069096950509   -0.41827264016869
H        -1.75400600761904   -2.49555266644173    1.31844540187650
H        -1.07325961091421   -4.15602380332822   -1.87015407861242
H         0.76579781806466   -6.11010843328342   -1.58942951300607
H         1.79318285348600   -5.81514493902205    0.87598769350657
H         0.52745437379337   -3.69192649241691    1.96295612964211
H         0.65524817453258   -1.82248025650374   -1.49206680344662
22
 energy: -32.356902105509 gnorm: 0.000190632495 xtb: 6.4.0 (f63f532)
C         1.12115816667596    0.18636705432069   -0.86979047332915
C         0.80459971146467    1.18601592686235    0.03839609372795
C        -0.17494835932139    0.92237260669961    0.98303326819549
N        -0.81977960175766   -0.23005647247887    1.06001810282085
C        -0.52119879343949   -1.18478838634542    0.18834682881219
C        -1.30630782312787   -2.47108362655367    0.32216133841251
N        -0.49470467048394   -3.63755140731782    0.10672771170440
C        -0.44249525953345   -4.37629666632360   -1.03224538594401
C         0.49158130495348   -5.36428591955582   -0.87214648288668
C         1.03397164247785   -5.21079010958345    0.41883721411201
C         0.40750963582196   -4.13690541647625    0.99142891777992
C         0.44711457173776   -1.02099407331251   -0.79716722063177
H         1.87953840370993    0.34482755492694   -1.62251573708331
H         1.30496205479829    2.14109101521552    0.01623996210234
H        -0.46071697774105    1.66152418914430    1.72022163445848
H        -2.11718300190146   -2.46982726287160   -0.41324197770085
H        -1.74792653353725   -2.49602075307519    1.32229468447806
H        -1.07783066889363   -4.15535695327180   -1.86821880901395
H         0.75669995217729   -6.11450395474451   -1.59214795623066
H         1.79174435329181   -5.82171350898650    0.87020803573743
H         0.53509948331985   -3.69458471855087    1.96018607085338
H         0.66725240930839   -1.82496911772127   -1.48251582037425
22
 energy: -32.356902692470 gnorm: 0.000123862901 xtb: 6.4.0 (f63f532)
C         1.12288445681835    0.18624281253263   -0.86796154413550
C         0.80349470028604    1.18718851206420    0.03771460069619
C        -0.17811307470017    0.92445082268113    0.98047297926893
N        -0.82199431489828   -0.22842877153638    1.05818598087028
C        -0.52055547985886   -1.18450750194672    0.18901042636391
C        -1.30496809832286   -2.47112355432281    0.32379378041773
N        -0.49373997466963   -3.63754017880323    0.10688719129475
C        -0.44359556034649   -4.37616105900921   -1.03223560672687
C         0.48975377697083   -5.36501800035723   -0.87337887362198
C         1.03375688490465   -5.21227533220394    0.41699985770920
C         0.40897381310127   -4.13792681171075    0.99048055491432
C         0.44965638300734   -1.02152204858708   -0.79474428823624
H         1.88285778809263    0.34398493563505   -1.61921598380844
H         1.30310077098879    2.14263111084971    0.01500745413246
H        -0.46644392506349    1.66476339501688    1.71548093039890
H        -2.11717432661591   -2.46983736293638   -0.41015104655407
H        -1.74498399242903   -2.49629272991353    1.32463701899676
H        -1.07966675186019   -4.15438306347733   -1.86742193301272
H         0.75334395610710   -6.11537019317549   -1.59375617003329
H         1.79139503330473   -5.82407637509861    0.86739729026966
H         0.53818640711020   -3.69591407368058    1.95914722533353
H         0.67197152807304   -1.82641453202005   -1.47823984453714
