13
 energy: -21.520767516036 gnorm: 0.055723468490 xtb: 6.4.1 (1a32961)
S         1.23418000000000   -0.95108000000000    0.00479000000000
C        -0.44769000000000   -1.24964000000000    0.00636000000000
C        -0.99972000000000   -2.56524000000000    0.01001000000000
N        -1.45346000000000   -3.63420000000000    0.01358000000000
C        -1.17441000000000   -0.07645000000000    0.00402000000000
C        -0.33333000000000    1.07748000000000    0.00326000000000
C         1.00572000000000    0.74496000000000    0.00402000000000
C         2.19428000000000    1.64352000000000    0.00476000000000
H        -2.25775000000000   -0.03990000000000    0.00383000000000
H        -0.69729000000000    2.09859000000000    0.00265000000000
H         1.89313000000000    2.69579000000000    0.00634000000000
H         2.80948000000000    1.47060000000000   -0.88487000000000
H         2.80997000000000    1.46827000000000    0.89332000000000
13
 energy: -21.523194980866 gnorm: 0.027101825146 xtb: 6.4.1 (1a32961)
S         1.24423977905687   -0.96682709261534    0.00618569819619
C        -0.45339091386936   -1.24765585211760    0.00610499997979
C        -0.99639436591579   -2.54216040978344    0.00902344975230
N        -1.44445640818526   -3.59767139818594    0.01316713677998
C        -1.16699315723300   -0.07178284540461    0.00456940710130
C        -0.32612836447148    1.06050882424662    0.00347213206459
C         1.00564864597792    0.73682710678697    0.00429379691831
C         2.18379029298428    1.64466498470364    0.00457829443933
H        -2.24303580800363   -0.02906011787117    0.00422529790522
H        -0.69045956603599    2.07309578431825    0.00242078665430
H         1.86715016997829    2.68699919268650    0.00581937081036
H         2.80122648870587    1.46883591884201   -0.87718808275777
H         2.80191320701126    1.46692590439412    0.88539771215610
13
 energy: -21.523614319078 gnorm: 0.007736096753 xtb: 6.4.1 (1a32961)
S         1.24952087963871   -0.97824992003462    0.00705473927728
C        -0.46133540734344   -1.24867797884109    0.00685311578356
C        -0.99678753179614   -2.53358833491972    0.01205945286059
N        -1.44521827821781   -3.59218110075330    0.00954583404867
C        -1.16267611062362   -0.06737309371486    0.00464489989953
C        -0.31876577679076    1.05293065702839    0.00345673691860
C         1.00928284396457    0.73321540477580    0.00446904073866
C         2.18015958276577    1.64757679882764    0.00436247754858
H        -2.23575478315742   -0.02087058241040    0.00448627833082
H        -0.68181025919039    2.06323535342957    0.00203429786922
H         1.84886142070697    2.68244633241795    0.00530503052036
H         2.79834778856556    1.47281784696549   -0.87479984457866
H         2.79928563147800    1.47141861722916    0.88259794078279
13
 energy: -21.523645381934 gnorm: 0.005085390629 xtb: 6.4.1 (1a32961)
S         1.24948237486344   -0.98406165408559    0.00718292189027
C        -0.46856811160452   -1.25074438305228    0.00565169476099
C        -1.00059310030488   -2.53536188522561   -0.00415075132042
N        -1.44280417306256   -3.59738264735420    0.02275321838036
C        -1.16271331332970   -0.06506097149678    0.00561619264265
C        -0.31491966262412    1.05230677290513    0.00503137774692
C         1.01257198501684    0.73197626950665    0.00583076223207
C         2.18066256195550    1.64901674839575    0.00470836407630
H        -2.23601999156032   -0.01655477070620    0.00324875677817
H        -0.67589340072360    2.06412175233505    0.00289040829779
H         1.84228518964086    2.68117436521659    0.00541010860749
H         2.79884362814749    1.47704545070313   -0.87506732536443
H         2.80077601358558    1.47622495285835    0.88296427127185
13
 energy: -21.523656905511 gnorm: 0.006998240318 xtb: 6.4.1 (1a32961)
S         1.24972196664752   -0.99170453209212    0.00847905015055
C        -0.47852530640591   -1.25451841354523    0.00896272448051
C        -1.00252779799644   -2.54178110450691    0.01792530602440
N        -1.44545382864350   -3.60432597405501    0.00219688464868
C        -1.16296542962768   -0.06284972910238    0.00496801411438
C        -0.30964794813286    1.05203759803796    0.00309029581592
C         1.01768737269826    0.73063861378660    0.00470118188845
C         2.18192307238821    1.65145754625444    0.00400982615390
H        -2.23722409102528   -0.01184903450487    0.00514899335025
H        -0.66766167663440    2.06665591990050    0.00121640601326
H         1.83392333363625    2.68030223712026    0.00415915275109
H         2.80133369532020    1.48426480304374   -0.87632487313510
H         2.80252663777561    1.48437206966302    0.88353703774371
13
 energy: -21.523709325539 gnorm: 0.001005645493 xtb: 6.4.1 (1a32961)
S         1.24871014009086   -0.98650138706292    0.00774737295755
C        -0.47339845765486   -1.25172772506869    0.00720092794962
C        -1.00094479430907   -2.53984466121305    0.00932557834175
N        -1.44264027236796   -3.60193973894096    0.01069157115646
C        -1.16359605108873   -0.06422871068551    0.00501621738091
C        -0.31340516006351    1.05314580435099    0.00384930432094
C         1.01428561493459    0.73150016100080    0.00504201232045
C         2.18137585539341    1.64943910190257    0.00432644015583
H        -2.23769586840698   -0.01423581450672    0.00442447510735
H        -0.67271018150103    2.06648664341483    0.00208251326426
H         1.84088959007794    2.68127470488034    0.00471323588414
H         2.80046528761886    1.47982806217250   -0.87576094609234
H         2.80177429727649    1.47950355975582    0.88341129725308
13
 energy: -21.523711006346 gnorm: 0.000398174439 xtb: 6.4.1 (1a32961)
S         1.24799880436009   -0.98646191322132    0.00761309603661
C        -0.47460326916537   -1.25102172637634    0.00720671380522
C        -1.00050930023348   -2.54018772808705    0.00879763989371
N        -1.43999018267489   -3.60337421319140    0.01111684152831
C        -1.16416401428144   -0.06368521211452    0.00507156385748
C        -0.31361388905890    1.05362933751348    0.00391996956549
C         1.01391134900218    0.73134703636391    0.00508128477622
C         2.18121770623040    1.64888044908794    0.00434427846172
H        -2.23829710780218   -0.01278926828342    0.00436980353139
H        -0.67239856803245    2.06707708512733    0.00216362190726
H         1.84145183766438    2.68114614125284    0.00461188009086
H         2.80044024243645    1.47914447145589   -0.87568319210477
H         2.80166639155522    1.47899554047267    0.88345649865049
13
 energy: -21.523711849840 gnorm: 0.000355113751 xtb: 6.4.1 (1a32961)
S         1.24699632405608   -0.98638173651378    0.00760697311920
C        -0.47613253767909   -1.25031207528743    0.00709440630946
C        -0.99979043842753   -2.54039704383958    0.00898198095770
N        -1.43611481245021   -3.60475503557366    0.01091126157584
C        -1.16500781569713   -0.06291360469393    0.00507239684728
C        -0.31394434087004    1.05419360054424    0.00393220910803
C         1.01339413541515    0.73122827834081    0.00502186111967
C         2.18111379588804    1.64819151908828    0.00431698394449
H        -2.23910540163261   -0.01080279192531    0.00449489371200
H        -0.67219397272378    2.06777769602777    0.00228838010847
H         1.84211125410469    2.68077424449445    0.00436903293725
H         2.80042249652491    1.47797333866370   -0.87557936826815
H         2.80136131349151    1.47812361067445    0.88355898852874
