11
 energy: -20.390605625291 gnorm: 0.048770066493 xtb: 6.4.1 (1a32961)
C         1.31598000000000    1.18364000000000    0.00372000000000
C        -0.07331000000000    1.24819000000000   -0.00349000000000
C        -0.78483000000000    0.06014000000000   -0.00605000000000
F        -2.12429000000000    0.11947000000000   -0.00925000000000
N        -0.21471000000000   -1.16261000000000   -0.00452000000000
C         1.13475000000000   -1.19472000000000   -0.00003000000000
C         1.93541000000000   -0.06185000000000    0.00586000000000
H         1.90898000000000    2.09382000000000    0.00853000000000
H        -0.59868000000000    2.19506000000000   -0.00771000000000
H         1.57338000000000   -2.18887000000000   -0.00091000000000
H         3.01630000000000   -0.14980000000000    0.01011000000000
11
 energy: -20.392745220093 gnorm: 0.018909563006 xtb: 6.4.1 (1a32961)
C         1.31805445762935    1.18765777847630    0.00326879482227
C        -0.06573441209352    1.25190567874323   -0.00262723852410
C        -0.76230065180111    0.05565491620190   -0.00587645369104
F        -2.10418708627703    0.09064590504401   -0.01095118830231
N        -0.20582095696807   -1.14597154683056   -0.00496201338082
C         1.12371660582046   -1.18639036285181    0.00001792991331
C         1.92784537353922   -0.05911685961319    0.00489990943184
H         1.90682260249806    2.09355090411155    0.00704900487019
H        -0.59751606264600    2.19107445579161   -0.00526001575676
H         1.54555730407526   -2.18246096977581    0.00041532818710
H         3.00254282622340   -0.15407989929723    0.01028594243033
11
 energy: -20.393011341159 gnorm: 0.005166486556 xtb: 6.4.1 (1a32961)
C         1.31848471639018    1.18900094675438    0.00331629786880
C        -0.06475098848018    1.25819447965126   -0.00234228947420
C        -0.75243500870683    0.05538312861513   -0.00639712954248
F        -2.09876311400560    0.07523997946178   -0.01204012649239
N        -0.20210654278786   -1.13504746254485   -0.00502491438216
C         1.12079624232045   -1.18609930081441    0.00071505010508
C         1.92631334196307   -0.05947129626102    0.00494448627195
H         1.90677642124864    2.09271832320862    0.00644548639829
H        -0.60031527523610    2.19343676297562   -0.00380571530058
H         1.53594828666714   -2.18393324576019    0.00111746547584
H         2.99903192062707   -0.15695231528633    0.00933138907187
11
 energy: -20.393034468170 gnorm: 0.002481280873 xtb: 6.4.1 (1a32961)
C         1.31767853214307    1.18824082022545    0.00314515487530
C        -0.06567521790472    1.26070964104867   -0.00216413236880
C        -0.75174810761717    0.05640291123610   -0.00618522880993
F        -2.10020137958610    0.07382578988547   -0.01235763347579
N        -0.20196599631189   -1.13350987943297   -0.00514226828492
C         1.12193815411268   -1.18800404934260    0.00040185501853
C         1.92640308531582   -0.06027964007945    0.00457975684930
H         1.90704381718300    2.09154776414316    0.00649856077356
H        -0.60108571837373    2.19568253265410   -0.00352832023960
H         1.53722793359796   -2.18577936333540    0.00170569430494
H         2.99936489744109   -0.15636652700254    0.00930656135740
11
 energy: -20.393040431148 gnorm: 0.000500229184 xtb: 6.4.1 (1a32961)
C         1.31685698477272    1.18742194676511    0.00328538777039
C        -0.06639177475231    1.26232624355827   -0.00228664317173
C        -0.75126836381152    0.05706136615437   -0.00651608442554
F        -2.10146489748904    0.07331699645062   -0.01233642885320
N        -0.20208278947518   -1.13298211542255   -0.00499186944290
C         1.12286163998819   -1.18945723938912    0.00087738380603
C         1.92622357234207   -0.06088738419414    0.00487140159675
H         1.90758799820953    2.09032391441691    0.00645225325709
H        -0.60126974019341    2.19733164844993   -0.00349757439452
H         1.53834128904328   -2.18697839144577    0.00137161719788
H         2.99958608136568   -0.15500698534363    0.00903055665974
11
 energy: -20.393040598896 gnorm: 0.000247637123 xtb: 6.4.1 (1a32961)
C         1.31672243271909    1.18734285162680    0.00306969176929
C        -0.06645824844354    1.26230205155091   -0.00214789926798
C        -0.75105635049488    0.05697186917228   -0.00601729176058
F        -2.10153122905081    0.07343894053107   -0.01235115368942
N        -0.20216304214120   -1.13319288013331   -0.00518213204030
C         1.12290538510046   -1.18949617934177    0.00009880699740
C         1.92607496109993   -0.06094020099157    0.00439721900231
H         1.90789227270817    2.09005829801574    0.00664605553509
H        -0.60117703277214    2.19737489273147   -0.00359188778910
H         1.53822199092467   -2.18701195624452    0.00195113031564
H         2.99954886035025   -0.15437768691711    0.00938746092766
