18
 energy: -27.085774040849 gnorm: 0.053529287826 xtb: 6.4.1 (1a32961)
C         1.36387000000000    1.43242000000000    0.00034000000000
C         0.16916000000000    0.70945000000000    0.00104000000000
C         0.11645000000000   -0.67956000000000    0.00045000000000
N        -1.18468000000000   -1.12036000000000    0.00201000000000
C        -1.92780000000000   -0.03348000000000    0.00229000000000
N        -1.14621000000000    1.09547000000000    0.00184000000000
C        -3.40741000000000    0.03152000000000    0.00291000000000
C         1.31302000000000   -1.41030000000000   -0.00179000000000
C         2.52708000000000   -0.71119000000000   -0.00436000000000
C         2.54841000000000    0.68606000000000   -0.00295000000000
H         1.38142000000000    2.51645000000000    0.00180000000000
H        -1.48309000000000    2.04669000000000    0.00100000000000
H        -3.83767000000000   -0.97465000000000   -0.00083000000000
H        -3.76979000000000    0.56068000000000   -0.88379000000000
H        -3.76937000000000    0.55401000000000    0.89370000000000
H         1.28728000000000   -2.49399000000000   -0.00212000000000
H         3.46236000000000   -1.26582000000000   -0.00761000000000
H         3.50508000000000    1.20470000000000   -0.00463000000000
18
 energy: -27.088030884725 gnorm: 0.019509077899 xtb: 6.4.1 (1a32961)
C         1.35859306238438    1.42863580992126   -0.00036685898997
C         0.16744180002120    0.71811242163136    0.00066445797660
C         0.12326009545676   -0.68713520161964    0.00025459675901
N        -1.18160491912010   -1.11535899343863    0.00136784187697
C        -1.91243914305170   -0.02903335133648    0.00223197655062
N        -1.14785872382788    1.10851942061456    0.00209739308239
C        -3.39134342045105    0.03018931896883    0.00298789435959
C         1.31095820931649   -1.41687758296066   -0.00205304410846
C         2.50248682794648   -0.71242102669136   -0.00398960869467
C         2.52595239564194    0.68300398252721   -0.00293517598880
H         1.37989314441362    2.50804001271413    0.00099836872613
H        -1.48958572100018    2.05628217279500    0.00179851544706
H        -3.79983782859654   -0.97840377689989   -0.00068034817049
H        -3.75217880670993    0.55969621397449   -0.87973302885215
H        -3.75170595353792    0.55292682632360    0.88992226463855
H         1.29197989617624   -2.49637881888403   -0.00257004484206
H         3.43567850511146   -1.25858663499800   -0.00653422214724
H         3.47842057982671    1.19688920735823   -0.00416097762311
18
 energy: -27.088285095718 gnorm: 0.003936791767 xtb: 6.4.1 (1a32961)
C         1.35836658888032    1.42692886516072   -0.00051477587130
C         0.16551395868397    0.72417268646082    0.00051291840850
C         0.12485891786282   -0.68921992865562   -0.00019024220663
N        -1.18365107742754   -1.10904237942624    0.00097779570638
C        -1.90664847723312   -0.02454314115480    0.00213590426562
N        -1.14957172201851    1.11644131886160    0.00215740995016
C        -3.38712440065130    0.02750407003921    0.00306906189678
C         1.30862787283059   -1.41920215146235   -0.00235275536600
C         2.49404590000845   -0.71416888396889   -0.00374929514811
C         2.52053517044434    0.68148008350091   -0.00278307834463
H         1.38083900073943    2.50557567874630    0.00032422585149
H        -1.49317872043692    2.06214528575821    0.00235644597579
H        -3.78136213219668   -0.98388134067078   -0.00037822478001
H        -3.74754738949677    0.55615530057399   -0.87849287301651
H        -3.74685720009431    0.54962735316413    0.88881072245255
H         1.28959224057089   -2.49716557370914   -0.00293258267878
H         3.42855410047841   -1.25530115264367   -0.00572576108367
H         3.47311736905592    1.19059390942559   -0.00392489601162
18
 energy: -27.088300938422 gnorm: 0.001210040136 xtb: 6.4.1 (1a32961)
C         1.35943699910339    1.42678953995350   -0.00068118549181
C         0.16498831057159    0.72628601212634    0.00034740577229
C         0.12455858729413   -0.68855534371291   -0.00043087052558
N        -1.18515842583906   -1.10647177651963    0.00068612780954
C        -1.90636197572539   -0.02229802646741    0.00205567194449
N        -1.14981835277708    1.11903969369227    0.00210152380339
C        -3.38797090093774    0.02618660536113    0.00315466591323
C         1.30753154980628   -1.41909692921998   -0.00244707791396
C         2.49407366908967   -0.71498259213493   -0.00358806109758
C         2.52177175624915    0.68088129849367   -0.00272256220963
H         1.38223818627830    2.50590438425850    0.00009171229487
H        -1.49335727035420    2.06457082162273    0.00261402989074
H        -3.77724470433362   -0.98679921045111   -0.00009508100585
H        -3.74959477973095    0.55349492103794   -0.87857781363522
H        -3.74868121403188    0.54724398935397    0.88898742416282
H         1.28693763231756   -2.49712633003925   -0.00316990522084
H         3.42949374770691   -1.25509754942020   -0.00534362299224
H         3.47526718531292    1.18813049206536   -0.00368238149866
18
 energy: -27.088304140060 gnorm: 0.000949714572 xtb: 6.4.1 (1a32961)
C         1.36085317598611    1.42679370789664   -0.00074135797729
C         0.16487883958573    0.72845702057041    0.00017928876182
C         0.12422101925226   -0.68693581158264   -0.00078588202922
N        -1.18637152147752   -1.10380961809895    0.00038036006895
C        -1.90653360248240   -0.01954010454440    0.00193223912207
N        -1.14949475567877    1.12173873630841    0.00196680135852
C        -3.38917417456670    0.02463927483857    0.00325199806933
C         1.30621889098644   -1.41833649480263   -0.00264694053828
C         2.49455401761513   -0.71583942410561   -0.00349090786037
C         2.52338313160118    0.68006796379698   -0.00258238123860
H         1.38444118463720    2.50641309821594   -0.00007725799665
H        -1.49253709796681    2.06746897140481    0.00291944404271
H        -3.77314982680908   -0.99032890863808    0.00045827658961
H        -3.75309451259878    0.54974291274104   -0.87885430076537
H        -3.75183215339906    0.54421148910441    0.88915924276576
H         1.28352184779701   -2.49658891673118   -0.00343147004027
H         3.43039900710221   -1.25577425957200   -0.00494605739902
H         3.47782653041584    1.18572036319831   -0.00339109493369
18
 energy: -27.088304869865 gnorm: 0.000201042784 xtb: 6.4.1 (1a32961)
C         1.36076472756010    1.42688343559337   -0.00073204174874
C         0.16503871949749    0.72832641336820    0.00016691306463
C         0.12428103379189   -0.68672144396851   -0.00076919535575
N        -1.18603690594377   -1.10396500804057    0.00035952181887
C        -1.90657173178719   -0.01954614960293    0.00191820970268
N        -1.14936496051837    1.12159999625006    0.00195325275777
C        -3.38888247061579    0.02466205780480    0.00324530229597
C         1.30623275772493   -1.41825926703840   -0.00263484616401
C         2.49434982583975   -0.71579141706663   -0.00349640259611
C         2.52302515494969    0.68004824889771   -0.00259478223093
H         1.38464830546994    2.50635630562185    0.00002644247290
H        -1.49230306164944    2.06742253927142    0.00296663733000
H        -3.77302420692597   -0.99027527111372    0.00063744679423
H        -3.75300569274170    0.54956175503358   -0.87890052076003
H        -3.75171854048155    0.54436727696227    0.88900383084722
H         1.28360193808834   -2.49647431604026   -0.00347507957533
H         3.42980566790612   -1.25615946317558   -0.00502079663528
H         3.47726943983552    1.18606430724332   -0.00335389201811
