15
 energy: -19.058160025127 gnorm: 0.022705164679 xtb: 6.4.1 (1a32961)
C         0.28103000000000   -1.20549000000000    0.00107000000000
C        -1.11496000000000   -1.20618000000000    0.00243000000000
C        -1.81282000000000    0.00035000000000    0.00212000000000
C        -1.11588000000000    1.20683000000000    0.00324000000000
C         0.28010000000000    1.20865000000000    0.00199000000000
C         0.99045000000000    0.00225000000000   -0.00034000000000
C         2.49021000000000   -0.00827000000000   -0.01285000000000
H         0.81404000000000   -2.15360000000000    0.00015000000000
H        -1.65736000000000   -2.14765000000000    0.00207000000000
H        -2.89949000000000    0.00005000000000    0.00081000000000
H        -1.65896000000000    2.14807000000000    0.00382000000000
H         0.80870000000000    2.15888000000000    0.00135000000000
H         2.89843000000000    1.00767000000000    0.00306000000000
H         2.85575000000000   -0.50297000000000   -0.91794000000000
H         2.87207000000000   -0.53628000000000    0.86694000000000
15
 energy: -19.059131085328 gnorm: 0.004764509066 xtb: 6.4.1 (1a32961)
C         0.27686590534793   -1.19323083303969   -0.00131241332330
C        -1.10880191482678   -1.19686325010289    0.00180626923533
C        -1.80643964296813    0.00060788298872    0.00311467294372
C        -1.11227589449010    1.19911356589380    0.00289628185950
C         0.27441565787882    1.19999892795526   -0.00059931684087
C         0.98482634022721    0.00501872979972   -0.00378443922325
C         2.48433342754294   -0.00687678853897   -0.01161883452187
H         0.81293610863977   -2.13314631942079   -0.00197689414930
H        -1.64602285057632   -2.13572484056682    0.00291907525319
H        -2.88814943110392   -0.00075297054776    0.00427749417857
H        -1.65182085772170    2.13670539959382    0.00511809886282
H         0.80494936278957    2.14290073833218   -0.00014174841053
H         2.88511850737350    1.00620375980952    0.00393325925309
H         2.85514046504426   -0.50981463578469   -0.90480957919825
H         2.86623481684295   -0.54182936637142    0.85809807408114
15
 energy: -19.059163601380 gnorm: 0.001331173570 xtb: 6.4.1 (1a32961)
C         0.27577243459537   -1.19087966022309   -0.00239012822287
C        -1.10757162551805   -1.19542540590381    0.00136154564073
C        -1.80609328782408    0.00067844364865    0.00366761031453
C        -1.11171249346755    1.19784235703368    0.00273352070480
C         0.27324031582785    1.19843108136682   -0.00118932802907
C         0.98420932055987    0.00582611463384   -0.00445972079249
C         2.48364567293200   -0.00606956439902   -0.01105355069977
H         0.81459406862068   -2.12803749383442   -0.00412912004509
H        -1.64310103150005   -2.13408959675563    0.00289896430411
H        -2.88651852589671   -0.00100194258998    0.00669658901568
H        -1.64981778826033    2.13502872079011    0.00549283665918
H         0.80584111426645    2.13914205381957   -0.00187907565716
H         2.88154222647114    1.00591140106885    0.00409105351158
H         2.85450204563104   -0.51227523075019   -0.90160776035610
H         2.86277755356234   -0.54277127790539    0.85768656365194
15
 energy: -19.059165475779 gnorm: 0.000309242721 xtb: 6.4.1 (1a32961)
C         0.27537830092345   -1.19079587158986   -0.00344126368687
C        -1.10757525948723   -1.19550320542608    0.00119976748942
C        -1.80669349775351    0.00074294975962    0.00449329902240
C        -1.11203658202027    1.19788630965713    0.00290780789948
C         0.27288369141120    1.19853871813931   -0.00199679722594
C         0.98436922921097    0.00613243936598   -0.00532580741908
C         2.48394005825927   -0.00586678679065   -0.01068002045653
H         0.81609244346032   -2.12694069807816   -0.00571533200978
H        -1.64274228133968   -2.13434111081670    0.00250444149411
H        -2.88686766130735   -0.00113366633696    0.00835146470429
H        -1.64970164533594    2.13527683339736    0.00578814476090
H         0.80670584874083    2.13868371596135   -0.00271630967467
H         2.88134537989030    1.00561707974659    0.00367060558128
H         2.85496613281462   -0.51380044676489   -0.90017953655205
H         2.86124584253302   -0.54218626022404    0.85905953607305
15
 energy: -19.059165693048 gnorm: 0.000136639360 xtb: 6.4.1 (1a32961)
C         0.27533243570253   -1.19093970911183   -0.00361291383771
C        -1.10761407098561   -1.19558217956290    0.00084538981590
C        -1.80672658511574    0.00076971753455    0.00429336712114
C        -1.11214929347024    1.19793163383795    0.00293074436078
C         0.27286651880480    1.19868818677696   -0.00165507476562
C         0.98436112817637    0.00618543369745   -0.00511255669995
C         2.48392970016076   -0.00597393432638   -0.01066066370587
H         0.81644395062043   -2.12694611176866   -0.00627818641843
H        -1.64296132059633   -2.13442119418659    0.00225254452050
H        -2.88696284191756   -0.00121157257213    0.00878694457989
H        -1.64985500471577    2.13540647442384    0.00606596726590
H         0.80678143578061    2.13886595036202   -0.00273442764240
H         2.88165612155072    1.00553785962848    0.00266421493530
H         2.85499832598934   -0.51476729331355   -0.89969082683178
H         2.86120950001570   -0.54123326141922    0.85982547730237
