17
 energy: -33.843779931575 gnorm: 0.071306032102 xtb: 6.4.1 (1a32961)
C         1.25779000000000    1.21824000000000   -0.00240000000000
C        -0.14258000000000    1.28542000000000   -0.01704000000000
C        -0.78922000000000    2.61397000000000   -0.03399000000000
O        -0.14575000000000    3.65434000000000   -0.03557000000000
O        -2.13810000000000    2.52937000000000   -0.05010000000000
C        -2.81781000000000    3.78698000000000   -0.07252000000000
C        -0.83802000000000    0.08426000000000   -0.01769000000000
F        -2.17959000000000    0.06430000000000   -0.02565000000000
N        -0.24013000000000   -1.13520000000000   -0.00977000000000
C         1.10866000000000   -1.16010000000000    0.00017000000000
C         1.89450000000000   -0.02115000000000    0.00515000000000
H         1.85418000000000    2.12889000000000    0.00153000000000
H        -3.89359000000000    3.58975000000000   -0.07693000000000
H        -2.56457000000000    4.34403000000000   -0.98001000000000
H        -2.57697000000000    4.37070000000000    0.82148000000000
H         1.55510000000000   -2.15132000000000    0.00370000000000
H         2.97721000000000   -0.09506000000000    0.01362000000000
17
 energy: -33.848115329220 gnorm: 0.026358666951 xtb: 6.4.1 (1a32961)
C         1.25807679196378    1.21902340128163   -0.00363529333152
C        -0.13761540821551    1.28272793077503   -0.01681608176546
C        -0.79017176658063    2.61585155149800   -0.03390892583106
O        -0.16117562683441    3.65132124037854   -0.03484436157990
O        -2.12616068750612    2.54766698985359   -0.05024856736843
C        -2.81814984374816    3.79405232405867   -0.07245716329194
C        -0.81986472214432    0.06804943998049   -0.01723849496206
F        -2.15685670183914    0.02842403314683   -0.02637372005552
N        -0.23325840829656   -1.12277338971749   -0.00958432234959
C         1.09585563174864   -1.15305927076144    0.00003725642604
C         1.88626348795097   -0.01549487002873    0.00476730298928
H         1.83444378314953    2.13404207442190   -0.00034117128323
H        -3.88345518046130    3.56011275842170   -0.07656034693927
H        -2.55261104898908    4.35410215148726   -0.97130613923179
H        -2.56491429052959    4.37972658719625    0.81346380074424
H         1.52811155352890   -2.14510574619664    0.00453908594580
H         2.96259243680301   -0.09124720579561    0.01448714188443
17
 energy: -33.848676326052 gnorm: 0.006306988330 xtb: 6.4.1 (1a32961)
C         1.25687273536629    1.21761303991509   -0.00452381543723
C        -0.13749596590761    1.28180869918570   -0.01724790234659
C        -0.79073650558506    2.61811145556202   -0.03379794335420
O        -0.16686333678409    3.65462677900142   -0.03353175984375
O        -2.11782846521444    2.55622057452432   -0.05084900416588
C        -2.81735417174319    3.79788471035391   -0.07230436683302
C        -0.81263570051194    0.05926811201865   -0.01787712586490
F        -2.14951915099923    0.01224652460827   -0.02716611286807
N        -0.22942117980709   -1.11423036361973   -0.00926423587435
C         1.09259358381400   -1.15379854644842    0.00108025143702
C         1.88469765152392   -0.01517463508665    0.00491355130412
H         1.81773249781407    2.13953553286765   -0.00271818142059
H        -3.87413159849607    3.54154524746228   -0.07655834131306
H        -2.54943374595128    4.36284930691355   -0.96668067544972
H        -2.56211013477300    4.38688255855347    0.81010403120959
H         1.51818280259497   -2.14693130412856    0.00585557203149
H         2.95856068465975   -0.09103769168295    0.01454605878915
17
 energy: -33.848711151763 gnorm: 0.002832176618 xtb: 6.4.1 (1a32961)
C         1.25556540521493    1.21619576789596   -0.00516169018513
C        -0.13891560006276    1.28186591044045   -0.01764027375042
C        -0.79042268321942    2.61890004465775   -0.03402572831367
O        -0.16435096223373    3.65546005018987   -0.03276375210557
O        -2.11610210311495    2.55804270834529   -0.05151695854607
C        -2.81773249681429    3.79923730604311   -0.07215950778026
C        -0.81344958318554    0.05808463179183   -0.01790053225309
F        -2.15156330135695    0.01131358526350   -0.02783143463068
N        -0.22842906791488   -1.11412164939074   -0.00908549536157
C         1.09479369097172   -1.15599262360907    0.00135217691607
C         1.88548803999425   -0.01620590866198    0.00473479832346
H         1.81255302446265    2.14078408678534   -0.00379892135215
H        -3.87269798532654    3.53941548664437   -0.07672860346727
H        -2.55032781792079    4.36567639273918   -0.96598002329557
H        -2.56330341126151    4.38840798151129    0.81059609330303
H         1.52039657002372   -2.14901959401296    0.00728018682747
H         2.95960828174410   -0.09062417663318    0.01460966567142
17
 energy: -33.848720234935 gnorm: 0.000654845211 xtb: 6.4.1 (1a32961)
C         1.25447172069501    1.21497421712617   -0.00600582681780
C        -0.13998950060531    1.28173059792581   -0.01841913527776
C        -0.78984599716181    2.61926940254186   -0.03409481315277
O        -0.16090184745543    3.65497030005805   -0.03157639315807
O        -2.11447689079014    2.55954371393565   -0.05255603838747
C        -2.81819222049369    3.80041565498600   -0.07203757109806
C        -0.81399372843293    0.05705768440992   -0.01840996069091
F        -2.15318673480285    0.01073198391004   -0.02835319250174
N        -0.22779322616786   -1.11433380426075   -0.00858015980980
C         1.09647378898717   -1.15733101481677    0.00229229981047
C         1.88592886852336   -0.01685802976035    0.00466386179281
H         1.80855218817623    2.14160732735570   -0.00519784065339
H        -3.87203218534884    3.53827943739429   -0.07722639319623
H        -2.55132553672167    4.36828737481046   -0.96524994668067
H        -2.56490474291228    4.38895509006805    0.81161677001290
H         1.52193305165973   -2.15026010910170    0.00879012950318
H         2.96039299285129   -0.08961982658244    0.01432421030530
17
 energy: -33.848720939739 gnorm: 0.000322556983 xtb: 6.4.1 (1a32961)
C         1.25427833049337    1.21481647730019   -0.00651461626121
C        -0.14015040412492    1.28158155938743   -0.01877939105474
C        -0.78967184046728    2.61927283707817   -0.03448671330286
O        -0.15955097933956    3.65426792856774   -0.03074814177289
O        -2.11407651553560    2.55987367699642   -0.05350403403843
C        -2.81832531303469    3.80074530411089   -0.07195383345858
C        -0.81387956076179    0.05673254521828   -0.01823643741442
F        -2.15329706922134    0.01058826235575   -0.02871043950549
N        -0.22776271320426   -1.11459632340479   -0.00823639652443
C         1.09665535502818   -1.15729233987075    0.00242710167227
C         1.88587685358337   -0.01686789346222    0.00437694705731
H         1.80799222047706    2.14168740049739   -0.00604489660813
H        -3.87213505961004    3.53824524498221   -0.07770257296214
H        -2.55153137618575    4.36938641470636   -0.96464941705181
H        -2.56559678796737    4.38828700265465    0.81248726666028
H         1.52185726211116   -2.15029357911455    0.01010209062448
H         2.96042759775946   -0.08901451800318    0.01415348394080
