35
 energy: -52.181154682892 gnorm: 0.171599439743 xtb: 6.4.1 (1a32961)
C         0.97626000000000   -0.76860000000000    1.08389000000000
C         2.15199000000000   -0.37880000000000    0.41419000000000
C         2.07862000000000    0.34345000000000   -0.79855000000000
C         0.82883000000000    0.67894000000000   -1.35325000000000
C        -0.31650000000000    0.27512000000000   -0.66959000000000
O        -1.56756000000000    0.47696000000000   -1.00794000000000
C        -2.32488000000000   -0.06624000000000   -0.07106000000000
B        -3.88657000000000   -0.05107000000000   -0.10472000000000
O        -4.62460000000000    0.48563000000000   -1.24586000000000
C        -5.94992000000000    0.41277000000000   -0.78753000000000
C        -6.34575000000000    1.81642000000000   -0.25736000000000
C        -6.86774000000000    0.09119000000000   -1.98529000000000
C        -5.96122000000000   -0.70364000000000    0.34145000000000
C        -7.05226000000000   -0.48885000000000    1.41190000000000
C        -6.13971000000000   -2.13899000000000   -0.22309000000000
O        -4.70139000000000   -0.63616000000000    0.95956000000000
C        -1.53531000000000   -0.65043000000000    0.91599000000000
C        -0.24460000000000   -0.41932000000000    0.50822000000000
H         1.02115000000000   -1.32242000000000    2.01299000000000
H         3.11795000000000   -0.63393000000000    0.83054000000000
H         2.98920000000000    0.63971000000000   -1.30400000000000
H         0.76110000000000    1.23120000000000   -2.28187000000000
H        -6.23534000000000    2.57729000000000   -1.05954000000000
H        -5.70374000000000    2.12104000000000    0.59558000000000
H        -7.40870000000000    1.83084000000000    0.06831000000000
H        -6.79975000000000    0.89723000000000   -2.74774000000000
H        -7.92441000000000   -0.00933000000000   -1.66212000000000
H        -6.54812000000000   -0.84370000000000   -2.49192000000000
H        -8.06426000000000   -0.49850000000000    0.95603000000000
H        -6.90165000000000    0.47113000000000    1.94882000000000
H        -6.99838000000000   -1.28849000000000    2.18219000000000
H        -7.14592000000000   -2.26192000000000   -0.67968000000000
H        -6.05291000000000   -2.88861000000000    0.59261000000000
H        -5.36815000000000   -2.37177000000000   -0.98648000000000
H        -1.86313000000000   -1.17285000000000    1.80321000000000
35
 energy: -52.207832297767 gnorm: 0.073040623368 xtb: 6.4.1 (1a32961)
C         1.00606451594375   -0.76962183267980    1.08486210424801
C         2.14857589291801   -0.37726543327438    0.41059753459843
C         2.06905331956933    0.34046058996608   -0.79422212108447
C         0.84656390311067    0.67940596616458   -1.35669726041592
C        -0.29782281428275    0.28052083514350   -0.67657400437095
O        -1.57152238180229    0.48505930757284   -1.01170289281314
C        -2.33564567682980   -0.07171204476944   -0.05463851146571
B        -3.87495572646183   -0.05607559031080   -0.11136332566470
O        -4.62491483530375    0.45541980524488   -1.18837818819812
C        -5.98525777950259    0.40674667330236   -0.78728736491680
C        -6.35816631015337    1.80555055801523   -0.25175841337793
C        -6.87389466984626    0.08399503576210   -1.99211451115422
C        -5.99485675729873   -0.69914893185306    0.33602932836363
C        -7.05761376899384   -0.48165874475068    1.41799459639773
C        -6.15143357573891   -2.12755135191227   -0.23018883287349
O        -4.69256968807407   -0.60772774239136    0.89618754966758
C        -1.55017809818993   -0.65310593708338    0.92277461970831
C        -0.22424892170477   -0.42847780698722    0.52401771633838
H         1.05089506391211   -1.32022991466614    2.01116493791194
H         3.11597034913415   -0.62702991349375    0.81999085950625
H         2.97835679496544    0.63500276987773   -1.29661439085627
H         0.77809068577146    1.23041981067971   -2.28178595992977
H        -6.22305533753860    2.54618614925929   -1.04737155418266
H        -5.71505627803833    2.09677534008077    0.58494591829404
H        -7.40304762889941    1.83321354797724    0.06474174511900
H        -6.79814704567589    0.89122393161120   -2.72696415304266
H        -7.91378090966993   -0.01070144329530   -1.67472055706107
H        -6.55373093616881   -0.83719772884332   -2.48403284341638
H        -8.05318303300829   -0.49557314977531    0.97025131078931
H        -6.90345350379476    0.46465263746553    1.94065762039953
H        -6.99289870135483   -1.28193695748306    2.16142114834137
H        -7.14005107792170   -2.26185666995764   -0.67445618622525
H        -6.04152407807385   -2.85458341004666    0.58176545594316
H        -5.38250816376435   -2.34818927930199   -0.97743693425041
H        -1.88742282723330   -1.16968907524749    1.79879555967323
35
 energy: -52.213245981019 gnorm: 0.017653128346 xtb: 6.4.1 (1a32961)
C         1.02586128874543   -0.76919544129582    1.08526181326229
C         2.15244677754225   -0.37505789954286    0.40690667470353
C         2.06738519285553    0.33889991379240   -0.79329720984618
C         0.85594395669020    0.67905743831956   -1.35461651578996
C        -0.28818121895619    0.28301439771777   -0.67372001969857
O        -1.57783656789903    0.49229026467654   -1.00864716298667
C        -2.34929848662229   -0.07665673899638   -0.03746876204160
B        -3.88784146825061   -0.05872748025495   -0.11835978631424
O        -4.62000766765396    0.44298943927547   -1.15225628225992
C        -6.00527269925504    0.40095959246699   -0.78956995078751
C        -6.37169769600158    1.79446984954713   -0.25611122756169
C        -6.87128438153329    0.08297631298521   -2.00295212365080
C        -6.01541584688774   -0.69532241675115    0.33259288176583
C        -7.05197680400217   -0.47908081764087    1.42966578827601
C        -6.16857702345532   -2.11719408239194   -0.23037164612671
O        -4.68086897887377   -0.60366238762872    0.85060203923360
C        -1.56357174883135   -0.65367478469797    0.92585659414407
C        -0.21437395444632   -0.43542574488478    0.53832117281282
H         1.07469824951088   -1.31888667060878    2.01104740423150
H         3.12481246206161   -0.61941461471215    0.80690268852169
H         2.97712979077736    0.63127618512730   -1.29481686038978
H         0.78519803528435    1.22862408489925   -2.27900647096809
H        -6.21237679218791    2.52416547614345   -1.04669279959863
H        -5.72757349405319    2.05934426124347    0.57875362053871
H        -7.40890734681163    1.83007273474423    0.05294369229186
H        -6.79361725889335    0.89335010858535   -2.72066568854146
H        -7.90402732771710   -0.01450594390268   -1.68864531102279
H        -6.54739013953010   -0.83040203069865   -2.48584893299058
H        -8.04147445020728   -0.48826272470922    0.98685109577700
H        -6.89056374196638    0.45956873293153    1.94418463318469
H        -6.98264282321125   -1.28305846242626    2.15540178311440
H        -7.15023800969873   -2.25843306557660   -0.66483178897299
H        -6.03376222664420   -2.82935378677358    0.58069211340637
H        -5.40129274725941   -2.31179786537796   -0.97560741729002
H        -1.91077485261842   -1.16764583358431    1.79539196157379
35
 energy: -52.213788909446 gnorm: 0.008279385630 xtb: 6.4.1 (1a32961)
C         1.03155288873605   -0.76780666234416    1.08737501294728
C         2.15855792154394   -0.37325301526721    0.40518550675868
C         2.07083600489430    0.33986575123038   -0.79492637299595
C         0.85587765874885    0.67996553201168   -1.35151084923220
C        -0.28616579666128    0.28386664042195   -0.66682447328579
O        -1.57725593120154    0.49468015530184   -1.00343612534170
C        -2.35063786114423   -0.07838689544707   -0.03123195660221
B        -3.89625843563753   -0.06248249146065   -0.12191563352305
O        -4.62173374531073    0.45150628562625   -1.15468969961973
C        -6.00898559596164    0.39861607866485   -0.79239277973149
C        -6.37894043132135    1.78879421252842   -0.25764875030186
C        -6.86598878419099    0.07864691393785   -2.01187633797847
C        -6.02037667194757   -0.69511455735516    0.33159942057656
C        -7.04498133495718   -0.47248113941588    1.43857113119886
C        -6.18158272531307   -2.11334045940956   -0.23321696136611
O        -4.68232084171748   -0.61806187953356    0.84782737767074
C        -1.56427794751534   -0.65419481155855    0.92931801858786
C        -0.21200230622487   -0.43597596214712    0.54510447347561
H         1.08759693526739   -1.31802296879126    2.01326569865370
H         3.13365996095772   -0.61606552434912    0.80011620239144
H         2.98002569063040    0.63027952887363   -1.29898273830733
H         0.78328658803586    1.22847275640413   -2.27676246334245
H        -6.20477523339762    2.51961088368491   -1.04464010266962
H        -5.74227162686868    2.04330696156615    0.58700033385008
H        -7.42127139242008    1.82782178875796    0.03903822048748
H        -6.78704944816038    0.89497063273319   -2.72417678014955
H        -7.90225916564529   -0.02527460228760   -1.70547591396570
H        -6.53470554775545   -0.83137369389147   -2.49910712278343
H        -8.04111302016069   -0.47320959524384    1.00645837773272
H        -6.87178213251087    0.46312055679913    1.95798405323404
H        -6.97196496804002   -1.28228017276788    2.15891716873043
H        -7.17006951529878   -2.25762763023094   -0.65478490977712
H        -6.03081716404425   -2.82482497937338    0.57609527495485
H        -5.42250922520033   -2.29889309091497   -0.99004124809472
H        -1.91666680020726   -1.16955454675295    1.79767494781816
35
 energy: -52.214137397938 gnorm: 0.004592113110 xtb: 6.4.1 (1a32961)
C         1.03995128272509   -0.76433020525835    1.09028301001446
C         2.16630351555891   -0.36967101014825    0.40256433959769
C         2.07482670514247    0.34218456297364   -0.79757212228005
C         0.85473730361241    0.68174332089183   -1.34708707780455
C        -0.28252628193877    0.28478612698000   -0.65636006144402
O        -1.57484482180472    0.49621868585461   -0.99669131177738
C        -2.34965940195789   -0.08263223023916   -0.02250362959158
B        -3.90224309112105   -0.06568382752451   -0.12309638391211
O        -4.62185639097878    0.46146989579517   -1.15200836128669
C        -6.01333000352563    0.39768663485079   -0.79285311619707
C        -6.39155574058531    1.78538713709223   -0.26193874093733
C        -6.85464146215807    0.07428398993525   -2.02326780665475
C        -6.02699869785961   -0.69826589386535    0.32707620660251
C        -7.03222737019296   -0.46474728815854    1.45012591732343
C        -6.20538669862655   -2.11334037561968   -0.23662247936850
O        -4.68392901894519   -0.63901338580625    0.84023125155208
C        -1.56234793858835   -0.65604484964805    0.93486734417023
C        -0.20724157900187   -0.43609458333745    0.55514845189184
H         1.10749571293670   -1.31496478946721    2.01613669895103
H         3.14441131236424   -0.61138387757567    0.79106551249558
H         2.98257405966427    0.62997728643924   -1.30613775620037
H         0.77804141467569    1.22913622922190   -2.27301184283957
H        -6.19403086522153    2.52072230976427   -1.03973699202640
H        -5.77452566794890    2.02903796293454    0.60111428235837
H        -7.44217062641706    1.82746324253984    0.01025669121471
H        -6.77486466343116    0.89644364622804   -2.73006500835685
H        -7.89603924995805   -0.04322614856938   -1.73325007636166
H        -6.50902910589393   -0.82941456300290   -2.51529100561592
H        -8.03925196281590   -0.44711238947504    1.03919335672422
H        -6.83586325363250    0.46533374711810    1.97469635650171
H        -6.95678498973300   -1.28006378194822    2.16520079251504
H        -7.20607156146100   -2.25797305996124   -0.63272573789710
H        -6.03019145103619   -2.82820236906644    0.56503480206453
H        -5.46714461934326   -2.29163349419588   -1.01660173732304
H        -1.92095479250252   -1.17277665575194    1.80171623389753
35
 energy: -52.214261717759 gnorm: 0.005504584651 xtb: 6.4.1 (1a32961)
C         1.04388299690964   -0.76212200761007    1.09115355388964
C         2.16894040640412   -0.36697147620271    0.40088845879634
C         2.07534310102106    0.34464484519877   -0.79907574468915
C         0.85303419616095    0.68332356159418   -1.34533327994582
C        -0.28123779537878    0.28515038908459   -0.65154385057470
O        -1.57355642206179    0.49535546844966   -0.99355756606412
C        -2.34782710314404   -0.08616885999742   -0.01883620199414
B        -3.90097812885339   -0.07047861869009   -0.12258351524932
O        -4.61936860116848    0.46522557054094   -1.14767366500749
C        -6.01325871667982    0.39677742661057   -0.79294596366292
C        -6.39787157095832    1.78307943682205   -0.26356547041337
C        -6.84597347795912    0.07311626135355   -2.02951043576056
C        -6.02937962575179   -0.70020055009174    0.32560054226937
C        -7.02495380194083   -0.46122535904611    1.45623214451006
C        -6.22077356630560   -2.11331082974163   -0.23860094426171
O        -4.68388095918548   -0.65041997303946    0.83580636892821
C        -1.55952935045974   -0.65769596966853    0.93832436162017
C        -0.20456137535623   -0.43568363167058    0.55947458964552
H         1.11706758204727   -1.31238084245466    2.01693961013688
H         3.14776968405425   -0.60859753438612    0.78740276005621
H         2.98173090170976    0.63237712453754   -1.30999155922461
H         0.77330590374728    1.23078756201866   -2.27091892816505
H        -6.18823616152399    2.51982149087928   -1.03649026059353
H        -5.79519230844816    2.02702370704265    0.60938139245089
H        -7.45290615337720    1.82546125149693   -0.00788220366382
H        -6.76712334118368    0.89784287187285   -2.73364549778134
H        -7.88851375300284   -0.05255974970659   -1.74727451631612
H        -6.49152039254484   -0.82691150436209   -2.52232041663383
H        -8.03546318591114   -0.43182667297428    1.05507486529887
H        -6.81479799119469    0.46554661642165    1.98161764598434
H        -6.95158888475883   -1.27903887996073    2.16882918595665
H        -7.22890086537405   -2.25436038767229   -0.61756282637574
H        -6.03421994633147   -2.83032165337628    0.55804109363245
H        -5.49779962182028   -2.29473854666440   -1.03206840773216
H        -1.91903167137971   -1.17522053660815    1.80450468093397
35
 energy: -52.214385871459 gnorm: 0.004219442741 xtb: 6.4.1 (1a32961)
C         1.04771804672689   -0.75938242961908    1.09149476096532
C         2.17050311940160   -0.36281688570506    0.39874889182159
C         2.07413290499964    0.34910714084150   -0.80071689982075
C         0.85005444757734    0.68603965430556   -1.34413482379671
C        -0.28119253971731    0.28520461863543   -0.64771655784761
O        -1.57329982871413    0.49219864871148   -0.99031913062420
C        -2.34568351130151   -0.09161284360569   -0.01562532082769
B        -3.89696731860212   -0.07739814453535   -0.11989978064348
O        -4.61501210476928    0.46781190063646   -1.14026134567889
C        -6.01074561164446    0.39662508851178   -0.79192459860764
C        -6.40300339519073    1.78245592919300   -0.26642168167816
C        -6.83464968515930    0.07274679247139   -2.03440435934218
C        -6.03066785119194   -0.70376401504875    0.32403721433895
C        -7.01743797267249   -0.45796932854103    1.46077816519353
C        -6.23948645032111   -2.11511132825594   -0.23926990468708
O        -4.68349402908656   -0.66520462575805    0.83052142449678
C        -1.55557805503358   -0.66102538784003    0.94212239319283
C        -0.20199328416277   -0.43517083395346    0.56276626293243
H         1.12587397913408   -1.30923454203171    2.01691823216455
H         3.14964210210498   -0.60454212789311    0.78408571894817
H         2.97859324303430    0.63837903923677   -1.31384293013567
H         0.76640549468826    1.23411262656120   -2.26881828748185
H        -6.18049253527021    2.51988259806079   -1.03455402329833
H        -5.81667780047264    2.02841508507906    0.61660957460193
H        -7.46202813632228    1.82373403585357   -0.02938639538175
H        -6.75727788408524    0.90023307646440   -2.73517000980585
H        -7.87727987768750   -0.06158984534163   -1.75948879274217
H        -6.47050907445286   -0.82265688966845   -2.52785839093319
H        -8.02945925190057   -0.41464322094408    1.06750598696619
H        -6.79222069692351    0.46418261146747    1.98708666654481
H        -6.94905974255316   -1.27864233953183    2.17036038025557
H        -7.25554196173786   -2.24821355892379   -0.59854924772730
H        -6.04264232100791   -2.83459593368351    0.55196138611670
H        -5.53444037834324   -2.30291423727397   -1.04682249553742
H        -1.91345203934271   -1.17934032787536    1.80807791805867
35
 energy: -52.214470695904 gnorm: 0.002903962778 xtb: 6.4.1 (1a32961)
C         1.05212497900958   -0.75637718687682    1.09149307883624
C         2.17221939946331   -0.35713693863102    0.39660296560431
C         2.07243029541640    0.35523373106411   -0.80228779678505
C         0.84698697121001    0.68948781117570   -1.34352457403201
C        -0.28189988180748    0.28488649995336   -0.64531321306455
O        -1.57426752240358    0.48731977031859   -0.98678800302190
C        -2.34387372982266   -0.09884255653469   -0.01252177174950
B        -3.89302283998742   -0.08679668724075   -0.11683637782260
O        -4.60976527455976    0.47068999852337   -1.13157945833161
C        -6.00658919216747    0.39595570051300   -0.79128912635588
C        -6.40723012835304    1.78079050499565   -0.26875950793686
C        -6.82161946257978    0.07187269703369   -2.03978539976240
C        -6.03169265736491   -0.70747355657291    0.32321853777110
C        -7.01024155269958   -0.45333945907631    1.46557762203656
C        -6.26077251384325   -2.11624171451099   -0.23971505838585
O        -4.68291326222152   -0.68331912259092    0.82461869330693
C        -1.55128763652380   -0.66584843910521    0.94563422135663
C        -0.19930216491596   -0.43510728255182    0.56488736314482
H         1.13381752398108   -1.30586773341238    2.01656818163014
H         3.15194984408882   -0.59792893049881    0.78096352059808
H         2.97495032606737    0.64722146000104   -1.31707563041134
H         0.75931688424106    1.23806075722854   -2.26737448085354
H        -6.17260492269150    2.51834417856591   -1.03278766019303
H        -5.83625914646685    2.02850487277432    0.62341502101169
H        -7.46973735761307    1.82057930863612   -0.04985040815149
H        -6.74618164264851    0.90302769638555   -2.73612223025536
H        -7.86422121327642   -0.07190526513786   -1.77173905322721
H        -6.44723187006507   -0.81803867977706   -2.53485640308998
H        -8.02309812192756   -0.39409859282029    1.07809891956664
H        -6.76902944250448    0.46302800389695    1.99432241133659
H        -6.94911948207855   -1.27786796013087    2.17120189881104
H        -7.28419879357245   -2.23919583197375   -0.58003454204353
H        -6.05624948633687   -2.83778000612773    0.54721807767959
H        -5.57276199051384   -2.31138577394236   -1.05955752475715
H        -1.90599493453211   -1.18515127355340    1.81186770754060
35
 energy: -52.214520829115 gnorm: 0.002102191241 xtb: 6.4.1 (1a32961)
C         1.05655409594794   -0.75365744550001    1.09120002234031
C         2.17438776252209   -0.35096290239475    0.39510108542248
C         2.07121933641289    0.36167420530216   -0.80340851954718
C         0.84469102242065    0.69260329673211   -1.34342783529337
C        -0.28268446619989    0.28409274886359   -0.64447586681248
O        -1.57585553606589    0.48190225225663   -0.98380188311340
C        -2.34251113578286   -0.10651547272140   -0.00980704498779
B        -3.89091644647503   -0.09584109701691   -0.11402371957114
O        -4.60555937026080    0.47319819080977   -1.12376234086489
C        -6.00266118679216    0.39531802194434   -0.79069876417152
C        -6.41014306349703    1.77935508509519   -0.27079406138074
C        -6.80984673295235    0.07088769236616   -2.04457653027926
C        -6.03294648154737   -0.71091168889213    0.32263712484449
C        -7.00445360373432   -0.44866018960786    1.46974968328008
C        -6.28034989767314   -2.11718111349345   -0.23927197217021
O        -4.68304070443829   -0.70075981368222    0.81931252013374
C        -1.54729036803468   -0.67136088076676    0.94797159910698
C        -0.19658209563033   -0.43579841036472    0.56564921695468
H         1.14004075825881   -1.30302323137455    2.01605365491324
H         3.15511039937975   -0.58946100387687    0.77852421229658
H         2.97229256332410    0.65678610315861   -1.31896021298842
H         0.75392485389583    1.24135039953189   -2.26683959575645
H        -6.16744351121293    2.51743928659679   -1.03153884713162
H        -5.84978392609022    2.02733873898404    0.62754468040969
H        -7.47468596599775    1.81764871428732   -0.06423670309403
H        -6.73647904652286    0.90556683343158   -2.73677131057129
H        -7.85259870674347   -0.08143096244928   -1.78252466062670
H        -6.42656102812133   -0.81398269361405   -2.54172513698530
H        -8.01766472880782   -0.37446445612026    1.08599955035909
H        -6.74948585856517    0.46206227524201    2.00160907653635
H        -6.95143734240832   -1.27692110961367    2.17158874553652
H        -7.30849796113156   -2.23007931314749   -0.56695019758497
H        -6.07311926392238   -2.84088524973654    0.54471834644927
H        -5.60445006062616   -2.31821008863479   -1.06696380995933
H        -1.89854230292780   -1.19181672159457    1.81478949430675
35
 energy: -52.214554975718 gnorm: 0.001619563995 xtb: 6.4.1 (1a32961)
C         1.06091650639600   -0.75120956410838    1.09061821011186
C         2.17694597978301   -0.34434675397547    0.39429903379740
C         2.07054281684916    0.36834635356855   -0.80401923601143
C         0.84299675952029    0.69521072105612   -1.34365902462097
C        -0.28326479447701    0.28272318738887   -0.64474208564749
O        -1.57756618608742    0.47604582513059   -0.98165232931815
C        -2.34117718909385   -0.11476774379123   -0.00758303086541
B        -3.88994629892876   -0.10467654201841   -0.11167071336168
O        -4.60206213188988    0.47489274964450   -1.11687201423261
C        -5.99920583700587    0.39439149002645   -0.79033913113829
C        -6.41209860416029    1.77756407337129   -0.27197745985430
C        -6.79956969243463    0.06978090882655   -2.04895596092545
C        -6.03455996511452   -0.71370606073314    0.32251591009843
C        -7.00001499598343   -0.44387889944813    1.47350543504711
C        -6.29816812837051   -2.11725132565123   -0.23877540382307
O        -4.68371770175471   -0.71646614802856    0.81477830284391
C        -1.54327199336780   -0.67753539712472    0.94922398811815
C        -0.19367082113328   -0.43729744828054    0.56530714553446
H         1.14517316867989   -1.30059128989921    2.01537617743325
H         3.15889942666825   -0.57924565137457    0.77697615913829
H         2.97052944003811    0.66694864264158   -1.31958638747488
H         0.75002375727334    1.24391780483964   -2.26692850159548
H        -6.16515032978315    2.51612180337208   -1.03072101036180
H        -5.85821979522833    2.02578040874859    0.62989915531045
H        -7.47783225892822    1.81443089697915   -0.07284524698614
H        -6.72806150841531    0.90752161139307   -2.73760752367071
H        -7.84258492323250   -0.08982991444761   -1.79233774962755
H        -6.40868531664169   -0.81073644323869   -2.54798166272712
H        -8.01321669051181   -0.35601518469238    1.09237778028995
H        -6.73298557866239    0.46147505469454    2.00854347763994
H        -6.95530941590674   -1.27548771466041    2.17193152414894
H        -7.32922592771681   -2.22027708059807   -0.55939206046924
H        -6.09302030219127   -2.84291146235520    0.54390056801384
H        -5.62980815702862   -2.32425764073608   -1.07041536009224
H        -1.89100331115901   -1.19936326651963    1.81669902527821
35
 energy: -52.214589545455 gnorm: 0.001908643741 xtb: 6.4.1 (1a32961)
C         1.06751302746817   -0.74747541917769    1.08951704502202
C         2.18119509452681   -0.33314303882042    0.39393673605476
C         2.06990531281659    0.37927241003533   -0.80429944618713
C         0.84061364588993    0.69863227461628   -1.34422637483662
C        -0.28391888228805    0.27963532477357   -0.64598389669316
O        -1.58012933360294    0.46604981814977   -0.97963752861321
C        -2.33903327361882   -0.12884030417867   -0.00492595475199
B        -3.88918072379709   -0.11835413419160   -0.10852939663181
O        -4.59724285872391    0.47631695812941   -1.10725437608248
C        -5.99457540486617    0.39302097617013   -0.78962331032411
C        -6.41418566004067    1.77513167047237   -0.27337458644646
C        -6.78517575372814    0.06835003095404   -2.05495411364952
C        -6.03754782707831   -0.71767966852079    0.32243164378012
C        -6.99417933541790   -0.43667188234399    1.47879088076573
C        -6.32432389897806   -2.11696084543851   -0.23782135004992
O        -4.68548032982853   -0.73900286409043    0.80869865419603
C        -1.53690372193043   -0.68836921176610    0.94989723564962
C        -0.18895447683760   -0.44073893843569    0.56376294443014
H         1.15280161803661   -1.29698576176373    2.01420387732799
H         3.16515510730614   -0.56099218678789    0.77589359290790
H         2.96837588932726    0.68384470625246   -1.31924766969723
H         0.74515496612220    1.24701499106337   -2.26757326045050
H        -6.16569179954337    2.51440617664415   -1.03086162713587
H        -5.86552395851602    2.02440585548591    0.63110435223694
H        -7.48089204413259    1.80899821742290   -0.07953327776520
H        -6.71553403061829    0.90996922260607   -2.73911466242407
H        -7.82877083597513   -0.10064537829799   -1.80655015502087
H        -6.38387574370781   -0.80648518646995   -2.55601031054646
H        -8.00716903364844   -0.32904298053053    1.10153939794749
H        -6.70964463597043    0.46080481565104    2.01825227110029
H        -6.96193613325661   -1.27275684550370    2.17260004321177
H        -7.35789680019110   -2.20366882718407   -0.55492995078723
H        -6.12892249910457   -2.84578752099358    0.54472413986226
H        -5.66214101931308   -2.33432523806026   -1.07125900936698
H        -1.87925464677938   -1.21262721587130    1.81824744296800
35
 energy: -52.214610787009 gnorm: 0.001607910493 xtb: 6.4.1 (1a32961)
C         1.07144157316884   -0.74502418029862    1.08886989517559
C         2.18368032511033   -0.32495629457707    0.39433521279111
C         2.06935671470838    0.38705427643622   -0.80386105895916
C         0.83872597101385    0.70055888768557   -1.34440599062932
C        -0.28421068108793    0.27669518469540   -0.64673518000053
O        -1.58146829115617    0.45868298615941   -0.97950785641890
C        -2.33770847335070   -0.13938607922511   -0.00415406424623
B        -3.88855117496263   -0.12770690820605   -0.10728948048206
O        -4.59409440172737    0.47572143719418   -1.10204665075959
C        -5.99223290103880    0.39190392308621   -0.78919316678566
C        -6.41484898738815    1.77342376248577   -0.27401177031314
C        -6.77700163401828    0.06773793077677   -2.05841954110195
C        -6.03989755307036   -0.71992754758116    0.32234350236812
C        -6.99024897173987   -0.43209377705584    1.48248612194648
C        -6.34055989198253   -2.11608168644961   -0.23775927278371
O        -4.68684429884192   -0.75226639160525    0.80515279616684
C        -1.53296918851102   -0.69673829128296    0.94938857435763
C        -0.18601531712880   -0.44397399799550    0.56253969666889
H         1.15845994356710   -1.29452265038896    2.01348089732940
H         3.16872507737185   -0.54736569256064    0.77656587991996
H         2.96665486484792    0.69621944528506   -1.31814378438537
H         0.74196380273351    1.24873563822202   -2.26779752961506
H        -6.16960819079157    2.51283892759486   -1.03250662435078
H        -5.86582202434086    2.02512064501627    0.62961394992425
H        -7.48153492792704    1.80459280561727   -0.07863221564110
H        -6.70668980571814    0.91079318640079   -2.74074098699257
H        -7.82112919980727   -0.10451675949690   -1.81530442769173
H        -6.37079576603389   -0.80485834244510   -2.55927640401842
H        -8.00316492859164   -0.31348095486573    1.10891616350707
H        -6.69491615115567    0.46097281841340    2.02332003354769
H        -6.96449119166403   -1.26993413400818    2.17423279513478
H        -7.37386182482245   -2.19082802311023   -0.55925910814113
H        -6.15766977120125   -2.84672807948569    0.54629739122586
H        -5.67773808659374   -2.34246033128302   -1.06841298369826
H        -1.87230463786938   -1.22290173314766    1.81780518695131
35
 energy: -52.214632660628 gnorm: 0.000845435469 xtb: 6.4.1 (1a32961)
C         1.07527693198731   -0.74216190903584    1.08849795444966
C         2.18581968620644   -0.31467054376808    0.39542957136275
C         2.06825671031668    0.39685811448469   -0.80263869410767
C         0.83594176861773    0.70294282131266   -1.34413843709421
C        -0.28472709478677    0.27251912151768   -0.64721878480195
O        -1.58273311623668    0.44930200188379   -0.98035874530505
C        -2.33662010199449   -0.15285843501785   -0.00471762656380
B        -3.88776565646170   -0.13960982159669   -0.10759313582745
O        -4.59095003054130    0.47413900631234   -1.09760672384411
C        -5.99027974699365    0.39085534890724   -0.78845321098624
C        -6.41460953163921    1.77215666403747   -0.27477622707809
C        -6.76881417544797    0.06746255501222   -2.06182342454688
C        -6.04267471851458   -0.72264615017712    0.32178977842251
C        -6.98479488570472   -0.42735642802875    1.48696386344579
C        -6.35865782386930   -2.11517880140133   -0.23788540462456
O        -4.68836088199548   -0.76715162466255    0.80091525428680
C        -1.52927818961420   -0.70766230807592    0.94785869429134
C        -0.18331865427549   -0.44856763615450    0.56127951243536
H         1.16558012533554   -1.29152681685914    2.01289985778010
H         3.17179918987104   -0.53057391575013    0.77881316224798
H         2.96396647148737    0.71192481687797   -1.31607691142646
H         0.73738141125201    1.25095070997515   -2.26743995211578
H        -6.17771702154133    2.51120057373938   -1.03650933237789
H        -5.86106262233440    2.02837294539925    0.62500606867321
H        -7.48033237097761    1.79930168667437   -0.07242425308582
H        -6.69434216719410    0.91081916093939   -2.74340208539325
H        -7.81440021875867   -0.10473682624378   -1.82528877232571
H        -6.35928226963115   -0.80470437844595   -2.56074480156476
H        -7.99862976847068   -0.29776653592708    1.11970620417878
H        -6.67680602549347    0.46172943075199    2.02743894065244
H        -6.96330978288738   -1.26638074024069    2.17741194337091
H        -7.38958539782967   -2.17440356911234   -0.57139939756832
H        -6.19642443170967   -2.84772496533324    0.54949696692195
H        -5.68990725541674   -2.35326430268452   -1.06093388855291
H        -1.86600835475331   -1.23628924931015    1.81581203667167
35
 energy: -52.214641867746 gnorm: 0.000910418415 xtb: 6.4.1 (1a32961)
C         1.07642252879125   -0.74094487370714    1.08857843203784
C         2.18604827876289   -0.30918864494161    0.39658213221848
C         2.06732385674426    0.40250626377109   -0.80115176056281
C         0.83435215600320    0.70468788698424   -1.34338829300493
C        -0.28509558812367    0.27017164669618   -0.64723546749665
O        -1.58310366069568    0.44420347689614   -0.98162968209512
C        -2.33651046505211   -0.16016209700719   -0.00649357146893
B        -3.88737538809419   -0.14540485347594   -0.10899342703676
O        -4.58951254586780    0.47128650835617   -1.09720166432793
C        -5.98958852967772    0.38962026589123   -0.78862374387781
C        -6.41316985580844    1.77100563036611   -0.27497680222771
C        -6.76635410027400    0.06767520301299   -2.06331445661248
C        -6.04402123781519   -0.72374803553790    0.32164257432176
C        -6.98086413731053   -0.42497525197811    1.49018966986195
C        -6.36673928093255   -2.11422269388123   -0.23885204331644
O        -4.68868833463122   -0.77382213282231    0.79820595401990
C        -1.52849371103373   -0.71399429482887    0.94601130471413
C        -0.18275413440251   -0.45139288555740    0.56079482466996
H         1.16884801016430   -1.29035642433234    2.01268693000393
H         3.17221522821739   -0.52188290268496    0.78122487361830
H         2.96222577810853    0.72117889824651   -1.31370850690917
H         0.73438030200640    1.25302446162054   -2.26628598900213
H        -6.18299045706769    2.50897883498496   -1.04001957752667
H        -5.85399190900497    2.03056320698258    0.62054038280165
H        -7.47771157652607    1.79680354039562   -0.06542952682840
H        -6.68638146618905    0.90956351210901   -2.74606639579930
H        -7.81316367627724   -0.09925338208418   -1.82944356275876
H        -6.35918521404536   -0.80704488211869   -2.55928855109761
H        -7.99543042503895   -0.29401905318729    1.12719639428115
H        -6.66876636132213    0.46373379012832    2.02803161736064
H        -6.95851373052736   -1.26298061650444    2.18158667704534
H        -7.39478563956761   -2.16544454099602   -0.58256190747838
H        -6.21909396729773   -2.84683470155710    0.55118554800207
H        -5.69202338829889   -2.36003588754452   -1.05513558691993
H        -1.86487735791540   -1.24399497169452    1.81323320139121
35
 energy: -52.214647550513 gnorm: 0.000741358940 xtb: 6.4.1 (1a32961)
C         1.07637993281681   -0.74056322627306    1.08883444190351
C         2.18562044859216   -0.30641680520611    0.39765979102797
C         2.06674396910593    0.40593728388076   -0.79962447636225
C         0.83354440271822    0.70641307457777   -1.34225788080884
C        -0.28531485258327    0.26945299042292   -0.64676442715635
O        -1.58296499896380    0.44213927115922   -0.98247382367932
C        -2.33658529642297   -0.16377545727680   -0.00852151792257
B        -3.88714165659551   -0.14958782920539   -0.11160213935737
O        -4.58947614265638    0.46971031581043   -1.09848318270565
C        -5.98962417714498    0.38913450614723   -0.78885772118550
C        -6.41121574033375    1.77116914001379   -0.27544370159627
C        -6.76662391873556    0.06806576281407   -2.06359506480720
C        -6.04444829034939   -0.72489894414023    0.32079800857888
C        -6.97801031171686   -0.42425951166894    1.49136130372708
C        -6.37078761670672   -2.11493488601634   -0.23878735488497
O        -4.68862207250541   -0.77764578711160    0.79583616581886
C        -1.52877215425053   -0.71718048076434    0.94456203195938
C        -0.18306097343339   -0.45274775484081    0.56082383745024
H         1.17004610609260   -1.29024441648024    2.01261604735802
H         3.17168761470618   -0.51805727568971    0.78311526102365
H         2.96132304637626    0.72656339073902   -1.31145095201502
H         0.73243951676604    1.25529970798224   -2.26465547878870
H        -6.18505428677809    2.50837272805001   -1.04248863893398
H        -5.84790778002205    2.03216486388005    0.61724179394297
H        -7.47479797416047    1.79665946606575   -0.06091826485446
H        -6.68066647361060    0.90795045959192   -2.74815441993141
H        -7.81487759177049   -0.09230381595281   -1.83096393230206
H        -6.36353667935471   -0.81011395203685   -2.55704502961688
H        -7.99451762899547   -0.29420289964034    1.13233875039261
H        -6.66335802954068    0.46573920125437    2.02635125173921
H        -6.95196417816818   -1.26097518031885    2.18441045144256
H        -7.39718614135267   -2.16194449130391   -0.58828587390781
H        -6.23030590099691   -2.84736790415158    0.55261147787277
H        -5.69256333129357   -2.36418522479444   -1.05128839214036
H        -1.86577083873135   -1.24806631951726    1.81099165871968
35
 energy: -52.214653256567 gnorm: 0.000668435728 xtb: 6.4.1 (1a32961)
C         1.07550629869338   -0.74082783962501    1.08918905266503
C         2.18480574996037   -0.30528757352241    0.39904053873718
C         2.06656963012552    0.40839029538106   -0.79752828222928
C         0.83357385420813    0.70859853822793   -1.34059567787573
C        -0.28533841523937    0.26981360950272   -0.64627910166922
O        -1.58251472651958    0.44178970229328   -0.98351579400198
C        -2.33683676053409   -0.16529456980731   -0.01120966601478
B        -3.88706011889841   -0.15132556371519   -0.11454103498998
O        -4.59000616201587    0.46724780558314   -1.10141162402191
C        -5.98988730436870    0.38830860325308   -0.78976935845575
C        -6.40869976329623    1.77113106879403   -0.27601901997097
C        -6.76904161474428    0.06848802569407   -2.06346109267869
C        -6.04420811218911   -0.72546644701475    0.32016799490216
C        -6.97512068590862   -0.42424125459837    1.49249009767768
C        -6.37224618840521   -2.11547703393557   -0.23884392808679
O        -4.68789083296655   -0.77930418612328    0.79347694180223
C        -1.52988682048596   -0.71907796402938    0.94257639042884
C        -0.18394774425799   -0.45339092140103    0.56084472204218
H         1.16938457798347   -1.29139977304736    2.01238456520624
H         3.17061315707454   -0.51712295703774    0.78510888027682
H         2.96130126645328    0.73015169292449   -1.30833687131936
H         0.73175251714602    1.25842524759948   -2.26230634751146
H        -6.18475933150584    2.50742872118271   -1.04449445678868
H        -5.84163475642425    2.03246786032270    0.61417208324807
H        -7.47132254639820    1.79779519947740   -0.05736707676998
H        -6.67605203885105    0.90533537328915   -2.75086771289973
H        -7.81870364645307   -0.08244321085409   -1.83024973982356
H        -6.37316272506108   -0.81476352221047   -2.55389490394583
H        -7.99311541583965   -0.29970931844213    1.13617904953904
H        -6.66274991002139    0.46884774062954    2.02316390436779
H        -6.94329890235323   -1.25849435677330    2.18844887167493
H        -7.39804086278482   -2.16087883739406   -0.59031695924097
H        -6.23445087592561   -2.84731686798107    0.55337021877849
H        -5.69276509470882   -2.36648424496253   -1.04982309619806
H        -1.86813569548726   -1.25061304167980    1.80810843314645
35
 energy: -52.214658723431 gnorm: 0.000511725971 xtb: 6.4.1 (1a32961)
C         1.07465620189686   -0.74153496346542    1.08930573974327
C         2.18428686721930   -0.30424638135883    0.40089641573410
C         2.06693639914673    0.41160751801615   -0.79452368201449
C         0.83437501605868    0.71201255716694   -1.33824594915869
C        -0.28499364764840    0.27111110571614   -0.64588340595607
O        -1.58182196660442    0.44227115458245   -0.98459564203718
C        -2.33678454775892   -0.16687165622868   -0.01455177459688
B        -3.88685067483769   -0.15422124559003   -0.11859071884586
O        -4.59054940567154    0.46431727553591   -1.10501379586443
C        -5.98988817166078    0.38697007966095   -0.79118910879716
C        -6.40579242472749    1.77059743056272   -0.27685785552216
C        -6.77210761435134    0.06874023377738   -2.06337996534445
C        -6.04390067665403   -0.72625021906867    0.31946061992229
C        -6.97189255200510   -0.42357199922704    1.49366523618402
C        -6.37488081581646   -2.11615764735041   -0.23848431487682
O        -4.68688375548414   -0.78169551666677    0.79003488406534
C        -1.53079025865699   -0.72121858010107    0.93983497601185
C        -0.18461188277999   -0.45388363379856    0.56037753366983
H         1.16787159227419   -1.29361433730684    2.01167069932841
H         3.16986742545017   -0.51642274525860    0.78747716877425
H         2.96209731623411    0.73483188601078   -1.30369831987085
H         0.73240283306313    1.26344414595478   -2.25896599575956
H        -6.18212860995974    2.50596632328217   -1.04628889916459
H        -5.83610879913738    2.03136777014854    0.61186106643827
H        -7.46792572629219    1.79915858527667   -0.05595995210071
H        -6.67093126050485    0.90167160713651   -2.75437218193619
H        -7.82319867804714   -0.07050898892972   -1.82891882391742
H        -6.38568467304069   -0.82067796369137   -2.55026419730524
H        -7.99209566195383   -0.30609188170643    1.14063137227877
H        -6.66186215661807    0.47351200642441    2.01952698066372
H        -6.93281659555045   -1.25462253297468    2.19317298489570
H        -7.40133476621805   -2.16036852145607   -0.58785399463418
H        -6.23659614974332   -2.84767351056323    0.55392113676738
H        -5.69724165491540   -2.36865656790487   -1.05046744905476
H        -1.87019052470432   -1.25399078660527    1.80415921228094
35
 energy: -52.214661817685 gnorm: 0.000438118043 xtb: 6.4.1 (1a32961)
C         1.07438908462793   -0.74216704051329    1.08906816278309
C         2.18442647189611   -0.30315738800993    0.40248006717474
C         2.06761347204846    0.41444113189487   -0.79199510593031
C         0.83540826735451    0.71479580002522   -1.33654922136769
C        -0.28449287760237    0.27207063120189   -0.64614867602267
O        -1.58132328843914    0.44247972622475   -0.98556170530201
C        -2.33645227269863   -0.16859880344370   -0.01702075484407
B        -3.88670927323962   -0.15605203707877   -0.12093483374114
O        -4.59088374131154    0.46253847041000   -1.10704593448049
C        -5.98975478798659    0.38618044067975   -0.79208500247673
C        -6.40404665405271    1.77044553982507   -0.27798650983166
C        -6.77375579314442    0.06850850518717   -2.06336589041547
C        -6.04358825660609   -0.72683441921021    0.31899894220437
C        -6.96941788096494   -0.42304556035449    1.49462365656880
C        -6.37816828872145   -2.11648482595714   -0.23741245679299
O        -4.68621359993226   -0.78423736764987    0.78763511507114
C        -1.53076863853584   -0.72365546400043    0.93720358601582
C        -0.18453755601941   -0.45453815103893    0.55920700567365
H         1.16656942139991   -1.29568005808764    2.01070909586410
H         3.16989021838172   -0.51526169045194    0.78939802226122
H         2.96313679670490    0.73898701703963   -1.29973411606001
H         0.73417672579325    1.26760175716910   -2.25655111924260
H        -6.18003093908028    2.50554790920321   -1.04742722027035
H        -5.83379748893543    2.03064431497425    0.61039324904890
H        -7.46590179808357    1.79997265707947   -0.05657434810598
H        -6.66792405172881    0.89917031319140   -2.75639402763053
H        -7.82559024011319   -0.06418900698902   -1.82821633748632
H        -6.39263296345205   -0.82425152308851   -2.54834487421284
H        -7.99050619244477   -0.30959623848868    1.14315794530456
H        -6.66176131004865    0.47649679095808    2.01713162684241
H        -6.92661945988842   -1.25184150982280    2.19655319146233
H        -7.40604873894728   -2.15924698892922   -0.58288518186659
H        -6.23791955088389   -2.84818572858385    0.55465792842935
H        -5.70384615546131   -2.36981911402672   -1.05176538906999
H        -1.87028865988363   -1.25773808933879    1.80067111044645
35
 energy: -52.214663923345 gnorm: 0.000326327575 xtb: 6.4.1 (1a32961)
C         1.07446475924396   -0.74287972362256    1.08858106094734
C         2.18481000859391   -0.30198592568483    0.40371924417912
C         2.06822974394446    0.41697622510736   -0.78997070132906
C         0.83627097520739    0.71697555165219   -1.33535208031147
C        -0.28400968078392    0.27255015482849   -0.64667507059362
O        -1.58099006913673    0.44231231318785   -0.98639691171245
C        -2.33606318059575   -0.17067204811331   -0.01883953283081
B        -3.88653770611285   -0.15834886022468   -0.12269915722403
O        -4.59089388291032    0.46118291692298   -1.10797865621120
C        -5.98958174215950    0.38545760623403   -0.79257787334895
C        -6.40340236962563    1.76996314849439   -0.27870695276909
C        -6.77426980754805    0.06801917763435   -2.06354307647987
C        -6.04373481674019   -0.72715936215776    0.31900563529262
C        -6.96797569331130   -0.42165715367245    1.49556696220143
C        -6.38130117383610   -2.11627831664196   -0.23655172982690
O        -4.68592773088035   -0.78631762085286    0.78592901846911
C        -1.53030740700357   -0.72625790727937    0.93489717408468
C        -0.18410412936717   -0.45556373744210    0.55775939176707
H         1.16579292381731   -1.29749463854995    2.00966763386531
H         3.17020987932714   -0.51335253998969    0.79117135473288
H         2.96394320652110    0.74305520674401   -1.29642882892844
H         0.73605311242219    1.27091341620669   -2.25482044594363
H        -6.17862482527387    2.50469291480466   -1.04832695565377
H        -5.83324984197448    2.03006334593138    0.60971970506345
H        -7.46538792802930    1.80019947066543   -0.05774306076104
H        -6.66687514692256    0.89777924348046   -2.75736700782931
H        -7.82625638493128   -0.06233927774748   -1.82810252834133
H        -6.39512090044588   -0.82592481341643   -2.54772071160066
H        -7.98968454577488   -0.30927133801412    1.14526144388390
H        -6.65997440725518    0.47880307901320    2.01665317937994
H        -6.92362612189035   -1.24961958165816    2.19836561538841
H        -7.41028570221524   -2.15791906228678   -0.57854177903674
H        -6.23948841721032   -2.84795037680823    0.55526123510394
H        -5.71006418191244   -2.37086230652433   -1.05295587722790
H        -1.86940681522976   -1.26178918022050    1.79763028360157
35
 energy: -52.214665685624 gnorm: 0.000276400816 xtb: 6.4.1 (1a32961)
C         1.07457283259001   -0.74368820981522    1.08799630588656
C         2.18512971677779   -0.30065602331632    0.40481763456758
C         2.06864509029975    0.41937058184682   -0.78821954881759
C         0.83683156171644    0.71858544242450   -1.33450312835996
C        -0.28367082661861    0.27237118119231   -0.64739376916244
O        -1.58076282390991    0.44160267396175   -0.98732333728870
C        -2.33575977702959   -0.17303561655273   -0.02049811559273
B        -3.88637899812294   -0.16006635328794   -0.12391441839015
O        -4.59077117285003    0.46051868660626   -1.10844396150062
C        -5.98945048619006    0.38512634166957   -0.79288803909031
C        -6.40312046373799    1.76981125940961   -0.27947544124461
C        -6.77418131806060    0.06738483797755   -2.06377889405213
C        -6.04389654256386   -0.72716652225081    0.31907604471314
C        -6.96678381125121   -0.42029970361813    1.49645339201319
C        -6.38410209289625   -2.11595926701671   -0.23544898995181
O        -4.68579170911562   -0.78791989122884    0.78485528982098
C        -1.52982900627734   -0.72926368012393    0.93261488308883
C        -0.18368044274626   -0.45708663624125    0.55615839276603
H         1.16538834970904   -1.29920318656202    2.00859541682117
H         3.17044968266922   -0.51096492904918    0.79300014286454
H         2.96441129912806    0.74716178760735   -1.29349282992042
H         0.73755174540922    1.27353313006548   -2.25348958001879
H        -6.17849756381983    2.50426376174789   -1.04941637037612
H        -5.83302756047668    2.03033758771513    0.60889845426329
H        -7.46513590039419    1.80002621009661   -0.05852058531708
H        -6.66737374379723    0.89727641848534   -2.75752397824534
H        -7.82602881946819   -0.06364536310216   -1.82831506651600
H        -6.39448436348659   -0.82624323687666   -2.54804610585577
H        -7.98869856002660   -0.30705010203659    1.14703574234191
H        -6.65745260253823    0.48001447730555    2.01700886256473
H        -6.92272685528803   -1.24790027699981    2.19958747045603
H        -7.41374196216984   -2.15636091312424   -0.57547542263039
H        -6.24180472027754   -2.84768597793236    0.55627174143404
H        -5.71481821301277   -2.37170122467349   -1.05300744260858
H        -1.86837994217303   -1.26618726430341    1.79469525133804
35
 energy: -52.214667742903 gnorm: 0.000328678011 xtb: 6.4.1 (1a32961)
C         1.07450762047003   -0.74504192635286    1.08721703999402
C         2.18526267859989   -0.29904313474259    0.40623938895912
C         2.06898920704135    0.42254501494413   -0.78584146498644
C         0.83735137769463    0.72068213845543   -1.33325020683660
C        -0.28333372502297    0.27191701482935   -0.64815947787442
O        -1.58042401545563    0.44063128908167   -0.98856167436345
C        -2.33552626328947   -0.17607725871667   -0.02284642297481
B        -3.88623550789598   -0.16218838772886   -0.12568931973480
O        -4.59083705963056    0.45936201412330   -1.10933847772569
C        -5.98951112006377    0.38473341468291   -0.79314598546190
C        -6.40274507466617    1.76984565242236   -0.28067119185897
C        -6.77436177838019    0.06640578968410   -2.06383317903487
C        -6.04403921552225   -0.72709797036463    0.31928710038982
C        -6.96512396035880   -0.41821016436144    1.49762647896057
C        -6.38691560072897   -2.11562266570448   -0.23412182025906
O        -4.68550797664963   -0.78949238586376    0.78367373507424
C        -1.52956224268201   -0.73335678506712    0.92953494886140
C        -0.18340986297237   -0.45943134740265    0.55419516197745
H         1.16496543848564   -1.30181943734016    2.00708642470851
H         3.17041540575512   -0.50801005524921    0.79552384970870
H         2.96478606315205    0.75272875800492   -1.28949591106496
H         0.73889369729799    1.27698278533273   -2.25152420230416
H        -6.17870119249501    2.50383767929676   -1.05124962132326
H        -5.83206759045781    2.03104794416427    0.60709472668702
H        -7.46459556483574    1.80019108259520   -0.05892311524039
H        -6.66926674430291    0.89681882032362   -2.75725673146583
H        -7.82590443388659   -0.06663630729153   -1.82811853017285
H        -6.39316051941750   -0.82628851234593   -2.54868351479669
H        -7.98721460881432   -0.30303783985183    1.14930657320280
H        -6.65353030000971    0.48158368359387    2.01777223758399
H        -6.92181639124229   -1.24595824291186    2.20071058228899
H        -7.41720200719417   -2.15470579208686   -0.57239283691256
H        -6.24439145298613   -2.84706795116426    0.55778713405575
H        -5.71938454265730   -2.37281017931373   -1.05265890767175
H        -1.86777273687791   -1.27211673767430    1.79059720961158
35
 energy: -52.214668664698 gnorm: 0.000188200098 xtb: 6.4.1 (1a32961)
C         1.07436145375128   -0.74534326340072    1.08717039528803
C         2.18501173880698   -0.29868674676150    0.40648729835606
C         2.06877687031674    0.42336344301399   -0.78532052198980
C         0.83712542237197    0.72127189193763   -1.33275010081513
C        -0.28341862247757    0.27181187918266   -0.64792448120135
O        -1.58035281167023    0.44036691497831   -0.98870247269512
C        -2.33560232100316   -0.17668473538237   -0.02347076322952
B        -3.88619927243378   -0.16276708983388   -0.12640143973802
O        -4.59081722978234    0.45875404176467   -1.11010078139371
C        -5.98947275687289    0.38460437996467   -0.79347240120435
C        -6.40188843878987    1.76996790426523   -0.28099667607165
C        -6.77492892811878    0.06623547342437   -2.06379116537450
C        -6.04406613588267   -0.72703818068582    0.31916341799951
C        -6.96463406329410   -0.41785030187186    1.49773899117615
C        -6.38712891532787   -2.11579379289247   -0.23378295527200
O        -4.68545139735247   -0.78965643964041    0.78329554471696
C        -1.52986464541465   -0.73414384598436    0.92904516924583
C        -0.18364884428455   -0.45991615903315    0.55423577873514
H         1.16509117597285   -1.30246254680688    2.00677799834733
H         3.17012513152344   -0.50763876661675    0.79590321568868
H         2.96453012851653    0.75408914934142   -1.28866308738583
H         0.73820555798266    1.27792374619835   -2.25073540764401
H        -6.17789337024414    2.50363082905179   -1.05189196631129
H        -5.83071535521635    2.03120346263133    0.60649693581691
H        -7.46364344858525    1.80076991152102   -0.05884957989318
H        -6.67041979561430    0.89673336453563   -2.75719664369859
H        -7.82632993888343   -0.06709336377028   -1.82755130305189
H        -6.39374249453599   -0.82632029241956   -2.54888799683663
H        -7.98670973995005   -0.30178206952677    1.14987761452697
H        -6.65203994597567    0.48158151659959    2.01771231917768
H        -6.92178204650434   -1.24556145009383    2.20087184878984
H        -7.41734224101837   -2.15496928279141   -0.57236282390291
H        -6.24469996592111   -2.84709193996582    0.55826325601285
H        -5.71936506379863   -2.37309779168189   -1.05211730527815
H        -1.86843969028934   -1.27310984925101    1.78982008911019
