24
 energy: -34.213872765441 gnorm: 0.051271318645 xtb: 6.4.0 (f63f532)
C         0.35973000000000    0.82436000000000    0.92794000000000
C         0.67851000000000    1.29327000000000   -0.34108000000000
C         0.37616000000000    0.48980000000000   -1.42606000000000
N        -0.22638000000000   -0.71520000000000   -1.32719000000000
C        -0.53868000000000   -1.15996000000000   -0.08128000000000
C        -1.27314000000000   -2.47781000000000    0.01817000000000
C        -0.40206000000000   -3.70946000000000    0.13113000000000
C        -0.52498000000000   -4.57200000000000    1.23091000000000
C         0.20913000000000   -5.75837000000000    1.28939000000000
C         1.07493000000000   -6.09696000000000    0.25123000000000
C         1.21518000000000   -5.24423000000000   -0.84142000000000
C         0.48125000000000   -4.05728000000000   -0.90173000000000
C        -0.24807000000000   -0.42084000000000    1.06430000000000
H         0.57620000000000    1.42848000000000    1.80423000000000
H         1.14882000000000    2.25915000000000   -0.48116000000000
H         0.61198000000000    0.80538000000000   -2.43867000000000
H        -1.91202000000000   -2.59365000000000   -0.86744000000000
H        -1.96820000000000   -2.42890000000000    0.86697000000000
H        -1.20973000000000   -4.33661000000000    2.04228000000000
H         0.09613000000000   -6.42594000000000    2.14004000000000
H         1.63527000000000   -7.02746000000000    0.29034000000000
H         1.88664000000000   -5.50667000000000   -1.65435000000000
H         0.58970000000000   -3.40819000000000   -1.76894000000000
H        -0.50814000000000   -0.79582000000000    2.04937000000000
24
 energy: -34.217105815035 gnorm: 0.018127789046 xtb: 6.4.0 (f63f532)
C         0.36443073838801    0.80907963064965    0.93162147705519
C         0.67925670165403    1.26903718061891   -0.33784575121680
C         0.37254984257450    0.45759609965872   -1.41533289988754
N        -0.22438982201162   -0.72741247031934   -1.30502626802621
C        -0.53527016292291   -1.16723697746731   -0.07999242367360
C        -1.27656982551871   -2.47737948880716    0.01185157900295
C        -0.40409319062318   -3.70567717271364    0.12639373608062
C        -0.52263716953582   -4.56148926846817    1.21829660078559
C         0.20830022948569   -5.73893297611185    1.28015982865097
C         1.07193873642435   -6.07603687805353    0.25087737730515
C         1.20931043748805   -5.22453883785888   -0.83416648198127
C         0.47636931764152   -4.04837443609756   -0.89565023658130
C        -0.24482475479066   -0.42884275588612    1.06288250597652
H         0.58035642617717    1.41178961408280    1.80396948333220
H         1.14270562141405    2.23366699781839   -0.48566480300864
H         0.59472676649197    0.76652940930104   -2.43012487077792
H        -1.89072343338770   -2.58279543836363   -0.88978326250946
H        -1.95144331628741   -2.43328992528918    0.87312787283624
H        -1.20256291179379   -4.32107122606872    2.02534883441974
H         0.09582346988157   -6.40071888787554    2.12916208402666
H         1.63143712015483   -7.00163787337757    0.29133550245426
H         1.87886663698536   -5.48452154195969   -1.64306734647923
H         0.58046232362904   -3.39559725382222   -1.75215789349479
H        -0.50578978151833   -0.80705552358949    2.04076535571065
24
 energy: -34.217655680637 gnorm: 0.003580973066 xtb: 6.4.0 (f63f532)
C         0.37320785347253    0.79135773820614    0.93452116225068
C         0.68474667006415    1.24719640934490   -0.33747970214287
C         0.37103479361702    0.43170866276910   -1.41208860958046
N        -0.22678882718999   -0.74096184070965   -1.29158231225320
C        -0.54049414676961   -1.17630075169667   -0.07744512331541
C        -1.29184305940262   -2.47829137765233    0.00898147459784
C        -0.41314098882192   -3.70081502281620    0.12201548066285
C        -0.52487241909428   -4.55113310723508    1.21373096061604
C         0.21144984321772   -5.72150702276596    1.27814318505346
C         1.07607693955268   -6.05507479103545    0.25088778835722
C         1.20979516579959   -5.20274599570443   -0.83249725928928
C         0.47070007801801   -4.03462769285271   -0.89595224176248
C        -0.24223968924580   -0.44125466597431    1.06653415061556
H         0.59402290278880    1.39198279731303    1.80488770218017
H         1.14999428270798    2.20843979542727   -0.49061384466684
H         0.59355388386683    0.73302837974312   -2.42821356555867
H        -1.88823664474700   -2.57527893434774   -0.90234648518098
H        -1.96101417545055   -2.43975676566388    0.87085063866198
H        -1.20547010921468   -4.30882641598959    2.01751414982206
H         0.10070892356999   -6.38026469372830    2.12734290338460
H         1.63931204379571   -6.97595081362635    0.29247390415558
H         1.88323112578779   -5.45735259155594   -1.63775488510174
H         0.56927932144157   -3.37638252652075   -1.74626270424875
H        -0.50478376776388   -0.82209877292850    2.04133323274259
24
 energy: -34.217839083297 gnorm: 0.004306345374 xtb: 6.4.0 (f63f532)
C         0.38174925428888    0.77679209877256    0.93511124818998
C         0.69399901425424    1.23068707807855   -0.33802829380882
C         0.37466994614566    0.41570527697307   -1.41254000839778
N        -0.23324868765937   -0.74987108692003   -1.28791208902801
C        -0.55103585909998   -1.18201422285997   -0.07556391230232
C        -1.30856165347882   -2.47970252908958    0.00698567225608
C        -0.42390632194629   -3.69751600876754    0.11984548301675
C        -0.52954289177697   -4.54600165057647    1.21307037347787
C         0.21540346312935   -5.71082686132905    1.27874371635805
C         1.08321902483689   -6.03827284901760    0.25192493435982
C         1.21298239768426   -5.18464609869158   -0.83151771490608
C         0.46485823798424   -4.02282652303834   -0.89699649823085
C        -0.24254585077663   -0.45102893444413    1.06967645596886
H         0.61008790119904    1.37509733065620    1.80497051248084
H         1.16302668028767    2.18941754787091   -0.49274515609402
H         0.59844507697953    0.71445384600601   -2.42905311444235
H        -1.89715094360379   -2.57300639918646   -0.90835879415574
H        -1.97892986192376   -2.44442304263930    0.86629841160729
H        -1.21189305079970   -4.30483516043613    2.01562479872931
H         0.10901907327952   -6.36859649195154    2.12904425619504
H         1.65227354663088   -6.95516401380787    0.29393403743482
H         1.89081165364817   -5.43406637404965   -1.63471200906900
H         0.55852323245941   -3.36087183128155   -1.74498872076342
H        -0.50402338174232   -0.83339310027092    2.04416641112361
24
 energy: -34.218002279653 gnorm: 0.003256746140 xtb: 6.4.0 (f63f532)
C         0.39117118798654    0.76251594752679    0.93433119809334
C         0.70293731442044    1.21566216540344   -0.33957366235827
C         0.37647219819603    0.40335838131051   -1.41444623342988
N        -0.24228453967254   -0.75738160404368   -1.28732221378191
C        -0.56161155465246   -1.18728371243993   -0.07366724825263
C        -1.32550272259475   -2.48104856235956    0.00528775336296
C        -0.43504497178914   -3.69446634564569    0.11954219561429
C        -0.53543559485007   -4.54301778246869    1.21373800217891
C         0.21901479015622   -5.70251478879481    1.27966805684468
C         1.09098150208202   -6.02198376697871    0.25323484289522
C         1.21707841303345   -5.16629038608180   -0.82983276709724
C         0.45937036855061   -4.01050014485274   -0.89655355831132
C        -0.24142264723885   -0.46087723367658    1.07233563111944
H         0.62831495854455    1.35859757688149    1.80382653708273
H         1.17802371990430    2.17136131317581   -0.49479300793148
H         0.60489835502232    0.69885732810176   -2.43087073594992
H        -1.90903526157298   -2.57230624973458   -0.91265710351341
H        -1.99996937299475   -2.44797252958959    0.86082084779340
H        -1.22138227308169   -4.30552455112985    2.01471316400995
H         0.11669248701410   -6.36122866967356    2.13005279029065
H         1.66692146107924   -6.93480626334089    0.29510903712891
H         1.90049508843862   -5.40940969685666   -1.63074097146156
H         0.54859035425645   -3.34474406830965   -1.74258861760243
H        -0.50104326023752   -0.84390635642341    2.04736606327548
24
 energy: -34.218131191747 gnorm: 0.002399413353 xtb: 6.4.0 (f63f532)
C         0.40110876166203    0.74889549605951    0.93311097944188
C         0.71260500878832    1.20143123183781   -0.34101130113566
C         0.37729631355292    0.39339027212311   -1.41616712378672
N        -0.25293677787708   -0.76232336408639   -1.28857648191858
C        -0.57216894925354   -1.19071915638813   -0.07320446528045
C        -1.34037025420739   -2.48189503372263    0.00359158716236
C        -0.44568571895616   -3.69208739578915    0.12016863721055
C        -0.54231163825135   -4.54207095815755    1.21387258599048
C         0.22178725594674   -5.69582061409999    1.28012793777915
C         1.09906427583721   -6.00642035732991    0.25532093162221
C         1.22139902573375   -5.14877737982729   -0.82694454889399
C         0.45414545797564   -3.99928070629359   -0.89454388847482
C        -0.24063500938448   -0.46957844371757    1.07299763611190
H         0.64723398735946    1.34222090451658    1.80244241844988
H         1.19496726990394    2.15372156786210   -0.49602052996236
H         0.60725177288648    0.68723166914858   -2.43268481106569
H        -1.92104947624432   -2.57299108248706   -0.91598935408868
H        -2.01908865979399   -2.44954668001456    0.85606525281291
H        -1.23228621668041   -4.31001195119638    2.01326023739615
H         0.12332351153676   -6.35628338977418    2.12987788538100
H         1.68277281633998   -6.91463269135402    0.29744702702751
H         1.90994841635137   -5.38536519425038   -1.62571850294024
H         0.53945237977659   -3.33075700473681   -1.73907502990782
H        -0.49759355300226   -0.85323973832277    2.04863292106894
24
 energy: -34.218238483628 gnorm: 0.002018381661 xtb: 6.4.0 (f63f532)
C         0.41118357984603    0.73616314734539    0.93197982005691
C         0.72164168199192    1.18881932471013   -0.34219385328314
C         0.37523760995207    0.38649681052896   -1.41777879066111
N        -0.26394994505024   -0.76488877261373   -1.29081610373542
C        -0.58095967851404   -1.19333931734812   -0.07417468953351
C        -1.35276469372639   -2.48237420587549    0.00211839022502
C        -0.45522014701529   -3.69023976010015    0.12083668471437
C        -0.54947807471271   -4.54219887735485    1.21313247814540
C         0.22354786686406   -5.69018825338794    1.28018422459689
C         1.10688475022177   -5.99227291868969    0.25811871791370
C         1.22561517640628   -5.13315420308562   -0.82336123258943
C         0.44954186400540   -3.98977524501351   -0.89189180605146
C        -0.23962268339129   -0.47749939954624    1.07198268791130
H         0.66596936789528    1.32587866673922    1.80147406796876
H         1.21301474194115    2.13682889871051   -0.49652232368555
H         0.60546795056368    0.67936944886889   -2.43449439387885
H        -1.93232810071987   -2.57437244714137   -0.91824618397751
H        -2.03404244286681   -2.44941464796936    0.85308218913444
H        -1.24385208670464   -4.31656765981962    2.01067121544557
H         0.12802360395939   -6.35263168199653    2.12881359894430
H         1.69866048298282   -6.89542475550614    0.30145544751580
H         1.91880405783688   -5.36335524453325   -1.62002730847299
H         0.53202080104933   -3.31946056840438   -1.73529488580154
H        -0.49516568281454   -0.86130833851795    2.04793204909789
24
 energy: -34.218342238883 gnorm: 0.001780179943 xtb: 6.4.0 (f63f532)
C         0.42279424710286    0.72259516980703    0.93094238000570
C         0.73212781269757    1.17583693298025   -0.34318335649243
C         0.37211105485467    0.38080757192386   -1.41950400320760
N        -0.27648240918820   -0.76557699520668   -1.29383750697541
C        -0.59056066087568   -1.19516192727746   -0.07649975233382
C        -1.36465610110910   -2.48277362699443    0.00066094229302
C        -0.46453637908133   -3.68851823987492    0.12107942763692
C        -0.55743173609322   -4.54292645548794    1.21133757124404
C         0.22463399401699   -5.68470035676854    1.28001734660842
C         1.11528945537947   -5.97808142800938    0.26191399977697
C         1.23060824546969   -5.11769899956768   -0.81879767852368
C         0.44559677989752   -3.98070973749124   -0.88882001824658
C        -0.23939006891316   -0.48518477312401    1.06968188504861
H         0.68699342119880    1.30732204634902    1.80099785637724
H         1.23317482042934    2.11904585581634   -0.49659099715799
H         0.59855882049918    0.67500099441320   -2.43671392987575
H        -1.94444277739388   -2.57642287180895   -0.91963414547547
H        -2.04650894070276   -2.44857462093614    0.85153828508386
H        -1.25670195610441   -4.32457781232225    2.00664734167007
H         0.13135099640778   -6.34913913510908    2.12730697767150
H         1.71557696077664   -6.87554803686958    0.30749970093059
H         1.92829591469852   -5.34134302480824   -1.61327740793477
H         0.52581378643765   -3.30938567588408   -1.73154117855026
H        -0.49398528040469   -0.86919485375003    2.04575626042667
24
 energy: -34.218489138432 gnorm: 0.001453605193 xtb: 6.4.0 (f63f532)
C         0.44293922036367    0.69905153360712    0.92931244921546
C         0.74901408574595    1.15451098530505   -0.34474482450443
C         0.36321889602236    0.37366421231639   -1.42273794104452
N        -0.29892748481920   -0.76475567018107   -1.29910629699890
C        -0.60610404686044   -1.19828184099193   -0.08146748174130
C        -1.38409908056579   -2.48344649859008   -0.00179791997654
C        -0.47946069890927   -3.68556842985168    0.12000684943020
C        -0.57103982030486   -4.54394690688374    1.20686538904517
C         0.22559410352397   -5.67524606328308    1.27964945036250
C         1.12930151302676   -5.95476971758456    0.26926316314048
C         1.23957931742850   -5.09275595126487   -0.81045172841614
C         0.44008555904526   -3.96631390858103   -0.88425399862653
C        -0.23859030169118   -0.49841602108325    1.06514520925406
H         0.72473909952653    1.27317492219931    1.80091439546173
H         1.26855577407429    2.08817168033102   -0.49647781782743
H         0.58321807854602    0.67108799800872   -2.44054556779919
H        -1.96591664420221   -2.57973255812343   -0.92081343757174
H        -2.06372404246699   -2.44730951216578    0.85099517081094
H        -1.27897482858387   -4.33759570291743    1.99769890328830
H         0.13491177777500   -6.34238509391887    2.12497365115430
H         1.74367674187832   -6.84233497353372    0.32011550419352
H         1.94553071748964   -5.30533408058492   -1.60053083935352
H         0.51792577771482   -3.29380988609811   -1.72611253806872
H        -0.49322371375698   -0.88256851613114    2.04108025657212
24
 energy: -34.218590973877 gnorm: 0.001135311597 xtb: 6.4.0 (f63f532)
C         0.46189367940059    0.67590531356398    0.92773654406933
C         0.76508435547975    1.13386679070403   -0.34611373698075
C         0.35699967369467    0.36639414699958   -1.42545044417465
N        -0.31975987737248   -0.76355502132767   -1.30314517865003
C        -0.62184180983818   -1.20086391982401   -0.08585366110664
C        -1.40242081819643   -2.48421822401570   -0.00447786473007
C        -0.49265949554413   -3.68255405273094    0.11735798442214
C        -0.58298356223186   -4.54383089164863    1.20196537738257
C         0.22630966225817   -5.66564494317847    1.27968709639945
C         1.14161043978516   -5.93316499914378    0.27652902229710
C         1.24837453271630   -5.06984512166578   -0.80238974728185
C         0.43617294990021   -3.95289109422893   -0.88110053836734
C        -0.23785136773471   -0.51122170906416    1.06170909190714
H         0.75964031538167    1.23959654821775    1.80062991816589
H         1.29810693862008    2.05961989485356   -0.49691007033937
H         0.56744371160632    0.66992078613826   -2.44357264000247
H        -1.98649009216148   -2.58186500295909   -0.92187393791208
H        -2.07897483563251   -2.44789745443618    0.85049227053282
H        -1.29829210990536   -4.34656796557130    1.98830589097052
H         0.13763639833896   -6.33417886821452    2.12407277351743
H         1.76744732606165   -6.81212258646397    0.33262715310669
H         1.96179030928293   -5.27315163628270   -1.58807498950979
H         0.51196794192696   -3.27966781637753   -1.72261790105509
H        -0.49097426583593   -0.89697217334508    2.03744758733885
24
 energy: -34.218659434529 gnorm: 0.001164937390 xtb: 6.4.0 (f63f532)
C         0.47744457476617    0.65441573203641    0.92648797509980
C         0.77556198093979    1.11610816932369   -0.34739734662817
C         0.34654609022131    0.36165226085614   -1.42786476576750
N        -0.33868564810272   -0.76252461840195   -1.30596495143159
C        -0.63366657835943   -1.20449997490515   -0.08911212074991
C        -1.41879354295174   -2.48491842216260   -0.00770350927194
C        -0.50418538299995   -3.67952327468115    0.11403688912841
C        -0.59298815269409   -4.54230195023118    1.19757264570600
C         0.22712145309760   -5.65570760466747    1.28032590959306
C         1.15172275244299   -5.91335703835121    0.28320398931500
C         1.25525847632546   -5.04955948951433   -0.79560244769651
C         0.43225868754757   -3.94101022800534   -0.87941489273547
C        -0.23511577775512   -0.52449442589311    1.05951731662422
H         0.79199733028417    1.20746730006109    1.80048957684113
H         1.32413064446023    2.03317563321888   -0.49738135811931
H         0.55694493444166    0.66697069799067   -2.44523092926673
H        -2.00399579175514   -2.58264327921105   -0.92430530900572
H        -2.09316591434784   -2.44933209249821    0.84871578940318
H        -1.31508148546572   -4.35197736203611    1.97935476315631
H         0.14025723579876   -6.32471614451657    2.12445717370494
H         1.78775733581151   -6.78453971948738    0.34453300577664
H         1.97645939461647   -5.24452948034961   -1.57639031575675
H         0.50714497257564   -3.26662035713062   -1.72012085606751
H        -0.48669758889717   -0.91244433144525    2.03477376814824
24
 energy: -34.218703673983 gnorm: 0.000704097406 xtb: 6.4.0 (f63f532)
C         0.49112873610819    0.63621511581957    0.92589838159629
C         0.78655994975801    1.10085176554134   -0.34761914971109
C         0.34291121212600    0.35662906364156   -1.42886950015610
N        -0.35441623300029   -0.76089891567072   -1.30814920894258
C        -0.64556778800441   -1.20618663737440   -0.09175697527229
C        -1.43198577206968   -2.48561132358747   -0.01146585088918
C        -0.51344864994189   -3.67721427298076    0.11114273330653
C        -0.60056413941546   -4.54050090558632    1.19448434426368
C         0.22828512463188   -5.64703693752617    1.28167579587258
C         1.15993712849150   -5.89711294022043    0.28916932454855
C         1.26084369135866   -5.03342297572308   -0.78995133760276
C         0.42907902631060   -3.93178401902886   -0.87829835908211
C        -0.23339422180111   -0.53560094277130    1.05794514728614
H         0.81713541503284    1.18150137084245    1.80014373918911
H         1.34253174472525    2.01292125436797   -0.49705106512779
H         0.54547714991995    0.66738796122514   -2.44638317508442
H        -2.01667846793481   -2.58340087957372   -0.92831539372847
H        -2.10648482063714   -2.45122010576392    0.84477972511921
H        -1.32746668406582   -4.35489097927685    1.97288790159912
H         0.14339886865945   -6.31589903256295    2.12611249393928
H         1.80355183504085   -6.76233549123688    0.35446378776355
H         1.98686920219742   -5.22290210813132   -1.56739998053123
H         0.50209398811942   -3.25735870436410   -1.71917096873036
H        -0.48156629560897   -0.92703936006028    2.03270759037408
24
 energy: -34.218731567373 gnorm: 0.000545838668 xtb: 6.4.0 (f63f532)
C         0.50155288011306    0.62101146759321    0.92589285773253
C         0.79355833134638    1.08939579879140   -0.34714431572191
C         0.33793685875147    0.35430321069768   -1.42943162619159
N        -0.36602128154228   -0.75907119075741   -1.30999219882707
C        -0.65323651859446   -1.20822739175646   -0.09407990833340
C        -1.44234812464620   -2.48615931672786   -0.01585579970716
C        -0.52101920094214   -3.67539391909916    0.10881092638093
C        -0.60601920244131   -4.53810017204185    1.19279650224610
C         0.22971209552087   -5.63911567711026    1.28367264670471
C         1.16620343554809   -5.88389792086469    0.29443844905603
C         1.26425929908244   -5.02129249388964   -0.78583455832188
C         0.42555700327744   -3.92529060633621   -0.87794513747597
C        -0.23081433933606   -0.54584721330579    1.05655629019060
H         0.83699771375577    1.15954491902716    1.80068856762635
H         1.35687950914549    1.99717908966543   -0.49535137453303
H         0.53728380546040    0.66815411562070   -2.44655970539994
H        -2.02477040904958   -2.58363575646974   -0.93409883837293
H        -2.11876701242953   -2.45246976046669    0.83888932028094
H        -1.33594564542587   -4.35569833423884    1.96902341403263
H         0.14721550187321   -6.30720695981758    2.12896386685218
H         1.81593021139504   -6.74422388336403    0.36314708625492
H         1.99399105061444   -5.20676340329048   -1.56075098475838
H         0.49630172334779   -3.25142321920261   -1.71949901136851
H        -0.47620768482398   -0.94068138265788    2.03064353165362
24
 energy: -34.218754463480 gnorm: 0.000548638240 xtb: 6.4.0 (f63f532)
C         0.51148145213939    0.60612843746685    0.92652700008899
C         0.80006425493613    1.07925065145849   -0.34555041301106
C         0.33254050102415    0.35372550821329   -1.42936215139810
N        -0.37785526872580   -0.75587926026863   -1.31207366510532
C        -0.66049275127016   -1.21008161406846   -0.09693044645618
C        -1.45166635823102   -2.48688802010240   -0.02181087840978
C        -0.52790268302504   -3.67383113026774    0.10619338900640
C        -0.60989887620390   -4.53437760751054    1.19206221419649
C         0.23224275281761   -5.63020110761569    1.28693965313673
C         1.17196949879582   -5.87163117340688    0.30013790454247
C         1.26641684442432   -5.01151706060361   -0.78246493074930
C         0.42122186141192   -3.92099911195241   -0.87871106656405
C        -0.22805432635650   -0.55647854196581    1.05495128765811
H         0.85609514441525    1.13749636693110    1.80230559623307
H         1.36974761038496    1.98343379935617   -0.49177884458307
H         0.52926163840814    0.67105271775703   -2.44584938226734
H        -2.03064974519560   -2.58417360049640   -0.94213727497878
H        -2.13095053693740   -2.45350423749017    0.83068708972490
H        -1.34284002499467   -4.35475401579667    1.96622370410122
H         0.15203118260082   -6.29700863965118    2.13342586207673
H         1.82737952124503   -6.72734003536604    0.37260952134709
H         1.99921396059499   -5.19399249619348   -1.55519731386984
H         0.48986399061242   -3.24828780573366   -1.72134503684857
H        -0.47098964287033   -0.95505202269487    2.02812818212897
24
 energy: -34.218777892601 gnorm: 0.000535816372 xtb: 6.4.0 (f63f532)
C         0.52282922632344    0.58756859631246    0.92798891479081
C         0.80699639013128    1.06772238278051   -0.34244797058087
C         0.32675110865855    0.35428412153167   -1.42839249180448
N        -0.39029135332089   -0.75122828748174   -1.31464600421875
C        -0.66815357185636   -1.21252774949304   -0.10098308079882
C        -1.46254443077475   -2.48776112360686   -0.03054306934847
C        -0.53622467268340   -3.67206507065600    0.10241136282144
C        -0.61445253576857   -4.52892317238329    1.19134921072937
C         0.23531405661626   -5.61848407634372    1.29174132162345
C         1.17886655083215   -5.85692318264380    0.30773566986963
C         1.26855215339928   -5.00107535277112   -0.77871925232103
C         0.41583943101174   -3.91706669839238   -0.88046176767874
C        -0.22434048605358   -0.57039260505267    1.05278697904698
H         0.87751319522524    1.10962484814080    1.80527485501414
H         1.38427264118665    1.96770794874690   -0.48558028007900
H         0.51894264681415    0.67760283837817   -2.44387645743570
H        -2.03601732286479   -2.58465626274285   -0.95429209860137
H        -2.14666823783982   -2.45482422080163    0.81820129234135
H        -1.34836592597050   -4.35055763859170    1.96455196406317
H         0.15984319929633   -6.28179304517978    2.14149230063114
H         1.84081778027400   -6.70715969185734    0.38515358547819
H         2.00297074729880   -5.18185125186695   -1.55004063654063
H         0.47991176678738   -3.24783732789574   -1.72628587838472
H        -0.46413235672199   -0.97429397813171    2.02456153138263
24
 energy: -34.218801787755 gnorm: 0.000824549550 xtb: 6.4.0 (f63f532)
C         0.53757036659102    0.56290778152290    0.93073357742870
C         0.81684502618993    1.05303141947309   -0.33705374278866
C         0.31894601503330    0.35655984704802   -1.42653479114244
N        -0.40748985636550   -0.74359226102555   -1.31844667201734
C        -0.67890708594902   -1.21518068211418   -0.10724833521125
C        -1.47596882880758   -2.48909044578507   -0.04344072707853
C        -0.54611237532451   -3.66976303562489    0.09662803515455
C        -0.61733062832455   -4.51935502934506    1.19171704417539
C         0.24163301786452   -5.60101413466590    1.29994339040415
C         1.18711810036706   -5.83852980326657    0.31802248327386
C         1.26918756713035   -4.99040703961687   -0.77524814294097
C         0.40725885903865   -3.91461198663847   -0.88487621257143
C        -0.22043771962249   -0.58885427677729    1.04959030948982
H         0.90469373689762    1.07226697756573    1.81044725632832
H         1.40209721520715    1.94845957797316   -0.47550525000990
H         0.50574324813736    0.68857805247767   -2.44021113895399
H        -2.04227488145737   -2.58564941241673   -0.97143210902536
H        -2.16624568620295   -2.45677099999354    0.80036499866190
H        -1.35461892402296   -4.34296158988568    1.96255279521340
H         0.17061235153452   -6.25962070498503    2.15364618477312
H         1.85729034034466   -6.68166756550896    0.40270900527724
H         2.00729636335176   -5.16907386255623   -1.54400530093462
H         0.46720093746047   -3.24983317368659   -1.73451000350467
H        -0.45587715907084   -1.00073765216993    2.01913734599842
24
 energy: -34.218821225690 gnorm: 0.000950439602 xtb: 6.4.0 (f63f532)
C         0.55245747561187    0.53470976992748    0.93436599588121
C         0.82631700849556    1.03712532635152   -0.32983267275349
C         0.31088796815925    0.35995450982537   -1.42322368176551
N        -0.42559875896079   -0.73444415743839   -1.32235375290511
C        -0.68978479039016   -1.21871785840407   -0.11460356144138
C        -1.49062794562983   -2.49070324578256   -0.05919295933011
C        -0.55739703318306   -3.66754290342321    0.08880670653787
C        -0.62101825253590   -4.50764657339802    1.19157256522251
C         0.24845557818144   -5.58009982788373    1.30970274874812
C         1.19697763598761   -5.81728605431956    0.33033827538897
C         1.27056522650133   -4.97916776384447   -0.77130050426220
C         0.39793120137034   -3.91303135516704   -0.89097853847746
C        -0.21577774995975   -0.61082770017898    1.04586740164576
H         0.93403438149785    1.02865351403534    1.81716383844752
H         1.42142712243009    1.92713728482207   -0.46247754645509
H         0.49196498965230    0.70295575471128   -2.43424652222023
H        -2.04851201031515   -2.58626876063873   -0.99220784279781
H        -2.18792560347559   -2.45893743652077    0.77886092000486
H        -1.35867954096147   -4.33026973148228    1.96162962060419
H         0.18477581893323   -6.23083823521873    2.17013765680756
H         1.87552751516500   -6.65273891210549    0.42313382090136
H         2.00859467891387   -5.15884465058758   -1.53932240024450
H         0.45101423793351   -3.25576497439311   -1.74703725315425
H        -0.44737915342088   -1.03231601888850    2.01217768561690
24
 energy: -34.218832226756 gnorm: 0.000793448873 xtb: 6.4.0 (f63f532)
C         0.56037220683702    0.51836347391757    0.93725057504574
C         0.83067256256814    1.02906318027839   -0.32440582278695
C         0.30735877659236    0.36312817759633   -1.42020177302620
N        -0.43275173045283   -0.72891546554294   -1.32417947172650
C        -0.69438611562897   -1.22082779396858   -0.11921707100176
C        -1.49763677323568   -2.49159052992722   -0.06912632050195
C        -0.56269845018639   -3.66628937791614    0.08364266067435
C        -0.62121832661707   -4.49906303017007    1.19216886592271
C         0.25305059433519   -5.56662524100707    1.31631964794811
C         1.20080546556503   -5.80638110374904    0.33696816810893
C         1.26847128780004   -4.97616863266908   -0.77099781191248
C         0.39183326772383   -3.91454393573511   -0.89618549842852
C        -0.21316520875895   -0.62387539420347    1.04362126857751
H         0.94630328275535    1.00420314211481    1.82145617656154
H         1.42926923188653    1.91691606445131   -0.45328602661856
H         0.48504400315634    0.71356360342788   -2.42927354418112
H        -2.05054611128852   -2.58621503056216   -1.00507608407656
H        -2.19914816646884   -2.46035843026135    0.76541029714928
H        -1.35831864607334   -4.31943676876859    1.96220616899769
H         0.19439443685608   -6.21104643667803    2.18187280143783
H         1.88468839638393   -6.63703619826188    0.43544358229012
H         2.00768754806143   -5.15688797735206   -1.53814821825166
H         0.44091663291296   -3.26290585056706   -1.75675297794893
H        -0.44276816472293   -1.05198044444869    2.00747040774703
24
 energy: -34.218842961161 gnorm: 0.000587301148 xtb: 6.4.0 (f63f532)
C         0.56390452142010    0.50792484175729    0.94008716879985
C         0.83260204798588    1.02514458389718   -0.31923713063436
C         0.30407336381077    0.36756167141757   -1.41748687856340
N        -0.43835938233554   -0.72330174710919   -1.32604134486290
C        -0.69751545632243   -1.22172835589725   -0.12342597614266
C        -1.50124715692138   -2.49231202090600   -0.07749780321118
C        -0.56568392159645   -3.66592897190770    0.07878297448104
C        -0.62002355249008   -4.49165940913283    1.19273875591731
C         0.25728286262497   -5.55596121133433    1.32227409412257
C         1.20395104689330   -5.79963266394356    0.34270291021102
C         1.26745981178000   -4.97666738447897   -0.77077100074916
C         0.38749561088839   -3.91827865172091   -0.90137870428282
C        -0.21213086523429   -0.63281119398421    1.04165407643123
H         0.95529958871338    0.98650002724250    1.82631240694279
H         1.43364515007289    1.91189523166262   -0.44456513285737
H         0.47998533054736    0.72385486621633   -2.42476303377709
H        -2.05068907737576   -2.58624832818870   -1.01541356777410
H        -2.20544660180339   -2.46166958659655    0.75468925304084
H        -1.35612927108927   -4.30860662131225    1.96301695292556
H         0.20139604345149   -6.19489722754552    2.19183794205055
H         1.88894134143706   -6.62825104448894    0.44457556175779
H         2.00500201061417   -5.16104681805443   -1.53857200077547
H         0.43391440350589   -3.27185030294812   -1.76590046500503
H        -0.43949784857637   -1.06693968264639    2.00336094195460
24
 energy: -34.218852033280 gnorm: 0.000359376747 xtb: 6.4.0 (f63f532)
C         0.56380300663935    0.50612103002690    0.94238574383255
C         0.83153543143304    1.02686658003098   -0.31570758251437
C         0.30271319615254    0.37187536151112   -1.41560389910035
N        -0.43930801104479   -0.71969117066301   -1.32697397448949
C        -0.69703389453630   -1.22157211482383   -0.12559765673994
C        -1.50019319730278   -2.49262367158534   -0.08191476968748
C        -0.56500171210123   -3.66629892837670    0.07600804552789
C        -0.61782891710336   -4.48772427398352    1.19314840162763
C         0.25888947021183   -5.55203394030042    1.32522768133476
C         1.20351378775122   -5.80040083506227    0.34466371662585
C         1.26566884609926   -4.98173581752976   -0.77185839236089
C         0.38623730148705   -3.92312744809018   -0.90489850348067
C        -0.21143668753578   -0.63537934816445    1.04100628034819
H         0.95492802219208    0.98265914904002    1.82969286525674
H         1.43200746561386    1.91439224876721   -0.43892902404979
H         0.47810790019296    0.73106361042321   -2.42192099118585
H        -2.04826378578737   -2.58618690593685   -1.02066935929205
H        -2.20527554982203   -2.46226282016826    0.74944973024947
H        -1.35199591063241   -4.30069641578545    1.96433636783495
H         0.20462096219745   -6.18703345332050    2.19772379563344
H         1.88902193234516   -6.62864277750796    0.44883853384456
H         2.00084401294003   -5.17025810124687   -1.54077823955225
H         0.43169969775917   -3.28016727401571   -1.77197737229138
H        -0.43902336714823   -1.07205268324071    2.00132860262810
24
 energy: -34.218864636623 gnorm: 0.000537097680 xtb: 6.4.0 (f63f532)
C         0.56040732408461    0.50848559828193    0.94571690058320
C         0.82719800215646    1.03328869936172   -0.31090820288695
C         0.30236391274468    0.37882403996557   -1.41281458320591
N        -0.43588118918957   -0.71555059466606   -1.32770072630427
C        -0.69324441843232   -1.22108519747122   -0.12794708333710
C        -1.49570057128090   -2.49284972891093   -0.08722815310713
C        -0.56178426749727   -3.66719898691517    0.07300352660055
C        -0.61294020518834   -4.48289125880186    1.19452688019570
C         0.26148999881381   -5.54880310127212    1.32944253213210
C         1.20156098043211   -5.80542285215256    0.34647826876307
C         1.26144392505356   -4.99293475031515   -0.77472380730560
C         0.38521916717309   -3.93182787086586   -0.90981708027879
C        -0.21098729892807   -0.63591101991776    1.04057589736237
H         0.94921045998724    0.98415055779069    1.83462160803579
H         1.42470649811214    1.92322081992230   -0.43147488345152
H         0.47657304362687    0.74169733613503   -2.41810393645020
H        -2.04161395833837   -2.58593395650625   -1.02744973341679
H        -2.20267985403775   -2.46260606166224    0.74260273067967
H        -1.34415479120852   -4.28975821636322    1.96715907950793
H         0.20819178542317   -6.17916214695673    2.20532111527809
H         1.88441307856049   -6.63549330374598    0.45211549149272
H         1.99304523501474   -5.18804150177836   -1.54552913092813
H         0.42990111381099   -3.29343132848499   -1.78034050536253
H        -0.43850797089213   -1.07567517467311    1.99945379540336
24
 energy: -34.218868037748 gnorm: 0.000236646227 xtb: 6.4.0 (f63f532)
C         0.56097894549742    0.50813973441239    0.94610820011876
C         0.82636578006950    1.03467476138910   -0.31012797405800
C         0.30112547446775    0.38088905378541   -1.41256825679094
N        -0.43574502461559   -0.71464394806927   -1.32808894299401
C        -0.69249858949247   -1.22123109227995   -0.12849324167949
C        -1.49492114967162   -2.49296084746123   -0.08876512727353
C        -0.56126902054605   -3.66724056291398    0.07287465510341
C        -0.61198513045690   -4.48172781971088    1.19531572759815
C         0.26156320859137   -5.54838655517774    1.33032661056596
C         1.20069282152034   -5.80646250282255    0.34699601308076
C         1.26076427527281   -4.99472576371940   -0.77478791749875
C         0.38511475040335   -3.93309834863831   -0.91024144881882
C        -0.20963808250797   -0.63698710510313    1.04041480766573
H         0.94905287054969    0.98392332272899    1.83532077171915
H         1.42228560197231    1.92576908261727   -0.42994737166100
H         0.47474557755396    0.74464889566237   -2.41759140124862
H        -2.03942710361085   -2.58594057029998   -1.02959111185570
H        -2.20338497075885   -2.46256030617051    0.73982028142165
H        -1.34293096603323   -4.28796715593394    1.96795312509157
H         0.20865757246097   -6.17794969387621    2.20689836358971
H         1.88320197805992   -6.63700456495635    0.45304426964473
H         1.99201585320662   -5.19083292745060   -1.54573542720584
H         0.42947551498315   -3.29547894146064   -1.78139921090458
H        -0.43601018691493   -1.07775614455319    1.99924460638933
24
 energy: -34.218873899676 gnorm: 0.000556802942 xtb: 6.4.0 (f63f532)
C         0.56076797219149    0.50839373619315    0.94708435745252
C         0.82372920033396    1.03811477025829   -0.30830608467378
C         0.29918381989908    0.38496053596029   -1.41170922120561
N        -0.43551767511014   -0.71223362383793   -1.32848645743102
C        -0.69069335442060   -1.22129694484517   -0.12943807712705
C        -1.49288396536897   -2.49318670440425   -0.09203425336153
C        -0.56014346729852   -3.66763976310913    0.07253888036315
C        -0.61004852479174   -4.47946721698601    1.19692153676889
C         0.26216301883161   -5.54723321636912    1.33250827973969
C         1.19919623469238   -5.80864064383102    0.34819487397058
C         1.25920877657692   -4.99895664453901   -0.77510533348821
C         0.38478094507921   -3.93638757767398   -0.91127774038093
C        -0.20702302931532   -0.63888504778408    1.04010575787627
H         0.94882484380679    0.98334506205584    1.83680274648146
H         1.41704047605510    1.93111071506844   -0.42674536968072
H         0.47118074034584    0.75084906929400   -2.41617247593875
H        -2.03376102548079   -2.58601352190908   -1.03478118005734
H        -2.20485290348387   -2.46248700555131    0.73364628411821
H        -1.33943858066341   -4.28330855581702    1.97034796636684
H         0.20962895881099   -6.17537985365445    2.21021550968984
H         1.88002205201481   -6.64078505644578    0.45439441374394
H         1.98913216768039   -5.19760475470915   -1.54671072309906
H         0.42866178589063   -3.30031177937120   -1.78361876173734
H        -0.43092846627511   -1.08186597799467    1.99860507160957
24
 energy: -34.218880409711 gnorm: 0.000500331257 xtb: 6.4.0 (f63f532)
C         0.56058254610697    0.50867363384177    0.94848713920371
C         0.82005713905165    1.04268847783365   -0.30577425338202
C         0.29620993210222    0.39077251437650   -1.41018722423095
N        -0.43577048480185   -0.70826772703978   -1.32869943286853
C        -0.68839863275120   -1.22096391968334   -0.13064357136246
C        -1.48990842234859   -2.49344999535491   -0.09617373645700
C        -0.55819019035236   -3.66813057901958    0.07179185643238
C        -0.60734043028662   -4.47639609425163    1.19870135718785
C         0.26285993003513   -5.54575095536670    1.33527170378199
C         1.19706612970086   -5.81208818794350    0.34956648836325
C         1.25702234491687   -5.00525824862047   -0.77580698383407
C         0.38459441424304   -3.94125346032452   -0.91295236888680
C        -0.20406346931778   -0.64087849179827    1.03964089993811
H         0.94815497897683    0.98266606383856    1.83893172283309
H         1.41036674684035    1.93787595530290   -0.42261446747389
H         0.46692676357947    0.75896970130145   -2.41402720819044
H        -2.02656631791386   -2.58609546911481   -1.04143938854133
H        -2.20562840864392   -2.46265069884735    0.72630568310768
H        -1.33470856457733   -4.27664993781872    1.97315291439951
H         0.21089744519284   -6.17140970282953    2.21477958946192
H         1.87609843919007   -6.64556670382754    0.45648717196127
H         1.98511796185774   -5.20739527313150   -1.54820690700971
H         0.42800260098074   -3.30744505042396   -1.78695032505171
H        -0.42515245178055   -1.08690585110105    1.99733934061776
24
 energy: -34.218886202277 gnorm: 0.000360512621 xtb: 6.4.0 (f63f532)
C         0.55982424036439    0.50934099099228    0.95006512574258
C         0.81682317436755    1.04699179766132   -0.30315226288638
C         0.29373634209022    0.39636501805753   -1.40862786831001
N        -0.43611693262428   -0.70416752800863   -1.32904619712259
C        -0.68630926592082   -1.22044015312825   -0.13205558815414
C        -1.48694113929299   -2.49366596596773   -0.10003589880221
C        -0.55620196101176   -3.66870095790561    0.07037107710040
C        -0.60469685334255   -4.47341134825841    1.19983894261687
C         0.26377111820045   -5.54397078162013    1.33805877236676
C         1.19550409619014   -5.81524040917355    0.35132682633982
C         1.25505225148007   -5.01172866169231   -0.77647149908722
C         0.38451445796238   -3.94640030848367   -0.91509540311969
C        -0.20170637820367   -0.64244436211337    1.03910953803789
H         0.94752571490144    0.98180017442280    1.84125955232136
H         1.40468298776899    1.94399997959711   -0.41843364488571
H         0.46208082348972    0.76777529573421   -2.41174257392393
H        -2.02060277257288   -2.58606241518234   -1.04706958202065
H        -2.20520509132688   -2.46303480057506    0.72017051070619
H        -1.33020142695095   -4.26992741163712    1.97510409641053
H         0.21194414712232   -6.16711753549456    2.21932622577758
H         1.87247190521426   -6.65020631189015    0.45900630123192
H         1.98101466310565   -5.21785427505198   -1.54981005441795
H         0.42766831414541   -3.31512865087102   -1.79093890832443
H        -0.42040241515550   -1.09168137941370    1.99582251240260
24
 energy: -34.218890624528 gnorm: 0.000222353739 xtb: 6.4.0 (f63f532)
C         0.55945370463242    0.50946342765968    0.95139345315071
C         0.81431845729512    1.05021587844065   -0.30092384450197
C         0.29132044209689    0.40116738336477   -1.40724776085525
N        -0.43663405996894   -0.70071624072153   -1.32944240670842
C        -0.68473932451475   -1.22000034076633   -0.13341151714677
C        -1.48466718001171   -2.49378727662243   -0.10295388080118
C        -0.55457490293127   -3.66912102019440    0.06871460228536
C        -0.60267768813738   -4.47102433413937    1.20022656215274
C         0.26451173018634   -5.54234733427367    1.34017654447588
C         1.19439854352054   -5.81762652728055    0.35276773194487
C         1.25345536540347   -5.01705678741931   -0.77712527012154
C         0.38445806880953   -3.95066632466423   -0.91723057002411
C        -0.20010728693251   -0.64367623648424    1.03854752206646
H         0.94701215327882    0.98070587058641    1.84328240635846
H         1.40104765436491    1.94810352515137   -0.41497257096588
H         0.45859892237120    0.77477149749063   -2.40973469604549
H        -2.01708544550749   -2.58590424956587   -1.05075983414371
H        -2.20393001617331   -2.46338049486280    0.71636164551864
H        -1.32680499998073   -4.26441834146764    1.97598131508656
H         0.21294078815347   -6.16304560902501    2.22316154135873
H         1.87026691096823   -6.65323768686178    0.46158156815377
H         1.97791816468896   -5.22634550429254   -1.55098758834321
H         0.42751981932415   -3.32176510328869   -1.79477110911673
H        -0.41776982093526   -1.09521817076545    1.99434615622165
24
 energy: -34.218893851766 gnorm: 0.000161898051 xtb: 6.4.0 (f63f532)
C         0.55930448521570    0.50910138258636    0.95249331601689
C         0.81312076949452    1.05202629563236   -0.29910764749933
C         0.29001154074928    0.40447424147309   -1.40618232125906
N        -0.43706770025955   -0.69810999244357   -1.32991889944860
C        -0.68396257011633   -1.21958900014450   -0.13468012561578
C        -1.48320411549640   -2.49387555354492   -0.10526856552374
C        -0.55346179703447   -3.66937859843151    0.06712558586398
C        -0.60108396983665   -4.46895140640070    1.20036769211900
C         0.26524397804816   -5.54070184306505    1.34188181121485
C         1.19383063358300   -5.81900948615804    0.35405871758633
C         1.25231152756215   -5.02093683129519   -0.77759584017637
C         0.38424341953440   -3.95393280216522   -0.91915187327593
C        -0.19936705745745   -0.64466792486411    1.03802297826106
H         0.94688752318993    0.97917977243818    1.84498080960413
H         1.39876093215610    1.95078015200641   -0.41205477406906
H         0.45549229586958    0.78063495649925   -2.40804125682013
H        -2.01530663029223   -2.58580980530648   -1.05329712971294
H        -2.20273700350904   -2.46366088039417    0.71382767237654
H        -1.32444776410933   -4.26010805700816    1.97624044903437
H         0.21395938366921   -6.15932169862696    2.22631704517100
H         1.86911512837998   -6.65489992270694    0.46398657817034
H         1.97559286261580   -5.23276627199992   -1.55186042707696
H         0.42717700344668   -3.32714155073340   -1.79819851777387
H        -0.41618287540236   -1.09824517534914    1.99303472283285
24
 energy: -34.218896154311 gnorm: 0.000135202501 xtb: 6.4.0 (f63f532)
C         0.55932005106821    0.50835378998993    0.95338315845134
C         0.81216890470630    1.05319401070410   -0.29761601435191
C         0.28867309966458    0.40708029776485   -1.40533206542594
N        -0.43750851640725   -0.69623672662153   -1.33036970425628
C        -0.68337123855327   -1.21957701408782   -0.13577285612868
C        -1.48249868748827   -2.49397086450267   -0.10714976390102
C        -0.55300489146941   -3.66958613505661    0.06572516940966
C        -0.60007252138750   -4.46728720857314    1.20036345407907
C         0.26602487847650   -5.53898030569345    1.34329790056114
C         1.19376309310047   -5.81938417824695    0.35525146053075
C         1.25146810836329   -5.02346273984686   -0.77793271446613
C         0.38377226373748   -3.95626118797798   -0.92075711027096
C        -0.19865564104316   -0.64594203263355    1.03756843549617
H         0.94726274713329    0.97723635860266    1.84634302655389
H         1.39770361127549    1.95211800097719   -0.40965158843204
H         0.45363898201701    0.78470760933537   -2.40671490922274
H        -2.01443393489147   -2.58571516525568   -1.05528142326856
H        -2.20219132812693   -2.46386482808291    0.71183540850712
H        -1.32274078757024   -4.25668077322305    1.97641686474145
H         0.21507502083200   -6.15599793249280    2.22885738039208
H         1.86869051161789   -6.65544391030992    0.46604491814699
H         1.97387972258882   -5.23715719104514   -1.55249647405754
H         0.42647276630259   -3.33116408095853   -1.80101619321893
H        -0.41520621394570   -1.10088779276786    1.99198364013065
24
 energy: -34.218898060843 gnorm: 0.000151623272 xtb: 6.4.0 (f63f532)
C         0.55973475518226    0.50707547670355    0.95408971230293
C         0.81187733463031    1.05348460847997   -0.29637049467367
C         0.28792308626341    0.40870296043033   -1.40461931178376
N        -0.43808439481048   -0.69481561755880   -1.33072079792706
C        -0.68336211513431   -1.21956447903450   -0.13666498936892
C        -1.48235583457406   -2.49407050508759   -0.10883381819766
C        -0.55292224143572   -3.66964064351377    0.06463742125870
C        -0.59931930358646   -4.46574301300739    1.20045706689373
C         0.26677334864979   -5.53726043912618    1.34447295458697
C         1.19378986362650   -5.81924248635800    0.35617610246394
C         1.25073664369772   -5.02504474991743   -0.77822401317757
C         0.38311001389246   -3.95788995910040   -0.92205358084581
C        -0.19819828206966   -0.64728313830216    1.03717765095592
H         0.94793952794388    0.97497315752434    1.84744952228286
H         1.39723921618274    1.95262041994402   -0.40758929473214
H         0.45217350530647    0.78776868327532   -2.40557575282287
H        -2.01393011972442   -2.58567471212612   -1.05717380544391
H        -2.20236786258951   -2.46402468917529    0.70988623999086
H        -1.32152660606043   -4.25392451248636    1.97660704117548
H         0.21644507585759   -6.15283354289359    2.23107242836988
H         1.86893022958310   -6.65499535536103    0.46790629965356
H         1.97265642362277   -5.23992383596273   -1.55290194318047
H         0.42538459842251   -3.33419690642899   -1.80332221825170
H        -0.41441686287577   -1.10340672091958    1.99109758047028
24
 energy: -34.218900137939 gnorm: 0.000161837641 xtb: 6.4.0 (f63f532)
C         0.56034123443129    0.50531009324160    0.95480694308151
C         0.81193366557610    1.05324469931491   -0.29510201940696
C         0.28722225261637    0.41002483329961   -1.40389549404217
N        -0.43886656692308   -0.69353119343697   -1.33105553487145
C        -0.68358061936686   -1.21973544639518   -0.13754781353203
C        -1.48267733411974   -2.49421097662804   -0.11066926340723
C        -0.55322946773080   -3.66963758680598    0.06357605913742
C        -0.59868636839067   -4.46403889726519    1.20064270624947
C         0.26772750788685   -5.53513184848506    1.34574223160536
C         1.19415421594833   -5.81840949628504    0.35725668558070
C         1.25010355690800   -5.02598855656322   -0.77841963760373
C         0.38213668847773   -3.95923512096244   -0.92332754047053
C        -0.19777700450380   -0.64898716294990    1.03679737871038
H         0.94908353726768    0.97201244304054    1.84856178696012
H         1.39730875807555    1.95247662030079   -0.40547418307783
H         0.45092289551319    0.79043536520486   -2.40443278431645
H        -2.01355890215312   -2.58564721086118   -1.05939944270719
H        -2.20328237103230   -2.46421906794818    0.70754428811006
H        -1.32049095891426   -4.25121807552414    1.97688689903687
H         0.21816338038291   -6.14932391651605    2.23333649630786
H         1.86958350600523   -6.65382071713418    0.46983784838745
H         1.97147519706101   -5.24197075074606   -1.55330493037910
H         0.42374260789367   -3.33692621803126   -1.80560187453454
H        -0.41351941090860   -1.10638181186659    1.99022119518159
24
 energy: -34.218902936586 gnorm: 0.000153514175 xtb: 6.4.0 (f63f532)
C         0.56135972635388    0.50262801318788    0.95570598590498
C         0.81218172212967    1.05256936179961   -0.29349036848746
C         0.28638715390580    0.41140566070435   -1.40297577098989
N        -0.44007371850786   -0.69201403573055   -1.33143506513195
C        -0.68409874447593   -1.22006613278122   -0.13861202421839
C        -1.48345662053188   -2.49442210129730   -0.11312687453678
C        -0.55393257061331   -3.66957750899443    0.06230252128312
C        -0.59804378165675   -4.46180270152015    1.20094517272768
C         0.26906668407938   -5.53214529839710    1.34740512290958
C         1.19476696877866   -5.81689918613023    0.35865900636253
C         1.24927603417542   -5.02674318295731   -0.77866409091077
C         0.38067491792977   -3.96067486562846   -0.92487647693304
C        -0.19713432291830   -0.65151664714288    1.03633751301002
H         0.95095961952168    0.96769368350060    1.84994593677498
H         1.39786256111280    1.95172811051602   -0.40280151186102
H         0.44942227621194    0.79348255226305   -2.40299088631919
H        -2.01307424834730   -2.58559986421163   -1.06255836534800
H        -2.20512982136057   -2.46450522981028    0.70415408858648
H        -1.31930341264950   -4.24783193809150    1.97738188589512
H         0.22064232775157   -6.14460504745116    2.23626316639621
H         1.87081180558498   -6.65167355326716    0.47236531863754
H         1.97013553956440   -5.24382395732110   -1.55371444587346
H         0.42123778143877   -3.34005448018545   -1.80838907106314
H        -0.41230787747660   -1.11046165105597    1.98914923318441
24
 energy: -34.218907007655 gnorm: 0.000131259544 xtb: 6.4.0 (f63f532)
C         0.56305087183904    0.49837819857638    0.95695963592814
C         0.81279728090603    1.05116856389080   -0.29119324132823
C         0.28506884358903    0.41321601528241   -1.40162482081650
N        -0.44212581022290   -0.68985163987669   -1.33190543382595
C        -0.68507716399200   -1.22061748744477   -0.14007261438483
C        -1.48488950589276   -2.49476243308576   -0.11675727194626
C        -0.55519164414898   -3.66944306256642    0.06050818024968
C        -0.59722468095765   -4.45848107985019    1.20142563562569
C         0.27105164084863   -5.52762831048878    1.34980719996404
C         1.19583953257676   -5.81428341915996    0.36076690358523
C         1.24824889759950   -5.02731191892179   -0.77886854593784
C         0.37844123524159   -3.96251146024305   -0.92702717296502
C        -0.19624549172659   -0.65536159194015    1.03569276701246
H         0.95411795867384    0.96094646145026    1.85186164077706
H         1.39902886790147    1.95014821934407   -0.39900236476917
H         0.44730294685957    0.79755951465917   -2.40090079963356
H        -2.01234869852747   -2.58554195235851   -1.06739290970542
H        -2.20837564117737   -2.46503708110733    0.69894335576592
H        -1.31770492353627   -4.24295655708105    1.97815058472862
H         0.22435813684793   -6.13761253269158    2.24046659754225
H         1.87280898627266   -6.64810847126455    0.47601666975504
H         1.96830898627751   -5.24594855790861   -1.55423301452578
H         0.41739843917240   -3.34424047021749   -1.81226185247951
H        -0.41040906442324   -1.11662894699876    1.98762087138346
24
 energy: -34.218912686310 gnorm: 0.000117977735 xtb: 6.4.0 (f63f532)
C         0.56572505147674    0.49183539614358    0.95877015680291
C         0.81380737517544    1.04886683880045   -0.28784807206512
C         0.28307937972700    0.41572215923513   -1.39963824149689
N        -0.44544384980349   -0.68665509772060   -1.33255235483440
C        -0.68674200425473   -1.22146234871859   -0.14218506781268
C        -1.48722232571898   -2.49529111634469   -0.12214159127484
C        -0.55713610161623   -3.66915472588551    0.05789070199031
C        -0.59610085256916   -4.45352447892231    1.20211310804907
C         0.27404006973155   -5.52078049918117    1.35337996548230
C         1.19748176683509   -5.81020844736565    0.36389366353062
C         1.24669162268901   -5.02798068828901   -0.77918665370583
C         0.37514126047591   -3.96502313439931   -0.93013037260412
C        -0.19486923025106   -0.66124947511301    1.03473763736196
H         0.95921704317506    0.95055402716469    1.85461067182774
H         1.40122907597912    1.94731788819971   -0.39350744483309
H         0.44390616387888    0.80354695307227   -2.39781788725894
H        -2.01138758318065   -2.58547105713387   -1.07461045697272
H        -2.21344630046551   -2.46593913810963    0.69115264565346
H        -1.31551611524246   -4.23579553537530    1.97920457749057
H         0.22980821910359   -6.12720277760351    2.24660048391753
H         1.87598447964240   -6.64247558626703    0.48148519525237
H         1.96593979405640   -5.24854213314218   -1.55474429560546
H         0.41172849140649   -3.35017510787730   -1.81786016223875
H        -0.40768543024970   -1.12582191516952    1.98536379334352
24
 energy: -34.218919047608 gnorm: 0.000149581678 xtb: 6.4.0 (f63f532)
C         0.56926938076273    0.48347910726631    0.96091871315215
C         0.81523539522397    1.04579609711881   -0.28375503863063
C         0.28034277402987    0.41893593346627   -1.39715158812472
N        -0.44987580638851   -0.68253263220497   -1.33332057137017
C        -0.68893526025935   -1.22246076030939   -0.14481685529453
C        -1.49013589608188   -2.49594435721213   -0.12879903933646
C        -0.55961554970876   -3.66883862922953    0.05457502904126
C        -0.59489646549276   -4.44747485580049    1.20280487177953
C         0.27755089404137   -5.51235806885439    1.35767501557101
C         1.19960877210099   -5.80500088674556    0.36786811136816
C         1.24513845639204   -5.02846464988240   -0.77925569661913
C         0.37118973034329   -3.96803633603170   -0.93386293420148
C        -0.19319108453709   -0.66857932981952    1.03348466904462
H         0.96579660753186    0.93739276838223    1.85787979355272
H         1.40416456308372    1.94356776054723   -0.38675167856020
H         0.43933509600189    0.81113609086016   -2.39393368870963
H        -2.01026571748018   -2.58539073013548   -1.08348352200035
H        -2.21970637287213   -2.46707649198977    0.68152992137025
H        -1.31293698309100   -4.22691637598804    1.98038399274281
H         0.23648541398037   -6.11419906116960    2.25416952131540
H         1.87994148706014   -6.63537707689866    0.48831173524315
H         1.96309346779140   -5.25173690249562   -1.55525997323954
H         0.40486472940353   -3.35751263876864   -1.82470488097374
H        -0.40422763183482   -1.13731797410746    1.98247409287906
24
 energy: -34.218924113991 gnorm: 0.000191847320 xtb: 6.4.0 (f63f532)
C         0.57241524123573    0.47601067987890    0.96277263265004
C         0.81634821213469    1.04320968271315   -0.28010143002357
C         0.27760201454669    0.42209113880575   -1.39487637830804
N        -0.45403689760107   -0.67863034164644   -1.33400356511856
C        -0.69082845682981   -1.22336503063332   -0.14725476319673
C        -1.49267096930944   -2.49653020897998   -0.13479970227572
C        -0.56169813340711   -3.66849519307966    0.05159175198596
C        -0.59374008081791   -4.44189757568454    1.20343375314341
C         0.28071790274127   -5.50464614070815    1.36163826525078
C         1.20141419403295   -5.80043544237905    0.37148853238751
C         1.24351230201618   -5.02928881339487   -0.77942422767389
C         0.36767751543207   -3.97091090122653   -0.93724740380603
C        -0.19157149147097   -0.67522595940922    1.03225171652951
H         0.97207064852045    0.92529764703295    1.86069371897449
H         1.40680679256406    1.94024180754234   -0.38066707156307
H         0.43477038818067    0.81832274069562   -2.39034179721924
H        -2.00934064986158   -2.58535755395309   -1.09136513052419
H        -2.22509532298866   -2.46808088007663    0.67298273789668
H        -1.31092870284563   -4.21904029761987    1.98110621361602
H         0.24211456945832   -6.10254985677750    2.26084324847865
H         1.88358796917926   -6.62890024099136    0.49471958273730
H         1.96080308982750   -5.25462429315558   -1.55541518841086
H         0.39907672678611   -3.36417576250022   -1.83074279917854
H        -0.40077686152305   -1.14792920445504    1.97969730364761
24
 energy: -34.218927287154 gnorm: 0.000179754791 xtb: 6.4.0 (f63f532)
C         0.57480313728822    0.47093247409942    0.96392745746342
C         0.81692052803558    1.04171773067353   -0.27768249700292
C         0.27554833945717    0.42449155327815   -1.39332468599144
N        -0.45694009266051   -0.67578664733691   -1.33444392641430
C        -0.69202857995508   -1.22386739143971   -0.14892928773634
C        -1.49416417685768   -2.49689969985052   -0.13881637934370
C        -0.56306593621420   -3.66840047659167    0.04947493830119
C        -0.59329128172568   -4.43845984199977    1.20356840924500
C         0.28248014129630   -5.49976585216821    1.36413098177971
C         1.20262005551465   -5.79747160791032    0.37406596449979
C         1.24278874386615   -5.02977559127302   -0.77917539435654
C         0.36563781567973   -3.97284804526033   -0.93934996094571
C        -0.19015585928701   -0.67975855628091    1.03133401009709
H         0.97635656653775    0.91722870545087    1.86247103818580
H         1.40819544381950    1.93838479179925   -0.37659903452704
H         0.43119527222262    0.82361310793961   -2.38786958503139
H        -2.00865774863020   -2.58526066258212   -1.09655035146366
H        -2.22838028575060   -2.46871347166121    0.66734416828637
H        -1.30967649267375   -4.21371216262689    1.98147156080911
H         0.24568835522578   -6.09474274778826    2.26536098426878
H         1.88586170312657   -6.62476672578104    0.49914430172671
H         1.95923979807001   -5.25697645126069   -1.55542989370371
H         0.39539788772475   -3.36894596905078   -1.83483272634031
H        -0.39814333410935   -1.15512646238082    1.97768990819361
24
 energy: -34.218929199557 gnorm: 0.000142749944 xtb: 6.4.0 (f63f532)
C         0.57608092126163    0.46828402251157    0.96449072891897
C         0.81698839228617    1.04119802004178   -0.27636301198929
C         0.27400828352892    0.42627558921427   -1.39245520033343
N        -0.45869164266430   -0.67392729558409   -1.33473366897421
C        -0.69245719738847   -1.22412852554860   -0.14997393437290
C        -1.49476341601512   -2.49708406370858   -0.14108358505880
C        -0.56363234346643   -3.66835629818349    0.04828509636933
C        -0.59300361772570   -4.43652070061815    1.20366619311964
C         0.28333555944108   -5.49712728473497    1.36561893218510
C         1.20311886092075   -5.79612917246043    0.37558330478660
C         1.24227855452797   -5.03047898593682   -0.77903718551053
C         0.36462122412096   -3.97418028464798   -0.94054417625892
C        -0.18914931727562   -0.68226191372135    1.03069400860001
H         0.97902674369271    0.91267128598035    1.86335624503733
H         1.40854428860908    1.93777486333732   -0.37433477741897
H         0.42862999462128    0.82714555815468   -2.38644730186536
H        -2.00820016189772   -2.58523164627438   -1.09939519906457
H        -2.22984926627231   -2.46896788747693    0.66428771108314
H        -1.30924529644046   -4.21087124021899    1.98142506445864
H         0.24720310753126   -6.09059882309048    2.26782719500803
H         1.88695022550426   -6.62274207786720    0.50182743089027
H         1.95858112248379   -5.25853279799242   -1.55514610739198
H         0.39389911639484   -3.37168319079341   -1.83694602617371
H        -0.39604413577785   -1.15943715038404    1.97637826395511
24
 energy: -34.218930573622 gnorm: 0.000116093717 xtb: 6.4.0 (f63f532)
C         0.57697951922581    0.46687331995669    0.96473119966171
C         0.81671214727216    1.04131927196898   -0.27565357202084
C         0.27275774384697    0.42774554517479   -1.39198149239885
N        -0.45988032822743   -0.67253853989265   -1.33494921743465
C        -0.69253862974978   -1.22417608441343   -0.15067099332536
C        -1.49481764519120   -2.49717161010235   -0.14241092244317
C        -0.56375431280473   -3.66838314322846    0.04757550410132
C        -0.59294131553606   -4.43556016704834    1.20362131952042
C         0.28355051786724   -5.49588517910576    1.36647528235668
C         1.20325578004636   -5.79569397025129    0.37659790372794
C         1.24212770617638   -5.03114222407057   -0.77874045689848
C         0.36438264814063   -3.97503717114233   -0.94108464638016
C        -0.18817476966215   -0.68374300824169    1.03020692417302
H         0.98073524936305    0.91015671993187    1.86376812792520
H         1.40823039812466    1.93797609392843   -0.37308284431484
H         0.42641573646754    0.82987063785086   -2.38562019367594
H        -2.00775680439657   -2.58520784565217   -1.10100611795850
H        -2.23032134701503   -2.46908465160337    0.66258917229043
H        -1.30913514841581   -4.20926612716063    1.98124149597879
H         0.24756051765472   -6.08853329543386    2.26921068642931
H         1.88723445004762   -6.62205616534262    0.50353446489327
H         1.95832970544847   -5.25984685271141   -1.55474636950478
H         0.39352678057144   -3.37340936158331   -1.83807357525173
H        -0.39424859925357   -1.16211619182971    1.97544832054872
24
 energy: -34.218931917647 gnorm: 0.000101661743 xtb: 6.4.0 (f63f532)
C         0.57773047490672    0.46607841654076    0.96477695058916
C         0.81615472459501    1.04190031473117   -0.27522409055303
C         0.27134689836064    0.42937060227300   -1.39168723449069
N        -0.46095187419723   -0.67117576570654   -1.33516657272120
C        -0.69235683189670   -1.22410859934893   -0.15127642179536
C        -1.49449296108878   -2.49721008476563   -0.14337831152233
C        -0.56356697208742   -3.66844360213556    0.04708119297687
C        -0.59298118032356   -4.43503997350336    1.20352017186242
C         0.28332932224945   -5.49538878286441    1.36706491920796
C         1.20310311191436   -5.79586565938973    0.37744088870375
C         1.24216326786321   -5.03195579605790   -0.77829403431275
C         0.36458918094576   -3.97580140256575   -0.94132171470110
C        -0.18706505700309   -0.68477767716129    1.02971673146097
H         0.98224017637805    0.90848340818538    1.86389626066264
H         1.40734028576445    1.93882489173968   -0.37223132007566
H         0.42396279113361    0.83261276652045   -2.38503464083894
H        -2.00717193370493   -2.58522285042872   -1.10212161086464
H        -2.23024495210844   -2.46910285511591    0.66140483324561
H        -1.30922350747489   -4.20818967383883    1.98094288275328
H         0.24719649590723   -6.08747796144306    2.27016281027758
H         1.88699060230926   -6.62220440126573    0.50491484268089
H         1.95836128707451   -5.26122479541163   -1.55413261143678
H         0.39396147564701   -3.37473072177878   -1.83866907362178
H        -0.39218482516352   -1.16425979721101    1.97459515251264
24
 energy: -34.218933602030 gnorm: 0.000102427702 xtb: 6.4.0 (f63f532)
C         0.57866866897220    0.46547818632481    0.96466275394459
C         0.81518943035501    1.04301448903905   -0.27491958035127
C         0.26938781026258    0.43156467380805   -1.39146582149717
N        -0.46225728321116   -0.66945526216894   -1.33543631196180
C        -0.69194323205720   -1.22393762793380   -0.15196307721995
C        -1.49380488352549   -2.49722700137995   -0.14435890207225
C        -0.56311790396076   -3.66855004587695    0.04665494431525
C        -0.59313664366367   -4.43472313385344    1.20338165966061
C         0.28276557273797   -5.49527248866008    1.36768146593192
C         1.20271642585778   -5.79649858832031    0.37843366829370
C         1.24235151669889   -5.03307574577869   -0.77759299663724
C         0.36524378508738   -3.97662243615953   -0.94130976878352
C        -0.18546294124158   -0.68582053422373    1.02908963488617
H         0.98407178946902    0.90696756204408    1.86382024034444
H         1.40575063823563    1.94039653641761   -0.37149648529254
H         0.42054271986390    0.83615326225119   -2.38449250468134
H        -2.00624654043044   -2.58528222578187   -1.10323867700218
H        -2.22981604009098   -2.46904393770623    0.66020557997927
H        -1.30955647754770   -4.20729545854949    1.98047197563393
H         0.24608383097095   -6.08700189683818    2.27097524800043
H         1.88623506798631   -6.62304884367046    0.50641702310585
H         1.95865463837873   -5.26295621139041   -1.55315076888133
H         0.39513310667189   -3.37603104632712   -1.83896334549010
H        -0.38922305581854   -1.16664222526793    1.97357404577403
24
 energy: -34.218935962171 gnorm: 0.000116039169 xtb: 6.4.0 (f63f532)
C         0.57999097746916    0.46495149149894    0.96433428498482
C         0.81361835236961    1.04488000450909   -0.27469160321677
C         0.26638725130057    0.43481233671746   -1.39127330805671
N        -0.46415103553714   -0.66699216511482   -1.33580450162399
C        -0.69118111573565   -1.22366159350803   -0.15287269589813
C        -1.49262199994328   -2.49723087352348   -0.14558384238721
C        -0.56232891233957   -3.66871455803955    0.04624995622083
C        -0.59350339255580   -4.43457021502434    1.20317952463821
C         0.28158893046372   -5.49562706726128    1.36836175021420
C         1.20194517240981   -5.79774645670473    0.37975506496822
C         1.24276615282577   -5.03466953086016   -0.77643566490389
C         0.36644929677701   -3.97767218926619   -0.94102729183474
C        -0.18294845799712   -0.68714193174812    1.02817377700362
H         0.98674728763267    0.90521456943947    1.86347745629062
H         1.40312041801076    1.94301254012581   -0.37075017689930
H         0.41532930674620    0.84125316646654   -2.38387949632528
H        -2.00472122558587   -2.58540362255146   -1.10465059683346
H        -2.22902300720716   -2.46888537184885    0.65864736413691
H        -1.31026794796916   -4.20643576518302    1.97975183137086
H         0.24402837498324   -6.08697916799684    2.27187940156004
H         1.88485252993354   -6.62469129894394    0.50839811058600
H         1.95935170099317   -5.26528713725905   -1.55150885914470
H         0.39734819613924   -3.37747054364705   -1.83890246536549
H        -0.38454685318298   -1.16985462027872    1.97215198051485
24
 energy: -34.218939453841 gnorm: 0.000142405421 xtb: 6.4.0 (f63f532)
C         0.58219573803862    0.46425932678561    0.96367254808473
C         0.81112949151500    1.04788359484002   -0.27452084832054
C         0.26156550778438    0.43988383453206   -1.39107539099317
N        -0.46719111542932   -0.66316737169324   -1.33633617462953
C        -0.68994887799474   -1.22318929191870   -0.15419340294102
C        -1.49068215324149   -2.49722506774352   -0.14734821365222
C        -0.56106606734797   -3.66900462391152    0.04578939200471
C        -0.59420689572100   -4.43456629172857    1.20289876312202
C         0.27966126221382   -5.49640902575919    1.36940695738231
C         1.20070354158553   -5.79980972670499    0.38181296329731
C         1.24356025838270   -5.03703222866466   -0.77449515784204
C         0.36856358362120   -3.97910282200984   -0.94031092250076
C        -0.17885913282678   -0.68908672557142    1.02674554712695
H         0.99095355370568    0.90280025133590    1.86273455739394
H         1.39879426043257    1.94730250885403   -0.36986436853348
H         0.40696766092513    0.84912769473029   -2.38306413330079
H        -2.00214469178729   -2.58560085437146   -1.10674949724661
H        -2.22779669753019   -2.46860040363751    0.65626352718592
H        -1.31163148538161   -4.20551770256407    1.97859556415259
H         0.24035835345164   -6.08758156196321    2.27294571790664
H         1.88244917732292   -6.62757280500959    0.51129055346348
H         1.96066744224705   -5.26866951713878   -1.54878348939325
H         0.40110080110214   -3.37933717155866   -1.83842932577179
H        -0.37691351506728   -1.17469401913133    1.96999483400410
24
 energy: -34.218944238775 gnorm: 0.000164679217 xtb: 6.4.0 (f63f532)
C         0.58547793017993    0.46329870615832    0.96256962546251
C         0.80737771420931    1.05231845297907   -0.27439420134644
C         0.25433125281650    0.44727167086326   -1.39082449318974
N        -0.47181636149788   -0.65759145836995   -1.33705781543037
C        -0.68810790042761   -1.22256175332058   -0.15607292244145
C        -1.48787856644222   -2.49722627559025   -0.14991584244838
C        -0.55920712019118   -3.66936090545453    0.04529716029162
C        -0.59540058034521   -4.43469343355049    1.20250095258371
C         0.27647181019727   -5.49788231057571    1.37072027928328
C         1.19875398418928   -5.80287063881396    0.38478280017032
C         1.24484424582697   -5.04026784700719   -0.77149487540455
C         0.37176016321320   -3.98099536647633   -0.93904489720113
C        -0.17261466368135   -0.69203539495217    1.02460773767951
H         0.99751828365377    0.89917839021449    1.86144457754011
H         1.39248968135736    1.95349979516978   -0.36876316147924
H         0.39432907657526    0.86065633551867   -2.38189778902169
H        -1.99821692562426   -2.58591229080211   -1.10991278973897
H        -2.22619260940390   -2.46816721245838    0.65264502692487
H        -1.31385094963708   -4.20443707332176    1.97689522617538
H         0.23483121358751   -6.08868793948204    2.27443328498381
H         1.87894283690818   -6.63171902240493    0.51555052347918
H         1.96288659243375   -5.27320291969349   -1.54452745727885
H         0.40681533259418   -3.38165861039837   -1.83736170399187
H        -0.36531444049106   -1.18186289823369    1.96680075439788
24
 energy: -34.218945247823 gnorm: 0.000116368290 xtb: 6.4.0 (f63f532)
C         0.58639981182366    0.46239689018397    0.96248212940905
C         0.80713668944397    1.05249847378390   -0.27411508001857
C         0.25332785556090    0.44819504430086   -1.39060651090917
N        -0.47251931291751   -0.65688399679223   -1.33714034678597
C        -0.68796503798844   -1.22270300073651   -0.15642050020857
C        -1.48786971302529   -2.49727733621900   -0.15074076142519
C        -0.55945165862128   -3.66949431960452    0.04500702724752
C        -0.59569383617793   -4.43436258175843    1.20251812869277
C         0.27639581340865   -5.49731533141133    1.37126410215019
C         1.19874582503517   -5.80261294112242    0.38549169695656
C         1.24492072322958   -5.04042245340825   -0.77110454639230
C         0.37174337051536   -3.98130624572571   -0.93910835222100
C        -0.17156854515032   -0.69305210620050    1.02422947047580
H         0.99896564832922    0.89771302989635    1.86137584214113
H         1.39166587284061    1.95409142794731   -0.36814341761260
H         0.39242836259249    0.86238365445068   -2.38142554019358
H        -1.99764009605339   -2.58587483551064   -1.11100923998399
H        -2.22668660540977   -2.46814565565441    0.65133388829276
H        -1.31417013468867   -4.20387418914912    1.97682266599483
H         0.23459318132382   -6.08795918067942    2.27508302744466
H         1.87884111506497   -6.63151979037698    0.51654562809887
H         1.96308319443862   -5.27356331281715   -1.54398345982326
H         0.40682931012811   -3.38216018472872   -1.83756798640176
H        -0.36328183370181   -1.18366105867006    1.96619213507131
24
 energy: -34.218946891353 gnorm: 0.000123394965 xtb: 6.4.0 (f63f532)
C         0.58793248331918    0.46094974815338    0.96221647840592
C         0.80654771562839    1.05286834258170   -0.27384212780848
C         0.25135753713578    0.44979071512767   -1.39035993539186
N        -0.47418243951779   -0.65548994735330   -1.33722088521844
C        -0.68786067113986   -1.22287414618093   -0.15691766155310
C        -1.48790078282701   -2.49737029664003   -0.15201653920513
C        -0.55969796525275   -3.66951442771951    0.04490499191545
C        -0.59621397103962   -4.43390012062763    1.20269826144776
C         0.27591251669100   -5.49679169006962    1.37195714820976
C         1.19857261012282   -5.80230466589816    0.38656705993246
C         1.24517146200044   -5.04042047348349   -0.77025523175160
C         0.37189816631885   -3.98152320785057   -0.93883299952901
C        -0.16955569716800   -0.69487410335103    1.02358831545393
H         1.00185559235770    0.89509821967653    1.86104318207946
H         1.39050321372929    1.95487094312045   -0.36746248422477
H         0.38913101939147    0.86509310301145   -2.38085830685031
H        -1.99631929604242   -2.58586501934889   -1.11298199324289
H        -2.22790930147060   -2.46806050731415    0.64896243429596
H        -1.31497009412738   -4.20333551451150    1.97672104161525
H         0.23395833504502   -6.08718726725594    2.27593683121815
H         1.87871465269415   -6.63111811767104    0.51810402883040
H         1.96371510411082   -5.27362347031361   -1.54277096772444
H         0.40708172067874   -3.38254797520692   -1.83741479717594
H        -0.35951191063747   -1.18678012087720    1.96521415627095
24
 energy: -34.218949114728 gnorm: 0.000156351737 xtb: 6.4.0 (f63f532)
C         0.59027928798182    0.45879639050957    0.96176099961380
C         0.80582695493758    1.05331535205889   -0.27359880709040
C         0.24833712529026    0.45224800884459   -1.39007401754819
N        -0.47705957079983   -0.65311610067886   -1.33736369633956
C        -0.68793264878010   -1.22291392317910   -0.15767868777506
C        -1.48791435831033   -2.49749035219977   -0.15375341526596
C        -0.55998671476773   -3.66952770052018    0.04472704846027
C        -0.59714303311926   -4.43343939768061    1.20276283764548
C         0.27510346174184   -5.49613877898431    1.37290128932688
C         1.19846375600470   -5.80182432534611    0.38825178758009
C         1.24574690050165   -5.04033716844923   -0.76881083210420
C         0.37235787258306   -3.98173724984245   -0.93828371213847
C        -0.16673078029194   -0.69739259469812    1.02262888456014
H         1.00627935645407    0.89118344414498    1.86048650424941
H         1.38919578534005    1.95574791737194   -0.36670322574224
H         0.38387878641980    0.86939253355010   -2.38012334280893
H        -1.99461351534280   -2.58597985863318   -1.11564534228648
H        -2.22944543000048   -2.46800321796059    0.64583514394334
H        -1.31630949224391   -4.20267412430698    1.97634489656555
H         0.23263844178251   -6.08633393635261    2.27698661602834
H         1.87853566722016   -6.63058559899051    0.52042295357261
H         1.96481795948810   -5.27367672141900   -1.54077980277526
H         0.40790106829204   -3.38301610805739   -1.83701777871191
H        -0.35399688038053   -1.19140648918339    1.96370369904023
24
 energy: -34.218951688118 gnorm: 0.000189630523 xtb: 6.4.0 (f63f532)
C         0.59318913771976    0.45620438923605    0.96112255185300
C         0.80497769312948    1.05386356903727   -0.27337747720537
C         0.24434174583887    0.45545459934616   -1.38971428619751
N        -0.48069998543409   -0.65016884199467   -1.33759565010080
C        -0.68794831838042   -1.22297241805233   -0.15871755161887
C        -1.48788487873889   -2.49760536542472   -0.15570840729471
C        -0.56018244083822   -3.66947893952288    0.04440674344207
C        -0.59826872932986   -4.43293035219669    1.20270341989150
C         0.27393570229407   -5.49551281585007    1.37394893541935
C         1.19822557793321   -5.80145112548220    0.39025719700164
C         1.24654309902770   -5.04032003083451   -0.76701619740481
C         0.37313857137683   -3.98194412074439   -0.93763587000408
C        -0.16332473998288   -0.70034360751123    1.02135422466322
H         1.01175748052299    0.88644614811422    1.85969046794851
H         1.38794860684970    1.95661307264314   -0.36588749612586
H         0.37719644288017    0.87483640950114   -2.37919099365652
H        -1.99306756172596   -2.58616024720351   -1.11840141834019
H        -2.23078771546271   -2.46793367228186    0.64261259836418
H        -1.31821876944797   -4.20207345198665    1.97553665401085
H         0.23074153128684   -6.08541617282033    2.27819423489848
H         1.87838251181691   -6.62998586103636    0.52339447614151
H         1.96646500294170   -5.27370511871941   -1.53817793412432
H         0.40940200557819   -3.38351660770520   -1.83654354572399
H        -0.34763196985468   -1.19680943851331    1.96172532416221
24
 energy: -34.218954463792 gnorm: 0.000186067839 xtb: 6.4.0 (f63f532)
C         0.59633811836664    0.45345046713112    0.96035311388097
C         0.80417226880584    1.05441444013450   -0.27324118881752
C         0.24011555312811    0.45890284477608   -1.38939114826235
N        -0.48472264286347   -0.64690329060087   -1.33791138106201
C        -0.68809711970361   -1.22289548566118   -0.15992134809975
C        -1.48778578145839   -2.49769996609103   -0.15764718993025
C        -0.56030075246333   -3.66945448066992    0.04392666058866
C        -0.59964278633986   -4.43259694617756    1.20238871889361
C         0.27251201619151   -5.49500171531986    1.37497710187408
C         1.19806778325175   -5.80105749091444    0.39251351716652
C         1.24763038541244   -5.04027249810444   -0.76492567870655
C         0.37423806286636   -3.98211290206216   -0.93690382599134
C        -0.15978689818237   -0.70336867240681    1.01989535518833
H         1.01785008255906    0.88127559782698    1.85870686589242
H         1.38675605668128    1.95747772198549   -0.36511609363653
H         0.36949765068667    0.88109754910199   -2.37814782007933
H        -1.99184358000413   -2.58633932584163   -1.12092301773038
H        -2.23174804474865   -2.46785468250259    0.63970348670803
H        -1.32046446049031   -4.20154995055871    1.97435824316525
H         0.22839374778517   -6.08458904586077    2.27938494139300
H         1.87816524993564   -6.62946801944824    0.52667560654122
H         1.96843494920502   -5.27381266678538   -1.53521438240053
H         0.41146071255398   -3.38406055612771   -1.83602612571025
H        -0.34101057117462   -1.20249092582515    1.95946558913419
24
 energy: -34.218957342211 gnorm: 0.000150844036 xtb: 6.4.0 (f63f532)
C         0.59973133295622    0.45059916774998    0.95945745289730
C         0.80322927973332    1.05511465121339   -0.27316899091876
C         0.23535825639459    0.46278245542423   -1.38904968994403
N        -0.48892245432426   -0.64345680630383   -1.33828845133995
C        -0.68812126198137   -1.22281862096567   -0.16126233481554
C        -1.48759683869964   -2.49777079932261   -0.15950092712412
C        -0.56032797939850   -3.66944491319194    0.04331168439512
C        -0.60113450208506   -4.43235835051608    1.20189688076431
C         0.27092638173715   -5.49457146286222    1.37599587304409
C         1.19784767757738   -5.80078893876493    0.39485792456260
C         1.24880568499882   -5.04034646652037   -0.76272117854009
C         0.37553545746484   -3.98230362812600   -0.93616953267878
C        -0.15610831692872   -0.70640101487259    1.01829149577175
H         1.02424608507538    0.87596415525860    1.85756511356922
H         1.38552440673407    1.95842698969420   -0.36441237863689
H         0.36147345277952    0.88767328533839   -2.37708066001883
H        -1.99102214764129   -2.58655627974784   -1.12310625042133
H        -2.23219967878831   -2.46775590441052    0.63727510285139
H        -1.32305725518468   -4.20118375248372    1.97280529207557
H         0.22559869670835   -6.08394378382256    2.28048266806995
H         1.87792516876818   -6.62901483415665    0.53019384603883
H         1.97073010745636   -5.27393472065459   -1.53194515992726
H         0.41403957732424   -3.38456546810081   -1.83544835903848
H        -0.33425113067585   -1.20825495985817    1.95700057936344
24
 energy: -34.218960430614 gnorm: 0.000102498489 xtb: 6.4.0 (f63f532)
C         0.60341622811416    0.44761633238234    0.95837562696193
C         0.80218491355212    1.05595708484619   -0.27316121147976
C         0.23032340419792    0.46694821575732   -1.38872354789429
N        -0.49345080400286   -0.63970860996533   -1.33873299652366
C        -0.68811496977854   -1.22268327243953   -0.16278618662870
C        -1.48730084708576   -2.49782099065071   -0.16144570994035
C        -0.56026392078218   -3.66943540584292    0.04261456892441
C        -0.60289312686843   -4.43224428001728    1.20124818915398
C         0.26891871270236   -5.49435351309296    1.37700817370000
C         1.19751059219781   -5.80064913787925    0.39744801048936
C         1.25025527401302   -5.04041743924134   -0.76017174173516
C         0.37718562421869   -3.98243873468842   -0.93527965202564
C        -0.15198084073439   -0.70966314227394    1.01643202900980
H         1.03138586549625    0.87021451265020    1.85614776968887
H         1.38391313670039    1.95970852689816   -0.36369171230585
H         0.35214393827180    0.89525789408966   -2.37583776932711
H        -1.99034240900528   -2.58679517793017   -1.12523699490389
H        -2.23237529870604   -2.46756540659666    0.63490836610326
H        -1.32611738293304   -4.20094664931066    1.97090684394070
H         0.22224949211142   -6.08343105768226    2.28161783647430
H         1.87758361828992   -6.62865094958856    0.53415157695520
H         1.97340341301370   -5.27412632727622   -1.52821585504082
H         0.41716526388222   -3.38507318730689   -1.83474853097333
H        -0.32656987686451   -1.21460928484307    1.95415291737628
24
 energy: -34.218963888239 gnorm: 0.000109664833 xtb: 6.4.0 (f63f532)
C         0.60785134417125    0.44416270081414    0.95700641482782
C         0.80072357687273    1.05719450807287   -0.27321219277270
C         0.22404990000982    0.47213502708463   -1.38834238250082
N        -0.49885987928969   -0.63517996779075   -1.33925176465147
C        -0.68795848381853   -1.22252719061010   -0.16459835804810
C        -1.48682441989584   -2.49787002199185   -0.16366257960014
C        -0.56017991279562   -3.66951577359846    0.04182155783920
C        -0.60509926497478   -4.43230003949716    1.20042047969354
C         0.26649513901394   -5.49421031218651    1.37819790728644
C         1.19717202053504   -5.80049170538546    0.40059628470905
C         1.25200306854531   -5.04055604242592   -0.75707804840103
C         0.37919399564624   -3.98265361796911   -0.93414564748674
C        -0.14687004678328   -0.71355003489326    1.01417022360463
H         1.03976476591885    0.86359635414075    1.85437649536886
H         1.38185341855585    1.96140743587200   -0.36296224757706
H         0.34114919998574    0.90421755048983   -2.37438595872799
H        -1.98942960931262   -2.58700755079070   -1.12767247845490
H        -2.23245897601465   -2.46726710287329    0.63220677067825
H        -1.32982018025141   -4.20081209744431    1.96862003366573
H         0.21803874867482   -6.08312636274071    2.28281529334459
H         1.87698675925690   -6.62844842118720    0.53876172561185
H         1.97662445335723   -5.27439597905580   -1.52369175054257
H         0.42105697236993   -3.38559043207587   -1.83373208559235
H        -0.31723258977647   -1.22212092396009    1.95072230772542
24
 energy: -34.218967704592 gnorm: 0.000151093380 xtb: 6.4.0 (f63f532)
C         0.61314105551288    0.44021903119978    0.95527886692837
C         0.79903742085439    1.05870580832554   -0.27332747957667
C         0.21658005481431    0.47829517894294   -1.38785344700439
N        -0.50535995659287   -0.62975070291476   -1.33976255125599
C        -0.68771260110983   -1.22230051455272   -0.16669037301333
C        -1.48614886666038   -2.49793149762727   -0.16632430729836
C        -0.55997635472941   -3.66956794340806    0.04104012729768
C        -0.60765000445304   -4.43235345307339    1.19957436170784
C         0.26348891698484   -5.49422840643196    1.37958409840183
C         1.19647200833711   -5.80063503998654    0.40420301342765
C         1.25402372134682   -5.04081569128619   -0.75338909196511
C         0.38167917324930   -3.98286405782953   -0.93265458606856
C        -0.14072782695441   -0.71803675421229    1.01144013616816
H         1.04973504782859    0.85595784698127    1.85210745247698
H         1.37918678820876    1.96363675260387   -0.36216896307784
H         0.32774249165591    0.91500870957325   -2.37257816700740
H        -1.98806400631928   -2.58736534941449   -1.13068902642157
H        -2.23258279276091   -2.46690063684914    0.62882489844819
H        -1.33434908054832   -4.20087100782982    1.96592182800680
H         0.21287597473819   -6.08301673151977    2.28416625442909
H         1.87621522464127   -6.62832983994026    0.54424453797215
H         1.98056649737478   -5.27463492059965   -1.51819456117997
H         0.42578621900127   -3.38609477702423   -1.83233296390728
H        -0.30572910441923   -1.23103600312887    1.94655994251127
24
 energy: -34.218971776833 gnorm: 0.000201907850 xtb: 6.4.0 (f63f532)
C         0.61933807259647    0.43576117318896    0.95316700687978
C         0.79676256797854    1.06075388991204   -0.27345989282337
C         0.20758636399147    0.48564326561518   -1.38717578235856
N        -0.51303030821974   -0.62336154591009   -1.34020063596212
C        -0.68727910891123   -1.22207601281462   -0.16905290790136
C        -1.48525608195455   -2.49801238902416   -0.16947261986299
C        -0.55976755618655   -3.66971335045084    0.04020444072247
C        -0.61080449836578   -4.43261688155850    1.19856048739615
C         0.25983208553834   -5.49444162076629    1.38116292970200
C         1.19578262130931   -5.80073473733064    0.40856764589050
C         1.25654743702963   -5.04102401864952   -0.74891879435033
C         0.38465053637682   -3.98311529049768   -0.93078213905166
C        -0.13322080217751   -0.72336008297047    1.00819062172527
H         1.06151058078078    0.84717570407805    1.84927639847810
H         1.37593966967260    1.96639905521573   -0.36133305670463
H         0.31190121266770    0.92759342007975   -2.37032951461870
H        -1.98601215874498   -2.58770239221714   -1.13442395537730
H        -2.23293799257527   -2.46646072115001    0.62453624934195
H        -1.33954193430190   -4.20094452094890    1.96292225688052
H         0.20671754526598   -6.08308957042955    2.28569593821011
H         1.87504248231857   -6.62848897097412    0.55053809780713
H         1.98506311341438   -5.27505574262514   -1.51178032929120
H         0.43136312619889   -3.38662207492238   -1.83052525327068
H        -0.29195697370125   -1.24141658485195    1.94161280853846
24
 energy: -34.218976282766 gnorm: 0.000272910453 xtb: 6.4.0 (f63f532)
C         0.62695029319312    0.43037870183503    0.95051419219278
C         0.79428513265468    1.06308357814539   -0.27365696736611
C         0.19671379760059    0.49449692198213   -1.38626674447343
N        -0.52244735428521   -0.61554160616573   -1.34055770034352
C        -0.68689852787502   -1.22167553283305   -0.17180350342373
C        -1.48409230736530   -2.49813287751362   -0.17332757109120
C        -0.55938980607423   -3.66983332444070    0.03937347104012
C        -0.61438308327782   -4.43278429864085    1.19753341015044
C         0.25555902438846   -5.49464104334119    1.38315162128884
C         1.19470154781355   -5.80110393273183    0.41370505310892
C         1.25930983939696   -5.04154038078986   -0.74363746688472
C         0.38820354343577   -3.98348724809445   -0.92843258189755
C        -0.12421426891288   -0.72966522281217    1.00424014246859
H         1.07562246510780    0.83675359426844    1.84571070403978
H         1.37190237791583    1.96984010822709   -0.36037079859874
H         0.29248266137744    0.94287745958829   -2.36743920709970
H        -1.98307993170203   -2.58813630664455   -1.13918767926388
H        -2.23360082771608   -2.46598101373912    0.61901007149538
H        -1.34586227916276   -4.20119466372271    1.95931597782465
H         0.19923689551327   -6.08334162695547    2.28745937827141
H         1.87358746517942   -6.62873123522754    0.55811334939358
H         1.99059480709365   -5.27544761510979   -1.50389064281464
H         0.43811407674594   -3.38718285641399   -1.82814109408456
H        -0.27506554104440   -1.25391957887199    1.93556458606684
24
 energy: -34.218980767383 gnorm: 0.000348160379 xtb: 6.4.0 (f63f532)
C         0.63633711367871    0.42381120383435    0.94710468335756
C         0.79095444147798    1.06614251491112   -0.27379505553605
C         0.18296178020432    0.50557342300884   -1.38484649916165
N        -0.53418502061361   -0.60587071600081   -1.34071081014138
C        -0.68620823907655   -1.22134644559392   -0.17513178409189
C        -1.48266011001085   -2.49832107371114   -0.17827115690217
C        -0.55908333715284   -3.67006892590412    0.03830692229127
C        -0.61901841619332   -4.43308683687649    1.19621917163034
C         0.25006773749333   -5.49500326668833    1.38555554242958
C         1.19339677722473   -5.80147302501206    0.42016336249445
C         1.26303338774688   -5.04185199332384   -0.73686685232539
C         0.39266017035315   -3.98384192941265   -0.92543712991903
C        -0.11273236450989   -0.73762864582722    0.99920391745497
H         1.09332374999532    0.82381885384627    1.84102166659711
H         1.36691207081791    1.97408170390861   -0.35911137571679
H         0.26835828128988    0.96168829857958   -2.36345574038532
H        -1.97913210100655   -2.58871266152346   -1.14541838572411
H        -2.23468751001002   -2.46550609951956    0.61172130147890
H        -1.35349271176600   -4.20128353874996    1.95506536219353
H         0.19006748935360   -6.08351142123698    2.28975638651099
H         1.87164669353569   -6.62910941398080    0.56748716018697
H         1.99724970983528   -5.27606806395552   -1.49418798571190
H         0.44627856449573   -3.38793004573346   -1.82521152430931
H        -0.25381815716213   -1.26941189504070    1.92781882329889
24
 energy: -34.218983670562 gnorm: 0.000339126162 xtb: 6.4.0 (f63f532)
C         0.64507197927059    0.41770825774141    0.94387518410264
C         0.78773368439022    1.06906522570821   -0.27373987143708
C         0.17051191577147    0.51554938215905   -1.38314154900812
N        -0.54496213079594   -0.59703305850564   -1.34049709266413
C        -0.68575459120355   -1.22096764836135   -0.17807839700185
C        -1.48132253487079   -2.49851933412517   -0.18290958714700
C        -0.55869731736149   -3.67023204412758    0.03729385476176
C        -0.62299658120964   -4.43305550883188    1.19508063097097
C         0.24525799367513   -5.49502043013523    1.38789317152459
C         1.19217052979918   -5.80175473677969    0.42613355046478
C         1.26599027068660   -5.04257837605090   -0.73090541843746
C         0.39647005528333   -3.98450034784306   -0.92290698370098
C        -0.10208499710337   -0.74503173670590    0.99443506066485
H         1.10963168825314    0.81185862475423    1.83647998150705
H         1.36170775625742    1.97838584373822   -0.35793997752732
H         0.24648934049600    0.97868627209811   -2.35916321112651
H        -1.97523841468144   -2.58908748041929   -1.15136537650660
H        -2.23590829813252   -2.46519236121962    0.60470756768383
H        -1.36036777947861   -4.20107558197088    1.95105088190473
H         0.18171630303201   -6.08343924631114    2.29191423447644
H         1.86977749061279   -6.62941647515618    0.57615447440514
H         2.00336349233903   -5.27672153154661   -1.48518209339683
H         0.45371083204886   -3.38877117467992   -1.82259518350052
H        -0.23404068707768   -1.28376653343146    1.92038614898720
24
 energy: -34.218984897950 gnorm: 0.000188263618 xtb: 6.4.0 (f63f532)
C         0.65068220373139    0.41373179480233    0.94174553170638
C         0.78554935443964    1.07104070552632   -0.27342948954264
C         0.16217150844132    0.52224327182666   -1.38171877766652
N        -0.55195801584705   -0.59126523442883   -1.34015736171669
C        -0.68529444477892   -1.22084714497735   -0.18000896801393
C        -1.48044868749336   -2.49869344963538   -0.18616736081653
C        -0.55856176059091   -3.67041933563451    0.03648436535197
C        -0.62561079577303   -4.43290867318945    1.19433779199693
C         0.24210798464736   -5.49488619403571    1.38951621063506
C         1.19124769052426   -5.80195654507169    0.43008327654751
C         1.26808782704512   -5.04290317844358   -0.72685811347014
C         0.39900294833550   -3.98491740659563   -0.92128168169662
C        -0.09508885369650   -0.74993174478435    0.99117522837605
H         1.12042896426914    0.80380604733568    1.83335995258232
H         1.35800415544292    1.98138163653054   -0.35684471961664
H         0.23227867737293    0.98984352136884   -2.35594042540419
H        -1.97239290596413   -2.58929148546674   -1.15562742519046
H        -2.23693697725731   -2.46515846142250    0.59966769787372
H        -1.36461233876411   -4.20047778967972    1.94854954731024
H         0.17652568743495   -6.08293888055348    2.29361676937578
H         1.86851517962195   -6.62955470898712    0.58198282346396
H         2.00698613472006   -5.27755358336000   -1.47943902587344
H         0.45814284675503   -3.38978675280003   -1.82123855623716
H        -0.22059638261551   -1.29346640832655    1.91517271002464
24
 energy: -34.218985254157 gnorm: 0.000112631265 xtb: 6.4.0 (f63f532)
C         0.65281384412365    0.41213466688264    0.94103361957520
C         0.78460347283720    1.07185142469135   -0.27308355998609
C         0.15934362961246    0.52460818310004   -1.38104829040023
N        -0.55434198649116   -0.58919128026390   -1.33998038492422
C        -0.68510842637469   -1.22083850569007   -0.18074678759296
C        -1.48012583735546   -2.49878047768934   -0.18759061840038
C        -0.55855834027729   -3.67052171132117    0.03609690049669
C        -0.62637756228029   -4.43260026584546    1.19418617559374
C         0.24121642825332   -5.49450970750851    1.39032361927329
C         1.19099278728473   -5.80189963885669    0.43163385312301
C         1.26848867164702   -5.04337398777428   -0.72562162298539
C         0.39955964195399   -3.98543902922492   -0.92098495074413
C        -0.09239742662629   -0.75193532537921    0.98992998291661
H         1.12425297303786    0.80078338883691    1.83230075161736
H         1.35644308454491    1.98260659583616   -0.35610856208211
H         0.22708010148677    0.99407592584161   -2.35451586339498
H        -1.97119928203727   -2.58931996529819   -1.15747943829730
H        -2.23742412415884   -2.46513840737167    0.59744507798668
H        -1.36592473572485   -4.19992179822240    1.94778995335299
H         0.17490613995453   -6.08238573737813    2.29448950810778
H         1.86804981325144   -6.62955328216915    0.58420577226227
H         2.00813690500569   -5.27809271245926   -1.47746801981043
H         0.45955143431302   -3.39038867550589   -1.82095551303739
H        -0.21575120597970   -1.29707967723271    1.91312839734958
