15
 energy: -27.487117022242 gnorm: 0.081072047879 xtb: 6.4.1 (1a32961)
C         0.99656000000000   -1.44912000000000   -0.01806000000000
C         2.15318000000000   -0.67295000000000   -0.07610000000000
Br        3.84702000000000   -1.50417000000000   -0.14787000000000
C         2.04767000000000    0.71373000000000   -0.08855000000000
N         0.88901000000000    1.41751000000000   -0.05073000000000
C        -0.19668000000000    0.62354000000000   -0.00450000000000
N        -1.48691000000000    1.07724000000000    0.02812000000000
C        -2.35243000000000    0.01364000000000    0.05797000000000
C        -1.60192000000000   -1.14319000000000    0.05789000000000
C        -0.23106000000000   -0.76734000000000    0.01504000000000
H         1.03414000000000   -2.53221000000000   -0.00632000000000
H         2.93947000000000    1.33479000000000   -0.13432000000000
H        -1.73483000000000    2.05629000000000    0.02041000000000
H        -3.42285000000000    0.17248000000000    0.07540000000000
H        -1.99707000000000   -2.15051000000000    0.07964000000000
15
 energy: -27.491196168472 gnorm: 0.033852683721 xtb: 6.4.1 (1a32961)
C         0.98453699946915   -1.45660260811052   -0.02220766047274
C         2.12495610285947   -0.66971094239399   -0.07713219114052
Br        3.83820103697515   -1.48828333027921   -0.13876957869326
C         2.03713762022213    0.72090515816718   -0.08896039941828
N         0.89430816709311    1.40077066538468   -0.05315447978751
C        -0.19560744916177    0.63256201163578   -0.00635185463288
N        -1.47720492709132    1.08634263553162    0.02531356636742
C        -2.32747387311592    0.01233483815178    0.06116119230208
C        -1.60342522931034   -1.14788660763343    0.05561743763066
C        -0.23366083811500   -0.77852083565957    0.01232339056969
H         1.03388831587612   -2.53579534597580   -0.00848683835320
H         2.92897325528046    1.33483225295547   -0.13158826862627
H        -1.73227147009904    2.06104729430227    0.01754578111341
H        -3.38969677497314    0.16374591568936    0.08430338606127
H        -1.99936093590904   -2.14601110176562    0.07840651708014
15
 energy: -27.491954561087 gnorm: 0.005494132656 xtb: 6.4.1 (1a32961)
C         0.98044462979730   -1.45894426394717   -0.02535597158585
C         2.11261543261337   -0.66796178367304   -0.07604285811559
Br        3.84088329819812   -1.48439831828495   -0.13081261232058
C         2.03573073626261    0.72670172730073   -0.08944484794046
N         0.89777007026274    1.38699667103090   -0.05662917388690
C        -0.19848849615706    0.63990441580923   -0.01015178283926
N        -1.47539325687816    1.09184259316145    0.02396059279383
C        -2.31786173302054    0.01370966310675    0.06179600664910
C        -1.60740703209166   -1.14841936194459    0.05475262228163
C        -0.23571489401458   -0.78409403092533    0.00845418472097
H         1.03918575870185   -2.53623483298766   -0.01311259380255
H         2.93050743600416    1.33206291570885   -0.12954113767982
H        -1.73780511040021    2.06330737764765    0.01847388055265
H        -3.37890669189770    0.15803054474770    0.09121181160944
H        -2.00226014738023   -2.14277331675052    0.08046187956339
15
 energy: -27.491991023852 gnorm: 0.002152203188 xtb: 6.4.1 (1a32961)
C         0.98135685985295   -1.45786995060039   -0.02689832652504
C         2.11352266254761   -0.66771369077229   -0.07584137906847
Br        3.84331771933721   -1.48840266197392   -0.12664133167895
C         2.03802047947624    0.72791955484395   -0.08973502322895
N         0.89786931226683    1.38594926446309   -0.05850446030387
C        -0.20006182970797    0.64191551233843   -0.01214094920331
N        -1.47691482681353    1.09247365619578    0.02324050246816
C        -2.31907050711719    0.01472747410029    0.06338343493736
C        -1.60836954269590   -1.14780386501422    0.05419738956867
C        -0.23597561247459   -0.78378739915553    0.00650029073250
H         1.04149225276285   -2.53526505620588   -0.01500216898692
H         2.93434925305728    1.33054636047862   -0.12861474539743
H        -1.74254944535095    2.06324943078999    0.01841783956083
H        -3.38125863728147    0.15678116848466    0.09562713155409
H        -2.00242813785937   -2.14298979797258    0.08003179557133
15
 energy: -27.491997838413 gnorm: 0.000848906106 xtb: 6.4.1 (1a32961)
C         0.98171001983968   -1.45694201446358   -0.02789198324784
C         2.11411454286601   -0.66743154588080   -0.07553043161275
Br        3.84427662897469   -1.49115418221548   -0.12426318927783
C         2.03937628379742    0.72840909143474   -0.08984042292463
N         0.89814297786346    1.38595343769623   -0.05957466605268
C        -0.20050784022746    0.64302171998110   -0.01357530168109
N        -1.47743147035249    1.09260737961491    0.02295919465508
C        -2.31983886673919    0.01539410287555    0.06377976857007
C        -1.60847314712141   -1.14730212929186    0.05425595561094
C        -0.23606165126628   -0.78323123408111    0.00484597318653
H         1.04209190897862   -2.53449955594621   -0.01630416430929
H         2.93652505033465    1.32948601843718   -0.12799914464839
H        -1.74606159694988    2.06278118469733    0.01890005272061
H        -3.38261967537334    0.15579842493243    0.09771426472990
H        -2.00194316462448   -2.14316069779043    0.08054409428137
15
 energy: -27.491999008681 gnorm: 0.000454608569 xtb: 6.4.1 (1a32961)
C         0.98160127257164   -1.45667727397112   -0.02804258366127
C         2.11410913037800   -0.66733436965859   -0.07553050266967
Br        3.84431231093399   -1.49186940836979   -0.12322740376572
C         2.03969404075552    0.72834616080236   -0.08996146879116
N         0.89847979814306    1.38620431083402   -0.05998782315040
C        -0.20023794875122    0.64335749978332   -0.01416616340159
N        -1.47715044532582    1.09265394224071    0.02277678090308
C        -2.31980645897198    0.01571180645603    0.06424270462919
C        -1.60824482824843   -1.14707323004334    0.05413004146106
C        -0.23607647802117   -0.78291087211281    0.00426621425594
H         1.04169814284830   -2.53430423234618   -0.01660941195781
H         2.93701438630967    1.32907980112175   -0.12779929474486
H        -1.74799739006023    2.06228633595910    0.01890040209502
H        -3.38260638807853    0.15536696969827    0.09889162651068
H        -2.00148914448278   -2.14310744039371    0.08013688228752
15
 energy: -27.491999347140 gnorm: 0.000182121614 xtb: 6.4.1 (1a32961)
C         0.98148368145920   -1.45683128170035   -0.02817756583231
C         2.11400651317997   -0.66741851591315   -0.07553041274934
Br        3.84411816902974   -1.49162561667270   -0.12334535236790
C         2.03962643317292    0.72814514948950   -0.08990325755366
N         0.89868137956137    1.38633049572826   -0.05992730140213
C        -0.19993728596006    0.64333556953045   -0.01417398646344
N        -1.47679448091775    1.09276151132998    0.02287095672752
C        -2.31951659649898    0.01578840694536    0.06402240791514
C        -1.60810609693389   -1.14703745305059    0.05421801620291
C        -0.23605567498589   -0.78285935684907    0.00410132662991
H         1.04134383202405   -2.53443646839217   -0.01639763694522
H         2.93684117514591    1.32911890131438   -0.12780319233440
H        -1.74883823087127    2.06201789495769    0.01906030040440
H        -3.38218835319152    0.15541636966741    0.09869492489649
H        -2.00136446421380   -2.14297560638501    0.08031077287203
