12
 energy: -24.255159555020 gnorm: 0.078317863854 xtb: 6.4.1 (1a32961)
C        -1.37423000000000   -0.03957000000000   -0.01774000000000
C        -0.73631000000000    1.20112000000000   -0.00206000000000
C         0.65454000000000    1.23184000000000    0.01802000000000
C         1.35780000000000    2.48401000000000   -0.01078000000000
N         1.88456000000000    3.51992000000000   -0.04878000000000
N         1.42531000000000    0.11526000000000    0.04055000000000
C         0.77657000000000   -1.07453000000000    0.02749000000000
C        -0.60414000000000   -1.19727000000000   -0.00983000000000
Br       -1.42186000000000   -2.89388000000000   -0.06583000000000
H        -2.45972000000000   -0.09061000000000   -0.04384000000000
H        -1.31698000000000    2.11857000000000   -0.01506000000000
H         1.42411000000000   -1.94735000000000    0.04267000000000
12
 energy: -24.258351443890 gnorm: 0.027306709404 xtb: 6.4.1 (1a32961)
C        -1.37800381321787   -0.02897101270060   -0.02089117964297
C        -0.73937418706050    1.20059066088322   -0.00754439973177
C         0.65349731597769    1.22083345810632    0.01021021500922
C         1.35161816991172    2.46458527781516   -0.00223269046823
N         1.87372062633177    3.47998866742518   -0.04125575543640
N         1.40725547702236    0.11200439680871    0.03430031247176
C         0.78368885815087   -1.05872102267920    0.02366332622710
C        -0.59877973610046   -1.17891900298103   -0.01194862475115
Br       -1.40896098292385   -2.89030818710329   -0.05402059821711
H        -2.45736824718226   -0.08584049167626   -0.04266960651522
H        -1.30947118702926    2.11778236165221   -0.01547494615241
H         1.43182770611981   -1.92551510555042    0.04267394720717
12
 energy: -24.258611094212 gnorm: 0.008316359325 xtb: 6.4.1 (1a32961)
C        -1.38062239907351   -0.02442809625956   -0.02152060855467
C        -0.74007249812014    1.20138441889001   -0.01166921293619
C         0.65555296445337    1.21475891785707    0.00558685765369
C         1.35460616812685    2.45285773433195   -0.02769570033842
N         1.86399431472566    3.47984255810291   -0.00489029664636
N         1.39651733284329    0.10733863676980    0.02634432539126
C         0.78810371789754   -1.05461876706841    0.02060111355251
C        -0.59753597115146   -1.17109950440897   -0.01002205970336
Br       -1.40514597552136   -2.89193003242520   -0.03872444812952
H        -2.45713951438906   -0.08626298050117   -0.04110265020700
H        -1.30187844913496    2.12105261087789   -0.02232466066875
H         1.43327030934378   -1.92138549616632    0.04022734058680
12
 energy: -24.258384685996 gnorm: 0.018056853753 xtb: 6.4.1 (1a32961)
C        -1.38338417359693   -0.02367764677976   -0.02712210206087
C        -0.74437592620860    1.20220975492885   -0.01802074193542
C         0.65356060150012    1.21478536583974    0.00154238240129
C         1.34249420470181    2.45715776953906    0.02909983365697
N         1.88212041060975    3.46806106164789   -0.03743324561579
N         1.38791198001067    0.10887582865884    0.02121778826931
C         0.79294547399835   -1.05091143472706    0.01509904441316
C        -0.59585841474638   -1.16672679520184   -0.01245555756353
Br       -1.40148431222761   -2.89522215415047   -0.02824413377298
H        -2.45819742836675   -0.09203860302217   -0.04308464074425
H        -1.30152002243565    2.12356332751411   -0.02188910602113
H         1.43543760676122   -1.91856647424719    0.03610047897324
12
 energy: -24.258786364761 gnorm: 0.003197408878 xtb: 6.4.1 (1a32961)
C        -1.38053903429445   -0.02549542056660   -0.02376718443980
C        -0.74113818275502    1.20257143176502   -0.01592537370913
C         0.65577403752125    1.21760250642139    0.00237510771734
C         1.34932463385237    2.45912816066047   -0.00195794258233
N         1.87076797466919    3.47841998184583   -0.01484267306837
N         1.39593665740571    0.10917616035568    0.02240618387525
C         0.79040271404447   -1.05607958817570    0.01757960523799
C        -0.59723795030648   -1.17160553326481   -0.00977082819433
Br       -1.40703745992810   -2.89379819203517   -0.03012220013825
H        -2.45724805766888   -0.09043285475242   -0.04208694132940
H        -1.30182134169234    2.12348242738658   -0.02502960351785
H         1.43246600915228   -1.92545907964025    0.03595185014888
12
 energy: -24.258794076096 gnorm: 0.000686951284 xtb: 6.4.1 (1a32961)
C        -1.38028307796336   -0.02541146650214   -0.02410711242132
C        -0.74096379354407    1.20256664900888   -0.01787524714145
C         0.65623213268916    1.21726174075584    0.00050655074345
C         1.34888031121804    2.45920582302238   -0.00209347954760
N         1.86974125266372    3.47990098236425   -0.00789134208806
N         1.39591141328542    0.10875755022001    0.01983941711255
C         0.79099977782496   -1.05633898138966    0.01592967789613
C        -0.59700168403634   -1.17116613363604   -0.00911674010436
Br       -1.40775712230922   -2.89366606031755   -0.02402032403388
H        -2.45696781784662   -0.09100781244622   -0.04180048335994
H        -1.30087295515528    2.12393202664775   -0.02830892723823
H         1.43173156317359   -1.92652431772751    0.03374801018270
12
 energy: -24.258797917219 gnorm: 0.001537258226 xtb: 6.4.1 (1a32961)
C        -1.37985939607740   -0.02535817005434   -0.02499935920825
C        -0.74062162693675    1.20263666425618   -0.02140197653364
C         0.65691151262862    1.21703332363474   -0.00155116847840
C         1.34760826891904    2.46000146272308    0.00060345783188
N         1.86833448202146    3.48111199103538    0.00166641382702
N         1.39642132065768    0.10841545696621    0.01576922692915
C         0.79179502518787   -1.05676489198925    0.01299525963262
C        -0.59665604025655   -1.17072369891853   -0.00770817001526
Br       -1.40872242249715   -2.89341996698242   -0.01310582945216
H        -2.45661192316566   -0.09178551768505   -0.04160424664430
H        -1.29946845471481    2.12468747876316   -0.03449809876286
H         1.43051925423365   -1.92832413174915    0.02864449087420
12
 energy: -24.258799019014 gnorm: 0.000306396805 xtb: 6.4.1 (1a32961)
C        -1.37994284485732   -0.02534534585370   -0.02499826358738
C        -0.74054465994367    1.20256320383249   -0.02230352033885
C         0.65687972368039    1.21695376229659   -0.00214709679082
C         1.34736114176417    2.46007973682490    0.00159196496598
N         1.86829490973428    3.48067344251737    0.00382507832173
N         1.39673664940555    0.10847965631263    0.01506243163210
C         0.79159707086468   -1.05666240005292    0.01232999092059
C        -0.59669573491819   -1.17079378083196   -0.00718660029305
Br       -1.40842055991065   -2.89332545701452   -0.01035261647510
H        -2.45670967510590   -0.09151657236339   -0.04171181979466
H        -1.29938224681969    2.12459172414856   -0.03621580682637
H         1.43047622610636   -1.92818796981605    0.02691625826580
12
 energy: -24.258799239839 gnorm: 0.000109715846 xtb: 6.4.1 (1a32961)
C        -1.38010445702589   -0.02534164553038   -0.02523418617386
C        -0.74057591626580    1.20247925366812   -0.02307941694190
C         0.65676509347248    1.21690348442257   -0.00277500605469
C         1.34739043009057    2.45995835643257    0.00188636238716
N         1.86860705628048    3.48035808896681    0.00593740907583
N         1.39674961951788    0.10854367807429    0.01417931300810
C         0.79138681658899   -1.05650984692097    0.01172738009845
C        -0.59678273686731   -1.17087637981468   -0.00697308139838
Br       -1.40809785704097   -2.89335739715126   -0.00842994350013
H        -2.45686220124440   -0.09128438156117   -0.04136056525200
H        -1.29949506055053    2.12442194873869   -0.03734073290191
H         1.43066921304453   -1.92778515932459    0.02627246765333
