21
 energy: -32.482591133182 gnorm: 0.052785907044 xtb: 6.4.1 (1a32961)
C         1.47695000000000   -0.30993000000000    0.10731000000000
C         2.88916000000000   -0.71442000000000    0.38557000000000
O         3.61551000000000    0.00875000000000    1.07164000000000
C         3.44107000000000   -2.02351000000000   -0.13626000000000
C         1.03692000000000    1.02728000000000    0.04176000000000
O         1.73644000000000    2.20069000000000    0.10527000000000
C         3.04492000000000    2.28785000000000   -0.43425000000000
C        -0.34538000000000    1.28908000000000   -0.03047000000000
C        -1.28783000000000    0.26550000000000   -0.06495000000000
C        -0.85820000000000   -1.05186000000000   -0.03288000000000
C         0.50790000000000   -1.33657000000000    0.05751000000000
H         2.69662000000000   -2.68454000000000   -0.58001000000000
H         3.90521000000000   -2.56449000000000    0.70170000000000
H         4.20251000000000   -1.81960000000000   -0.89283000000000
H         3.13471000000000    3.26671000000000   -0.91958000000000
H         3.26596000000000    1.52668000000000   -1.18716000000000
H         3.77354000000000    2.27957000000000    0.38005000000000
H        -0.68921000000000    2.32260000000000   -0.04759000000000
H        -2.34748000000000    0.50167000000000   -0.10011000000000
H        -1.58621000000000   -1.86002000000000   -0.04438000000000
H         0.78241000000000   -2.38315000000000    0.14609000000000
21
 energy: -32.486355732911 gnorm: 0.020114244208 xtb: 6.4.1 (1a32961)
C         1.47289179534034   -0.30881350240478    0.10975325675779
C         2.88227606996608   -0.69410524005295    0.39117035282133
O         3.59684342213629    0.01129011480725    1.08956664748982
C         3.41875431532360   -2.00281250847298   -0.13563683684470
C         1.02572192798599    1.02513734816476    0.05326902891732
O         1.74701371066538    2.18161222274919    0.08740359504167
C         3.05704998978761    2.27305840845308   -0.43873572167244
C        -0.35075020927799    1.27954101134709   -0.02333911600088
C        -1.28087082426210    0.26034228593586   -0.05344682853067
C        -0.84622842546136   -1.05472330841784   -0.02242552661525
C         0.50805212647074   -1.32714616395226    0.05820283875437
H         2.67034093940184   -2.63988779330843   -0.59932166864479
H         3.89440890857865   -2.54025081824560    0.68763909707424
H         4.19144696489031   -1.78473529646777   -0.87172434791222
H         3.12707183618201    3.25533734096402   -0.91968831314764
H         3.25818554808205    1.50001636345462   -1.18004458975183
H         3.79335121937669    2.21886200794029    0.36835144035893
H        -0.67677321475314    2.30984078201487   -0.05411499092117
H        -2.33470952912367    0.49344792972483   -0.10986771725886
H        -1.56131003571031   -1.86531224842982   -0.04844122989700
H         0.80275346440102   -2.36240893580344    0.13786062998198
21
 energy: -32.487571125454 gnorm: 0.007471476354 xtb: 6.4.1 (1a32961)
C         1.46753911039265   -0.30593422553449    0.11833340574726
C         2.87095777135552   -0.67740698477562    0.42063487242114
O         3.57407192820475    0.02008766537437    1.13061003606462
C         3.41106168833580   -1.97001188226395   -0.14061946965817
C         1.01376440198850    1.02641074153733    0.05831262365366
O         1.75290368961769    2.16672426298814    0.06059554628908
C         3.06895538318726    2.24001310723467   -0.44866797612886
C        -0.36051526692399    1.27651266769760   -0.01957014996563
C        -1.28155115685423    0.25707309548795   -0.05103893904405
C        -0.84235235119009   -1.05891153580553   -0.01980733465966
C         0.50495351334223   -1.32190610420490    0.06512227643616
H         2.66551582336744   -2.58287056093865   -0.63451538569494
H         3.88696363660805   -2.52490566262688    0.66517888302520
H         4.19267237072131   -1.72395416572887   -0.85914525656269
H         3.14561376472292    3.22646296888746   -0.91153081460321
H         3.25296069437382    1.46521864114171   -1.19361502305539
H         3.80687551898096    2.14394116187394    0.35505059966683
H        -0.67135797045737    2.30753733042875   -0.05461252034228
H        -2.33317129395383    0.48590060682476   -0.11074408302350
H        -1.54900232417061   -1.87220202454004   -0.04644352511066
H         0.81866106835122   -2.34948910305772    0.14290223454510
21
 energy: -32.488285209873 gnorm: 0.009848884726 xtb: 6.4.1 (1a32961)
C         1.46285899430401   -0.29942426500773    0.13055440589043
C         2.86405496522290   -0.65934164246624    0.44166078900880
O         3.54791028617500    0.01843765385702    1.19028743794226
C         3.41410191195130   -1.93575153660764   -0.15007733896854
C         1.00386709245995    1.03135080078891    0.06115867687946
O         1.75306192422099    2.16124553336227    0.02906353601308
C         3.07774402482805    2.20322101849267   -0.46147584546474
C        -0.37116419957191    1.27787681955569   -0.01660816167359
C        -1.28605067889440    0.25476503449006   -0.04531973452445
C        -0.84252001850145   -1.06208518934153   -0.01387882247552
C         0.50334023883525   -1.31894621692827    0.07604804531374
H         2.67421144236757   -2.52319897159077   -0.68270226955653
H         3.87518517533187   -2.52104888331030    0.64228475272150
H         4.20939978085915   -1.66077796596660   -0.84558553748766
H         3.18199219676046    3.19365157044972   -0.90504584347052
H         3.24546656469140    1.43090912032532   -1.21558889255879
H         3.80930953143312    2.06914703240771    0.34440676987127
H        -0.67491526260394    2.31035176923542   -0.05693969591592
H        -2.33824079888909    0.47805680437295   -0.10884435082201
H        -1.54493546689425   -1.87795270474819   -0.04461551097115
H         0.83084229591403   -2.34219578137048    0.15764759024887
21
 energy: -32.488989687571 gnorm: 0.011540925583 xtb: 6.4.1 (1a32961)
C         1.45608659332196   -0.29027500827910    0.14550075695225
C         2.85179876892654   -0.64629002273856    0.47352505750517
O         3.51342157127888    0.01095899596745    1.26264685529761
C         3.42499200317944   -1.89211197710882   -0.16672524194754
C         0.99396495404965    1.03837388242170    0.05438614770713
O         1.74809267841214    2.16080301171751   -0.02035521431680
C         3.08800018848112    2.15700907078229   -0.47541278773026
C        -0.38352378957567    1.28139787719912   -0.01807562103314
C        -1.29289507070270    0.25264422615983   -0.03858069254165
C        -0.84507509348029   -1.06423724728955   -0.00259364980868
C         0.50148479605487   -1.31673303578096    0.09507456172143
H         2.69523034420606   -2.44895990435880   -0.74774731325200
H         3.86433571433864   -2.52098229537583    0.60732335287420
H         4.23614634271496   -1.58005705099236   -0.83101132677780
H         3.24273545113053    3.15168492496145   -0.89551457780219
H         3.24060462534543    1.39096370714376   -1.24187320715624
H         3.79837084035895    1.97945193785013    0.34232998807502
H        -0.68621017741061    2.31477811290283   -0.06397256579291
H        -2.34726392195134    0.46876968644682   -0.10185210225237
H        -1.54544837696653   -1.88229831656328   -0.03579899341423
H         0.84067155828794   -2.33660057506560    0.18515657369299
21
 energy: -32.489415898971 gnorm: 0.010787061773 xtb: 6.4.1 (1a32961)
C         1.44998655222505   -0.28254496034150    0.15630158412535
C         2.84356608269918   -0.63938007127134    0.49001283146247
O         3.48646649369845   -0.00377120068231    1.31352811338917
C         3.43662316690891   -1.85764990462732   -0.18357744096442
C         0.98823118487921    1.04352340981572    0.04512043768663
O         1.74157452243854    2.16352165317184   -0.06647005802800
C         3.09495179832967    2.12131527998804   -0.48290453720211
C        -0.39127344699888    1.28451350686937   -0.02254085674645
C        -1.29808928180711    0.25157710472394   -0.03353014290733
C        -0.84815188839556   -1.06432543615349    0.00905402423006
C         0.50020243256161   -1.31550658253416    0.11354294737133
H         2.71772966038753   -2.38914552138754   -0.80118594862342
H         3.85512660339338   -2.52008576025042    0.57515117751559
H         4.26235681148235   -1.52082010076596   -0.81615396684541
H         3.29689514576710    3.11441885157590   -0.88912322214799
H         3.24363289183262    1.36049927918328   -1.25537854066307
H         3.77564378817964    1.91899656621460    0.35172173143196
H        -0.69964738054187    2.31703893771652   -0.07500646309208
H        -2.35465577849806    0.46290338534385   -0.09198423965352
H        -1.54943080061545   -1.88286806447117   -0.02218086685912
H         0.84378144207368   -2.33392037211786    0.21203343652035
21
 energy: -32.489662473153 gnorm: 0.006374461445 xtb: 6.4.1 (1a32961)
C         1.44614224555108   -0.27992404180990    0.15843392159123
C         2.83890733611841   -0.64250505876939    0.49708445732619
O         3.47305301281278   -0.01959757675866    1.33357576360662
C         3.44372353485459   -1.84043919187764   -0.19620396809433
C         0.98768989296776    1.04412456071205    0.03320523510411
O         1.73828304516256    2.16418792538700   -0.09611755389398
C         3.09814630791722    2.10639528533348   -0.48292312543109
C        -0.39243498671627    1.28538262577111   -0.03035273422703
C        -1.30023342811583    0.25173419363082   -0.02987965012418
C        -0.85107199768904   -1.06307343425680    0.02135984836025
C         0.49868936611617   -1.31526448464852    0.12573430066863
H         2.73420069358318   -2.35652194236373   -0.83484517680455
H         3.84975555905767   -2.52071831157539    0.55175910407887
H         4.27931823530278   -1.49043927393507   -0.80463793118162
H         3.32469931945795    3.09427084207237   -0.88520320017235
H         3.25383334318349    1.34736553625899   -1.25434079791280
H         3.75264137442845    1.89905969530127    0.36743068555816
H        -0.70797723456043    2.31600957288228   -0.09089369197378
H        -2.35760121507523    0.46253674109199   -0.08577021534274
H        -1.55457565019882   -1.88077412445436   -0.00352828253952
H         0.84033124584149   -2.33351953799190    0.23254301140391
21
 energy: -32.489820041718 gnorm: 0.007187274692 xtb: 6.4.1 (1a32961)
C         1.44332526699186   -0.27736406181903    0.15625044874119
C         2.83674969270043   -0.64490379661459    0.49966330977160
O         3.45807527386137   -0.04231605895847    1.36228159717443
C         3.44706640473462   -1.82568369479062   -0.21158472752577
C         0.98683876807454    1.04423864732336    0.01810944624989
O         1.73552397268331    2.16447984451337   -0.12730646669075
C         3.10140427683634    2.09780127096179   -0.48181436762381
C        -0.39298871648937    1.28437108920925   -0.04405158873298
C        -1.30137164796325    0.25066614672157   -0.02688306695323
C        -0.85257639039469   -1.06267110717308    0.03935252150768
C         0.49828050860141   -1.31384692307612    0.13835276278910
H         2.74784623926854   -2.32035600158179   -0.88140066883490
H         3.83259449415992   -2.52880228521475    0.52659784730674
H         4.30089041350393   -1.46309709286028   -0.78687118909484
H         3.34737570586226    3.08087949836854   -0.88129872027789
H         3.26833216973833    1.33687842516229   -1.24853261133511
H         3.73025727622732    1.88549907745219    0.38578482036901
H        -0.71532107361278    2.31204317362275   -0.11667528059189
H        -2.35874628001597    0.46183251058165   -0.07799021764936
H        -1.55705615420832   -1.88008594672345    0.02998010141497
H         0.83901979944017   -2.33127271510455    0.25446604998593
21
 energy: -32.489953309260 gnorm: 0.005109169989 xtb: 6.4.1 (1a32961)
C         1.44065328634052   -0.27542361677076    0.15461809272335
C         2.83594747993801   -0.64805093846298    0.49728912990425
O         3.45191368735460   -0.05780032503343    1.36631476205840
C         3.44702626322852   -1.81623765900207   -0.22762336172693
C         0.98473445332620    1.04372386215492    0.00222610765142
O         1.73247744066628    2.16431191805456   -0.15307673292775
C         3.10530340544108    2.09529183607502   -0.47252648273543
C        -0.39407199787090    1.28184475249400   -0.06354158171857
C        -1.30299871273234    0.24857679996207   -0.02633150835582
C        -0.85422456510697   -1.06319720773659    0.06084842770506
C         0.49760628717988   -1.31194950477006    0.15457503796118
H         2.75585443455896   -2.29160445250685   -0.91548718400586
H         3.81818061805974   -2.53719493089806    0.49947093963689
H         4.31241706319849   -1.45063819198190   -0.77748134882456
H         3.36298943754094    3.07407331293057   -0.87233616682203
H         3.29089394850884    1.32861018439307   -1.23022560093306
H         3.71102959524371    1.88597409734043    0.41235046104104
H        -0.72111032382521    2.30642807422524   -0.15272442489840
H        -2.35975819732898    0.46106598214770   -0.07623513637655
H        -1.55827435372924   -1.88111482982533    0.06970770529157
H         0.83893075000784   -2.32839916278952    0.27661886535182
21
 energy: -32.490073909747 gnorm: 0.006117902471 xtb: 6.4.1 (1a32961)
C         1.43861755951624   -0.27290780497613    0.15514841540970
C         2.83442420661270   -0.64975740617403    0.49934989471032
O         3.44180802368237   -0.07906080486034    1.38732122667847
C         3.44536998486337   -1.80372037455988   -0.25005320079088
C         0.98127538827545    1.04335947292559   -0.01452619006307
O         1.72940021315622    2.16316788352381   -0.18476399055935
C         3.11122812373164    2.09115157389584   -0.46336358473776
C        -0.39691465395195    1.27796400590250   -0.08648254713181
C        -1.30509833520882    0.24480899782309   -0.02513471187738
C        -0.85527738128746   -1.06494001515456    0.08745296661732
C         0.49749088592151   -1.30969803276113    0.17489811072504
H         2.76207384257343   -2.24833876244531   -0.96944258225727
H         3.79009380944532   -2.55425350953726    0.46399578579740
H         4.33050147669610   -1.43168058109755   -0.76611411419047
H         3.37800907970757    3.06546358056855   -0.86618599785273
H         3.32056714404695    1.31522892917614   -1.20739593241590
H         3.69358012068966    1.89177596263685    0.43888345184434
H        -0.72540121190174    2.29989059605804   -0.19812833413973
H        -2.36145385675958    0.45740566514802   -0.07650909509809
H        -1.55752266134494   -1.88388318903399    0.11886995300640
H         0.84274824153589   -2.32368618705823    0.30861047632550
21
 energy: -32.490187885102 gnorm: 0.005872316127 xtb: 6.4.1 (1a32961)
C         1.43875442726797   -0.27185253768987    0.15561675347730
C         2.83686139040630   -0.64986083041324    0.49169904492827
O         3.44221143785614   -0.09800098909251    1.39327723916991
C         3.43945170307483   -1.79785070512094   -0.27524714689269
C         0.97842702183244    1.04088441954621   -0.03153117751304
O         1.72735678746988    2.15943757545720   -0.20925286796270
C         3.11671694710386    2.09547973424168   -0.44697987396217
C        -0.39931383307503    1.27133799910720   -0.11554133491709
C        -1.30661442877239    0.23944982694975   -0.02803281360287
C        -0.85561109094906   -1.06729171343664    0.11611313052739
C         0.49807336955478   -1.30800289193858    0.19848156541308
H         2.75852455271368   -2.21011049717237   -1.01167060852765
H         3.75776290162075   -2.57055372178157    0.42632204175318
H         4.33963292032173   -1.43458459091277   -0.76608554571776
H         3.38174594753011    3.06654975748382   -0.85845775895609
H         3.35860393714856    1.30654380708936   -1.17031715439208
H         3.67800035840589    1.91954392126566    0.47363817851925
H        -0.72536472383524    2.29080552571531   -0.25301908850760
H        -2.36269240257826    0.45179911022871   -0.08377565874959
H        -1.55540915119684   -1.88672239254821    0.17411841696722
H         0.84840192809982   -2.31871080697817    0.34707465894580
21
 energy: -32.490252282254 gnorm: 0.005966871164 xtb: 6.4.1 (1a32961)
C         1.43959275320902   -0.27170599078964    0.16110641145474
C         2.83826251472000   -0.64862379038286    0.49049250335533
O         3.44979390301873   -0.10085106259300    1.38674736315616
C         3.43468975593828   -1.79530346897316   -0.28692849999231
C         0.97764651378842    1.03877174762267   -0.03816573223060
O         1.72640324150313    2.15626618483093   -0.22069499692497
C         3.11898383590580    2.09727361773012   -0.43867028021713
C        -0.40061197376780    1.26679209203181   -0.13005077968686
C        -1.30660616544328    0.23577752453341   -0.03151088667859
C        -0.85462404591689   -1.06852967751194    0.12900090089881
C         0.49886948794588   -1.30798268987298    0.21491109468941
H         2.75193874237466   -2.18641228645921   -1.03588315524934
H         3.73507286394439   -2.58133024161495    0.40789551373543
H         4.34431296548073   -1.43692371137449   -0.76691924554929
H         3.38452924035845    3.06853260945128   -0.85480134920290
H         3.37441385340789    1.30392456052191   -1.15132321269618
H         3.67050372073887    1.93112034139244    0.49193744609894
H        -0.72350599919179    2.28516579037023   -0.27864017048320
H        -2.36317131669758    0.44583746566259   -0.09169762768645
H        -1.55329086769683   -1.88720446724295    0.19681839296206
H         0.85231697637981   -2.31630454733222    0.37280631024702
21
 energy: -32.490304104873 gnorm: 0.005317580120 xtb: 6.4.1 (1a32961)
C         1.44202979305838   -0.27188044898577    0.16956212263768
C         2.84199822195218   -0.64621649825250    0.48799249417640
O         3.46585770536942   -0.09838206219474    1.37582074252994
C         3.42817734955944   -1.79770262176118   -0.29324270253208
C         0.97940243698799    1.03664720009024   -0.03616230324418
O         1.72623244283740    2.15413460972159   -0.22016551690870
C         3.11805271281694    2.10234162667292   -0.43230855209497
C        -0.39974238944865    1.26301213297939   -0.13637901593799
C        -1.30441862037352    0.23280993198855   -0.03716276746900
C        -0.85168630840691   -1.06908525534121    0.13317341934636
C         0.50114278235425   -1.30857785072811    0.22647798980400
H         2.74065098784181   -2.17671886244255   -1.04045750531783
H         3.71630907878218   -2.58807803829794    0.39747005728185
H         4.34081351473778   -1.45229451744176   -0.77506277537989
H         3.37818741622970    3.07321303266239   -0.85593508935038
H         3.38023066476301    1.30742033179800   -1.13642121743868
H         3.66821991375143    1.94893558753965    0.50093356956352
H        -0.71948608772449    2.28087679042648   -0.29076288200529
H        -2.36174503518072    0.43914210032134   -0.10460680619285
H        -1.55033159802174   -1.88639203406478    0.20218393901974
H         0.85562501811403   -2.31491515469000    0.39148279951245
21
 energy: -32.490337100757 gnorm: 0.004615655262 xtb: 6.4.1 (1a32961)
C         1.44324399103938   -0.26868334512249    0.17946645803092
C         2.84574177144325   -0.64308860950533    0.48626091346725
O         3.47876107115730   -0.10454045032693    1.37512089773478
C         3.42119927929884   -1.79116977582376   -0.30905444507348
C         0.97976600981627    1.03620896680700   -0.04225529556469
O         1.72222626678489    2.15448218942121   -0.23965658701443
C         3.11968924168667    2.10220822024417   -0.42363210827977
C        -0.40021459420990    1.25894196198563   -0.15043474433515
C        -1.30302622469682    0.22781483084768   -0.04123252205804
C        -0.84846717606624   -1.07110040277506    0.14923773202981
C         0.50457035652809   -1.30784666319537    0.24779957989822
H         2.73295439777739   -2.14164309998368   -1.07328049012327
H         3.68123883762680   -2.60345208382581    0.37075890214960
H         4.34865574590307   -1.45566901828795   -0.77355047556281
H         3.38682950302619    3.06876031553668   -0.85476603871190
H         3.39824626305329    1.30229282561065   -1.11487471272958
H         3.65214005708320    1.96070249927606    0.52394097565637
H        -0.72098023598696    2.27485188821657   -0.31904987973243
H        -2.36108723852546    0.42913506604041   -0.11581009180638
H        -1.54697968114099   -1.88851151834128    0.22673976592630
H         0.86101235840164   -2.31140379679838    0.42470216609877
21
 energy: -32.490366134491 gnorm: 0.002675159769 xtb: 6.4.1 (1a32961)
C         1.44430176289212   -0.26796048618281    0.18214885082513
C         2.84789986323703   -0.64368805035339    0.48599833147274
O         3.48755055190182   -0.10059162514598    1.36742536154974
C         3.41826888042060   -1.79425415515768   -0.30746324982949
C         0.98139994371380    1.03662654820730   -0.03926032885173
O         1.72195334167158    2.15577825046854   -0.23631268067620
C         3.11788322687600    2.10586819916486   -0.42393507984134
C        -0.39860486212973    1.25906868281024   -0.14682028466635
C        -1.30152512990509    0.22728036248391   -0.04277525935713
C        -0.84680550662568   -1.07160255960274    0.14710506214060
C         0.50605136920912   -1.30745523034523    0.24810951719047
H         2.72989675538180   -2.14487376459855   -1.07039107690609
H         3.67503337205292   -2.60570740984843    0.37226187179536
H         4.34711721559898   -1.46401513426432   -0.77297234553476
H         3.38364723439010    3.07127745073784   -0.85555221887892
H         3.39577968982019    1.30526590232598   -1.11464233555703
H         3.65097109905266    1.96581764447657    0.52158062650316
H        -0.72112843341460    2.27460558408533   -0.31451198465781
H        -2.35928077958516    0.42746772916142   -0.12059002975472
H        -1.54586279361231   -1.88959187413754    0.22093153392091
H         0.86097319905373   -2.31102606428532    0.42609571911358
21
 energy: -32.490386130409 gnorm: 0.001616670820 xtb: 6.4.1 (1a32961)
C         1.44557383590587   -0.26578499450837    0.18570504386864
C         2.85117600956658   -0.64299292494114    0.48424557960548
O         3.49776502698943   -0.09643181151049    1.35890764178866
C         3.41393484818722   -1.79568136158065   -0.30930522977809
C         0.98189812436393    1.03776950734501   -0.03944186901542
O         1.72036495586966    2.15763735552000   -0.24029155552488
C         3.11719259948090    2.10956685262072   -0.42275132415561
C        -0.39820968564242    1.25828155674082   -0.14657676663661
C        -1.30040684470064    0.22526325873732   -0.04408221792150
C        -0.84440591247748   -1.07297410930669    0.14884793798282
C         0.50842946297945   -1.30596305792333    0.25329333218563
H         2.72653822518568   -2.13916343637550   -1.07552267256200
H         3.65939841486658   -2.61182404875730    0.36814522552846
H         4.34831827048902   -1.47468576053739   -0.76914619845407
H         3.38556553087561    3.07419969004568   -0.85261797195567
H         3.39772519411936    1.30754429329324   -1.11189924504622
H         3.64533609284899    1.96818122803043    0.52478939736600
H        -0.72356106082082    2.27255494209223   -0.31570263017572
H        -2.35773577125365    0.42388815878614   -0.12548430737274
H        -1.54282615299549   -1.89216607535055    0.22117792589418
H         0.86344883616210   -2.30892926242018    0.43413990437877
21
 energy: -32.490402982148 gnorm: 0.003423313532 xtb: 6.4.1 (1a32961)
C         1.44792136358376   -0.26337648614261    0.18813607862442
C         2.85541497111130   -0.64256231047739    0.48052635274244
O         3.50870127408478   -0.09266922563446    1.34849008013669
C         3.40875222591596   -1.79880009730656   -0.31225508411704
C         0.98226058626035    1.03887095384750   -0.04085258068495
O         1.71903916350205    2.15884239810605   -0.24659656098315
C         3.11633125139905    2.11540984875861   -0.42127759888384
C        -0.39795975378740    1.25653744781338   -0.14824112451163
C        -1.29906734373990    0.22240795700374   -0.04458277571573
C        -0.84132091410848   -1.07471963151187    0.15274108810799
C         0.51174525506687   -1.30369153082294    0.25987302536495
H         2.72420445568880   -2.12733517548907   -1.08896504011140
H         3.63111063619119   -2.62411942502998    0.36372655442972
H         4.35576596902788   -1.49164431206363   -0.75706883223142
H         3.38499046829660    3.08118006313548   -0.84497475579178
H         3.40130931498010    1.31473408959538   -1.11145701089679
H         3.63850288219686    1.97087048034147    0.52781703265541
H        -0.72642494550059    2.26922261393080   -0.32102640229774
H        -2.35596246104991    0.42014119935628   -0.12867573751022
H        -1.53792387294612   -1.89539018608431    0.22641135850239
H         0.86812947382673   -2.30561867132589    0.44468193317179
21
 energy: -32.490421095184 gnorm: 0.003170132855 xtb: 6.4.1 (1a32961)
C         1.44905548738784   -0.26204692153292    0.18678857942726
C         2.85687723731839   -0.64158605207708    0.47752266505440
O         3.51199442808950   -0.08876746207323    1.34243715966003
C         3.40684036291583   -1.80104498552335   -0.31278307709595
C         0.98158813726013    1.03994600442739   -0.04346810434451
O         1.71734320688932    2.16009469816484   -0.25282435120365
C         3.11641387221995    2.11799109836728   -0.42120302780142
C        -0.39879677458668    1.25571064854096   -0.14919516935001
C        -1.29900398619611    0.22085676367537   -0.04289541307527
C        -0.84004555074291   -1.07573022435324    0.15478427399119
C         0.51337105944283   -1.30244051756392    0.26086798365216
H         2.72680584302617   -2.12242265428613   -1.09513426779503
H         3.61466486291217   -2.62884380245004    0.36391008361289
H         4.36093929616277   -1.50316570133772   -0.74717469892376
H         3.38710176652498    3.08693766843831   -0.83693225707212
H         3.40406915351541    1.32204939963524   -1.11620981737188
H         3.63456252676907    1.96547302087129    0.52955179121231
H        -0.72875451301794    2.26773136231575   -0.32207485716958
H        -2.35590270364515    0.41869085414268   -0.12572217317604
H        -1.53497777768522   -1.89734248371555    0.23001564686916
H         0.87137406543957   -2.30380071366595    0.44616903089992
21
 energy: -32.490454547442 gnorm: 0.003287471007 xtb: 6.4.1 (1a32961)
C         1.45229233913496   -0.26078526098569    0.18274069008951
C         2.86000805816782   -0.64039001437772    0.47016562889917
O         3.51932668578237   -0.08368383944798    1.32956415748516
C         3.40331459304062   -1.80837607210569   -0.31326534712774
C         0.98163456978806    1.04077665346477   -0.04865291402618
O         1.71441716431328    2.16167760227122   -0.26319846446421
C         3.11515955627911    2.12632377815149   -0.42077875036279
C        -0.39931198335037    1.25330943797755   -0.15270804544631
C        -1.29806357840302    0.21799858698986   -0.03956249931588
C        -0.83721151862758   -1.07729808671450    0.16064179279805
C         0.51705559585210   -1.30125799453547    0.26235773763836
H         2.73331008879612   -2.10997197557489   -1.11252182331591
H         3.57371132870026   -2.64458220920792    0.36570952805228
H         4.37490283829905   -1.53189161217028   -0.72235062475562
H         3.38400111437707    3.10289372666715   -0.82078213096066
H         3.41159141744260    1.34194961980127   -1.12573203647479
H         3.62722097166804    1.96244353545507    0.53162985676834
H        -0.73076763225944    2.26449414061964   -0.32768056460169
H        -2.35548940266291    0.41618768174203   -0.11879497309977
H        -1.52939674310590   -1.89998825468040    0.24182751210757
H         0.87781453676764   -2.30153944333952    0.44782127011322
21
 energy: -32.490481820987 gnorm: 0.002680982208 xtb: 6.4.1 (1a32961)
C         1.45443461073694   -0.26150077753915    0.17645778636724
C         2.86097650776511   -0.64041317340873    0.46428360779348
O         3.52183970476256   -0.07991169561342    1.31997629331707
C         3.40269451645277   -1.81678848791472   -0.30969403460550
C         0.98244348413761    1.04067406688758   -0.05165391519656
O         1.71257897946942    2.16283548256911   -0.26680538905210
C         3.11322284786918    2.13388315682357   -0.42240154283697
C        -0.39906743751763    1.25243333463232   -0.15258824286646
C        -1.29741578199870    0.21753144010908   -0.03545510329840
C        -0.83584297706520   -1.07757847349161    0.16240026795525
C         0.51901734514218   -1.30202496037263    0.25758961549890
H         2.74368714123703   -2.10803471114106   -1.12169289823735
H         3.54653124405194   -2.65444943185374    0.37323472036435
H         4.38568053342428   -1.55504355686804   -0.69979391054127
H         3.37698734720465    3.11733938752109   -0.80974348479956
H         3.41502859663301    1.36068151629558   -1.13744098898492
H         3.62508576160249    1.96085557881186    0.52798155319229
H        -0.73040823529406    2.26400328059787   -0.32685678850238
H        -2.35547407251648    0.41660961913447   -0.10913975243251
H        -1.52708249790026   -1.90034629713317    0.24769879531590
H         0.88060238180308   -2.30246529804624    0.44007341154960
21
 energy: -32.490503025555 gnorm: 0.002153820024 xtb: 6.4.1 (1a32961)
C         1.45580065960978   -0.26241711764952    0.17126732303650
C         2.86163773481509   -0.64015834227289    0.45940398146780
O         3.52495573767620   -0.07661495774586    1.31128413985802
C         3.40243855957634   -1.82372276773650   -0.30574405745415
C         0.98374003491582    1.04012196493589   -0.05387734993726
O         1.71067950832152    2.16414323654744   -0.26872515650347
C         3.11116463800017    2.14049965980985   -0.42429796281342
C        -0.39849225611481    1.25220428284730   -0.15090884315755
C        -1.29670754118004    0.21777913973118   -0.03167949602293
C        -0.83458761140871   -1.07748778620187    0.16316862847367
C         0.52050825173909   -1.30369153403586    0.25226359232091
H         2.75407677322596   -2.10731883662413   -1.12881967384035
H         3.52341417763887   -2.66278752599805    0.37972300933604
H         4.39489680141323   -1.57373665300812   -0.67947419767972
H         3.37076030175830    3.12772693657121   -0.80520319249946
H         3.41699603638578    1.37438552338258   -1.14448027290079
H         3.62370520927972    1.96319228248253    0.52454521599339
H        -0.72930704664846    2.26429954030751   -0.32282909008026
H        -2.35536059640696    0.41634993745961   -0.10087933245976
H        -1.52640643033832   -1.89977092347348    0.25027362671033
H         0.88160705774131   -2.30470605932881    0.43141910815255
21
 energy: -32.490520858635 gnorm: 0.001081327293 xtb: 6.4.1 (1a32961)
C         1.45555720932064   -0.26259196180009    0.17168220678548
C         2.86137614347088   -0.64055642544495    0.46086744072326
O         3.52342161876818   -0.07895729508159    1.31469637651892
C         3.40326687662106   -1.82266399147035   -0.30499176653378
C         0.98385161256391    1.03989665317786   -0.05254895421266
O         1.71059864596495    2.16420934913626   -0.26704393760411
C         3.11083815240394    2.14051540291782   -0.42671153165792
C        -0.39846016183930    1.25279831425797   -0.14828020599505
C        -1.29669395442166    0.21823737215125   -0.03036854880620
C        -0.83445538168363   -1.07764411845993    0.16213364517492
C         0.52042777013808   -1.30426393480940    0.25092790643660
H         2.75892287238443   -2.10279405187951   -1.13167718511048
H         3.51900918723427   -2.66399291982607    0.37718630777816
H         4.39753740949534   -1.57375308529020   -0.67215221210947
H         3.37021969209739    3.12596078922543   -0.81216473354415
H         3.41401099529642    1.37104387340107   -1.14407673495194
H         3.62627829868903    1.96717862345601    0.52172741351544
H        -0.72912639525149    2.26514635330981   -0.31941701948572
H        -2.35521616373499    0.41613007012806   -0.09984156180327
H        -1.52695302361071   -1.89991617437846    0.24755772557957
H         0.88110859609317   -2.30569284272101    0.42892536930250
21
 energy: -32.490563360564 gnorm: 0.002533844086 xtb: 6.4.1 (1a32961)
C         1.45434405213272   -0.26250008124575    0.17279842130083
C         2.86086239602906   -0.63908803007668    0.46475844158068
O         3.51905752139539   -0.07925552970692    1.32198001633408
C         3.40712813071531   -1.81705001565288   -0.30271813368303
C         0.98333814250977    1.03940723188346   -0.04744067101800
O         1.71060202932600    2.16438551376623   -0.25818319714863
C         3.10963318560367    2.13617157122299   -0.43426615137564
C        -0.39922929219925    1.25497256976287   -0.13908231987304
C        -1.29701757145980    0.21960371005346   -0.02650172902982
C        -0.83386331337839   -1.07817830715121    0.15780513378910
C         0.52034642103880   -1.30594041263135    0.24643556636180
H         2.77920832002626   -2.08124215548091   -1.14635993255348
H         3.49716724155181   -2.66807075505672    0.36892831857431
H         4.41146856232303   -1.57450854780329   -0.64159514005572
H         3.36862375560561    3.11362369510247   -0.84002840821642
H         3.40172150645203    1.35217904524349   -1.13969281096851
H         3.63561114613172    1.97937683169616    0.51285272720409
H        -0.72952094407322    2.26849266686295   -0.30469413166862
H        -2.35551445654516    0.41494700428556   -0.09407840009662
H        -1.52856488115468   -1.90022744298251    0.23675932975926
H         0.88011804796922   -2.30880856209140    0.41875307078346
21
 energy: -32.490592727460 gnorm: 0.002732193501 xtb: 6.4.1 (1a32961)
C         1.45376627656970   -0.26214710489780    0.17355661404106
C         2.86088710736945   -0.63653421308441    0.46657924556514
O         3.51643034572547   -0.07607346125059    1.32542225949266
C         3.41024316398216   -1.81296166993411   -0.30104795479480
C         0.98250813498557    1.03990257533454   -0.04292924185950
O         1.71096624560898    2.16474190611150   -0.25100205556614
C         3.10858937224887    2.13162384166411   -0.43915280783897
C        -0.40017555956851    1.25617578445533   -0.13295475384042
C        -1.29737280373894    0.22009491866129   -0.02388002690152
C        -0.83357348371096   -1.07852828354050    0.15447577720034
C         0.52050455589315   -1.30665446641162    0.24265421002633
H         2.79422237935026   -2.06410113852122   -1.15807470169567
H         3.47866477890831   -2.67107041467574    0.36519213334066
H         4.42356860568464   -1.57748305963403   -0.61936647606480
H         3.36676621669117    3.10416543040696   -0.85721468329327
H         3.39303450074000    1.33945642427210   -1.13843676864930
H         3.64154289106281    1.98335790692889    0.50554576921396
H        -0.73048355515944    2.27030726150992   -0.29449438067202
H        -2.35617852438165    0.41448831139752   -0.08966743902303
H        -1.52878740340411   -1.90045241792034    0.22986632625022
H         0.88039675514300   -2.31001813087182    0.41135895506914
21
 energy: -32.490631118995 gnorm: 0.004556045514 xtb: 6.4.1 (1a32961)
C         1.45263260468808   -0.26145846461534    0.17543615666750
C         2.86096400444613   -0.62937038292688    0.47097026840714
O         3.51086705101764   -0.06370285562055    1.33096645007716
C         3.41817511675504   -1.80296866985198   -0.29586019955361
C         0.98019196708038    1.04165451383076   -0.03120170821721
O         1.71240290637357    2.16569721031666   -0.23178999223201
C         3.10570435182397    2.11987821263940   -0.45150360450239
C        -0.40260093371633    1.25891816336455   -0.11688235777934
C        -1.29825530808598    0.22076843438145   -0.01695342159326
C        -0.83305891690181   -1.07955140536092    0.14607907459163
C         0.52105003933984   -1.30812097751245    0.23299496868711
H         2.83454996836974   -2.01926497083543   -1.18786953835488
H         3.42691374970890   -2.67862890770709    0.35668163600865
H         4.45531372530652   -1.58987433475814   -0.55963647165228
H         3.36052988515932    3.08091082575578   -0.89843673504183
H         3.37028826875022    1.30952344185252   -1.13810241746378
H         3.65733864128296    1.98995401034260    0.48504500074930
H        -0.73333114996417    2.27452610714091   -0.26745470635134
H        -2.35786560274274    0.41400038151218   -0.07822145502906
H        -1.52834129504464   -1.90187403023053    0.21164070806544
H         0.88205092635330   -2.31272630171749    0.39052834451713
21
 energy: -32.490650734349 gnorm: 0.002313856865 xtb: 6.4.1 (1a32961)
C         1.45286267935512   -0.26179084245688    0.17601051863721
C         2.86112222775018   -0.62900401340701    0.47074785962801
O         3.51227490401452   -0.06079011104515    1.32833994701242
C         3.41769204534756   -1.80383627086843   -0.29492002510684
C         0.98026311758555    1.04182810804446   -0.03067561840290
O         1.71293346738634    2.16537560345786   -0.23161151319032
C         3.10569707498693    2.11992173060523   -0.45094260496799
C        -0.40231091372055    1.25852832225462   -0.11723502028093
C        -1.29817671246451    0.22042977370484   -0.01766071029692
C        -0.83341037527715   -1.07954751060866    0.14550163266626
C         0.52092429853512   -1.30790823608090    0.23300863981747
H         2.83257021291658   -2.02267441885272   -1.18326687530508
H         3.43006030474728   -2.67677546169975    0.35838728147542
H         4.45190633148301   -1.59145118415941   -0.56319622982143
H         3.35939862506821    3.08264626242214   -0.89336283298463
H         3.37115004168753    1.31347126287315   -1.14117985126263
H         3.65725233973090    1.98550416376290    0.48402743726054
H        -0.73315106166863    2.27401775649850   -0.26781270575036
H        -2.35774404117757    0.41486916040029   -0.07914052166362
H        -1.52792026086614   -1.90216685141535    0.21099089783141
H         0.88212569457965   -2.31235724342975    0.39042029470496
21
 energy: -32.490673707318 gnorm: 0.001445362740 xtb: 6.4.1 (1a32961)
C         1.45329831416029   -0.26249836628746    0.17792601054833
C         2.86172964835113   -0.62596998413522    0.47241867838610
O         3.51250029177858   -0.05256501763340    1.32727740594777
C         3.41960601354148   -1.80259053489323   -0.28987002760614
C         0.97992874957754    1.04284912287989   -0.02370034008053
O         1.71441758229515    2.16550183152115   -0.22226753771205
C         3.10403040789047    2.11741209739482   -0.45699333014563
C        -0.40226184720721    1.25902556471012   -0.10912982477243
C        -1.29797377040167    0.21992580437870   -0.01507772295825
C        -0.83340045722021   -1.08038739493274    0.14028947200687
C         0.52140598322270   -1.30853689188771    0.22785993606667
H         2.84761906670356   -2.00824723558696   -1.18916166907646
H         3.40813772357723   -2.67892143210859    0.35824967270289
H         4.46053893919287   -1.60252525187768   -0.53845129602248
H         3.35292779620138    3.07901465877873   -0.90350022781946
H         3.36143069637318    1.31045728105249   -1.14953174957505
H         3.66604197778010    1.98286846437010    0.47076664963803
H        -0.73372933266157    2.27492490450749   -0.25503076164072
H        -2.35756207781141    0.41624533022313   -0.07588174980369
H        -1.52639809577210   -1.90423135906175    0.20037292806064
H         0.88323239042846   -2.31346159141190    0.37986548385566
21
 energy: -32.490696143671 gnorm: 0.002822447957 xtb: 6.4.1 (1a32961)
C         1.45438915967252   -0.26417185023587    0.18042763725314
C         2.86263215934618   -0.62281196097213    0.47570179762740
O         3.51346503746673   -0.04127089522200    1.32534195783635
C         3.42219159526388   -1.80308264640916   -0.27974171190953
C         0.98023188040327    1.04394733833645   -0.01222929188303
O         1.71643700161303    2.16610108750564   -0.20591198503552
C         3.10055796985814    2.11698457116129   -0.46930120576261
C        -0.40138957269765    1.26012082071358   -0.09340836621847
C        -1.29713226111407    0.21928181484313   -0.00973825284893
C        -0.83274239583338   -1.08202988292096    0.13105348537873
C         0.52265744974603   -1.31008187760089    0.21831075552681
H         2.87533007238721   -1.98513471810696   -1.20042800826417
H         3.36597407030384   -2.68584652072173    0.35831637976149
H         4.47617493192131   -1.62411386547632   -0.48954287225606
H         3.34045813843956    3.07838515826034   -0.92151836783843
H         3.34292824735384    1.30953848731771   -1.16755699006282
H         3.68283496011223    1.98189438562185    0.44604607698935
H        -0.73419620983470    2.27687796527093   -0.23065664898707
H        -2.35632690720586    0.41845364478704   -0.07013669675362
H        -1.52357863399535   -1.90839385865582    0.18052303157098
H         0.88462330679318   -2.31635719749615    0.36087927587602
21
 energy: -32.490707622088 gnorm: 0.002262803416 xtb: 6.4.1 (1a32961)
C         1.45509601013635   -0.26472228760461    0.17948015676345
C         2.86313439467660   -0.62361614211197    0.47476875951276
O         3.51552169251924   -0.04020895302103    1.32176759657196
C         3.42134098160267   -1.80691946414928   -0.27672860898275
C         0.98107547656701    1.04367374370552   -0.01197462024709
O         1.71627885911802    2.16651803005217   -0.20467356405212
C         3.09959343357076    2.12079826425363   -0.47103239505169
C        -0.40051239362146    1.26008877696600   -0.09147787416881
C        -1.29656831730216    0.21921464341199   -0.00926919538680
C        -0.83220643368468   -1.08221669054742    0.12963160731886
C         0.52321825028427   -1.31031430369342    0.21670267958877
H         2.87717414225773   -1.98975286549978   -1.19761031442090
H         3.36192084947801   -2.68771726707494    0.36103541818698
H         4.47482667016828   -1.63027862757356   -0.48389338180500
H         3.33777559286867    3.08556289336214   -0.91743362335228
H         3.34104206273831    1.31757112978688   -1.17469561663228
H         3.68429559634446    1.98073375586193    0.44228933007523
H        -0.73375779007962    2.27695201661241   -0.22721314621892
H        -2.35544271940451    0.41897755417189   -0.06966052067320
H        -1.52278813069729   -1.90909854797165    0.17777137389924
H         0.88450177245928   -2.31695565893694    0.35864593907463
21
 energy: -32.490721587324 gnorm: 0.001419707211 xtb: 6.4.1 (1a32961)
C         1.45577298645730   -0.26473390628960    0.17693180269450
C         2.86409970350538   -0.62309338683731    0.47276263726315
O         3.51758725262401   -0.03590682152066    1.31606779836311
C         3.42204827333956   -1.81063005572459   -0.27201287859306
C         0.98162731144601    1.04351637294094   -0.01110411921570
O         1.71555638033031    2.16770143245617   -0.20049673722286
C         3.09753541691011    2.12383300181320   -0.47494457998252
C        -0.40021854790523    1.26064762494192   -0.08720737675790
C        -1.29613430841249    0.21952793323087   -0.00755266586093
C        -0.83102316088273   -1.08241200087491    0.12675470912278
C         0.52426298894481   -1.31078914579018    0.21267386274918
H         2.88865990493554   -1.98911623203750   -1.20017261795904
H         3.34615431233029   -2.69203611709016    0.36302255037875
H         4.47970238167164   -1.64216957897168   -0.46443336604418
H         3.33419602147599    3.09105276155027   -0.91752992966708
H         3.33511696123771    1.32359178082602   -1.18324516124424
H         3.68698555538257    1.97994607511934    0.43511350368979
H        -0.73401299025044    2.27800363677379   -0.21830815054561
H        -2.35497872230061    0.41877236806632   -0.06525673759526
H        -1.52200913165424   -1.90931875551347    0.17298001057185
H         0.88459141081444   -2.31809698706883    0.35238744585531
21
 energy: -32.490735208119 gnorm: 0.001796252622 xtb: 6.4.1 (1a32961)
C         1.45759763480204   -0.26448256894936    0.17125663285411
C         2.86628092918119   -0.62243323732619    0.46810123288434
O         3.52197625718452   -0.02727198586604    1.30413338033884
C         3.42346960405571   -1.81829673032897   -0.26339321633145
C         0.98264735648542    1.04373831302991   -0.00915167880744
O         1.71382140831202    2.17058478820421   -0.19357753835105
C         3.09364549775758    2.13006465969313   -0.48167075759469
C        -0.40004541086762    1.26158057874725   -0.07951548308120
C        -1.29526997240027    0.22016873184917   -0.00315129406501
C        -0.82850192068448   -1.08277756777171    0.12227125985703
C         0.52652468017620   -1.31180468656707    0.20382265216331
H         2.91250066400026   -1.98674459904472   -1.20710024404988
H         3.31229191578491   -2.70057259383593    0.36708301706249
H         4.48994941625031   -1.66812794254972   -0.42498946965465
H         3.32659781971008    3.10136431545175   -0.91803719770307
H         3.32493281138282    1.33568499725269   -1.19815400153124
H         3.69101903320821    1.97977932533873    0.42260335627668
H        -0.73431538294373    2.27964460644099   -0.20306782610923
H        -2.35457704669513    0.41740193043993   -0.05543609632928
H        -1.52063299105146   -1.90906403663841    0.16595947261776
H         0.88560769635137   -2.32014629756968    0.33844379955363
21
 energy: -32.490741385469 gnorm: 0.001061362395 xtb: 6.4.1 (1a32961)
C         1.45907117846206   -0.26424468990393    0.16836241457176
C         2.86750343262383   -0.62303720228143    0.46469576912024
O         3.52500048716564   -0.02529620506074    1.29769477950845
C         3.42204493402148   -1.82356059641390   -0.26097773452292
C         0.98332661113696    1.04407214057782   -0.01022882540104
O         1.71268327255423    2.17197106556058   -0.19520977502302
C         3.09284799466846    2.13495336031315   -0.48135471109429
C        -0.39979971830037    1.26129807879416   -0.07940545950162
C        -1.29462405695698    0.21997570943296   -0.00194248565278
C        -0.82734240967756   -1.08300957175433    0.12242534093409
C         0.52769963270627   -1.31180498386099    0.20124963564875
H         2.91405980937157   -1.99324742736776   -1.20491148371918
H         3.30566262078232   -2.70250294344410    0.37140443684741
H         4.48831792344412   -1.67863630687936   -0.41970997896786
H         3.32425073150547    3.10907501144828   -0.91203070357128
H         3.32617072358258    1.34526087431804   -1.20215899094972
H         3.68923464617675    1.98046162397282    0.42255169342050
H        -0.73381411318326    2.27942508352284   -0.20242282130300
H        -2.35429410524829    0.41633913465622   -0.05248845985958
H        -1.51965583885011   -1.90901198647943    0.16703279550469
H         0.88717624401478   -2.32019016915098    0.33385456401039
21
 energy: -32.490745547322 gnorm: 0.000559541920 xtb: 6.4.1 (1a32961)
C         1.46068201882808   -0.26414402271855    0.16570305338274
C         2.86877376419899   -0.62212354484170    0.46171013696253
O         3.52767615740034   -0.02000500818574    1.29080452419958
C         3.42116621525409   -1.82758661584400   -0.25734071959196
C         0.98363959855014    1.04469397453216   -0.00962048268527
O         1.71184034494701    2.17318127859550   -0.19468229427259
C         3.09167163581024    2.13845881535450   -0.48292513949430
C        -0.39978451727491    1.26117419157357   -0.07612750237931
C        -1.29396643659528    0.21943371231961    0.00097036072985
C        -0.82609573408320   -1.08373968854839    0.12110541540043
C         0.52914505058892   -1.31186962911476    0.19669802801328
H         2.92225623368021   -1.99214706672199   -1.20720917569321
H         3.28814395676697   -2.70517353022418    0.37445890779726
H         4.49103014625510   -1.69355428872034   -0.40343168714583
H         3.32015305323897    3.11362241931738   -0.91218186609732
H         3.32490176879435    1.35074070183177   -1.20604649964291
H         3.68991643350177    1.98258657550486    0.41913497416180
H        -0.73365551416890    2.27967959075897   -0.19697540920411
H        -2.35398156259847    0.41552194675673   -0.04713625302644
H        -1.51782403940773   -1.91016804775321    0.16469224945231
H         0.88983142631327   -2.32029176387226    0.32482937913344
21
 energy: -32.490743099782 gnorm: 0.001494911085 xtb: 6.4.1 (1a32961)
C         1.46230296439997   -0.26404349363102    0.16302600999947
C         2.87005143681968   -0.62120716750038    0.45870875243929
O         3.53037255013241   -0.01467870200732    1.28386540401883
C         3.42028107814405   -1.83164149182933   -0.25367688502969
C         0.98395549325219    1.04531881595271   -0.00900998305743
O         1.71099081825983    2.17439852126894   -0.19415548300393
C         3.09048735674924    2.14199031220713   -0.48450776101450
C        -0.39976808048249    1.26104964651080   -0.07282553395715
C        -1.29330470367877    0.21888813082039    0.00390246093621
C        -0.82484095252552   -1.08447475569528    0.11977121029952
C         0.53059984398584   -1.31193511518982    0.19211247504969
H         2.93051036232313   -1.99104708313626   -1.20951637081883
H         3.27051391457171   -2.70786152472145    0.37752543253347
H         4.49374946164142   -1.70856776215752   -0.38704474942870
H         3.31603086824197    3.11820161005895   -0.91233952232039
H         3.32362912273324    1.35625374285992   -1.20995380728198
H         3.69059969699331    1.98473622249908    0.41569899213157
H        -0.73349708602043    2.27993554670883   -0.19148613980180
H        -2.35366585834431    0.41470215901685   -0.04174463555021
H        -1.51597898836822   -1.91133339106992    0.16233136918757
H         0.89250070117169   -2.32039422096538    0.31574876466896
21
 energy: -32.490746488499 gnorm: 0.000332889350 xtb: 6.4.1 (1a32961)
C         1.46112246244099   -0.26414444060800    0.16481220181679
C         2.86892997170151   -0.62215535821875    0.46110617727288
O         3.52839089862475   -0.01902239521543    1.28898713027414
C         3.42061860346701   -1.82872996232333   -0.25663220477305
C         0.98367120968728    1.04483834587489   -0.01010424123260
O         1.71140759892770    2.17334105452455   -0.19603040757234
C         3.09160605557459    2.13965005628349   -0.48294684826045
C        -0.39978134290198    1.26101213174975   -0.07544131478028
C        -1.29382661314145    0.21912175343366    0.00189535244306
C        -0.82581886967221   -1.08402545558402    0.12061261231543
C         0.52953593753455   -1.31179800759475    0.19515671537360
H         2.92356677562129   -1.99246047168043   -1.20771148386636
H         3.28409652411223   -2.70569652620698    0.37491561867684
H         4.49084102461858   -1.69704022836913   -0.40041194160694
H         3.31948000521357    3.11454709659773   -0.91299178842167
H         3.32645404775985    1.35137122931591   -1.20503204877227
H         3.68914340909240    1.98516427593359    0.41976765297872
H        -0.73374290734225    2.27957511810266   -0.19579169659579
H        -2.35384178086563    0.41557669149008   -0.04498772736006
H        -1.51700164047876   -1.91081280537107    0.16439586592162
H         0.89066863002593   -2.32002210213452    0.32286237616870
21
 energy: -32.490746848841 gnorm: 0.000178396410 xtb: 6.4.1 (1a32961)
C         1.46107022170611   -0.26399502403627    0.16460224524650
C         2.86907323419631   -0.62183074988722    0.46065898911644
O         3.52843776305690   -0.01925226514256    1.28893473951896
C         3.42066478160004   -1.82862937302408   -0.25689559805854
C         0.98360011916280    1.04487784893822   -0.01056748822988
O         1.71123161523132    2.17332106426290   -0.19699803403259
C         3.09169538231735    2.13957202788330   -0.48270548380783
C        -0.39986124520114    1.26101744573073   -0.07550826137591
C        -1.29391724687099    0.21910106729389    0.00205302250443
C        -0.82582206124832   -1.08396549464105    0.12081158808467
C         0.52958144160631   -1.31168619474703    0.19538131334648
H         2.92342213269528   -1.99243017615026   -1.20776342099107
H         3.28402890926560   -2.70572373836183    0.37441792576529
H         4.49089612653253   -1.69696044266780   -0.40078200089315
H         3.31989654428517    3.11397810562611   -0.91379613453689
H         3.32740156039054    1.35034736728759   -1.20345973306837
H         3.68832227875684    1.98638807423757    0.42095284991315
H        -0.73405728492596    2.27949707812532   -0.19572370494748
H        -2.35387933416021    0.41562801521390   -0.04462134530308
H        -1.51688313701050   -1.91093674854433    0.16436272933245
H         0.89061819861397   -2.32002788739717    0.32307580241639
