27
 energy: -42.607199110529 gnorm: 0.068323502718 xtb: 6.4.1 (1a32961)
C         0.74260000000000    1.39140000000000   -1.42133000000000
C        -0.30564000000000    0.82526000000000   -0.70365000000000
C        -0.16348000000000    0.08879000000000    0.45730000000000
N        -1.39216000000000   -0.30964000000000    0.91807000000000
C        -2.23149000000000    0.18715000000000    0.02698000000000
O        -1.63349000000000    0.88467000000000   -0.99488000000000
C        -3.68877000000000    0.12182000000000   -0.00225000000000
C        -4.39157000000000   -0.52309000000000    1.02489000000000
C        -5.79062000000000   -0.54067000000000    1.03050000000000
C        -6.50864000000000    0.07942000000000    0.00217000000000
C        -8.00812000000000    0.08800000000000   -0.00313000000000
C        -5.81140000000000    0.70498000000000   -1.03558000000000
C        -4.41646000000000    0.72609000000000   -1.03591000000000
C         1.12068000000000   -0.13287000000000    0.96634000000000
C         2.20992000000000    0.41411000000000    0.27013000000000
C         2.02022000000000    1.16689000000000   -0.89709000000000
H         0.57490000000000    1.96786000000000   -2.32048000000000
H        -3.85063000000000   -1.00611000000000    1.83833000000000
H        -6.31214000000000   -1.03123000000000    1.84957000000000
H        -8.41619000000000   -0.40025000000000    0.88690000000000
H        -8.38335000000000   -0.44139000000000   -0.88441000000000
H        -8.37619000000000    1.11936000000000   -0.01877000000000
H        -6.34733000000000    1.19242000000000   -1.84646000000000
H        -3.89988000000000    1.23256000000000   -1.84815000000000
H         1.25916000000000   -0.71201000000000    1.87223000000000
H         3.21678000000000    0.24986000000000    0.64757000000000
H         2.88721000000000    1.58524000000000   -1.40770000000000
27
 energy: -42.611119481602 gnorm: 0.025882185283 xtb: 6.4.1 (1a32961)
C         0.74513384865511    1.38755168320684   -1.41997809428737
C        -0.31125257722792    0.83300773188081   -0.71949766370885
C        -0.16465449274944    0.08892452111492    0.45322762452278
N        -1.40998342429293   -0.29687566440054    0.89105803612031
C        -2.24128837157303    0.19791836908173    0.01348666044184
O        -1.64177887328217    0.89721011789628   -0.99985613018822
C        -3.69075061356486    0.12500685058815    0.00161719802804
C        -4.38825489198554   -0.51695377937596    1.02691811496585
C        -5.77449315087047   -0.53559130562340    1.02676029387140
C        -6.49739477590421    0.07784522407363    0.00676561975271
C        -7.99641752608881    0.08396931819972    0.00190985482119
C        -5.79832627769916    0.70188133016695   -1.02398167485760
C        -4.41543681738906    0.72834777101020   -1.02861164384970
C         1.11298863827847   -0.13486533361475    0.96677756031561
C         2.18445871902333    0.40930994046509    0.27567429988748
C         2.00568111960294    1.15772565503530   -0.88990527757913
H         0.58773710338897    1.96314610432600   -2.31699563341858
H        -3.84123768781163   -0.99483997725366    1.82779929443607
H        -6.29585513961117   -1.02941190215932    1.83502418531951
H        -8.39872555445054   -0.40520750187742    0.88769701046287
H        -8.37393915184312   -0.43337934809038   -0.88004790759066
H        -8.36881427242085    1.10836637971041   -0.02513499364999
H        -6.33722312212211    1.18008081963803   -1.83043650123544
H        -3.89581028124462    1.22603912442475   -1.83642537460727
H         1.25322785731991   -0.71001359387624    1.86888151026409
H         3.18551108019996    0.24931458556243    0.65090516475728
H         2.87081863566296    1.57011287989043   -1.39244153299424
27
 energy: -42.611776929848 gnorm: 0.005902787632 xtb: 6.4.1 (1a32961)
C         0.74910610911452    1.38572218798690   -1.41988608761858
C        -0.31784023651210    0.84092250299494   -0.73232889956672
C        -0.17055190565342    0.08929036250852    0.44796043243413
N        -1.42561332890382   -0.28568607712459    0.87160659298080
C        -2.24784377017362    0.21164196663650    0.00057910622377
O        -1.64707556390927    0.90936006887591   -1.00972118908371
C        -3.69182331285454    0.13212818300592    0.00095867430753
C        -4.38166597997130   -0.51156762415462    1.02804343056518
C        -5.76254425045513   -0.53404437648952    1.02610074937533
C        -6.49125441884517    0.07626340134172    0.01030862437380
C        -7.98851415242456    0.07697436242248    0.00778575522460
C        -5.79455078581565    0.70186259042822   -1.02009271192729
C        -4.41696146034528    0.73304436165503   -1.02965510346647
C         1.10014250954377   -0.13879837577822    0.96796971592675
C         2.16827031263373    0.40239789843204    0.28303825073625
C         2.00086119929703    1.14985552813029   -0.88369917278940
H         0.60164003051368    1.96052162059030   -2.31870786693058
H        -3.82376535502794   -0.98194862378773    1.82147576576919
H        -6.28390531279878   -1.03020326045575    1.83041990482534
H        -8.38287671033302   -0.41457970688407    0.89262605277423
H        -8.36402008593988   -0.43658943350105   -0.87592295525504
H        -8.36226009326120    1.09918038890597   -0.02275671492423
H        -6.34030742674976    1.17574381607548   -1.82210197843668
H        -3.89301754161174    1.22834758488459   -1.83266321920453
H         1.23495722515017   -0.71225898813046    1.86966631601209
H         3.16676937712157    0.24519913166686    0.66004938685031
H         2.86856492821171    1.55584050976437   -1.37986285917607
27
 energy: -42.611888451801 gnorm: 0.003490442794 xtb: 6.4.1 (1a32961)
C         0.75416805532073    1.38410909623752   -1.42041001643325
C        -0.31928898411352    0.84499917731977   -0.73840936741252
C        -0.17482388163304    0.09079255995944    0.44412940160719
N        -1.43205762219426   -0.27999959482688    0.86332940206936
C        -2.25008687772992    0.22090551037718   -0.00819424690632
O        -1.64660916048206    0.91811726523063   -1.01706680235711
C        -3.69285383780979    0.14021633357667   -0.00355239792421
C        -4.37644953514342   -0.50551617234316    1.02656003721473
C        -5.75699398920846   -0.53303046259247    1.02669585483879
C        -6.48987536499828    0.07485434032699    0.01196902038399
C        -7.98645125145748    0.06995119906396    0.01266341207800
C        -5.79814373860148    0.70382437463106   -1.02049500652514
C        -4.42106421652898    0.73967945367616   -1.03361408711150
C         1.09160126140471   -0.14108605400667    0.96936633173560
C         2.16431664365953    0.39734002695995    0.28871906790137
C         2.00351008834432    1.14427920290726   -0.87949830212363
H         0.61310176853691    1.95954526094693   -2.32059124286210
H        -3.81066546625482   -0.97202235763072    1.81687448772345
H        -6.27676191811677   -1.03138884998888    1.83122316382601
H        -8.37651176332808   -0.42385056193509    0.89780217704394
H        -8.36089671262415   -0.44426416427893   -0.87125647170434
H        -8.36318858923806    1.09116814781252   -0.01663606902556
H        -6.34987444750784    1.17516423401276   -1.82031687817459
H        -3.89623259740703    1.23448275303285   -1.83615431759830
H         1.21968607967650   -0.71549845247122    1.87157626303451
H         3.16176957292060    0.23913199713732    0.66870578486724
H         2.87459648451414    1.54671573686504   -1.37222919816563
27
 energy: -42.611980716546 gnorm: 0.002728170329 xtb: 6.4.1 (1a32961)
C         0.76146107132381    1.38197123584644   -1.42080995098768
C        -0.31917932406927    0.84998129063428   -0.74451583806078
C        -0.17956344018015    0.09375877408749    0.43935594628965
N        -1.43815500821246   -0.27195151296507    0.85550297319379
C        -2.25222620416374    0.23344777276859   -0.01803819649668
O        -1.64410753127039    0.92894917731559   -1.02558908032009
C        -3.69446158701842    0.15200087495492   -0.01030203933678
C        -4.37014226903965   -0.49657478986443    1.02371835808157
C        -5.75088164823600   -0.53119386122310    1.02778251606329
C        -6.48884456932305    0.07323092783561    0.01409829964224
C        -7.98506524257144    0.05933628030432    0.01817129090918
C        -5.80451005372583    0.70698399432508   -1.02130296371324
C        -4.42750355770317    0.74911356876818   -1.03911670540245
C         1.08195698909258   -0.14383765263959    0.97072284221537
C         2.16182670553844    0.38997121163452    0.29509046435232
C         2.00839702474671    1.13658148038972   -0.87435546487992
H         0.62857364177751    1.95799635569157   -2.32265309429797
H        -3.79519070282257   -0.95810604028456    1.81092853141343
H        -6.26768413537348   -1.03214449602246    1.83342669798927
H        -8.37061499500160   -0.43820977339111    0.90332265914714
H        -8.35797849604131   -0.45619591895242   -0.86595445616245
H        -8.36761591756043    1.07877709537537   -0.00819000911448
H        -6.36377549446608    1.17563522291109   -1.81808568761564
H        -3.90302367934421    1.24536054978037   -1.84129412018001
H         1.20079718640595   -0.71946836762565    1.87389632169875
H         3.15767952762632    0.22901201589637    0.67936787151701
H         2.88375170961198    1.53419458444890   -1.36398716594482
27
 energy: -42.612030402491 gnorm: 0.002790821240 xtb: 6.4.1 (1a32961)
C         0.76733848466889    1.38026756649220   -1.42095244278401
C        -0.31752424634444    0.85334941944095   -0.74769155331892
C        -0.18222938350768    0.09687228807903    0.43653718830932
N        -1.44169936414467   -0.26498166018877    0.85129052591191
C        -2.25343545721518    0.24296974050534   -0.02394199044247
O        -1.64137201768087    0.93655533388043   -1.03058521910852
C        -3.69568850695256    0.16179371659533   -0.01530393966950
C        -4.36623462228745   -0.48889958681267    1.02092775267874
C        -5.74693021373305   -0.52901570657474    1.02828735546722
C        -6.48862440760063    0.07215573348341    0.01539151522333
C        -7.98487685304183    0.05037050754933    0.02160392215840
C        -5.80963035201439    0.70965533990688   -1.02151852944750
C        -4.43266759371063    0.75717564994142   -1.04244123509185
C         1.07643883563328   -0.14551620182371    0.97163980096514
C         2.16093290503346    0.38388489705622    0.29892326702434
C         2.01236655553463    1.13024264714627   -0.87109180467665
H         0.64027364312641    1.95664764634530   -2.32356308308235
H        -3.78623313521384   -0.94747471359832    1.80621074450696
H        -6.26059731939144   -1.03159526444029    1.83509456604350
H        -8.36695954295005   -0.45081338565696    0.90645889749158
H        -8.35636330311810   -0.46599022843848   -0.86273659171442
H        -8.37318096837354    1.06784680587404   -0.00201604506616
H        -6.37359462597189    1.17608323022995   -1.81638916027553
H        -3.91023904973797    1.25518241507936   -1.84511525169982
H         1.18906695153435   -0.72187460231995    1.87528614631217
H         3.15520345081747    0.21937773084295    0.68606203492493
H         2.89038013664177    1.52435068140550   -1.35917687063983
27
 energy: -42.612071944136 gnorm: 0.002170416271 xtb: 6.4.1 (1a32961)
C         0.77275670508017    1.37873790548295   -1.42102944214391
C        -0.31507096189125    0.85616795486414   -0.74935745440612
C        -0.18405294990111    0.10023361735333    0.43491085460847
N        -1.44449754567297   -0.25781465037591    0.84882796666672
C        -2.25424360194505    0.25183468544025   -0.02788133301787
O        -1.63864390212842    0.94311130777838   -1.03396383715376
C        -3.69665170297475    0.17130967201892   -0.01937546406666
C        -4.36341374813047   -0.48125345551048    1.01816749614726
C        -5.74386079328111   -0.52636851181212    1.02841743731603
C        -6.48894897001817    0.07145175473441    0.01625020565703
C        -7.98529622362641    0.04152990687088    0.02398195916190
C        -5.81415468175348    0.71222097197613   -1.02132051406002
C        -4.43723621103721    0.76504003935308   -1.04460338212012
C         1.07279613123334   -0.14693604975951    0.97245828764410
C         2.16053403224698    0.37783064947723    0.30144929093412
C         2.01596194106723    1.12415716042161   -0.86886728278837
H         0.65045336896256    1.95517473408815   -2.32406979965033
H        -3.78044145936766   -0.93785724974787    1.80217651734468
H        -6.25403257254166   -1.03050814685236    1.83631603574643
H        -8.36373337748110   -0.46375677293981    0.90827571280967
H        -8.35505248990778   -0.47527779131026   -0.86078746461623
H        -8.37974530480685    1.05670650545829    0.00325343461840
H        -6.38131403865978    1.17667027334160   -1.81489361961814
H        -3.91818447118200    1.26553984672790   -1.84808765993956
H         1.18078865536478   -0.72342492367905    1.87650088729290
H         3.15322668496054    0.20919619660166    0.69066286121053
H         2.89597748739165    1.51490436999851   -1.35622169357713
27
 energy: -42.612112591609 gnorm: 0.001284225818 xtb: 6.4.1 (1a32961)
C         0.77920114792293    1.37686400724122   -1.42121489313952
C        -0.31186576517759    0.85957931336846   -0.75060956383532
C        -0.18606468852010    0.10455442620112    0.43389821378135
N        -1.44811124187336   -0.24849906954261    0.84659720833268
C        -2.25508012968095    0.26302393779696   -0.03170804952797
O        -1.63556844226473    0.95125966077950   -1.03732960928828
C        -3.69760629774467    0.18331519347095   -0.02354443814786
C        -4.36045283622982   -0.47160230658180    1.01505101659592
C        -5.74041250061604   -0.52302882418504    1.02815129596583
C        -6.48973076806984    0.07064615384096    0.01687943900359
C        -7.98603941642792    0.03041483375737    0.02633191888710
C        -5.81924855136089    0.71545958075083   -1.02078197928614
C        -4.44239047014343    0.77499201290019   -1.04642516849622
C         1.06903304366435   -0.14857472690966    0.97366163641450
C         2.15993990931561    0.37015621327686    0.30387889549724
C         2.02018687457234    1.11646699652836   -0.86695412432739
H         0.66195468445789    1.95320651981111   -2.32467830965557
H        -3.77478074677840   -0.92620675920038    1.79796763838484
H        -6.24610681751547   -1.02926943799342    1.83727942880418
H        -8.35939429293980   -0.48043664779377    0.90970236722227
H        -8.35338696259973   -0.48650102424705   -0.85927029892018
H        -8.38825727560476    1.04252801994642    0.00941670035101
H        -6.38944663097538    1.17754298657354   -1.81334036481506
H        -3.92827676795820    1.27883128496593   -1.85109677065713
H         1.17240809739077   -0.72498961958674    1.87811530124329
H         3.15087759595284    0.19611663809415    0.69487137620104
H         2.90253924920442    1.50277063673660   -1.35365886658814
27
 energy: -42.612153399188 gnorm: 0.001109910145 xtb: 6.4.1 (1a32961)
C         0.78968005690423    1.37359644738859   -1.42161079955602
C        -0.30687730788066    0.86573415172377   -0.75225221219694
C        -0.18961006084402    0.11189318114844    0.43309181189279
N        -1.45480513254178   -0.23210106678016    0.84332130642645
C        -2.25646711199664    0.28289776790879   -0.03751003974692
O        -1.63079196937180    0.96594703665743   -1.04250691035237
C        -3.69905731498559    0.20403291147083   -0.02953155928338
C        -4.35562516471160   -0.45522260478055    1.01045271307797
C        -5.73464459756075   -0.51746952974403    1.02744085981097
C        -6.49117210066484    0.06931299744343    0.01756934234650
C        -7.98705591554254    0.01128038709234    0.02979059419523
C        -5.82735576410031    0.72106310641736   -1.01979134669344
C        -4.45062713277248    0.79212119430761   -1.04883090788263
C         1.06257080047028   -0.15131764496906    0.97591896988627
C         2.15851691408967    0.35682627373920    0.30745803464217
C         2.02708472656731    1.10307615873936   -0.86450897743503
H         0.67994622980554    1.94956257074173   -2.32594284854766
H        -3.76545999843946   -0.90635253795123    1.79185990737898
H        -6.23308122745224   -1.02807457721617    1.83807950770885
H        -8.35129067379415   -0.50929089788689    0.91133497723960
H        -8.35014940974722   -0.50540845219952   -0.85755858890769
H        -8.40237121310652    1.01809217159011    0.01960814440501
H        -6.40221159476873    1.17940166918036   -1.81106040601691
H        -3.94477150323507    1.30172995642077   -1.85519135846332
H         1.15896404592305   -0.72744533437101    1.88115569120196
H         3.14692368817291    0.17379909816269    0.70056774527122
H         2.91365873158345    1.48093556576589   -1.35016365040158
27
 energy: -42.612165426144 gnorm: 0.000698141043 xtb: 6.4.1 (1a32961)
C         0.79549499342731    1.37125725367168   -1.42191859182768
C        -0.30468395168829    0.87007621566030   -0.75330959234943
C        -0.19215360087647    0.11648717561491    0.43295070800280
N        -1.45928812838558   -0.22166464435410    0.84141587300137
C        -2.25747824319267    0.29599892552517   -0.04083928118019
O        -1.62814419077859    0.97601641656704   -1.04537399897828
C        -3.70004932616620    0.21706633556101   -0.03227861679319
C        -4.35252299079174   -0.44531044708960    1.00845469359888
C        -5.73091789828319   -0.51484449580576    1.02676186507020
C        -6.49161483014032    0.06805945444258    0.01765951073223
C        -7.98684232050231   -0.00063472800718    0.03153102869113
C        -5.83200494153456    0.72503441181001   -1.01909654034043
C        -4.45548025776366    0.80298962545706   -1.04985973286935
C         1.05782141737647   -0.15277353975078    0.97740486367773
C         2.15713340055684    0.34850601788386    0.30944724795099
C         2.03090825153218    1.09430861365514   -0.86347642873054
H         0.68967691360632    1.94687200208405   -2.32701628917426
H        -3.75884050323824   -0.89387944311240    1.78875365461271
H        -6.22570224957418   -1.02824018282455    1.83788208283958
H        -8.34553646743585   -0.52710544256894    0.91171356330758
H        -8.34744330797643   -0.51684698635407   -0.85710477986473
H        -8.40978220233208    1.00292057528768    0.02574519302832
H        -6.40992672777567    1.18108001457919   -1.80963779274382
H        -3.95346259195601    1.31548421453182   -1.85670981164444
H         1.15010759162289   -0.72881797524310    1.88317238506516
H         3.14430694455818    0.16041645596969    0.70334301611466
H         2.92034521771192    1.46616417680935   -1.34842422919690
27
 energy: -42.612168201898 gnorm: 0.000254314497 xtb: 6.4.1 (1a32961)
C         0.79814863368476    1.36976073490628   -1.42220207781159
C        -0.30390463163914    0.87257507511207   -0.75371433482746
C        -0.19358612985268    0.11910366075344    0.43312357701011
N        -1.46160453279667   -0.21576492349664    0.84093193274163
C        -2.25811457093973    0.30327243125860   -0.04207530296990
O        -1.62684666123045    0.98167046555398   -1.04638289264722
C        -3.70063864225883    0.22398681096629   -0.03326817030276
C        -4.35090121558778   -0.44025082118164    1.00770188666992
C        -5.72896287658963   -0.51345000266741    1.02649896312075
C        -6.49157558959279    0.06763966766148    0.01773819391559
C        -7.98639827465400   -0.00702098439172    0.03209803280631
C        -5.83424609788811    0.72718194668230   -1.01885967582935
C        -4.45786324738993    0.80882944495713   -1.05018548433489
C         1.05519866423491   -0.15345063009947    0.97816645209546
C         2.15631581590801    0.34408162701977    0.31024645360838
C         2.03264553855454    1.08939669657324   -0.86327868109932
H         0.69407898035182    1.94498632126320   -2.32784998535303
H        -3.75523711831414   -0.88734165180261    1.78735185856379
H        -6.22226295756286   -1.02917369667300    1.83713159341962
H        -8.34230999200253   -0.53671057950247    0.91144955510671
H        -8.34555259035892   -0.52303549237467   -0.85727862563763
H        -8.41342558014415    0.99478420795505    0.02862794080011
H        -6.41382573575578    1.18254076028723   -1.80864095077997
H        -3.95716699392006    1.32318055818328   -1.85669379323993
H         1.14549167174021   -0.72918912290447    1.88437836656824
H         3.14291449217099    0.15338194977726    0.70439007902533
H         2.92354964183298    1.45763554618359   -1.34821491061878
27
 energy: -42.612168817099 gnorm: 0.000125313816 xtb: 6.4.1 (1a32961)
C         0.79852455762312    1.36918119841789   -1.42242550955090
C        -0.30390343405381    0.87328541704937   -0.75363660469932
C        -0.19390803327683    0.12001431140298    0.43346403161867
N        -1.46204767779364   -0.21405619269812    0.84129479817363
C        -2.25831630529428    0.30535244947971   -0.04175219143185
O        -1.62665333027129    0.98323693201401   -1.04614513305420
C        -3.70081938857071    0.22604694531277   -0.03284142750676
C        -4.35061586805993   -0.43901275094768    1.00789556075722
C        -5.72860332357185   -0.51366663974927    1.02620250901459
C        -6.49146427787602    0.06723114716150    0.01751567393541
C        -7.98615978890479   -0.00876855931175    0.03177260914697
C        -5.83459909720606    0.72822882212012   -1.01848958999458
C        -4.45828634736589    0.81089067973231   -1.04960563556946
C         1.05465230009248   -0.15333487113306    0.97844641551745
C         2.15612450674381    0.34292643679222    0.31010930409127
C         2.03289082241094    1.08784301444020   -0.86369587093931
H         0.69470603085429    1.94415999972302   -2.32828631853859
H        -3.75451544588968   -0.88590678086927    1.78731096210444
H        -6.22178442290197   -1.02954295083712    1.83676600089089
H        -8.34156968426588   -0.53943317395926    0.91071510731068
H        -8.34474967172338   -0.52449773760990   -0.85799611678276
H        -8.41421865598948    0.99256377353808    0.02904354231905
H        -6.41453015095209    1.18303617254226   -1.80835289949561
H        -3.95756659563081    1.32537630538099   -1.85599805872560
H         1.14465405486852   -0.72899965386068    1.88473741048542
H         3.14263772935034    0.15145907625766    0.70408549344669
H         2.92404149765495    1.45500662961111   -1.34894406252335
