12
 energy: -23.991683218847 gnorm: 0.026375574194 xtb: 6.4.1 (1a32961)
C        -0.11435000000000    0.70572000000000   -0.01986000000000
Cl        1.33593000000000    1.64464000000000   -0.04139000000000
C        -1.33356000000000    1.39104000000000   -0.03544000000000
C        -2.53739000000000    0.68365000000000   -0.01297000000000
C        -2.52644000000000   -0.70943000000000    0.02615000000000
C        -1.31145000000000   -1.39771000000000    0.03886000000000
C        -0.10337000000000   -0.69345000000000    0.01438000000000
Cl        1.36172000000000   -1.60948000000000    0.02680000000000
H        -1.35233000000000    2.47791000000000   -0.06438000000000
H        -3.48342000000000    1.22082000000000   -0.02516000000000
H        -3.46359000000000   -1.26115000000000    0.04642000000000
H        -1.31298000000000   -2.48491000000000    0.06758000000000
12
 energy: -23.993223092601 gnorm: 0.007071943261 xtb: 6.4.1 (1a32961)
C        -0.13207088393382    0.70034436944623   -0.01899298954699
Cl        1.34448154450498    1.60043220064397   -0.04757949326529
C        -1.34156523751105    1.38285701436329   -0.03268960095140
C        -2.53580770737394    0.68012026267362   -0.01107719636447
C        -2.52488293391975   -0.70583910772821    0.02412139484238
C        -1.31959306756695   -1.38972763596652    0.03683614012382
C        -0.12111212105445   -0.68835349705009    0.01465841978620
Cl        1.36967689088844   -1.56512404184479    0.03171981634406
H        -1.34655319517215    2.46208679885843   -0.06251161111778
H        -3.47296470839771    1.21683273154649   -0.02300379765411
H        -3.45338091200259   -1.25700202247791    0.04331151435454
H        -1.30745766846102   -2.46897707246450    0.06619740344904
12
 energy: -23.993326376605 gnorm: 0.002137382752 xtb: 6.4.1 (1a32961)
C        -0.13879576114295    0.70018321558879   -0.01997639421843
Cl        1.34968417093944    1.58479550501878   -0.04983182497866
C        -1.34522450626883    1.38328520222493   -0.03296393549916
C        -2.53652213488636    0.67976722788894   -0.01068213162394
C        -2.52555244895201   -0.70547739841524    0.02374095194306
C        -1.32323249104311   -1.39023915150334    0.03716282221765
C        -0.12781818679008   -0.68828022578527    0.01526900493247
Cl        1.37457171081286   -1.54943113516852    0.03399892396080
H        -1.34233822233204    2.46072468553385   -0.06130069126960
H        -3.47116762493656    1.21668049559203   -0.02101058739238
H        -3.45160632753676   -1.25683438166980    0.04113315921972
H        -1.30322817786360   -2.46752403930516    0.06545070270847
12
 energy: -23.993332676567 gnorm: 0.000843078660 xtb: 6.4.1 (1a32961)
C        -0.13970085116294    0.70075601478177   -0.01965437594693
Cl        1.35045162717118    1.58410227107092   -0.05018034032126
C        -1.34582457471893    1.38427754223273   -0.03250926818599
C        -2.53687159549476    0.67975967811198   -0.01050104670904
C        -2.52588607934158   -0.70547361030196    0.02346756256506
C        -1.32382013329323   -1.39124925619887    0.03680364945001
C        -0.12870805803115   -0.68885419134539    0.01529147384116
Cl        1.37530303438312   -1.54872934890836    0.03410779140448
H        -1.34078331719962    2.46170313450699   -0.06156313695899
H        -3.47165760351069    1.21661136579896   -0.02100994804496
H        -3.45208454457738   -1.25676538949989    0.04108951959690
H        -1.30164790422403   -2.46848821024889    0.06564811930955
12
 energy: -23.993333422145 gnorm: 0.000462644807 xtb: 6.4.1 (1a32961)
C        -0.14010906821818    0.70111195568618   -0.02006576524171
Cl        1.35069385010872    1.58468325854604   -0.04982044704556
C        -1.34604933877375    1.38494851032283   -0.03296996619832
C        -2.53710187118635    0.67961914648890   -0.01064906976138
C        -2.52610369008338   -0.70532892135676    0.02377104356123
C        -1.32403064185339   -1.39193270624610    0.03719632458258
C        -0.12909831447420   -0.68923117372634    0.01533349254355
Cl        1.37553911595843   -1.54929500812416    0.03398939193829
H        -1.33956005974899    2.46247155081614   -0.06140406086741
H        -3.47228961331565    1.21633823294697   -0.02094377517275
H        -3.45271095934703   -1.25649132444640    0.04103367309964
H        -1.30040940906623   -2.46924352090729    0.06551915856184
