15
 energy: -28.108914596832 gnorm: 0.055990484829 xtb: 6.4.1 (1a32961)
C        -0.13627000000000    1.15663000000000   -0.00707000000000
O        -1.01634000000000    0.12067000000000   -0.01079000000000
C        -0.28310000000000   -1.02132000000000   -0.00596000000000
C         1.05867000000000   -0.72538000000000    0.00048000000000
C         1.16534000000000    0.69744000000000    0.00010000000000
C         2.38005000000000    1.49038000000000    0.00609000000000
O         3.49623000000000    0.98645000000000    0.01094000000000
O         2.14706000000000    2.83669000000000    0.00606000000000
C         3.34036000000000    3.62429000000000    0.01078000000000
H        -0.58336000000000    2.14149000000000   -0.01019000000000
H        -0.84818000000000   -1.94350000000000   -0.00785000000000
H         1.87293000000000   -1.43741000000000    0.00515000000000
H         3.05461000000000    4.67994000000000    0.01040000000000
H         3.93488000000000    3.42832000000000   -0.88764000000000
H         3.92843000000000    3.42723000000000    0.91316000000000
15
 energy: -28.111824012055 gnorm: 0.021094728819 xtb: 6.4.1 (1a32961)
C        -0.14047774584574    1.16106370755228   -0.00693994922446
O        -1.00283883867724    0.13104708392207   -0.01051225209504
C        -0.27441444882137   -1.00877941917215   -0.00581913602599
C         1.05428289955415   -0.72366439127595    0.00044645506904
C         1.15408511290062    0.69896994952152   -0.00005577586920
C         2.38307126928561    1.48256918833959    0.00585485062541
O         3.49346756415251    0.99259819974646    0.01077546420906
O         2.16144928231034    2.81536801078346    0.00573945171362
C         3.33739196024000    3.62271267019624    0.01081764990422
H        -0.57168228766946    2.14412148506253   -0.01015175605522
H        -0.82797863496272   -1.92823536053312   -0.00782022460057
H         1.86579618447510   -1.42496422118700    0.00518575239100
H         3.00913856553364    4.66318350563035    0.01020344105309
H         3.93840633698747    3.41850420626248   -0.87794893121506
H         3.93161278053709    3.41742538515124    0.90388496012012
15
 energy: -28.112361205911 gnorm: 0.006308667318 xtb: 6.4.1 (1a32961)
C        -0.14289651521564    1.16215958229064   -0.00691317576911
O        -0.99822168159790    0.13973381415931   -0.01026857390834
C        -0.27536906252875   -1.00007564106745   -0.00569148059155
C         1.05087049356775   -0.72352486263051    0.00028765966349
C         1.14892968317415    0.69950844424754   -0.00027660931657
C         2.39006868875400    1.47348012035654    0.00573776879923
O         3.50060375911570    0.99074331433289    0.01069181499938
O         2.17099919732764    2.79575364859652    0.00541441618626
C         3.33364472307117    3.62149797897782    0.01084065763553
H        -0.55602453858006    2.14977101633048   -0.01004507004475
H        -0.82257900261984   -1.91991558407800   -0.00763317580004
H         1.86505044273365   -1.41578268239412    0.00508974272222
H         2.97239092019875    4.64791579776852    0.00997298653673
H         3.94060776792109    3.42084953202759   -0.87375316486608
H         3.93323512467829    3.41980552108223    0.90020620375360
15
 energy: -28.112421753546 gnorm: 0.002754117806 xtb: 6.4.1 (1a32961)
C        -0.14117662270722    1.16216579050367   -0.00689967349839
O        -0.99837433627236    0.14316940788150   -0.01012594113391
C        -0.27917910194347   -0.99819112391423   -0.00560221959917
C         1.04916942981868   -0.72527296733109    0.00022863129971
C         1.15035835257407    0.69799218922839   -0.00043951653209
C         2.39448411107954    1.46848583045440    0.00553018574269
O         3.50556674223053    0.98500736611347    0.01069168167610
O         2.17357800451656    2.78868580199234    0.00517973645558
C         3.33101702984079    3.62281842252797    0.01086970578531
H        -0.54470386336085    2.15441423481006   -0.00997130116900
H        -0.82617367595594   -1.91867796240170   -0.00747099037601
H         1.86527740344146   -1.41549309091533    0.00496438143221
H         2.95988464759885    4.64434419140422    0.00988025511760
H         3.93969831830947    3.42677022052697   -0.87375584611817
H         3.93188356082988    3.42570168911938    0.90058091091754
15
 energy: -28.112446112596 gnorm: 0.001237276412 xtb: 6.4.1 (1a32961)
C        -0.13730108929183    1.16245388126691   -0.00690362202866
O        -0.99816439057479    0.14704558126869   -0.00995818135230
C        -0.28334748971906   -0.99668184741489   -0.00553440951359
C         1.04715280729365   -0.72834485817240    0.00006023134250
C         1.15362048340753    0.69496093304087   -0.00058897810460
C         2.39905030823772    1.46318480836934    0.00550479116584
O         3.51005599873486    0.97802602198373    0.01072482638616
O         2.17531206727818    2.78246973729872    0.00495668585599
C         3.32760378172155    3.62484828379896    0.01087502815793
H        -0.53048116416530    2.15958035378607   -0.00986843684249
H        -0.83142891486003   -1.91716807824399   -0.00722647382150
H         1.86405731028922   -1.41830755416344    0.00469901393876
H         2.94837543983162    4.64255919909757    0.00969680223961
H         3.93756937915734    3.43414572865885   -0.87421510090295
H         3.92923547265934    3.43314780942502    0.90143782347931
15
 energy: -28.112450651130 gnorm: 0.000846742120 xtb: 6.4.1 (1a32961)
C        -0.13365310272478    1.16295450384674   -0.00681105790106
O        -0.99719691133696    0.14968267050200   -0.00987503980557
C        -0.28500400843373   -0.99572135694454   -0.00549302501073
C         1.04613946507666   -0.73077519670871    0.00009324315736
C         1.15640695843906    0.69228449986666   -0.00066988497206
C         2.40137065644175    1.46073049430047    0.00525302354411
O         3.51221885099284    0.97546056237369    0.01075439092447
O         2.17543872628702    2.78001169474871    0.00476018824503
C         3.32515107835729    3.62590144492454    0.01089288519980
H        -0.52181162687856    2.16187617782624   -0.00977454017576
H        -0.83478225537465   -1.91525653841122   -0.00716501398314
H         1.86178345014654   -1.42242690970849    0.00458274026359
H         2.94269593979134    4.64250838910291    0.00960578866004
H         3.93561787007095    3.43784276653582   -0.87434786226094
H         3.92693490914524    3.43684679774516    0.90185416411486
15
 energy: -28.112452497211 gnorm: 0.000344730609 xtb: 6.4.1 (1a32961)
C        -0.13158758054679    1.16326664870049   -0.00684572382060
O        -0.99631766517850    0.15090991755157   -0.00977707500827
C        -0.28514376829063   -0.99523376735076   -0.00551670441910
C         1.04601019305163   -0.73191997365211   -0.00013088572842
C         1.15784044753741    0.69086119287207   -0.00064913304164
C         2.40213618750319    1.46035891600492    0.00556393324193
O         3.51334204923163    0.97638514825192    0.01080045402572
O         2.17488735221754    2.77967704032151    0.00476621805661
C         3.32386023550184    3.62602842371081    0.01085261207192
H        -0.51878855758247    2.16221355231845   -0.00970179070145
H        -0.83628606579690   -1.91382785315762   -0.00706418045861
H         1.86004833451455   -1.42537594659776    0.00435388983437
H         2.94105499699451    4.64270740675454    0.00938073607333
H         3.93457409293606    3.43830542102092   -0.87419866315939
H         3.92567974790694    3.43756387325105    0.90182631303360
15
 energy: -28.112453092887 gnorm: 0.000244871235 xtb: 6.4.1 (1a32961)
C        -0.13002840227520    1.16343799960212   -0.00662015058550
O        -0.99568758671286    0.15195093398907   -0.00978762449724
C        -0.28552405678185   -0.99481979709855   -0.00546548535877
C         1.04591214291893   -0.73277400383167    0.00015607181564
C         1.15893569377168    0.68981788569413   -0.00073061672765
C         2.40304758206707    1.45983318175763    0.00490135288942
O         3.51483773526857    0.97725555159606    0.01076800000413
O         2.17463440529510    2.77895229132238    0.00452104263329
C         3.32275808524470    3.62617638721149    0.01090548264821
H        -0.51636535375497    2.16271948025468   -0.00955413923431
H        -0.83777847482358   -1.91274555924875   -0.00722625537734
H         1.85880316703513   -1.42754563639761    0.00447087430475
H         2.93911891550329    4.64255498766662    0.00937515803193
H         3.93393253426253    3.43894018421997   -0.87396822659922
H         3.92471361298145    3.43816611326242    0.90191451605267
