9
 energy: -14.649855662578 gnorm: 0.030640755295 xtb: 6.4.1 (1a32961)
C        -0.20310000000000    1.09586000000000   -0.00500000000000
O        -1.07762000000000    0.05664000000000   -0.01013000000000
C        -0.33593000000000   -1.08121000000000   -0.00394000000000
C         1.00614000000000   -0.77977000000000    0.00603000000000
C         1.09241000000000    0.63348000000000    0.00574000000000
H        -0.64817000000000    2.08096000000000   -0.01030000000000
H        -0.89753000000000   -2.00489000000000   -0.00816000000000
H         1.81929000000000   -1.49166000000000    0.01217000000000
H         1.98605000000000    1.24119000000000    0.01177000000000
9
 energy: -14.650907240715 gnorm: 0.011366621337 xtb: 6.4.1 (1a32961)
C        -0.20040864610373    1.09093964941787   -0.00486339204965
O        -1.06833558357102    0.05606832699124   -0.01115849583817
C        -0.33267538353625   -1.07665481828724   -0.00411258525640
C         0.99633976113942   -0.77851631268981    0.00551802421137
C         1.08255514997490    0.63342912542974    0.00480234854693
H        -0.63206162311149    2.07332701711069   -0.00899923234594
H        -0.88050980141099   -1.99925985268090   -0.00749253603745
H         1.80540025726431   -1.48236255689665    0.01292120032321
H         1.97123586935485    1.23362942160506    0.01156466844610
9
 energy: -14.651015064906 gnorm: 0.004806979572 xtb: 6.4.1 (1a32961)
C        -0.20179251442690    1.08801927753057   -0.00504297885247
O        -1.06738200845359    0.05602274306929   -0.01024291569742
C        -0.33372787670786   -1.07358661797102   -0.00400657499476
C         0.99271403424953   -0.77920312033195    0.00541650875921
C         1.07904251354807    0.63455759866142    0.00517659205917
H        -0.62512528354769    2.07183948873065   -0.00973271988987
H        -0.87342941441988   -1.99865382394470   -0.00771843583623
H         1.80292113888402   -1.47846760361123    0.01247082329207
H         1.96831941087429    1.23007205786696    0.01185970116032
9
 energy: -14.651036532812 gnorm: 0.001782513977 xtb: 6.4.1 (1a32961)
C        -0.20361704736879    1.08698434147543   -0.00471858688846
O        -1.06849376615874    0.05609828750843   -0.01112594539199
C        -0.33542797205421   -1.07234086760090   -0.00408396126492
C         0.99154295129937   -0.77984622625465    0.00560239972921
C         1.07796452401836    0.63532887131966    0.00467282019765
H        -0.62227381308520    2.07304723958845   -0.00885568229386
H        -0.87076900521180   -2.00021529284272   -0.00770326437633
H         1.80372978732233   -1.47665247479375    0.01312799051744
H         1.96888434123867    1.22819612160006    0.01126422977126
9
 energy: -14.651039542008 gnorm: 0.001144680901 xtb: 6.4.1 (1a32961)
C        -0.20546430925512    1.08670975663552   -0.00550037216557
O        -1.07007740049940    0.05619828621577   -0.00971891725998
C        -0.33724947002981   -1.07185967911431   -0.00394658576814
C         0.99087746779215   -0.78027252650149    0.00487123630129
C         1.07734424286771    0.63580219087133    0.00558246974900
H        -0.62018507475107    2.07521607676172   -0.01040992777790
H        -0.86904733982703   -2.00262179854354   -0.00725838818246
H         1.80523681337469   -1.47512357004215    0.01177711583283
H         1.97010507032789    1.22655126371715    0.01278336927093
9
 energy: -14.651040651196 gnorm: 0.000421969951 xtb: 6.4.1 (1a32961)
C        -0.20509657154743    1.08698160325673   -0.00443800374477
O        -1.06982995394167    0.05617797533901   -0.01129516412450
C        -0.33690250437709   -1.07217934455551   -0.00421004620970
C         0.99105100605969   -0.78007152522335    0.00604902465541
C         1.07751149830158    0.63556988933423    0.00438387486947
H        -0.62064040241078    2.07501108641197   -0.00841390320852
H        -0.86946389728041   -2.00235177831410   -0.00814029056464
H         1.80499414555112   -1.47540488521451    0.01368409459368
H         1.96991667964499    1.22686697896552    0.01056041373357
9
 energy: -14.651040966481 gnorm: 0.000372944383 xtb: 6.4.1 (1a32961)
C        -0.20476340842032    1.08704262889341   -0.00507097744702
O        -1.06954807464278    0.05615895300628   -0.01082884418555
C        -0.33658547453298   -1.07228411662313   -0.00392804259054
C         0.99114336044009   -0.77995876398077    0.00514973450638
C         1.07757717480080    0.63544486621678    0.00512508442728
H        -0.62089568369634    2.07462794892565   -0.00950255070193
H        -0.86969388479830   -2.00193739699583   -0.00723287026607
H         1.80468829522768   -1.47564066542874    0.01236336840652
H         1.96961769562214    1.22714654598634    0.01210509785093
