24
 energy: -32.141355483323 gnorm: 0.032389761702 xtb: 6.4.0 (f63f532)
C         2.33961000000000   -0.72850000000000    1.19842000000000
C         3.00824000000000   -0.10449000000000    0.13627000000000
C         4.51715000000000   -0.12921000000000    0.04154000000000
C         5.15189000000000   -1.53215000000000   -0.03128000000000
C         4.73019000000000   -2.29644000000000   -1.28784000000000
C         6.67953000000000   -1.40970000000000    0.00203000000000
C         2.25375000000000    0.59823000000000   -0.81702000000000
C         0.86335000000000    0.67871000000000   -0.70699000000000
C         0.21834000000000    0.05626000000000    0.35808000000000
Br       -1.66055000000000    0.19181000000000    0.52548000000000
C         0.94847000000000   -0.65160000000000    1.30808000000000
H         2.89838000000000   -1.26936000000000    1.95986000000000
H         4.90299000000000    0.40025000000000    0.92296000000000
H         4.84374000000000    0.45929000000000   -0.82615000000000
H         4.84575000000000   -2.11793000000000    0.84413000000000
H         5.07019000000000   -1.78698000000000   -2.19586000000000
H         3.64320000000000   -2.40725000000000   -1.34580000000000
H         5.16214000000000   -3.30315000000000   -1.28553000000000
H         7.05373000000000   -0.87070000000000   -0.87460000000000
H         7.14846000000000   -2.39926000000000    0.01553000000000
H         7.00995000000000   -0.87119000000000    0.89651000000000
H         2.74646000000000    1.09833000000000   -1.64802000000000
H         0.29876000000000    1.23545000000000   -1.44961000000000
H         0.44892000000000   -1.13757000000000    2.14237000000000
24
 energy: -32.143180376177 gnorm: 0.010871458129 xtb: 6.4.0 (f63f532)
C         2.34587727533757   -0.72470164704451    1.18690041875320
C         3.01246696843043   -0.10995527436843    0.12971211988469
C         4.51619066726779   -0.13227665406785    0.03942568264116
C         5.15020251814598   -1.53074772312165   -0.02906148989832
C         4.71682954542665   -2.28412158836900   -1.28409999270906
C         6.67440307153299   -1.40725908802908    0.00803842407966
C         2.25799939380224    0.58509461235745   -0.81334271681031
C         0.87876567828665    0.67206684491588   -0.70525445701709
C         0.23960348905058    0.05288674312548    0.35607532062180
Br       -1.65450056686937    0.17951473169842    0.52080814456716
C         0.96631441455899   -0.65117798204645    1.30205079222544
H         2.90283673566067   -1.26082060412410    1.94221744657183
H         4.91074341386761    0.38107863663046    0.92386018970490
H         4.83354592012427    0.44125962337269   -0.83639886779259
H         4.83241009767075   -2.10795804305937    0.84592182290193
H         5.05668776505470   -1.76798662497846   -2.18175228808945
H         3.63262181200574   -2.38188411725666   -1.33267174160530
H         5.14842616447335   -3.28540139532908   -1.28590577139084
H         7.03838527982265   -0.86864718817192   -0.86659247651238
H         7.13602201158690   -2.39416013688215    0.01432550069132
H         7.00284132737429   -0.87292284271871    0.89937285396937
H         2.74813282015134    1.07941686988421   -1.64021147657517
H         0.31080362532216    1.22327372986878   -1.44207602841169
H         0.46503057191502   -1.13172088228595    2.13121859019973
24
 energy: -32.143466941959 gnorm: 0.003463595271 xtb: 6.4.0 (f63f532)
C         2.35526984352037   -0.72040695416047    1.18550821821175
C         3.02089128571094   -0.10591203449853    0.13020973834294
C         4.52086669945636   -0.12653823237896    0.04055123025040
C         5.14489928604653   -1.52910634552526   -0.02502290608460
C         4.70401856091739   -2.27382680301750   -1.28201324670534
C         6.66799562587757   -1.41088247240543    0.01164201561676
C         2.26494880026035    0.57896239042945   -0.81393503676460
C         0.88838948800005    0.66191017397836   -0.71101529740399
C         0.25472916539917    0.04254187218179    0.35053032277989
Br       -1.65027732386444    0.16517577716511    0.51650543977779
C         0.97915011552147   -0.65532577018768    1.30028718811136
H         2.91374985102894   -1.25344027993236    1.93867472314277
H         4.91860879287299    0.38222550975899    0.92386138174339
H         4.83461637177007    0.43806230708956   -0.83962238940160
H         4.82026667394811   -2.10268121310399    0.84944223538695
H         5.04072283397627   -1.74969472945074   -2.17390280788409
H         3.62042789742035   -2.35978661500523   -1.32066611116868
H         5.12954112134667   -3.27521203897397   -1.29417981481270
H         7.02738274237672   -0.86769760610430   -0.85977307197659
H         7.12557136888809   -2.39729256685035    0.01143416463102
H         6.99487187713942   -0.88208695556584    0.90405887159923
H         2.75458384466986    1.06749928739000   -1.64215966423861
H         0.31618026968839    1.20895216451073   -1.44460415991275
H         0.47523480802834   -1.13258886534339    2.12674897675932
24
 energy: -32.143563562950 gnorm: 0.002273679633 xtb: 6.4.0 (f63f532)
C         2.36291041720374   -0.71604531575031    1.18795148146211
C         3.02725962534252   -0.10070699734866    0.13186712169581
C         4.52586149003186   -0.12033879192380    0.04288495312166
C         5.14219353515160   -1.52669860411128   -0.02253812120426
C         4.69129254492448   -2.26379718876117   -1.28097355679586
C         6.66559792293019   -1.41672815886453    0.01438600314059
C         2.26982409273330    0.57589710903832   -0.81672823424962
C         0.89263543950908    0.65395687294792   -0.71684971804930
C         0.26334994994602    0.03487365607157    0.34686243225863
Br       -1.64804553858468    0.14833172136645    0.50995698512178
C         0.98670225809133   -0.65815422631183    1.30089358267599
H         2.92431130354063   -1.24401517538805    1.94272480879866
H         4.92617670095219    0.38739065663862    0.92465519272685
H         4.84029571973815    0.43995709487198   -0.83893377416720
H         4.81297587805819   -2.09864346141817    0.85106319536174
H         5.02517482945493   -1.73483442921461   -2.17077611887987
H         3.60713554304159   -2.34293446561706   -1.31251379620759
H         5.11140924380831   -3.26671230919669   -1.30173079665614
H         7.02488241301482   -0.86866774288396   -0.85371051052843
H         7.11905923998839   -2.40466204424833    0.00732861425672
H         6.99396173220728   -0.89471111841748    0.90997317506454
H         2.75986721888778    1.06200649579732   -1.64644084819839
H         0.31674645557746    1.19377310287903   -1.45225957870232
H         0.48106198445082   -1.13568668015530    2.12546750795392
24
 energy: -32.143637832180 gnorm: 0.002193518828 xtb: 6.4.0 (f63f532)
C         2.37010328024872   -0.70955075917713    1.19240841953053
C         3.03291508953765   -0.09331621340549    0.13486304643158
C         4.53118763907969   -0.11290924994213    0.04676368389901
C         5.13963278913290   -1.52336077821673   -0.02041773745968
C         4.67860597763097   -2.25379910252586   -1.27956495674893
C         6.66378501275684   -1.42393679018281    0.01511013915058
C         2.27426832460314    0.57484744122420   -0.81950971854440
C         0.89535184531655    0.64488130142898   -0.72359285167261
C         0.26958430388375    0.02512696458558    0.34167649734145
Br       -1.64571113947141    0.12937300149774    0.50164098320586
C         0.99266704119058   -0.66076556001683    1.30140974464263
H         2.93468041045023   -1.23180369273951    1.94976063896773
H         4.93393968050721    0.39415806334423    0.92755363165743
H         4.84792888508450    0.44562178359143   -0.83535916545224
H         4.80752592744745   -2.09439766126582    0.85250657007567
H         5.00787650167156   -1.72131063619344   -2.16927392069235
H         3.59369237669135   -2.32839208713098   -1.30328410735840
H         5.09372191501514   -3.25864425192790   -1.30873558643167
H         7.02599100197599   -0.87028357018394   -0.84858442064406
H         7.11178178450250   -2.41457860822159   -0.00010905854034
H         6.99568702950967   -0.91126969127294    0.91533084057015
H         2.76486483713567    1.05945757475954   -1.65057396431064
H         0.31652216573352    1.17734011878992   -1.46212180185442
H         0.48603732036578   -1.13963759681854    2.12466309423713
24
 energy: -32.143691138672 gnorm: 0.002260493909 xtb: 6.4.0 (f63f532)
C         2.37528312118593   -0.70272091556172    1.19688021373542
C         3.03694051002829   -0.08672010728759    0.13795276063689
C         4.53555536572143   -0.10662559250307    0.05121099982142
C         5.13760321408628   -1.52007915704265   -0.01940036211482
C         4.66821348246054   -2.24568146509628   -1.27833447818311
C         6.66238781392699   -1.43031195803701    0.01395525257885
C         2.27775999846443    0.57457554468492   -0.82123536720054
C         0.89751366488815    0.63718155070825   -0.72876290230273
C         0.27327910867744    0.01736150853328    0.33734083810506
Br       -1.64372330749863    0.10946122059997    0.49103732239662
C         0.99684746691999   -0.66138657364768    1.30196471834947
H         2.94201119452503   -1.21848662869465    1.95765322362967
H         4.93980724408627    0.39830520716291    0.93274166871773
H         4.85481328692205    0.45305508191742   -0.82963260245200
H         4.80439090460336   -2.09082364277875    0.85321363623638
H         4.99280016996870   -1.71117508397847   -2.16884214526012
H         3.58283293193082   -2.31868035690825   -1.29578887887755
H         5.08063557944904   -3.25161297974716   -1.31344789078015
H         7.02805835215709   -0.87207495990509   -0.84566606278518
H         7.10429028836621   -2.42393715593270   -0.00940567694992
H         6.99914015228660   -0.92711730652954    0.91830103104889
H         2.76859684124951    1.05874275920324   -1.65281128210041
H         0.31729851491781    1.16282648536441   -1.47132819846107
H         0.49030410067667   -1.14122547452381    2.12496418221120
24
 energy: -32.143741053309 gnorm: 0.001965819468 xtb: 6.4.0 (f63f532)
C         2.37934002818718   -0.69432059993847    1.20226839248143
C         3.04043597573285   -0.08008565470718    0.14189961246995
C         4.53953551227770   -0.10116979911808    0.05679102382743
C         5.13563061314622   -1.51701878382368   -0.01888251739908
C         4.65895020236262   -2.23850672041682   -1.27724819942455
C         6.66090853806026   -1.43622832029416    0.01096340332067
C         2.28120256689730    0.57462480901970   -0.82181688962871
C         0.90000151164657    0.62931996065195   -0.73354190639721
C         0.27552882064139    0.00924792766498    0.33231064297187
Br       -1.64170570174133    0.08840000780356    0.47792622734371
C         1.00016544938848   -0.66034619386529    1.30267316933318
H         2.94711319033140   -1.20369401914560    1.96665988881600
H         4.94466096969960    0.39953568547142    0.94060861881812
H         4.86133388974078    0.46157134731962   -0.82154225209096
H         4.80227197910754   -2.08786657726452    0.85365969232108
H         4.97865772002394   -1.70222793595912   -2.16862786155055
H         3.57336382958142   -2.31155956636378   -1.28918245841923
H         5.07039235605633   -3.24479809061392   -1.31719389536793
H         7.02916180881520   -0.87380050745794   -0.84498063816762
H         7.09645295952462   -2.43268859361056   -0.02099340591787
H         7.00333212289716   -0.94250235186007    0.91868668158313
H         2.77201981902168    1.05845664353865   -1.65362192218101
H         0.31961369049013    1.14878771669380   -1.48050204818730
H         0.49427214811091   -1.14028038372452    2.12624664144546
24
 energy: -32.143815420034 gnorm: 0.001500953453 xtb: 6.4.0 (f63f532)
C         2.38474145257765   -0.67873703716838    1.21288030359254
C         3.04641829968915   -0.06980064855781    0.15011084244480
C         4.54615284720953   -0.09330359383445    0.06876786639997
C         5.13227225856092   -1.51267191529690   -0.01826594910551
C         4.64375389158415   -2.22664417754168   -1.27605966186532
C         6.65819591446403   -1.44543115356928    0.00336857000833
C         2.28784474360426    0.57319150032748   -0.82168903218689
C         0.90573202211920    0.61540932159769   -0.74155624023476
C         0.27870672877797   -0.00308978906915    0.32389683573940
Br       -1.63842612438510    0.04941293015264    0.45043838088424
C         1.00492683421774   -0.65565496332554    1.30490249400749
H         2.95261914522298   -1.17588736668804    1.98501863478983
H         4.95209143949923    0.39672717729462    0.95850904534116
H         4.87228389881266    0.47657598768174   -0.80370365353402
H         4.79966243900007   -2.08463423823322    0.85404446375106
H         4.95519156568680   -1.68632661261343   -2.16800039345883
H         3.55810696255756   -2.30071957199401   -1.27924064453726
H         5.05512896770145   -3.23276908582105   -1.32434031390987
H         7.02774427411484   -0.87615267024146   -0.84743952056425
H         7.08343928257047   -2.44588910673321   -0.04392441399533
H         7.01105789063836   -0.96705386574983    0.91529482203460
H         2.77868626611319    1.05606325875882   -1.65370789553790
H         0.32633829205665    1.12382181263356   -1.49717102625627
H         0.49997070760621   -1.13358619200916    2.13042648619281
24
 energy: -32.143872567216 gnorm: 0.001215880163 xtb: 6.4.0 (f63f532)
C         2.38824346507621   -0.66381680857742    1.22462849511181
C         3.05211479148734   -0.06202959345558    0.15939931684344
C         4.55168577136377   -0.08839108634466    0.08150558968627
C         5.12965681890816   -1.51045579460192   -0.01749258204287
C         4.63063370057740   -2.21512790472081   -1.27647862725170
C         6.65595148429427   -1.45221193097995   -0.00438540542937
C         2.29482160187818    0.56879201519069   -0.82110071162227
C         0.91225010534072    0.60070139650866   -0.75017210628818
C         0.28195726813381   -0.01521565761973    0.31502112746310
Br       -1.63500511841956    0.02049244145153    0.42704138237938
C         1.00804340030728   -0.65037110372472    1.30783546658070
H         2.95470771006881   -1.15023347756137    2.00433821900188
H         4.95837037897932    0.39005984432547    0.97693531619332
H         4.88160578986067    0.48769170035937   -0.78522618456382
H         4.79791028174896   -2.08508726746723    0.85353464669876
H         4.93609166146559   -1.66918049700383   -2.16688961196629
H         3.54495830048638   -2.28808891714261   -1.27218182743733
H         5.04104474044057   -3.22120347450046   -1.33406068506814
H         7.02299900780138   -0.87712509433959   -0.85213786936732
H         7.07447651399708   -2.45449349778080   -0.06420891835112
H         7.01699747904795   -0.98483226581971    0.90949276377293
H         2.78644285427128    1.04819707677578   -1.65445300057798
H         0.33426261655043    1.09909546957036   -1.51353862483421
H         0.50241937633394   -1.12431557254148    2.13515383106902
24
 energy: -32.143928803617 gnorm: 0.001167603022 xtb: 6.4.0 (f63f532)
C         2.38988687833178   -0.65083501706433    1.23726986755818
C         3.05725421267733   -0.05837238793239    0.16910359597454
C         4.55659614114013   -0.08524159891877    0.09673947807823
C         5.12752347590800   -1.50934789999082   -0.01703636131874
C         4.61834149308474   -2.20205945215487   -1.27871554385537
C         6.65400651655970   -1.45740678991624   -0.01318349254486
C         2.30251517003889    0.55876784626711   -0.82187603691212
C         0.91997868028239    0.58459487334189   -0.75934196367813
C         0.28610455348017   -0.02244076499500    0.30911284677153
Br       -1.63183156911555   -0.00489807089738    0.40305248274667
C         1.00968765514480   -0.64266502329657    1.31287031572152
H         2.95414572814379   -1.12426101132589    2.02667181579681
H         4.96309885214623    0.38023586788983    0.99874658376940
H         4.89052827725898    0.49850840348165   -0.76304268902648
H         4.79745131177648   -2.08899149850382    0.85142536550949
H         4.91953295839495   -1.64933463872295   -2.16617564384235
H         3.53261983331777   -2.27150496715290   -1.26768317687008
H         5.02557987686652   -3.20870378032252   -1.34715199746374
H         7.01695898992739   -0.87676193577423   -0.85879689636846
H         7.06769227259168   -2.46062263943727   -0.08459570810984
H         7.02280678498581   -0.99915879930556    0.90180628723087
H         2.79633283527986    1.03264197833453   -1.65706306955965
H         0.34395130330553    1.07106508335677   -1.53191256245893
H         0.50187776847256   -1.11035777696033    2.14233650285152
24
 energy: -32.143985133241 gnorm: 0.001327619238 xtb: 6.4.0 (f63f532)
C         2.39046411665597   -0.63654405210614    1.25240187015286
C         3.06161125875657   -0.05524318150923    0.18060110716004
C         4.56057376585474   -0.08374368388086    0.11320061269061
C         5.12624314097754   -1.50889869463591   -0.01745480002531
C         4.60738193191532   -2.18735507121021   -1.28306196291408
C         6.65281909993276   -1.46173716143370   -0.02187455205864
C         2.31025090161427    0.54619714993185   -0.82267528737792
C         0.92728834219973    0.56522649152650   -0.77015581311379
C         0.28939501652045   -0.03239955190810    0.30139830942883
Br       -1.62844197618395   -0.01893912675625    0.38516149542280
C         1.00952706153490   -0.63484849855803    1.31867858960034
H         2.95202081839463   -1.09940619695380    2.04971432311943
H         4.96628858419901    0.36786254524559    1.02224483287355
H         4.89873698410242    0.50913405427257   -0.73849906716577
H         4.79801246739810   -2.09531790185612    0.84727057632860
H         4.90714774139389   -1.62758172522484   -2.16637723600139
H         3.52151657060227   -2.25123621907121   -1.26728132220250
H         5.00918796998196   -3.19519410904068   -1.36275183297602
H         7.01163762979430   -0.87626653677390   -0.86586658889756
H         7.06311365209451   -2.46543902059343   -0.10293691616321
H         7.02845127887945   -1.01059965977461    0.89368357451367
H         2.80727505849300    1.00968075898346   -1.66198832817823
H         0.35356808488504    1.03928574198621   -1.55196045312012
H         0.49857050000301   -1.09378635065923    2.15108886890384
24
 energy: -32.144036372962 gnorm: 0.001159864840 xtb: 6.4.0 (f63f532)
C         2.38985793928876   -0.62469488866823    1.26636975852494
C         3.06448122023704   -0.05541978339630    0.19043036535057
C         4.56346271787927   -0.08342149825515    0.12953688116836
C         5.12501657754247   -1.50882974980040   -0.01900294555867
C         4.59942442589843   -2.17185999907953   -1.28990867219479
C         6.65156621411006   -1.46536588076760   -0.02950914761377
C         2.31686253850254    0.52896538361368   -0.82577501375786
C         0.93386119225606    0.54561608391565   -0.78011597809350
C         0.29263737917033   -0.03758177482291    0.29762593511478
Br       -1.62632897999572   -0.02650794999991    0.37228858518907
C         1.00864959452425   -0.62495339534622    1.32622689028921
H         2.94935179649136   -1.07493199083473    2.07267037208078
H         4.96673672996302    0.35398547080036    1.04639287740120
H         4.90632579275241    0.52022987758883   -0.71272131600648
H         4.79811696312750   -2.10345473884661    0.84079595139974
H         4.90036917142000   -1.60477717722546   -2.16822319418941
H         3.51326988399075   -2.22942985188864   -1.27187641255193
H         4.99478506387577   -3.18124210227187   -1.38079301473819
H         7.00831506532638   -0.87597065773616   -0.87168177277297
H         7.05926843816918   -2.46950672007001   -0.11759459437362
H         7.03201604737982   -1.02000212537819    0.88690152772751
H         2.81773851378456    0.98078177377693   -1.66917265919861
H         0.36243171189896    1.00550723940314   -1.57205236639959
H         0.49442400240667   -1.07428554471072    2.16174794320327
24
 energy: -32.144079920759 gnorm: 0.000824114820 xtb: 6.4.0 (f63f532)
C         2.38835654957707   -0.61236258463008    1.28080782004586
C         3.06598609798956   -0.05721829272711    0.19935101231288
C         4.56513564702002   -0.08494266676621    0.14466566748651
C         5.12399761119374   -1.50960049703629   -0.02239357005418
C         4.59525305507491   -2.15649924294245   -1.30020816905622
C         6.65048021563852   -1.46858136045851   -0.03470289156382
C         2.32197840037898    0.50989157435904   -0.82922758533161
C         0.93863626360010    0.52511998699560   -0.78942309305402
C         0.29450843180293   -0.04105174070633    0.29572079192644
Br       -1.62561932543866   -0.02735491766508    0.36445166188247
C         1.00667842785544   -0.61314021144531    1.33545332136297
H         2.94584275628637   -1.05022076907819    2.09536443990972
H         4.96530226170180    0.33832574455784    1.06935079810647
H         4.91260225875302    0.52998126951283   -0.68748340325443
H         4.79713277718403   -2.11347411363547    0.83110559409358
H         4.89928750423311   -1.58157421340137   -2.17248673823228
H         3.50897159539779   -2.20963501819595   -1.28337301230980
H         4.98584859608625   -3.16654402030603   -1.40192920618376
H         7.00685063616358   -0.87579396281216   -0.87474765502558
H         7.05638310807722   -2.47312643530117   -0.12834584973154
H         7.03337996925140   -1.02811441199065    0.88327012873119
H         2.82644499179079    0.94786534617375   -1.67782978505188
H         0.36958069558140    0.97118027551923   -1.59066032322603
H         0.48962147480043   -1.05027973802003    2.17583004621711
24
 energy: -32.144120397020 gnorm: 0.000786065065 xtb: 6.4.0 (f63f532)
C         2.38602905161450   -0.59848181026261    1.29636928819184
C         3.06648898203691   -0.05993895459954    0.20818663256794
C         4.56574345866709   -0.08805698741523    0.15867855091588
C         5.12255686792285   -1.51145917590561   -0.02695852160846
C         4.59478737239314   -2.14081424986682   -1.31379844970310
C         6.64918899296858   -1.47249268204506   -0.03844532198126
C         2.32595083905768    0.48851901875212   -0.83294020448848
C         0.94249395867687    0.50425457813257   -0.79746486788133
C         0.29568875395140   -0.04332316070815    0.29536915840042
Br       -1.62535290819512   -0.02644012069689    0.35885794056670
C         1.00400869559593   -0.59796417861331    1.34716492087208
H         2.94169972961712   -1.02316431587044    2.11921086743145
H         4.96293748816770    0.32059445575500    1.09103214235627
H         4.91747764839789    0.53845047894918   -0.66301365690094
H         4.79370237909458   -2.12583063353046    0.81852185434447
H         4.90226594649259   -1.55592041962744   -2.17855848278266
H         3.50822228604556   -2.19073115592229   -1.29971032157879
H         4.98243831636198   -3.15083810644820   -1.42766677574556
H         7.00726892886848   -0.87581529639803   -0.87517339931098
H         7.05438778358860   -2.47692373673392   -0.13643143298457
H         7.03184586150143   -1.03688663871436    0.88196937977151
H         2.83359579519375    0.91200950489534   -1.68687785553101
H         0.37550579608263    0.93457846030048   -1.60896436481734
H         0.48370797589765   -1.02047487342648    2.19320291989598
24
 energy: -32.144161606094 gnorm: 0.001091469656 xtb: 6.4.0 (f63f532)
C         2.38345913555969   -0.58163690008125    1.31371651229000
C         3.06675033295474   -0.06303331275313    0.21755922610605
C         4.56608785774100   -0.09237798185736    0.17248269684947
C         5.12085040136477   -1.51401129076179   -0.03367655399084
C         4.59590696547240   -2.12336484729361   -1.33140771726055
C         6.64759199417308   -1.47717084409454   -0.03946084481597
C         2.32934971269665    0.46435117983400   -0.83662127281160
C         0.94549662102864    0.47948688533145   -0.80611992284889
C         0.29626056502473   -0.04497050917730    0.29663259349896
Br       -1.62554878158966   -0.02586017442000    0.35449225371450
C         1.00113847977259   -0.57925668312889    1.36114388853936
H         2.93753188367089   -0.99059753107436    2.14586887450798
H         4.96115938073208    0.30069512005999    1.11219760044911
H         4.92158798764609    0.54545945789503   -0.63861689742295
H         4.78805830658539   -2.14001118017986    0.80183474417601
H         4.90789874465040   -1.52659516422989   -2.18640560543295
H         3.50928777414407   -2.17190003901782   -1.32242950269915
H         4.98249568305644   -3.13204472049469   -1.45881120028605
H         7.00857175924048   -0.87559986492625   -0.87150689009195
H         7.05143992363672   -2.48190725182748   -0.14338750715584
H         7.02885307760986   -1.04817913690275    0.88504095334344
H         2.83973045452418    0.87121186981167   -1.69703088101507
H         0.38102921473282    0.89427810236644   -1.62685006336884
H         0.47765252557165   -0.98411518307778    2.21391551572586
24
 energy: -32.144196972333 gnorm: 0.001199725359 xtb: 6.4.0 (f63f532)
C         2.38175387992512   -0.56433980224920    1.32923094390816
C         3.06673022855152   -0.06525573942044    0.22513723862771
C         4.56596796413489   -0.09645908741822    0.18226010039629
C         5.11804836889688   -1.51684758884645   -0.04009210964563
C         4.59984799333829   -2.10774631901961   -1.34891459445111
C         6.64503420684916   -1.48305445477289   -0.03835957211015
C         2.33113892536644    0.44355657390356   -0.83909812850091
C         0.94736532907598    0.45945979748616   -0.81086402112905
C         0.29625728199880   -0.04617980794582    0.29911648924228
Br       -1.62580962713147   -0.02637054319823    0.35322008434541
C         0.99922827038196   -0.56114624345162    1.37420015337043
H         2.93464015539414   -0.95951090390172    2.16854915168290
H         4.96051349579470    0.28364054786548    1.12719539884152
H         4.92420878425792    0.55000192986144   -0.62053000486040
H         4.77920768534840   -2.15312990411226    0.78528803042811
H         4.91585168498971   -1.49877734534233   -2.19386029934606
H         3.51327829536990   -2.15655440356092   -1.34574732128267
H         4.98719152710260   -3.11445904504362   -1.48901550968573
H         7.01159050605974   -0.87584045030558   -0.86399262483614
H         7.04796702112023   -2.48754966097943   -0.14715653481642
H         7.02199609321146   -1.06143042588604    0.89121258469947
H         2.84283669888456    0.83477541233006   -1.70604335816524
H         0.38386105171709    0.85591209509733   -1.64237823840155
H         0.47393417936162   -0.94984463108986    2.23320214168888
24
 energy: -32.144227184799 gnorm: 0.001325545346 xtb: 6.4.0 (f63f532)
C         2.38115860492041   -0.54883467287074    1.34095235348152
C         3.06655654802651   -0.06617502910469    0.23017445015468
C         4.56564348134978   -0.09937240926596    0.18724664807458
C         5.11497204967869   -1.51892278397245   -0.04673646175393
C         4.60498160606219   -2.09458150434078   -1.36530943222654
C         6.64219229815113   -1.48976489951571   -0.03390960236116
C         2.33095582062469    0.42550522737522   -0.84227439195501
C         0.94714586772975    0.43983671404572   -0.81563652053280
C         0.29576263011391   -0.04792882614975    0.30216466012438
Br       -1.62598274574566   -0.02937151707249    0.35466662259250
C         0.99881197784872   -0.54445377004552    1.38601978872282
H         2.93383020894105   -0.93071408960773    2.18663483230903
H         4.96085969203127    0.27148548516412    1.13524679735823
H         4.92531858180408    0.55257653965936   -0.61019941752263
H         4.76815701821032   -2.16283230860839    0.76918185152384
H         4.92519065333744   -1.47501398625144   -2.20072494404954
H         3.51840814373353   -2.14517523610911   -1.36915501383399
H         4.99474702911238   -3.09884922508816   -1.51511942394681
H         7.01620897618452   -0.87640840167352   -0.85167870930782
H         7.04316749160283   -2.49442595505506   -0.14840808023230
H         7.01367793114494   -1.07720473368596    0.90197894680191
H         2.84274804926349    0.80625733820241   -1.71305109346035
H         0.38466507703364    0.82648806183092   -1.65046545146425
H         0.47346300883997   -0.91927001786056    2.25096159150375
24
 energy: -32.144253713300 gnorm: 0.001198316947 xtb: 6.4.0 (f63f532)
C         2.38208719626888   -0.53522206118151    1.34919011507510
C         3.06645180373450   -0.06554003484463    0.23263780100609
C         4.56536644894393   -0.10088054470188    0.18742630448557
C         5.11174373429219   -1.52035049913049   -0.05341014376260
C         4.61078357162511   -2.08462589173547   -1.38025821828268
C         6.63890644656658   -1.49664719814931   -0.02597236539516
C         2.32952398490440    0.41499103416993   -0.84313225939968
C         0.94581462074471    0.42773199282858   -0.81572286398741
C         0.29530782098631   -0.04820154957229    0.30744433676110
Br       -1.62593146045541   -0.03484979556959    0.35898566109379
C         0.99983936566528   -0.53121138643620    1.39553951207725
H         2.93539058859277   -0.90686008563290    2.19868394508446
H         4.96246686332781    0.26483678742553    1.13653624858313
H         4.92502126446478    0.55343379232854   -0.60792291270402
H         4.75585357679568   -2.16866414870320    0.75467885926143
H         4.93549999688058   -1.45690934021605   -2.20731890838576
H         3.52435268416329   -2.13826062871922   -1.39244506966471
H         5.00427049277605   -3.08627488216797   -1.53617698505941
H         7.02165085608168   -0.87697476079296   -0.83476498729703
H         7.03646879517283   -2.50205139234206   -0.14752483428500
H         7.00438261033386   -1.09493311120108    0.91723715210583
H         2.83976026692185    0.78461823011249   -1.72001628629033
H         0.38177360227443    0.80095238680153   -1.65683150426669
H         0.47585486893743   -0.89525691257007    2.26569740324688
24
 energy: -32.144276481088 gnorm: 0.000823150786 xtb: 6.4.0 (f63f532)
C         2.38431091854611   -0.52312740456656    1.35553178948303
C         3.06616466657451   -0.06467896816681    0.23253719352038
C         4.56500959173591   -0.10111650391973    0.18472684274324
C         5.10803206244225   -1.52161719523122   -0.05778901993248
C         4.61784080047835   -2.07688713320041   -1.39265646516159
C         6.63495565259465   -1.50414196554071   -0.01741365193613
C         2.32654843218925    0.40612733183647   -0.84619334816385
C         0.94319217385455    0.41790533647841   -0.81597432041246
C         0.29461362836246   -0.04961343023168    0.31199807066648
Br       -1.62570792095371   -0.04056682833873    0.36556618015319
C         1.00205333997345   -0.52051112132482    1.40387040567975
H         2.93907128845047   -0.88718745462099    2.20704434455765
H         4.96461310599738    0.26361512437081    1.13316666620851
H         4.92383200413232    0.55282906731086   -0.61138761954329
H         4.74258113339054   -2.17260832106808    0.74395358993668
H         4.94662327745969   -1.44206280414075   -2.21272133418205
H         3.53165533204639   -2.13266032998460   -1.41282299879458
H         5.01455419235895   -3.07684239173323   -1.55357141068361
H         7.02769620008519   -0.87763775290999   -0.81610664731021
H         7.02938862515076   -2.50966199091224   -0.14570885285763
H         6.99319294418111   -1.11404342441361    0.93311873242743
H         2.83464452332803    0.77084411149015   -1.72597932390981
H         0.37738631912605    0.78394610682290   -1.65886925532700
H         0.48038770849484   -0.87745205800575    2.27824043283851
24
 energy: -32.144294001931 gnorm: 0.001070276718 xtb: 6.4.0 (f63f532)
C         2.38705979490241   -0.51520769511782    1.35762243818122
C         3.06554450620852   -0.06260043539369    0.23090755685880
C         4.56421003453489   -0.10003522383992    0.17893175319614
C         5.10467696346757   -1.52182769646093   -0.06203791975161
C         4.62518278396868   -2.07058950020348   -1.40335391416858
C         6.63129205949787   -1.51223292057209   -0.00709498955787
C         2.32258660387905    0.40103786639933   -0.84869188106194
C         0.93925997622151    0.41034868591165   -0.81544226438831
C         0.29404715909579   -0.05118519934406    0.31713129391804
Br       -1.62551297705157   -0.04562269747360    0.37572760473315
C         1.00510533544787   -0.51329927455058    1.41026014219200
H         2.94483489992140   -0.87036920975405    2.21176717464585
H         4.96664337359236    0.26649191183662    1.12563497813919
H         4.92195806655746    0.55183872162805   -0.61963131423411
H         4.72844862197716   -2.17390219849425    0.73401286047773
H         4.96049519417183   -1.43126749574620   -2.21714988730089
H         3.53906053007823   -2.12622520529373   -1.43230920305347
H         5.02355819767428   -3.06948390142527   -1.56632604939050
H         7.03486820511219   -0.87805817868752   -0.79429077215830
H         7.02243077559727   -2.51783110070226   -0.14321390232086
H         6.98169519921423   -1.13530370740680    0.95143109753869
H         2.82786139489762    0.76040076432235   -1.73261278956681
H         0.37075030283485    0.77129875892538   -1.65836639757055
H         0.48658299819796   -0.86352506855748    2.28965438464315
24
 energy: -32.144306237958 gnorm: 0.001197788415 xtb: 6.4.0 (f63f532)
C         2.39082582225709   -0.50695247498137    1.36017287217608
C         3.06529047867130   -0.06079775651683    0.22802861026935
C         4.56380734740225   -0.09841107311181    0.17174680015728
C         5.10166926018160   -1.52181224078241   -0.06613603252475
C         4.63175963239910   -2.06535648852438   -1.41303069663759
C         6.62757314741186   -1.51899127705231    0.00453919850826
C         2.31838085093257    0.39612373454261   -0.85209591398333
C         0.93519925051412    0.40451987716151   -0.81409531239984
C         0.29411212095538   -0.05126304386182    0.32366477811245
Br       -1.62557276243422   -0.04966909786632    0.38679835405407
C         1.00906169431986   -0.50613302730192    1.41741420608396
H         2.95115186911677   -0.86002544832230    2.21190122136988
H         4.96906886265487    0.27192361226633    1.11590700441341
H         4.91980150854157    0.55013631009846   -0.63039284431706
H         4.71511127637146   -2.17348340828729    0.72521923990710
H         4.97617501099015   -1.42428859760502   -2.22149741317657
H         3.54566999204290   -2.11794328003957   -1.45175463331723
H         5.02884513612298   -3.06454051065697   -1.57584222173153
H         7.04165226994366   -0.87746344024036   -0.77102382962689
H         7.01503999302455   -2.52493920858161   -0.14038502731462
H         6.97061988753085   -1.15572443879607    0.97113971937109
H         2.82049159684768    0.75230572841832   -1.73894373591206
H         0.36335597293090    0.76003407702067   -1.65753270235056
H         0.49354978127018   -0.85439852697992    2.29875835886929
24
 energy: -32.144311470260 gnorm: 0.000430740079 xtb: 6.4.0 (f63f532)
C         2.39147225472354   -0.50906543277287    1.35884658262728
C         3.06509364870757   -0.06079193811614    0.22693774421294
C         4.56361694153755   -0.09783828251596    0.17078779632126
C         5.10128426907401   -1.52158310644781   -0.06632086877322
C         4.63302370615319   -2.06529823217808   -1.41376164500684
C         6.62691814185148   -1.51885256335242    0.00561761588058
C         2.31770363589688    0.39650331455399   -0.85246263266066
C         0.93435046815034    0.40487905576647   -0.81365729284136
C         0.29418017575713   -0.05172665075684    0.32383737913000
Br       -1.62583380771049   -0.04611581501951    0.39035907768576
C         1.00954046416096   -0.50876699137136    1.41647895501359
H         2.95307178401132   -0.86030008436786    2.21187218995199
H         4.96869862871037    0.27274165193755    1.11500016467403
H         4.91952358999040    0.55077291727491   -0.63136300819595
H         4.71401304270671   -2.17312591722608    0.72473267890935
H         4.98100017456838   -1.42663963900650   -2.22310085713736
H         3.54708748892347   -2.11397345581264   -1.45407337013204
H         5.02656721934001   -3.06652502741003   -1.57465483733150
H         7.04227443500624   -0.87682816972451   -0.76845772648189
H         7.01506143347724   -2.52444008298575   -0.13901168761697
H         6.96818331587028   -1.15618023677781    0.97265883907040
H         2.81944378765354    0.75145914951577   -1.74014723269866
H         0.36192073795797    0.75953467314304   -1.65694423918341
H         0.49444446348128   -0.85498913634990    2.29938637458288
24
 energy: -32.144316146435 gnorm: 0.000735844457 xtb: 6.4.0 (f63f532)
C         2.39226402122895   -0.51016988950100    1.35768814678808
C         3.06467794508081   -0.06114429986692    0.22524732992307
C         4.56319839227159   -0.09739089158338    0.16878352029162
C         5.10123508575031   -1.52123365961029   -0.06699833142861
C         4.63434135027248   -2.06536792511443   -1.41472111164715
C         6.62662138456301   -1.51856268290253    0.00794781532323
C         2.31645764042231    0.39587435654629   -0.85347430410429
C         0.93298411045908    0.40473951158578   -0.81316047337495
C         0.29423463619412   -0.05102056950407    0.32516992649529
Br       -1.62607452310557   -0.04343958354434    0.39468726094473
C         1.01040944497381   -0.50927678413719    1.41681744393401
H         2.95510751128449   -0.86270436432138    2.20994787969273
H         4.96816758236443    0.27414532844628    1.11270893728335
H         4.91891575826997    0.55068684241076   -0.63386160414795
H         4.71240783339266   -2.17228583085045    0.72360790672964
H         4.98873139315883   -1.43059343860340   -2.22458538843665
H         3.54833548897213   -2.10808352810549   -1.45854190805301
H         5.02289457816117   -3.06926704535284   -1.57212699058518
H         7.04343262173166   -0.87583416989110   -0.76458967431571
H         7.01514018525370   -2.52393746506433   -0.13681538323619
H         6.96583322098263   -1.15677349406689    0.97595281415885
H         2.81750623223131    0.75145396169747   -1.74136528139936
H         0.35972038720209    0.76040361118909   -1.65541139573010
H         0.49609771888342   -0.85736798985601    2.29965286489472
24
 energy: -32.144322899428 gnorm: 0.000762817100 xtb: 6.4.0 (f63f532)
C         2.39340296126123   -0.51193745689975    1.35570448844334
C         3.06366219736891   -0.06132298220800    0.22248329330603
C         4.56211975645712   -0.09672771739322    0.16455309015296
C         5.10096478988712   -1.52074143888700   -0.06819033737818
C         4.63806135438475   -2.06581646114319   -1.41680865719487
C         6.62606619991657   -1.51831679917585    0.01234705928791
C         2.31366586278706    0.39612204614640   -0.85462166085260
C         0.93011895381578    0.40583989850435   -0.81130970030560
C         0.29390160810140   -0.05022266701273    0.32818209019122
Br       -1.62656917561741   -0.03956425488431    0.40275938935147
C         1.01188560413465   -0.51083982798893    1.41769043049817
H         2.95803045422979   -0.86670072664161    2.20554438115898
H         4.96725444234456    0.27718529815013    1.10746277667306
H         4.91701455794623    0.54983498652058   -0.63964845577883
H         4.70896981409824   -2.17097126464136    0.72155651662269
H         5.00613005263688   -1.43903697945455   -2.22695837224978
H         3.55180750282526   -2.09600483687724   -1.46857412363729
H         5.01608521054428   -3.07498075882659   -1.56658096936576
H         7.04569797394921   -0.87360585345459   -0.75713598340933
H         7.01512312885506   -2.52338321156619   -0.13346679984993
H         6.96155710188335   -1.15879303243831    0.98265115007529
H         2.81309246370142    0.75145044796277   -1.74352241652850
H         0.35527364049093    0.76209181632348   -1.65225271060977
H         0.49932354399701   -0.86070822411468    2.30069552139953
24
 energy: -32.144326943502 gnorm: 0.000484830856 xtb: 6.4.0 (f63f532)
C         2.39423448834435   -0.51324122592207    1.35410221359490
C         3.06271785365783   -0.06159569429795    0.22022309119226
C         4.56113433903494   -0.09633322735138    0.16040242964985
C         5.10045273049213   -1.52062429053834   -0.06916084175779
C         4.64228909071882   -2.06670195960771   -1.41899438301964
C         6.62533373637195   -1.51858839816110    0.01637139051042
C         2.31087414017717    0.39691388683727   -0.85522174587657
C         0.92742508533082    0.40702748835082   -0.80932744097032
C         0.29300546411707   -0.04938021624816    0.33115117511021
Br       -1.62719306190362   -0.03884554581231    0.40891232715968
C         1.01287601503567   -0.51145371775674    1.41881700742485
H         2.96019122159320   -0.86874047363520    2.20232434084430
H         4.96703214700906    0.28033875663074    1.10189224672694
H         4.91463164925954    0.54837726301260   -0.64590714121139
H         4.70579983860487   -2.17017942407064    0.71988464426009
H         5.02173953875190   -1.44629119076750   -2.22861158352871
H         3.55614218788363   -2.08719496406215   -1.47841097997241
H         5.01202990809969   -3.07970015327696   -1.56232728313298
H         7.04749517684813   -0.87193615355929   -0.75019159272315
H         7.01468572202236   -2.52333515081065   -0.13086147317077
H         6.95800971176033   -1.16153097266886    0.98862068415508
H         2.80869447713905    0.75332578697885   -1.74455724554174
H         0.35123840038197    0.76480680210962   -1.64871087713692
H         0.50180013926853   -0.86226722537332    2.30214103741399
24
 energy: -32.144329133200 gnorm: 0.000227472168 xtb: 6.4.0 (f63f532)
C         2.39487212871686   -0.51301933536926    1.35337880401396
C         3.06201362510580   -0.06113280752633    0.21888491188222
C         4.56036665537446   -0.09621058263913    0.15688357372580
C         5.10002953745255   -1.52072460060901   -0.07001410612731
C         4.64560142027120   -2.06750283778405   -1.42084025432051
C         6.62474983007159   -1.51926380487649    0.01962384402593
C         2.30867608344504    0.39861428032637   -0.85511468639297
C         0.92539280803374    0.40841092578591   -0.80751387168316
C         0.29211048121737   -0.04994523543211    0.33299008198574
Br       -1.62769098701932   -0.03922207867132    0.41307330203427
C         1.01357290219322   -0.51192214370027    1.41962217963938
H         2.96166952116859   -0.86930034701364    2.20055740883937
H         4.96746353887960    0.28286691584848    1.09687355773105
H         4.91257456286987    0.54665069744468   -0.65145448150767
H         4.70296166377921   -2.16961351756524    0.71837426362834
H         5.03229818517059   -1.45071692165982   -2.22953094079566
H         3.55974535844178   -2.08272373797927   -1.48574756405207
H         5.01098882619077   -3.08245703871120   -1.56010861510324
H         7.04895878688004   -0.87111440341182   -0.74459760230398
H         7.01410332763850   -2.52384668893317   -0.12880889248916
H         6.95517876864159   -1.16432428860888    0.99344957841871
H         2.80523169803146    0.75571659904282   -1.74487434606211
H         0.34813503750748    0.76665815831469   -1.64598764340392
H         0.50363623993740   -0.86302720627234    2.30344149831717
24
 energy: -32.144330342745 gnorm: 0.000242594259 xtb: 6.4.0 (f63f532)
C         2.39552871524472   -0.51313160047213    1.35271663184546
C         3.06168849476402   -0.06092777025344    0.21784171435578
C         4.55999655691934   -0.09593336202505    0.15423162817265
C         5.09937315348319   -1.52086551544790   -0.07060054068273
C         4.64803038773342   -2.06803691693920   -1.42234227502195
C         6.62393198414088   -1.52008355053301    0.02210964672405
C         2.30723513990452    0.39969325574307   -0.85510300049249
C         0.92408129746772    0.40961549660438   -0.80613599310505
C         0.29162280699188   -0.04932077927017    0.33472435993551
Br       -1.62792805332040   -0.04162004264896    0.41528707306257
C         1.01426809219158   -0.51184653761876    1.42032294307311
H         2.96286179885058   -0.86891263466310    2.19969234431045
H         4.96812520552764    0.28500411487571    1.09302671708842
H         4.91115242912297    0.54542800479135   -0.65577016708943
H         4.70030957279966   -2.16925767738003    0.71721370419242
H         5.03818770421950   -1.45259553663190   -2.23024371793058
H         3.56243096312500   -2.08137149199237   -1.49030145241024
H         5.01199860408763   -3.08369540628624   -1.55970806466601
H         7.04997932539083   -0.87093987904105   -0.74027160204444
H         7.01316314830750   -2.52461493883796   -0.12705362774960
H         6.95249975577650   -1.16678361009922    0.99715592899599
H         2.80289582720415    0.75769556571407   -1.74499925774847
H         0.34599518273790    0.76832004386503   -1.64387607294408
H         0.50521190732866   -0.86296923145352    2.30464308012887
24
 energy: -32.144330352626 gnorm: 0.000538283038 xtb: 6.4.0 (f63f532)
C         2.39619778996733   -0.51323999143318    1.35204531790520
C         3.06135938296547   -0.06071430565578    0.21678213417121
C         4.55962152811799   -0.09565061408152    0.15153899472037
C         5.09870728274360   -1.52100729966594   -0.07119717317230
C         4.65049152681391   -2.06857569978368   -1.42386731386548
C         6.62310165647657   -1.52091741533656    0.02463726901775
C         2.30577312074145    0.40079029866031   -0.85509230329835
C         0.92274992382965    0.41083126602373   -0.80474093211227
C         0.29113009892827   -0.04870110857523    0.33647859330363
Br       -1.62816748142452   -0.04403699850229    0.41754394046280
C         1.01497621863483   -0.51177357839624    1.42103236463033
H         2.96407666064186   -0.86851985813933    2.19881250124390
H         4.96879738331068    0.28717355955282    1.08912162613450
H         4.90971208897774    0.54418815462586   -0.66015022165550
H         4.69761527073126   -2.16889436245859    0.71603321057455
H         5.04415251387211   -1.45449233690132   -2.23096838462765
H         3.56515160848200   -2.08000463022089   -1.49491945549140
H         5.01302754480009   -3.08494613097837   -1.55930835821526
H         7.05101796952989   -0.87076736620413   -0.73587610021391
H         7.01220791515810   -2.52539716298644   -0.12526361338418
H         6.94977814850770   -1.16927925639247    1.00092203532606
H         2.80052514660122    0.75970206523075   -1.74512910801965
H         0.34382217579226    0.77000021405472   -1.64173536547135
H         0.50681452579997   -0.86291744243665    2.30586034203718
