30
 energy: -46.879482529343 gnorm: 0.085900510982 xtb: 6.4.1 (1a32961)
C         0.98067000000000    1.32778000000000    0.00355000000000
C         2.12837000000000    0.54434000000000    0.00787000000000
C         1.99119000000000   -0.83528000000000    0.00272000000000
N         0.82184000000000   -1.52013000000000   -0.01016000000000
C        -0.27546000000000   -0.72921000000000   -0.01533000000000
N        -1.60426000000000   -1.14240000000000   -0.03217000000000
C        -2.17457000000000   -2.42870000000000   -0.05264000000000
O        -3.39068000000000   -2.53103000000000   -0.09531000000000
O        -1.26817000000000   -3.44153000000000   -0.00380000000000
C        -1.78683000000000   -4.80468000000000    0.03664000000000
C        -2.56231000000000   -5.15117000000000   -1.24528000000000
C        -0.57040000000000   -5.74247000000000    0.11601000000000
C        -2.63520000000000   -5.03857000000000    1.29767000000000
C        -2.39502000000000    0.00925000000000   -0.02513000000000
C        -1.59876000000000    1.12369000000000   -0.01086000000000
C        -0.26135000000000    0.67205000000000   -0.00663000000000
H         1.04167000000000    2.41181000000000    0.00735000000000
H         3.11063000000000    1.00529000000000    0.01605000000000
H         2.87959000000000   -1.46360000000000    0.00939000000000
H        -1.92968000000000   -5.01320000000000   -2.12950000000000
H        -3.43959000000000   -4.51595000000000   -1.39255000000000
H        -2.91367000000000   -6.18881000000000   -1.23009000000000
H         0.07846000000000   -5.62539000000000   -0.75869000000000
H        -0.88162000000000   -6.79294000000000    0.17171000000000
H         0.04216000000000   -5.52051000000000    0.99660000000000
H        -3.53654000000000   -4.42048000000000    1.31948000000000
H        -2.06386000000000   -4.78563000000000    2.19806000000000
H        -2.95939000000000   -6.08211000000000    1.37343000000000
H        -3.47416000000000   -0.08699000000000   -0.02870000000000
H        -1.94604000000000    2.14864000000000   -0.00280000000000
30
 energy: -46.886083463785 gnorm: 0.034211460041 xtb: 6.4.1 (1a32961)
C         0.97652893911083    1.32168656762517    0.00358661594394
C         2.11233822818260    0.53120741259764    0.00798861228522
C         1.97733057684599   -0.85283567311199    0.00245638868642
N         0.82108779551949   -1.51801003497564   -0.01025507718801
C        -0.26366601119338   -0.74570345051071   -0.01503434534156
N        -1.58960197001364   -1.16049176696814   -0.02886137851970
C        -2.17037659490730   -2.43386712512330   -0.04342028308992
O        -3.37477606337621   -2.53363172494207   -0.09314081719259
O        -1.29057119640946   -3.43964422485019    0.00009460170097
C        -1.79219939268549   -4.81167407804574    0.03785292712813
C        -2.56691068202236   -5.13688409061929   -1.24242967813504
C        -0.55420505437189   -5.71259965033012    0.11451616662388
C        -2.64182596845962   -5.02664722056429    1.29386347929164
C        -2.38124251890507   -0.01064915006536   -0.02749356613599
C        -1.60624821343811    1.10227893656327   -0.01246269074759
C        -0.25405396340471    0.66519090002849   -0.00709246063091
H         1.03528855599432    2.40135580646809    0.00787607691485
H         3.09335806402367    0.98299001503629    0.01600100253857
H         2.85657681814129   -1.48581859864394    0.00803255676283
H        -1.92518838629732   -5.00123232369160   -2.11428863274807
H        -3.44440056364350   -4.50171473716394   -1.36023256493414
H        -2.89784140946164   -6.17341539427640   -1.21244229877100
H         0.07772371815922   -5.58855006820913   -0.76373280236661
H        -0.87603587251875   -6.75148520066828    0.16757050617107
H         0.04007544225290   -5.48628874678390    0.99863327897490
H        -3.54028642030218   -4.41019197328609    1.28811184248781
H        -2.06105627061298   -4.77912991683634    2.18374374458958
H        -2.94493284019553   -6.07011354232209    1.35455979576912
H        -3.45113231041875   -0.11012657291178   -0.03274634871730
H        -1.95673643559243    2.11806562658135   -0.00436465135050
30
 energy: -46.887550224988 gnorm: 0.008374854695 xtb: 6.4.1 (1a32961)
C         0.97649277479358    1.30938714305938    0.00436130538306
C         2.10535300584947    0.51096269360885    0.00826669765874
C         1.96910423737142   -0.87649256163844    0.00190211764300
N         0.81455659098313   -1.52200568688824   -0.00995939614239
C        -0.26095886245720   -0.75892032263530   -0.01353095144101
N        -1.58472711209875   -1.17131814313614   -0.02870801174501
C        -2.17364247191912   -2.43415778407083   -0.04580284817054
O        -3.37654276971190   -2.53447801043653   -0.08988025751586
O        -1.30617158373003   -3.42445554293311    0.00151441088427
C        -1.79284909561295   -4.80677071685283    0.03950331223012
C        -2.56811894987948   -5.13102260817366   -1.23715791757732
C        -0.53918912209302   -5.67948587150566    0.11424618942007
C        -2.64475658881307   -5.02489310892237    1.28997243895163
C        -2.37704255087810   -0.02450365799394   -0.02696619478461
C        -1.61386183399246    1.08780936396958   -0.01327078600438
C        -0.25126263357754    0.65889588790710   -0.00607645116545
H         1.03722849083167    2.38678038478614    0.00882058003047
H         3.08862715611119    0.95276424922753    0.01643899329990
H         2.84209098183883   -1.51417788897363    0.00611415501045
H        -1.92947382763817   -4.98439517430171   -2.10500107176441
H        -3.44642352343189   -4.49808988972915   -1.33102824259306
H        -2.88718459553529   -6.16814980287248   -1.20644984546333
H         0.08118121621137   -5.53422493050829   -0.76436047819823
H        -0.84549928617363   -6.71997258507899    0.16462438219361
H         0.04245134628083   -5.43655741069904    0.99763653415414
H        -3.54151842446615   -4.41203954829238    1.26151791176932
H        -2.06798633361349   -4.76995220638280    2.17605077373155
H        -2.93699408210195   -6.06859873611776    1.34782352880570
H        -3.44276105973805   -0.12974836046296   -0.03598167679603
H        -1.96310109280929    2.09988082604761   -0.00772920180438
30
 energy: -46.887916711923 gnorm: 0.005961999316 xtb: 6.4.1 (1a32961)
C         0.97914631768021    1.29552700134738    0.00459440865461
C         2.10476821556907    0.49123248759143    0.00864089924215
C         1.96388662863942   -0.89651609646931    0.00213483716452
N         0.80378894055234   -1.53299779840658   -0.00933950996953
C        -0.26781347945752   -0.76600623767729   -0.01356553937849
N        -1.59194543356480   -1.17268224338647   -0.02747648778360
C        -2.18451617423005   -2.43262546128827   -0.03936122943047
O        -3.38926715313158   -2.53113264293595   -0.08800688571891
O        -1.31655814123025   -3.41661340340989    0.00516743139121
C        -1.79224046323808   -4.80445812768720    0.04035609339992
C        -2.56795608727514   -5.12841836202146   -1.23587480329582
C        -0.52342763807500   -5.65429603929406    0.11377834748818
C        -2.64563150967240   -5.02608672030212    1.28902365952007
C        -2.38105433482488   -0.02507826266058   -0.02997792343323
C        -1.61608271339678    1.08569165652353   -0.01564910605972
C        -0.25273081792575    0.65360341595499   -0.00681293511848
H         1.04590814899065    2.37270543421392    0.00927428389244
H         3.09093491924967    0.92701143643601    0.01672762561424
H         2.83392234797313   -1.53791558559320    0.00539555418940
H        -1.93512318160023   -4.97002000969646   -2.10560297024103
H        -3.45181330649945   -4.50221804602930   -1.31962166283991
H        -2.87786485784443   -6.16837612828023   -1.20898189125725
H         0.09359808304540   -5.49085959368598   -0.76425988759869
H        -0.80734122816523   -6.70134584856961    0.16199496892252
H         0.05251226171331   -5.39776357671260    0.99721623382496
H        -3.54668521238850   -4.42049024729987    1.25240354928949
H        -2.07608668034660   -4.76310424981977    2.17712055212289
H        -2.92968447584935   -6.07194031498741    1.34733286318740
H        -3.44698428422482   -0.13205896879513   -0.03949294253850
H        -1.96063869047242    2.09930253294147   -0.01024753324034
30
 energy: -46.888218528129 gnorm: 0.004379463138 xtb: 6.4.1 (1a32961)
C         0.98250414959132    1.27998784894112    0.00446077076793
C         2.10435255530311    0.46946165151069    0.00877515788584
C         1.95692930233738   -0.91746518415357    0.00232482874939
N         0.79031274575547   -1.54673883714536   -0.00841477846076
C        -0.27735047387429   -0.77210383371239   -0.01271697604116
N        -1.60268757071335   -1.17097143545148   -0.02799503015272
C        -2.19740413000027   -2.43007860867765   -0.03955253934721
O        -3.40407856696913   -2.52624056089123   -0.08369840353361
O        -1.32607224195363   -3.40894737092546    0.00770136166976
C        -1.79032212113274   -4.80164805620215    0.04206217100615
C        -2.56632497241990   -5.12653316209897   -1.23374720216867
C        -0.50765523918573   -5.62895536419384    0.11367751607990
C        -2.64558956474557   -5.02981074575261    1.28832690836336
C        -2.38687838284627   -0.02132778416635   -0.03107096518178
C        -1.61645715160473    1.08679636107189   -0.01757742293086
C        -0.25498294642511    0.64814411102234   -0.00696720665348
H         1.05758718488946    2.35723517530733    0.00913700946392
H         3.09353093798219    0.89960986697663    0.01701108431134
H         2.82390907154689   -1.56304538371827    0.00516008733631
H        -1.94104131766190   -4.95335560942750   -2.10668172052074
H        -3.45734065357454   -4.50880209893411   -1.30817739919847
H        -2.86621533104828   -6.17007019498940   -1.21417764412371
H         0.10669758874019   -5.44558989862267   -0.76320145483138
H        -0.76407006747572   -6.68408914946370    0.15865571791503
H         0.06288544953804   -5.35895778323549    0.99733432699101
H        -3.55264047467677   -4.43306567738561    1.24456100202271
H        -2.08528769003052   -4.75689138492921    2.17982823935401
H        -2.92086158922920   -6.07833930201680    1.34915501058142
H        -3.45364813516162   -0.12927646871241   -0.04265804641574
H        -1.95478036495486    2.10313887997619   -0.01464440293776
30
 energy: -46.888412250852 gnorm: 0.004028032804 xtb: 6.4.1 (1a32961)
C         0.98533504459222    1.26808260639231    0.00364081921710
C         2.10289558730629    0.45163605115340    0.00883624831230
C         1.94815934985942   -0.93396814440666    0.00322816098626
N         0.77743463081423   -1.55778480794772   -0.00710857095938
C        -0.28596558250850   -0.77574778992512   -0.01257523649873
N        -1.61313887199503   -1.16713256609434   -0.02743315397107
C        -2.20882442917718   -2.42682040528707   -0.03420465674270
O        -3.41559637331056   -2.52248144039100   -0.07915336725043
O        -1.33374858430680   -3.40237675144581    0.01166603697798
C        -1.78827899234603   -4.79837378087624    0.04309717971442
C        -2.56329933049116   -5.12523647419473   -1.23263995036135
C        -0.49666217571879   -5.60988828376908    0.11332430507524
C        -2.64353359585649   -5.03447074185070    1.28774963359684
C        -2.39185441388019   -0.01429635313361   -0.03389734687575
C        -1.61497371106757    1.09006833072647   -0.02066646661838
C        -0.25643717634264    0.64422571757502   -0.00827729670584
H         1.06811981730934    2.34512972473794    0.00773600482060
H         3.09440738683143    0.87696499449266    0.01691162951413
H         2.81184421566954   -1.58405759899280    0.00622783299692
H        -1.94343516694621   -4.93906936181999   -2.10721137882573
H        -3.46125344087875   -4.51637428674055   -1.30090282029691
H        -2.85287322815850   -6.17217301878540   -1.22011609704931
H         0.11603667005813   -5.41321527871703   -0.76199816439014
H        -0.73419506826305   -6.66950034677966    0.15479201010289
H         0.06946537391853   -5.33315459879970    0.99793892106233
H        -3.55638063948143   -4.44635711958642    1.24095300938359
H        -2.08983684238075   -4.75436029105335    2.18149031983898
H        -2.90975508277264   -6.08557740176190    1.35023865878088
H        -3.45918523019844   -0.12031072673851   -0.04580178275865
H        -1.94745014027851    2.10869014401957   -0.01895448107603
30
 energy: -46.888565293474 gnorm: 0.003231595010 xtb: 6.4.1 (1a32961)
C         0.98764292492529    1.25894399023920    0.00220630640877
C         2.10091057593764    0.43683093185189    0.00871342795006
C         1.93888114602487   -0.94756534211962    0.00432977225941
N         0.76557113264509   -1.56635272755688   -0.00563126199058
C        -0.29360839980965   -0.77816078081336   -0.01203888424642
N        -1.62275958424823   -1.16291110472082   -0.02744801491792
C        -2.21871661719887   -2.42343159494198   -0.03232970385121
O        -3.42495528807088   -2.52034720396918   -0.07331093547168
O        -1.34041425190615   -3.39637237839403    0.01453153656801
C        -1.78633036948939   -4.79457694677639    0.04425220847280
C        -2.55922225385637   -5.12330713878814   -1.23206181914700
C        -0.48880674936021   -5.59541921943344    0.11305555734449
C        -2.64057771754014   -5.03868222941896    1.28780966537319
C        -2.39611572329969   -0.00658249238252   -0.03514472601318
C        -1.61305254368172    1.09376928548425   -0.02329361335895
C        -0.25730011753221    0.64121624308619   -0.00946222845354
H         1.07687556114922    2.33551144263800    0.00526276212950
H         3.09432859409691    0.85762303738165    0.01683221583971
H         2.79912612889208   -1.60235033807863    0.00831013547374
H        -1.94270436399033   -4.92618706458417   -2.10665739416275
H        -3.46365243423628   -4.52348273596911   -1.29651471221362
H        -2.83799362592944   -6.17329777515562   -1.22501583769783
H         0.12274058222842   -5.39018160179844   -0.76081518591447
H        -0.71552175135112   -6.65680287717022    0.15084191245165
H         0.07379321168013   -5.31651015050116    0.99910126174754
H        -3.55886085955751   -4.45890318924758    1.24041355845088
H        -2.09076643607469   -4.75374110617700    2.18241836926520
H        -2.89724586467041   -6.09226244580012    1.35042837312115
H        -3.46380352985898   -0.10850397114609   -0.04799394621154
H        -1.94044137591752    2.11410748426227   -0.02389879920533
30
 energy: -46.888708874360 gnorm: 0.002413307803 xtb: 6.4.1 (1a32961)
C         0.99002290702111    1.25026884825516   -0.00009070090292
C         2.09856369912033    0.42188427960339    0.00846982878229
C         1.92848099517214   -0.96142653844004    0.00621609514459
N         0.75274535137518   -1.57425422994523   -0.00328759158498
C        -0.30184590850348   -0.78006641665031   -0.01153328134717
N        -1.63317130074604   -1.15799977676759   -0.02654151909753
C        -2.22914159558147   -2.41912239197413   -0.02731971671170
O        -3.43449552594655   -2.51893762592807   -0.06638057677706
O        -1.34739237444517   -3.38950579666945    0.01866073488228
C        -1.78438296791377   -4.78951235985749    0.04530675544623
C        -2.55407265663058   -5.12065188165614   -1.23216007894850
C        -0.48201524118087   -5.58228211446090    0.11254894192550
C        -2.63649521302951   -5.04325536388134    1.28818985839553
C        -2.40060736049475    0.00229153361725   -0.03716508850283
C        -1.61106476877333    1.09819708701008   -0.02697336943797
C        -0.25799444508201    0.63851903501821   -0.01153568560176
H         1.08544465207241    2.32613152893843    0.00112205602714
H         3.09403282116448    0.83742310170583    0.01645595153000
H         2.78474023196929   -1.62158843385416    0.01173090175142
H        -1.93962018501482   -4.91202714714593   -2.10542484942079
H        -3.46534555999013   -4.53095679299381   -1.29365043583080
H        -2.82029727060348   -6.17384736841357   -1.23052156962389
H         0.12903885717354   -5.36935406557137   -0.75956714871796
H        -0.70174383891820   -6.64478395796700    0.14560998634831
H         0.07734564605174   -5.30357892178370    1.00056827915704
H        -3.56039562734422   -4.47239859698494    1.24197003646458
H        -2.08902340620493   -4.75444324778317    2.18284273994196
H        -2.88223281369032   -6.09946930640733    1.34949566527266
H        -3.46869448380259   -0.09326041048525   -0.05028346383395
H        -1.93336261722417    2.12007733147256   -0.02986275472963
30
 energy: -46.888836628698 gnorm: 0.001753035668 xtb: 6.4.1 (1a32961)
C         0.99244038576319    1.24090582139033   -0.00319516422207
C         2.09598876973916    0.40589317086087    0.00806809090038
C         1.91760234165843   -0.97649385951825    0.00867561687747
N         0.73901591656799   -1.58228457275187   -0.00007023540410
C        -0.31079543353706   -0.78218885255712   -0.01054725956541
N        -1.64416652779719   -1.15326619968840   -0.02531869058022
C        -2.23991863970797   -2.41441739608762   -0.02296476525171
O        -3.44462739046282   -2.51807230805716   -0.05797853362445
O        -1.35465412984969   -3.38202720455531    0.02296503486709
C        -1.78233534204032   -4.78360149246714    0.04660475320145
C        -2.54839126387141   -5.11682593426907   -1.23251647855148
C        -0.47467459110331   -5.56867562011564    0.11193062406404
C        -2.63205357958797   -5.04768464777078    1.28891834019285
C        -2.40543805027478    0.01098397651566   -0.03860269758865
C        -1.60963745363264    1.10250603815623   -0.03109878194380
C        -0.25889611608963    0.63565654476315   -0.01394926876823
H         1.09397760962387    2.31599655271222   -0.00453281549307
H         3.09380029686965    0.81541346235633    0.01592592405005
H         2.76954084199739   -1.64226628999562    0.01638526627410
H        -1.93580243142312   -4.89572219568864   -2.10393520117383
H        -3.46680629984337   -4.53805752970144   -1.29104550021960
H        -2.80085024266108   -6.17323750496982   -1.23658208011342
H         0.13628623797630   -5.34778997344896   -0.75816288630636
H        -0.68895540332028   -6.63236512385230    0.13926280807344
H         0.08159903560069   -5.29132868420406    1.00224071605273
H        -3.56164776637465   -4.48608831396615    1.24436145140337
H        -2.08649662224646   -4.75532746910682    2.18347962291820
H        -2.86621618744953   -6.10648830106034    1.34801307949884
H        -3.47404140006448   -0.07697379311429   -0.05217586173457
H        -1.92682656445909    2.12589770019200   -0.03726510783292
30
 energy: -46.888972481588 gnorm: 0.001203935368 xtb: 6.4.1 (1a32961)
C         0.99568978926599    1.22686642339216   -0.00836189726313
C         2.09223472063187    0.38272292783920    0.00740889581528
C         1.90264615599484   -0.99843911920531    0.01299054581380
N         0.71947159732044   -1.59375225059829    0.00554633912777
C        -0.32367114644232   -0.78541647977113   -0.00897933051287
N        -1.65955642573335   -1.14716924298474   -0.02242796827368
C        -2.25484597868627   -2.40770449651477   -0.01452002157467
O        -3.45893844988627   -2.51694680740086   -0.04572027042194
O        -1.36457205235554   -3.37131279637273    0.02988334046760
C        -1.77913411684806   -4.77497326699001    0.04835675657193
C        -2.54041326779049   -5.11062703814697   -1.23312685133004
C        -0.46388670618753   -5.54916192327312    0.11076046212214
C        -2.62555470210929   -5.05370961445693    1.28978761068359
C        -2.41240129803392    0.02218859187649   -0.04098624556230
C        -1.60849132574647    1.10799793549109   -0.03779442013863
C        -0.26061558598948    0.63155422852786   -0.01805090559138
H         1.10582105896275    2.30093761402332   -0.01405939282765
H         3.09355777656507    0.78334032558820    0.01487963035379
H         2.74860997487576   -1.67164368304888    0.02440341137483
H        -1.93112265099671   -4.87107542706046   -2.10204044593359
H        -3.46858385752047   -4.54713923807059   -1.28674025195133
H        -2.77367347567958   -6.17119473070817   -1.24612506416583
H         0.14694609528013   -5.31612496862693   -0.75630001280465
H        -0.67013221741178   -6.61487980997490    0.12941212766177
H         0.08799268567508   -5.27382028436763    1.00442937401108
H        -3.56256250090364   -4.50451173926542    1.24730460326403
H        -2.08303853742685   -4.75655163188901    2.18458548537654
H        -2.84430381600189   -6.11577031542279    1.34553259400344
H        -3.48181609413662   -0.05508204433649   -0.05443510013707
H        -1.91863564868563    2.13346886174783   -0.04872299815873
30
 energy: -46.889042079697 gnorm: 0.000922050264 xtb: 6.4.1 (1a32961)
C         0.99779400156611    1.21611324149657   -0.01226918193575
C         2.08958794967975    0.36602398360228    0.00682922187915
C         1.89284532882643   -1.01414428135832    0.01649787751423
N         0.70620931464405   -1.60225053630116    0.01025180863625
C        -0.33230352949406   -0.78821015623273   -0.00736772069726
N        -1.66963587544747   -1.14375552590425   -0.02002500478926
C        -2.26491185436018   -2.40360919180096   -0.00981362758036
O        -3.46892378822901   -2.51555758148145   -0.03772037571443
O        -1.37160101139444   -3.36440495124239    0.03440127244708
C        -1.77692685461629   -4.76976202133723    0.04963167418038
C        -2.53561420736765   -5.10609359456646   -1.23323083337679
C        -0.45536572773580   -5.53397943731289    0.10987965093255
C        -2.62155053938804   -5.05770720646656    1.29008247749540
C        -2.41706544202477    0.02856486328285   -0.04198341265548
C        -1.60812292212302    1.11078285053438   -0.04232317483284
C        -0.26210575542902    0.62835756370597   -0.02077855343597
H         1.11428530691280    2.28952196231504   -0.02136807336258
H         3.09332724242916    0.76050393888804    0.01386974750022
H         2.73493308022042   -1.69190156242050    0.03058366390331
H        -1.93007704466812   -4.85342335154553   -2.10097146155204
H        -3.47007170978255   -4.55289439833486   -1.28236295610518
H        -2.75641027119921   -6.16897779152395   -1.25321984126911
H         0.15468653977594   -5.29090078640966   -0.75503039225609
H        -0.65272862522593   -6.60156457296221    0.12275280603938
H         0.09315440861133   -5.25847243428554    1.00558822863207
H        -3.56311971317541   -4.51645870436988    1.24783564355258
H        -2.08214658856018   -4.75702315784282    2.18562776968314
H        -2.83084935451023   -6.12162324587722    1.34406478784561
H        -3.48692796980083   -0.04278093786941   -0.05539361403006
H        -1.91334438813401    2.13769702362079   -0.05714840664801
30
 energy: -46.889079303740 gnorm: 0.000733759618 xtb: 6.4.1 (1a32961)
C         0.99941628359975    1.20868460786820   -0.01505309845918
C         2.08804746020852    0.35457425697722    0.00635085423770
C         1.88647567543556   -1.02481113245837    0.01906950581738
N         0.69744087654715   -1.60817807627253    0.01389783253490
C        -0.33786778429521   -0.79012213866593   -0.00613231862765
N        -1.67623217587637   -1.14134874083211   -0.01757798381196
C        -2.27208999914192   -2.40082030570502   -0.00508991796445
O        -3.47602406521451   -2.51368132900148   -0.03347636402319
O        -1.37695891852306   -3.35978047945915    0.03800614771610
C        -1.77571371201291   -4.76666858070033    0.05029779644349
C        -2.53282924287845   -5.10385087234133   -1.23322203844701
C        -0.44948519958462   -5.52265182385734    0.10908972427798
C        -2.61911752940664   -5.06104029623050    1.28994336284127
C        -2.42004096940694    0.03293347476904   -0.04304851992349
C        -1.60756617161328    1.11265859950345   -0.04562502541495
C        -0.26296666841202    0.62619910264443   -0.02276266603520
H         1.12055488984011    2.28158846741759   -0.02664949382904
H         3.09335894836750    0.74504182178730    0.01279852682249
H         2.72599255906760   -1.70563351132927    0.03534105831394
H        -1.93045261433178   -4.84150440990844   -2.10033464143279
H        -3.47192339466516   -4.55804536892818   -1.27841621995600
H        -2.74470962803762   -6.16852851823208   -1.25834609909411
H         0.15937089934440   -5.27163557000470   -0.75438622245266
H        -0.63844908718514   -6.59172145392225    0.11823715370482
H         0.09634046216681   -5.24572108669436    1.00610108181831
H        -3.56369224839900   -4.52501606578365    1.24759445199105
H        -2.08209322307840   -4.75793962400784    2.18611967352785
H        -2.82230698148174   -6.12625516756495    1.34297957337616
H        -3.49017703154410   -0.03524039536681   -0.05604374563260
H        -1.90928140948881    2.14058461629937   -0.06277238831902
30
 energy: -46.889100328752 gnorm: 0.000526713521 xtb: 6.4.1 (1a32961)
C         1.00068456393548    1.20324519693417   -0.01688378755659
C         2.08708879632830    0.34628919863670    0.00605038874156
C         1.88202850137905   -1.03248062784924    0.02107550174959
N         0.69134465959215   -1.61256070451405    0.01656761617689
C        -0.34169987002075   -0.79172467541426   -0.00487697760763
N        -1.68081563719901   -1.13977578423654   -0.01622400561118
C        -2.27747584124091   -2.39906087704790   -0.00463882709135
O        -3.48149914228141   -2.51202990061790   -0.03140303314685
O        -1.38137694027967   -3.35671472650154    0.03963186681308
C        -1.77517419122067   -4.76487943818694    0.05088412903107
C        -2.53123539041788   -5.10268602043397   -1.23304382879992
C        -0.44477886229221   -5.51351518563039    0.10864392248648
C        -2.61766709925126   -5.06337393010067    1.29000662767620
C        -2.42197728574307    0.03598872810948   -0.04278970412894
C        -1.60688400949899    1.11384423198327   -0.04728901333366
C        -0.26340219817713    0.62440679059741   -0.02360691483373
H         1.12521180220006    2.27574924587429   -0.03018759672345
H         3.09345439943994    0.73405846474374    0.01195531818355
H         2.71968470810139   -1.71553595081795    0.03842357634538
H        -1.93164889516873   -4.83412617984995   -2.09994346486119
H        -3.47361420762028   -4.56266842340440   -1.27592505238120
H        -2.73665038698355   -6.16837499126420   -1.26123437930867
H         0.16274229017213   -5.25654779272137   -0.75395926844441
H        -0.62660863422084   -6.58367012665181    0.11554676594666
H         0.09911510761589   -5.23475314492450    1.00626665073136
H        -3.56439160822978   -4.53111472978886    1.24751593215551
H        -2.08245797841276   -4.75880124793351    2.18676278524668
H        -2.81671596045646   -6.12941464211316    1.34220460811116
H        -3.49226673449737   -0.03024874382608   -0.05606221393292
H        -1.90599395555194    2.14254598695008   -0.06657762163334
30
 energy: -46.889111590486 gnorm: 0.000272701658 xtb: 6.4.1 (1a32961)
C         1.00171843579410    1.19955810696109   -0.01789564712863
C         2.08652317369469    0.34054430189515    0.00582431896862
C         1.87886428999748   -1.03775481992826    0.02202470414155
N         0.68704602711152   -1.61556082987732    0.01814609827761
C        -0.34443955399467   -0.79269579221727   -0.00426351195807
N        -1.68417327007990   -1.13828421070868   -0.01495829476176
C        -2.28157180453892   -2.39749820996693   -0.00273703525096
O        -3.48544296431771   -2.51051290444414   -0.03119769431136
O        -1.38473278966318   -3.35424451782093    0.04116797684041
C        -1.77484262626135   -4.76346505192199    0.05107723927457
C        -2.53006583885299   -5.10279341885378   -1.23286275509634
C        -0.44185419904738   -5.50711037580174    0.10825804794234
C        -2.61655931460584   -5.06526269557892    1.28983061714488
C        -2.42328029617362    0.03871563996666   -0.04327225138591
C        -1.60611437738831    1.11506796779814   -0.04846202857372
C        -0.26354738888493    0.62323632687824   -0.02424990470824
H         1.12859711322083    2.27177337789456   -0.03229056029736
H         3.09361560853141    0.72645998011733    0.01142907310638
H         2.71515983847525   -1.72247538868208    0.04049814837580
H        -1.93238938849176   -4.82930501203544   -2.09970473666631
H        -3.47522060979978   -4.56723325409265   -1.27377992505480
H        -2.73014617783034   -6.16962521960794   -1.26310207624315
H         0.16457446871587   -5.24605230840612   -0.75384309015344
H        -0.61839792801846   -6.57807077250878    0.11393420530462
H         0.10052814231404   -5.22655675211331    1.00625487049959
H        -3.56465394389556   -4.53540424015451    1.24754328945352
H        -2.08237151875763   -4.75981461097445    2.18688773058415
H        -2.81282925499767   -6.13189437067192    1.34138552541026
H        -3.49368203519766   -0.02598055771101   -0.05633661333901
H        -1.90329181705784    2.14430961256695   -0.06841572039511
30
 energy: -46.889117445690 gnorm: 0.000225831610 xtb: 6.4.1 (1a32961)
C         1.00241362946087    1.19698471823452   -0.01820701431948
C         2.08607956967172    0.33650805085291    0.00587600264687
C         1.87653399417569   -1.04147524884649    0.02262538901359
N         0.68396735899677   -1.61764604977131    0.01871792698040
C        -0.34644537213216   -0.79342236473430   -0.00399105308096
N        -1.68660317654510   -1.13726952671925   -0.01464569133112
C        -2.28445706672263   -2.39644119596702   -0.00294365184883
O        -3.48827969073517   -2.50963275718041   -0.03176617749012
O        -1.38710674914849   -3.35258669117979    0.04145638391745
C        -1.77462600591268   -4.76245431761459    0.05116257117884
C        -2.52923213082095   -5.10310871221411   -1.23274821913536
C        -0.43964754753141   -5.50252233399286    0.10820985645124
C        -2.61569313592539   -5.06605271074363    1.28984660203694
C        -2.42421022161423    0.04063112753675   -0.04318189009249
C        -1.60557449218727    1.11591833308448   -0.04868801338767
C        -0.26364757685569    0.62235360227105   -0.02434111875518
H         1.13082122697227    2.26900063331251   -0.03289308125574
H         3.09369649287694    0.72106775044631    0.01124280294038
H         2.71185700225094   -1.72738232247762    0.04102686130782
H        -1.93288013106374   -4.82738886506978   -2.09961971028281
H        -3.47601590288277   -4.57061075032139   -1.27309143183912
H        -2.72590859107907   -6.17042092636000   -1.26363167281714
H         0.16592558440371   -5.23936288645154   -0.75379010100781
H        -0.61292303460477   -6.57391420394557    0.11358452629037
H         0.10193047711936   -5.22053256187428    1.00623404151573
H        -3.56471457729053   -4.53774483291785    1.24774817294601
H        -2.08201834490839   -4.76017156683934    2.18706557283889
H        -2.81014386285722   -6.13306882750221    1.34088520243168
H        -3.49469569536707   -0.02274215861708   -0.05631347791428
H        -1.90138202974385    2.14555759560182   -0.06893960793794
30
 energy: -46.889120838595 gnorm: 0.000207220457 xtb: 6.4.1 (1a32961)
C         1.00288969563587    1.19510046002695   -0.01796830820452
C         2.08568753555421    0.33353646995794    0.00585455413107
C         1.87474208652018   -1.04423309771566    0.02228819619065
N         0.68163281252653   -1.61916357152665    0.01852076601258
C        -0.34797563836382   -0.79392860572211   -0.00401442316886
N        -1.68844329894013   -1.13649850535945   -0.01482493657258
C        -2.28652067629009   -2.39561088902981   -0.00372083548568
O        -3.49027622296882   -2.50910590019029   -0.03279800921807
O        -1.38876211033551   -3.35129319522930    0.04124490442062
C        -1.77437512683192   -4.76157532296247    0.05117795975651
C        -2.52847141979368   -5.10367148294556   -1.23262276267073
C        -0.43813204426526   -5.49936379138817    0.10823829688161
C        -2.61502066504629   -5.06624139276611    1.28985759394045
C        -2.42493336935031    0.04207028020051   -0.04308433654241
C        -1.60523088974999    1.11657302766625   -0.04844591553463
C        -0.26376043007996    0.62172867189935   -0.02415466987635
H         1.13237588176789    2.26698250358771   -0.03257945131721
H         3.09369757666839    0.71703393204195    0.01146304430282
H         2.70933340098299   -1.73103625594612    0.04107705869544
H        -1.93291247540739   -4.82611441687744   -2.09961734102503
H        -3.47663668684378   -4.57340485358508   -1.27243152856206
H        -2.72240505769821   -6.17159364310001   -1.26368821993341
H         0.16690738645845   -5.23512807333045   -0.75383719577433
H        -0.60928184523934   -6.57110767797501    0.11392007614565
H         0.10293123476028   -5.21599146605664    1.00613496108635
H        -3.56451179073547   -4.53879867554498    1.24798527482606
H        -2.08153155262774   -4.76003128737137    2.18706322457582
H        -2.80847718873716   -6.13340733806486    1.34071904332409
H        -3.49547869348795   -0.02015839128081   -0.05629600370940
H        -1.90004042808229    2.14650248858762   -0.06857101669430
30
 energy: -46.889123232018 gnorm: 0.000203307910 xtb: 6.4.1 (1a32961)
C         1.00323015753799    1.19348087899120   -0.01746408818448
C         2.08527143245318    0.33095428649181    0.00615469938178
C         1.87311391064182   -1.04664719366588    0.02217671664121
N         0.67952816027234   -1.62048162397488    0.01788978664923
C        -0.34936597421597   -0.79433062177454   -0.00436543436854
N        -1.69009568663071   -1.13584323299735   -0.01527861706421
C        -2.28823800248055   -2.39493126596050   -0.00438956245104
O        -3.49191328513184   -2.50883286934041   -0.03415091476654
O        -1.39001806575320   -3.35020479700676    0.04074963007016
C        -1.77404841088082   -4.76076388584410    0.05104658413822
C        -2.52775233262525   -5.10430469526527   -1.23260518583208
C        -0.43678132182025   -5.49673865417227    0.10848534084449
C        -2.61426980440023   -5.06594926523307    1.28987769481460
C        -2.42564955831436    0.04329793102255   -0.04308896839549
C        -1.60503948365480    1.11714856676094   -0.04792392025809
C        -0.26394916740776    0.62122334459560   -0.02390663517935
H         1.13365245255783    2.26525405500230   -0.03148397318663
H         3.09364009131337    0.71350008693486    0.01170169240517
H         2.70706781208962   -1.73422194107175    0.04000168253056
H        -1.93280056299575   -4.82626358094045   -2.09967931824574
H        -3.47661636149934   -4.57562134053397   -1.27271201961636
H        -2.72003554566955   -6.17236598508870   -1.26342437903474
H         0.16771357864805   -5.23233442087028   -0.75388438439779
H        -0.60648668563567   -6.56866916880224    0.11500181685902
H         0.10409326903555   -5.21194449631712    1.00603510145203
H        -3.56416456953585   -4.53914792314360    1.24809536245039
H        -2.08084562445500   -4.75936203208967    2.18701282235604
H        -2.80695236323269   -6.13327989551112    1.34074145415670
H        -3.49625693730290   -0.01787715788188   -0.05626972696955
H        -1.89901112090760    2.14732689768648   -0.06745325679880
30
 energy: -46.889124940318 gnorm: 0.000119045457 xtb: 6.4.1 (1a32961)
C         1.00349825771767    1.19206740745444   -0.01665006603844
C         2.08488250830635    0.32871291923102    0.00627861435319
C         1.87171496464808   -1.04874852646899    0.02126884946482
N         0.67770840956018   -1.62162033420729    0.01679032101231
C        -0.35054839172018   -0.79468382759914   -0.00480252543342
N        -1.69149651709785   -1.13531513021489   -0.01595676605667
C        -2.28966646009898   -2.39436502121334   -0.00544549311292
O        -3.49329383234143   -2.50862950212601   -0.03558484439406
O        -1.39106005194434   -3.34926524664182    0.04000758005555
C        -1.77375257448122   -4.76004505792658    0.05091003456000
C        -2.52702184816199   -5.10500130740080   -1.23260359311743
C        -0.43566355361166   -5.49456146738961    0.10874516295579
C        -2.61368663402078   -5.06542850076360    1.28989403113346
C        -2.42627657968830    0.04428552989671   -0.04300103627291
C        -1.60492864358835    1.11760160825516   -0.04718742879826
C        -0.26413696587905    0.62079414231899   -0.02345127201780
H         1.13475775899861    2.26374524188888   -0.03000416639960
H         3.09355495348508    0.71043117982335    0.01222523844397
H         2.70511613736215   -1.73700340676442    0.03899713501014
H        -1.93245084960881   -4.82625570630309   -2.09980401546049
H        -3.47674411549205   -4.57765753976821   -1.27264789199167
H        -2.71763101534011   -6.17345336643427   -1.26307689498086
H         0.16836147881535   -5.23037995901294   -0.75404440402829
H        -0.60418997849543   -6.56667985517984    0.11647319147642
H         0.10507435469099   -5.20814019544948    1.00587210050332
H        -3.56385222575717   -4.53908444210935    1.24808188394952
H        -2.08028448538718   -4.75836320539980    2.18687888926006
H        -2.80582055046248   -6.13285397570410    1.34101567314737
H        -3.49693200984094   -0.01602723272423   -0.05624529414650
H        -1.89821154056649    2.14799477793316   -0.06604301307645
30
 energy: -46.889126114244 gnorm: 0.000104363431 xtb: 6.4.1 (1a32961)
C         1.00372539459125    1.19079713873884   -0.01578240330136
C         2.08452200648296    0.32668109950062    0.00651580661014
C         1.87045800433199   -1.05065527865714    0.02052045739931
N         0.67606222832263   -1.62265383962768    0.01560696329779
C        -0.35161234184607   -0.79499021254825   -0.00530925912844
N        -1.69275264357686   -1.13482957140240   -0.01675526280947
C        -2.29093841283815   -2.39384611316640   -0.00656907461950
O        -3.49451278883021   -2.50840606367355   -0.03702443181793
O        -1.39198336925904   -3.34838684091524    0.03917049010478
C        -1.77345808371277   -4.75940190482360    0.05075421620446
C        -2.52633697171793   -5.10581262712359   -1.23258060801538
C        -0.43465801193876   -5.49262222440580    0.10907325572039
C        -2.61320124723425   -5.06484800966611    1.28985602170748
C        -2.42685466476759    0.04518120972679   -0.04293911245372
C        -1.60485590304021    1.11802157445420   -0.04629897300605
C        -0.26432714125330    0.62043216455642   -0.02297260355988
H         1.13577666412833    2.26238580534516   -0.02826972877547
H         3.09346417391997    0.70766943647015    0.01270881505496
H         2.70335822232325   -1.73952311983202    0.03742343946847
H        -1.93199892420544   -4.82673909335027   -2.09986804973931
H        -3.47656435912742   -4.57945573659511   -1.27291901094964
H        -2.71579022355229   -6.17449167838028   -1.26261680031993
H         0.16885495520723   -5.22889133075669   -0.75426447036419
H        -0.60200779411057   -6.56495994248378    0.11833602227321
H         0.10606674086204   -5.20433233047076    1.00560354413657
H        -3.56358482818630   -4.53894897369370    1.24794553850567
H        -2.07987232154532   -4.75717286436947    2.18666378825846
H        -2.80487491651602   -6.13231145620558    1.34142259253802
H        -3.49754943830850   -0.01442206232090   -0.05622242503148
H        -1.89753400460294    2.14860284567609   -0.06431873738780
30
 energy: -46.889126861001 gnorm: 0.000113050021 xtb: 6.4.1 (1a32961)
C         1.00393259418745    1.18965472098063   -0.01481486084394
C         2.08422339047016    0.32488034276874    0.00667060768967
C         1.86937282312805   -1.05233536369933    0.01949976129332
N         0.67462313230386   -1.62358045658348    0.01430740033556
C        -0.35255004957515   -0.79528009601882   -0.00582549637307
N        -1.69385621790437   -1.13443135299208   -0.01749578430239
C        -2.29208381399017   -2.39344451411582   -0.00754641580545
O        -3.49563195724494   -2.50822032197718   -0.03837073253217
O        -1.39281737803462   -3.34769062119052    0.03830411650836
C        -1.77323834649947   -4.75890363087647    0.05054365367039
C        -2.52572707552413   -5.10653760942153   -1.23268519567113
C        -0.43369361231173   -5.49077589125267    0.10946736560379
C        -2.61277750789851   -5.06422712844272    1.28981688080520
C        -2.42736233246188    0.04595244521794   -0.04280485465543
C        -1.60477620981705    1.11838005737832   -0.04540642573395
C        -0.26449075796161    0.62009233746975   -0.02241719156000
H         1.13669772221620    2.26116667438395   -0.02650621574062
H         3.09340062879257    0.70524607966203    0.01318810833829
H         2.70183443905681   -1.74174895450536    0.03599996310181
H        -1.93160586015392   -4.82754616137215   -2.10011151573567
H        -3.47645337043462   -4.58102763026965   -1.27335651988530
H        -2.71425612290072   -6.17537983189666   -1.26210588831867
H         0.16924576455964   -5.22790145552762   -0.75449306332885
H        -0.60010403706887   -6.56318548594431    0.12046024164827
H         0.10711838621445   -5.20060995589933    1.00533801615595
H        -3.56353010472553   -4.53891583684045    1.24757428509194
H        -2.07966773297598   -4.75581037840929    2.18652793832424
H        -2.80379455702268   -6.13182994902010    1.34183365494234
H        -3.49809917327040   -0.01306141217513   -0.05610988868039
H        -1.89691266315313    2.14914138056927   -0.06259194434197
