16
 energy: -23.626922051049 gnorm: 0.051843032764 xtb: 6.4.1 (1a32961)
C         1.00003000000000   -1.41849000000000   -0.00256000000000
C         2.18293000000000   -0.67018000000000   -0.00831000000000
C         2.14282000000000    0.72278000000000   -0.01663000000000
C         0.92472000000000    1.40949000000000   -0.01818000000000
C        -0.24862000000000    0.64587000000000   -0.01580000000000
N        -1.56747000000000    1.04083000000000   -0.02024000000000
C        -2.39050000000000   -0.05426000000000   -0.02471000000000
C        -1.59528000000000   -1.17779000000000   -0.01362000000000
C        -0.23883000000000   -0.74921000000000   -0.00922000000000
H         1.03912000000000   -2.50346000000000    0.00387000000000
H         3.14157000000000   -1.18324000000000   -0.00770000000000
H         3.07328000000000    1.28567000000000   -0.02293000000000
H         0.89758000000000    2.49415000000000   -0.02357000000000
H        -1.87637000000000    2.00286000000000   -0.02386000000000
H        -3.46585000000000    0.05974000000000   -0.03546000000000
H        -1.94809000000000   -2.20045000000000   -0.01278000000000
16
 energy: -23.629291565588 gnorm: 0.016944563540 xtb: 6.4.1 (1a32961)
C         0.99738287265967   -1.42209179441046   -0.00541507570795
C         2.15824721739126   -0.67248755589262   -0.00858902682515
C         2.12072708633372    0.72266672646872   -0.01548225393182
C         0.92095268529100    1.41060201418410   -0.01888403671673
C        -0.24639064246570    0.65540053905970   -0.01678733794284
N        -1.55634979332909    1.05098494990140   -0.02320684488296
C        -2.36139101618557   -0.05563649769502   -0.02159188806096
C        -1.58685382588497   -1.18069484218340   -0.01467965521650
C        -0.23099115989512   -0.75484808049947   -0.01094818873491
H         1.03867654823718   -2.50264377050070    0.00170054179235
H         3.11385729749841   -1.17945465924401   -0.00509483076078
H         3.04832229917298    1.27990904471457   -0.01895289374704
H         0.89709843042520    2.49070193831599   -0.02430700753421
H        -1.87185065588657    2.00741847467967   -0.02837369018279
H        -3.42962385632562    0.05018387523679   -0.02812926319789
H        -1.94077348703678   -2.19570036213524   -0.01295854834980
16
 energy: -23.629474915708 gnorm: 0.003852117488 xtb: 6.4.1 (1a32961)
C         0.99748142751466   -1.42280024128831   -0.00651831029536
C         2.15293076564213   -0.67410458795169   -0.00823230688847
C         2.11659456162646    0.72291452220985   -0.01472901147116
C         0.92108994344777    1.40980207440257   -0.01976016139756
C        -0.24801388815319    0.65974947728157   -0.01834273816932
N        -1.55473135315525    1.05470317282313   -0.02411876685966
C        -2.35332776840585   -0.05526318225448   -0.02204421263312
C        -1.58658570693915   -1.18050154213256   -0.01407083260077
C        -0.22865701712860   -0.75685805957139   -0.01212921989473
H         1.03657755449764   -2.50223530217009   -0.00104687140576
H         3.11028527278548   -1.17544411250050   -0.00447218304018
H         3.04533490075871    1.27531299317456   -0.01618371093450
H         0.89706307199731    2.48901000613347   -0.02458388235550
H        -1.87428549226893    2.00807730616848   -0.02901544605178
H        -3.42123404749202    0.04485228128851   -0.02647345080353
H        -1.93948222472718   -2.19290480561312   -0.00997889519863
16
 energy: -23.629489240729 gnorm: 0.001435208627 xtb: 6.4.1 (1a32961)
C         0.99771559411992   -1.42272819381839   -0.00704325393956
C         2.15352169669653   -0.67474830236967   -0.00810378746148
C         2.11737136094404    0.72297635377914   -0.01426932024910
C         0.92180251763987    1.40927142704226   -0.02007138231808
C        -0.24903951068992    0.66092145915115   -0.01912443088677
N        -1.55521697877589    1.05547190595520   -0.02472249387493
C        -2.35313661469862   -0.05457302634249   -0.02109863300947
C        -1.58738966423646   -1.18006437039121   -0.01436685750720
C        -0.22845097206085   -0.75691194608028   -0.01263447744389
H         1.03485562474807   -2.50235720657412   -0.00172337643259
H         3.11228180023841   -1.17368656656586   -0.00365966362325
H         3.04713964481974    1.27343035457554   -0.01494543027330
H         0.89714762158959    2.48882655693853   -0.02528275347369
H        -1.87658229468471    2.00805851922072   -0.02990738870290
H        -3.42183776364501    0.04312634848623   -0.02429955777221
H        -1.93914206200468   -2.19270331300674   -0.01044719303158
16
 energy: -23.629491911081 gnorm: 0.000849698847 xtb: 6.4.1 (1a32961)
C         0.99775075224025   -1.42239759546278   -0.00752751913273
C         2.15440431856904   -0.67542449640926   -0.00804391797758
C         2.11834262559344    0.72287978536098   -0.01415778117481
C         0.92264540182983    1.40884077993859   -0.02021222094343
C        -0.24970037756049    0.66186064702724   -0.01977996958235
N        -1.55558555545340    1.05593354214566   -0.02460510815490
C        -2.35363063146597   -0.05373560689099   -0.02138462180263
C        -1.58788741006510   -1.17945005948172   -0.01389770102049
C        -0.22836101112222   -0.75628829120442   -0.01327449776135
H         1.03260201738568   -2.50240235475895   -0.00239780077693
H         3.11429248400751   -1.17249564490713   -0.00343748942877
H         3.04908191439399    1.27169868983381   -0.01414883496340
H         0.89734767760261    2.48891053087554   -0.02536922841197
H        -1.87923961187929    2.00787598827388   -0.02979525496976
H        -3.42304122197842    0.04141048047354   -0.02438969039683
H        -1.93798137209744   -2.19290639481399   -0.00927836350208
16
 energy: -23.629492598706 gnorm: 0.000214686512 xtb: 6.4.1 (1a32961)
C         0.99764026086784   -1.42239798712025   -0.00710591945441
C         2.15414608250958   -0.67536824110989   -0.00800570900884
C         2.11806567842754    0.72282136425351   -0.01416317588183
C         0.92255523237096    1.40903117001727   -0.02012390568129
C        -0.24939140419282    0.66169563641540   -0.01956967569390
N        -1.55535837061927    1.05582634515808   -0.02466372622537
C        -2.35357634597794   -0.05383534461340   -0.02088378476235
C        -1.58757991260874   -1.17948373256599   -0.01433902492343
C        -0.22838281027933   -0.75610326934560   -0.01293081556574
H         1.03275362631282   -2.50234679903130   -0.00196305537388
H         3.11365456222223   -1.17300825586103   -0.00352582068304
H         3.04858786489211    1.27203086833549   -0.01455580432115
H         0.89745524463024    2.48899571569377   -0.02540729914181
H        -1.87910511118544    2.00777944999097   -0.03019587625845
H        -3.42274240968536    0.04160803508049   -0.02382595777885
H        -1.93768218768441   -2.19293495529752   -0.01044044924567
