17
 energy: -31.294914419798 gnorm: 0.068213175803 xtb: 6.4.1 (1a32961)
C        -0.88822000000000    1.40638000000000   -0.00041000000000
C         0.27153000000000    0.64042000000000   -0.00002000000000
C         0.30003000000000   -0.74569000000000    0.00057000000000
N         1.59882000000000   -1.18440000000000    0.00066000000000
C         2.30388000000000   -0.06905000000000    0.00034000000000
O         1.56223000000000    1.08398000000000   -0.00001000000000
C         3.77145000000000    0.08946000000000    0.00082000000000
C        -0.90600000000000   -1.45612000000000    0.00128000000000
C        -2.09465000000000   -0.71524000000000    0.00140000000000
Br       -3.74926000000000   -1.63647000000000    0.00324000000000
C        -2.09070000000000    0.68623000000000    0.00032000000000
H        -0.85986000000000    2.48882000000000   -0.00071000000000
H         4.26131000000000   -0.88897000000000    0.00063000000000
H         4.09946000000000    0.63528000000000    0.89026000000000
H         4.10030000000000    0.63612000000000   -0.88778000000000
H        -0.89976000000000   -2.53964000000000    0.00223000000000
H        -3.03154000000000    1.23376000000000    0.00026000000000
17
 energy: -31.297956945202 gnorm: 0.026634650985 xtb: 6.4.1 (1a32961)
C        -0.89437700199539    1.40444149484134   -0.00018505988960
C         0.26924659910592    0.65649667316439    0.00007788801242
C         0.29509679672827   -0.74154103578823    0.00071113396049
N         1.60528717747230   -1.15784774146215    0.00087312569966
C         2.30304366389968   -0.06146914847913    0.00043685020402
O         1.56267800811940    1.08544697692314   -0.00014852238840
C         3.77105161413454    0.07593476874487    0.00078767959053
C        -0.90039331672722   -1.45595025023494    0.00142837298632
C        -2.06951228363007   -0.71211220521885    0.00135366733708
Br       -3.73398380807021   -1.62874587192349    0.00276942722761
C        -2.07911975632479    0.68422029662984    0.00048217671125
H        -0.87723748021015    2.48115199076695   -0.00081821528276
H         4.23951525853690   -0.90671368709250    0.00063339673179
H         4.09006514816450    0.63013799500619    0.88359560734584
H         4.09062368338686    0.63075858028132   -0.88140924101023
H        -0.90208465654121   -2.53472437951128    0.00219962151542
H        -3.02087964604934    1.21538554335252    0.00029209124854
17
 energy: -31.298471858442 gnorm: 0.005845512159 xtb: 6.4.1 (1a32961)
C        -0.89877974154712    1.40550148832611   -0.00015247872170
C         0.27138472572239    0.67113900551755    0.00014767490156
C         0.29294269475611   -0.73666331036824    0.00091825698478
N         1.60968947110737   -1.13995281467082    0.00112200268419
C         2.30196976632015   -0.05327918081172    0.00054718096746
O         1.56449907220743    1.09240944265522   -0.00010269331714
C         3.77231748749365    0.06746956799785    0.00072097969951
C        -0.89489651609589   -1.45633077502955    0.00155710520121
C        -2.05602934044762   -0.71178603903786    0.00137025768427
Br       -3.72967827612620   -1.62983700003233    0.00224853778224
C        -2.07599669490535    0.68313982302896    0.00050343305467
H        -0.89066849236537    2.48122379671306   -0.00083845919748
H         4.21855869044327   -0.92135721646474    0.00059026584855
H         4.09207046554063    0.62228100821690    0.88099084339100
H         4.09233372425336    0.62271309861835   -0.87916472971116
H        -0.89918319310416   -2.53306587866339    0.00223202008244
H        -3.02151384325265    1.20126498400467    0.00038980266560
17
 energy: -31.298514335972 gnorm: 0.002975261236 xtb: 6.4.1 (1a32961)
C        -0.90038564243370    1.40679405050938   -0.00006966852141
C         0.27266684265773    0.67634732287320    0.00023893453525
C         0.29279880777878   -0.73362657840477    0.00103285958030
N         1.60986057963231   -1.13620508333949    0.00125522068853
C         2.30181752683394   -0.04920100125946    0.00061460508199
O         1.56463601793910    1.09718676671280   -0.00006797853250
C         3.77344556287327    0.06554115999684    0.00067562531603
C        -0.89285894334760   -1.45575204816631    0.00158316193125
C        -2.05495514188137   -0.71197443146873    0.00127914382144
Br       -3.72962402246884   -1.63415896970981    0.00208546358223
C        -2.07751473650462    0.68277282163843    0.00050871532607
H        -0.89567768728474    2.48323256090120   -0.00079418828821
H         4.21101889036418   -0.92685922262422    0.00057236528846
H         4.09711969124507    0.61773383005084    0.88119588926507
H         4.09722855659722    0.61804020951243   -0.87959897608635
H        -0.89570873828970   -2.53252345659235    0.00225525787411
H        -3.02484756371104    1.19752206937003    0.00031356913773
17
 energy: -31.298530401461 gnorm: 0.000965221243 xtb: 6.4.1 (1a32961)
C        -0.90231081075354    1.40802551998221   -0.00004469574177
C         0.27329447354682    0.68132331009087    0.00033054096129
C         0.29279321154825   -0.72971215809585    0.00115541253857
N         1.60959288598960   -1.13251103634085    0.00135499756562
C         2.30172265731483   -0.04464246659576    0.00068054597444
O         1.56400341192939    1.10214369181936    0.00002858441190
C         3.77432277027386    0.06352078418780    0.00062175637425
C        -0.89067844023866   -1.45448168136451    0.00164421478587
C        -2.05464057555465   -0.71220181181985    0.00128586797135
Br       -3.72883372652754   -1.63936579643441    0.00183359896122
C        -2.07936966338380    0.68212389019315    0.00047285883377
H        -0.90140432915633    2.48508954164094   -0.00072103564467
H         4.20348464109229   -0.93262341764196    0.00055006457725
H         4.10302828718915    0.61237099077142    0.88149687255161
H         4.10296855866088    0.61253872956333   -0.88016123103152
H        -0.89091963583042   -2.53134848246612    0.00230634745457
H        -3.02803371610013    1.19462039251022    0.00024529945623
17
 energy: -31.298532116908 gnorm: 0.000507821662 xtb: 6.4.1 (1a32961)
C        -0.90314056958393    1.40835895005571    0.00002851197730
C         0.27299236337910    0.68272514679216    0.00039454425360
C         0.29287252455228   -0.72800556651061    0.00118296656656
N         1.60941776663786   -1.13096276513483    0.00137412050994
C         2.30174268030392   -0.04292631314921    0.00069883897442
O         1.56349607302763    1.10366494135590    0.00005468058619
C         3.77424815462899    0.06263166800897    0.00060598575141
C        -0.88989640768301   -1.45377575065118    0.00162788970963
C        -2.05463808578049   -0.71247640106904    0.00119586492055
Br       -3.72783092579181   -1.64101290626573    0.00184213314027
C        -2.07983869473410    0.68162032453602    0.00047039330327
H        -0.90382362798339    2.48540261427152   -0.00067325147441
H         4.20079029888212   -0.93468107993216    0.00058507600168
H         4.10489596869268    0.61032014952272    0.88147281105364
H         4.10479202888261    0.61037812360955   -0.88025681841735
H        -0.88859928612234   -2.53062590539793    0.00231390072737
H        -3.02846026130813    1.19423476995814    0.00016235241596
17
 energy: -31.298532416180 gnorm: 0.000134168017 xtb: 6.4.1 (1a32961)
C        -0.90332516298493    1.40844078338327   -0.00001342579566
C         0.27275019443220    0.68278335107003    0.00038231261633
C         0.29292098431734   -0.72770780932368    0.00118582240720
N         1.60940908465312   -1.13057168159783    0.00135134053942
C         2.30175157198814   -0.04261275163429    0.00069247372784
O         1.56346776044682    1.10383657043081    0.00008001408574
C         3.77406916650334    0.06238909072783    0.00059969213577
C        -0.88981157302664   -1.45367147943508    0.00166714261915
C        -2.05462629712638   -0.71271411523544    0.00131026145905
Br       -3.72737871558285   -1.64101609103843    0.00170841965684
C        -2.07974777304697    0.68141568610651    0.00046802014635
H        -0.90440453291847    2.48536108332505   -0.00065507750467
H         4.20021182063454   -0.93507650301636    0.00062335157638
H         4.10499495877607    0.61005567798600    0.88136316200968
H         4.10489842532568    0.61003317029578   -0.88020797579840
H        -0.88799985753948   -2.53049486383058    0.00232045939977
H        -3.02816005485154    1.19441988178639    0.00020400671919
