12
 energy: -21.044116654214 gnorm: 0.046057440398 xtb: 6.4.1 (1a32961)
C         0.65430000000000    0.24765000000000   -0.01189000000000
C         0.09419000000000    1.49852000000000   -0.01765000000000
C        -1.33100000000000    1.42295000000000   -0.00230000000000
C        -1.78642000000000    0.11806000000000    0.00782000000000
C        -3.19157000000000   -0.37675000000000    0.02506000000000
S        -0.48556000000000   -1.00148000000000   -0.00082000000000
Cl        2.33095000000000   -0.12456000000000   -0.01288000000000
H         0.66566000000000    2.41790000000000   -0.02831000000000
H        -1.98780000000000    2.28541000000000    0.00239000000000
H        -3.89931000000000    0.45841000000000    0.05284000000000
H        -3.37398000000000   -0.99899000000000    0.90738000000000
H        -3.40599000000000   -0.96803000000000   -0.87121000000000
12
 energy: -21.045899796989 gnorm: 0.022223529178 xtb: 6.4.1 (1a32961)
C         0.65980133115099    0.25256225232589   -0.01210734639512
C         0.08521900296947    1.48779194938114   -0.01368542872231
C        -1.32817747751797    1.40155097653036   -0.00209948203663
C        -1.78995943819688    0.11600187413183    0.00943877360313
C        -3.19747820080370   -0.36453894258884    0.02461898526477
S        -0.48615190129454   -1.01462152547185    0.00540802355356
Cl        2.34561326496199   -0.09530854896397   -0.02121989745562
H         0.64281164887690    2.40711990741656   -0.02442201965687
H        -1.97560276264557    2.26022147339128   -0.00080605399443
H        -3.88641715865583    0.47904284782258    0.04997227895111
H        -3.37835275433086   -0.99002819960966    0.89883977709171
H        -3.40783555451401   -0.96070406436532   -0.86350761020331
12
 energy: -21.046343358733 gnorm: 0.007674349906 xtb: 6.4.1 (1a32961)
C         0.66806598805240    0.25673577429592   -0.01085113180519
C         0.08180552632266    1.48140301135276   -0.01367732278522
C        -1.32752566905758    1.38792138942238    0.00004631493222
C        -1.79344563430183    0.11279311426870    0.01143226572995
C        -3.20320223278093   -0.35930687208571    0.02415603445361
S        -0.48380949059157   -1.02832952792275    0.00926140683852
Cl        2.35936115235926   -0.07490245780149   -0.02562241133206
H         0.63057070526261    2.40303938788251   -0.02510520500944
H        -1.96978837034555    2.24766012439219   -0.00050528868184
H        -3.87708686593004    0.49201797416090    0.04794086495574
H        -3.38765459569872   -0.98480635389640    0.89520679201815
H        -3.41382051329071   -0.95513556406900   -0.86185231931443
12
 energy: -21.046397974120 gnorm: 0.003389672267 xtb: 6.4.1 (1a32961)
C         0.67205334638293    0.25838913650478   -0.01097631387708
C         0.08271197332336    1.48069479992425   -0.01296850157804
C        -1.32803510852518    1.38599292314502   -0.00094807372380
C        -1.79493996421842    0.11140765196439    0.01139618057251
C        -3.20495751832894   -0.35952493299946    0.02457318917735
S        -0.48210095781272   -1.03302764467216    0.00823605313988
Cl        2.36281485683496   -0.07196764438889   -0.02599505109097
H         0.62947988090199    2.40424698657521   -0.02374296474589
H        -1.96938150874957    2.24765134351659   -0.00142106181159
H        -3.87618340963670    0.49384645761768    0.04779404014311
H        -3.39126908930547   -0.98386296702178    0.89633032060181
H        -3.41672250086624   -0.95475611016562   -0.86184781680730
12
 energy: -21.046410175120 gnorm: 0.000986727236 xtb: 6.4.1 (1a32961)
C         0.67412674998657    0.25944635255308   -0.01117264923238
C         0.08373690394587    1.48088198159518   -0.01371138221953
C        -1.32846872954176    1.38633142993532   -0.00036800129710
C        -1.79564094573787    0.11134291654281    0.01126258118006
C        -3.20520808525132   -0.36011262707740    0.02445838253590
S        -0.48127905410315   -1.03465098111184    0.00752026046400
Cl        2.36287971242652   -0.07319676273285   -0.02505634932734
H         0.62960151229124    2.40571421569866   -0.02441055031496
H        -1.96934711730285    2.24918966426652   -0.00034673875795
H        -3.87727596207502    0.49317492913452    0.04743961419442
H        -3.39209517558638   -0.98366372802137    0.89706171774604
H        -3.41755980905186   -0.95536739078263   -0.86224688497118
12
 energy: -21.046411629547 gnorm: 0.000407590155 xtb: 6.4.1 (1a32961)
C         0.67455781445190    0.25989393378017   -0.01124846841813
C         0.08417332066333    1.48120062107895   -0.01296816715561
C        -1.32858228070185    1.38714072462512   -0.00089516851114
C        -1.79579139511979    0.11208798016161    0.01084390695665
C        -3.20476551206023   -0.36039004950392    0.02456073259008
S        -0.48142369102193   -1.03425623734282    0.00664245928067
Cl        2.36149213038878   -0.07542280906664   -0.02534729817916
H         0.62962977408881    2.40646387415250   -0.02347597691914
H        -1.96907577893493    2.25031671927795   -0.00063663491677
H        -3.87855453000240    0.49197609585508    0.04686314787233
H        -3.39134027712635   -0.98336130944809    0.89782711915966
H        -3.41684957462535   -0.95655954356992   -0.86173565175944
12
 energy: -21.046411891183 gnorm: 0.000157043628 xtb: 6.4.1 (1a32961)
C         0.67441892933411    0.25988453354252   -0.01134167644766
C         0.08410126659074    1.48122462228974   -0.01340682414021
C        -1.32847459135254    1.38728768132333   -0.00014702598410
C        -1.79578239891987    0.11241058553665    0.01095111807361
C        -3.20464883493212   -0.36037465462154    0.02434474230695
S        -0.48172146649427   -1.03381651415615    0.00681132860452
Cl        2.36102370515354   -0.07591666375801   -0.02541964818462
H         0.62943035074924    2.40645089567688   -0.02390310944819
H        -1.96876973452510    2.25044299787333    0.00023379698956
H        -3.87877891935454    0.49170647448418    0.04609717177872
H        -3.39108138762829   -0.98304485126025    0.89780146776426
H        -3.41624691862092   -0.95716510693069   -0.86159134131286
