13
 energy: -17.195624316768 gnorm: 0.024330603935 xtb: 6.4.1 (1a32961)
C        -0.07328000000000   -1.13353000000000   -0.00356000000000
C        -1.39488000000000   -0.74605000000000   -0.00549000000000
C        -1.41922000000000    0.66952000000000   -0.00543000000000
C        -0.11145000000000    1.10341000000000   -0.00304000000000
N         0.69711000000000   -0.00077000000000   -0.01004000000000
C         2.14126000000000    0.01220000000000   -0.03141000000000
H         0.37550000000000   -2.11822000000000   -0.00256000000000
H        -2.24890000000000   -1.41039000000000   -0.00717000000000
H        -2.29583000000000    1.30414000000000   -0.00625000000000
H         0.29926000000000    2.10452000000000   -0.00185000000000
H         2.49948000000000    1.04359000000000    0.01417000000000
H         2.47399000000000   -0.45792000000000   -0.96089000000000
H         2.50475000000000   -0.54712000000000    0.83362000000000
13
 energy: -17.196790145400 gnorm: 0.007543190956 xtb: 6.4.1 (1a32961)
C        -0.07977845905232   -1.12107375064184   -0.01050318785721
C        -1.39672006481442   -0.74042843495671   -0.00381546338387
C        -1.42076708368668    0.66675531325393   -0.00348413224924
C        -0.11691167686193    1.09170179096336   -0.01024415494909
N         0.69288581419343   -0.00080119877115   -0.01142268085784
C         2.13588486810645    0.00776057618924   -0.02867081688716
H         0.36427418875496   -2.09850599702961   -0.01224580636108
H        -2.24708099111640   -1.39808600016461    0.00082464992325
H        -2.29294277528154    1.29527547460304    0.00186063919852
H         0.29063372266020    2.08497597211229   -0.01157628593531
H         2.49014670289960    1.03522799928080    0.01796329585983
H         2.50329186251628   -0.45523386210257   -0.94691318916223
H         2.52487389168237   -0.54418788273615    0.82832713266142
13
 energy: -17.196852838914 gnorm: 0.002670496722 xtb: 6.4.1 (1a32961)
C        -0.07995400709724   -1.11844935136187   -0.00853938578563
C        -1.39603876297535   -0.73996357963092   -0.00389412134365
C        -1.41892408632091    0.66642623179326   -0.00370734852013
C        -0.11545807866398    1.08750638049155   -0.00811566710708
N         0.69311613588181   -0.00192996400904   -0.01178690138137
C         2.13210308015098    0.00796413807138   -0.03010118622801
H         0.36139145227681   -2.09552320423571   -0.01015147928557
H        -2.24623461260369   -1.39483330123521   -0.00074679570419
H        -2.28967040788838    1.29349700084101   -0.00020263825823
H         0.29096256195686    2.07981814746637   -0.00882309791930
H         2.48393961739839    1.03611918270287    0.01655248642152
H         2.50613103775657   -0.45448655336180   -0.94614542436317
H         2.52642607012812   -0.54276512753190    0.82576155947482
13
 energy: -17.196858922388 gnorm: 0.000907247934 xtb: 6.4.1 (1a32961)
C        -0.07975822898131   -1.11856803352628   -0.01048613582145
C        -1.39600738559222   -0.74030153767190   -0.00370354975528
C        -1.41838274308146    0.66668481116135   -0.00318151084976
C        -0.11446935124642    1.08654570862437   -0.01013362849161
N         0.69364497698246   -0.00271672677248   -0.01286075692777
C         2.13111052949878    0.00841341376100   -0.02916583165215
H         0.36008780893827   -2.09665843784209   -0.01284069723089
H        -2.24682092584169   -1.39421087567071    0.00131879727192
H        -2.28917692325891    1.29353844978429    0.00242807350908
H         0.29126206776884    2.07949459938685   -0.01155701038191
H         2.48270949733746    1.03694698851927    0.01764111795515
H         2.50753662820462   -0.45396283024059   -0.94452451634143
H         2.52605404927159   -0.54182552951308    0.82716564871610
13
 energy: -17.196859964755 gnorm: 0.000590728719 xtb: 6.4.1 (1a32961)
C        -0.07964789635967   -1.11908552368747   -0.01003159581292
C        -1.39604650492714   -0.74063538217898   -0.00349941634450
C        -1.41805375075358    0.66699915262522   -0.00321797874854
C        -0.11370632273847    1.08606933059752   -0.00925875582609
N         0.69419947101175   -0.00349923351962   -0.01357535660659
C         2.13078361158091    0.00882076330878   -0.02956267563095
H         0.35845923647804   -2.09842404307356   -0.01275583602466
H        -2.24762243142601   -1.39373908306923    0.00109056226690
H        -2.28918219516141    1.29364835068111    0.00174101291864
H         0.29105083889584    2.07986599509084   -0.01056709068573
H         2.48244104554257    1.03762667607066    0.01691818980677
H         2.50861335034945   -0.45366803585383   -0.94452135883897
H         2.52650154750771   -0.54059896699144    0.82734029952666
13
 energy: -17.196860302863 gnorm: 0.000118180456 xtb: 6.4.1 (1a32961)
C        -0.07970654425512   -1.11905165929974   -0.01045345556049
C        -1.39600073278606   -0.74051769680194   -0.00373847867996
C        -1.41811299109612    0.66692724123790   -0.00287064084895
C        -0.11391687956676    1.08626997514602   -0.00975254250540
N         0.69411862055062   -0.00336107269931   -0.01369433878889
C         2.13112913299612    0.00871150902854   -0.02930731943187
H         0.35847728717490   -2.09819557604995   -0.01319290857303
H        -2.24747462872016   -1.39376782654578    0.00103281370179
H        -2.28926843902395    1.29352909670353    0.00277516931954
H         0.29081470827736    2.07991726342650   -0.01125702088496
H         2.48263328049007    1.03750271556551    0.01678968763073
H         2.50870120405072   -0.45416923343748   -0.94410387579111
H         2.52639598190838   -0.54041473627379    0.82787291041261
