17
 energy: -22.504266357754 gnorm: 0.042422832814 xtb: 6.4.1 (1a32961)
N        -1.24957000000000   -0.96014000000000   -0.00372000000000
C        -0.10307000000000   -1.67333000000000   -0.00433000000000
C         1.16054000000000   -1.10606000000000   -0.00327000000000
C         1.26546000000000    0.28377000000000   -0.00138000000000
C         2.60179000000000    0.96136000000000   -0.00466000000000
C         0.09047000000000    1.04161000000000    0.00045000000000
C        -1.14045000000000    0.38926000000000   -0.00172000000000
C        -2.42361000000000    1.16358000000000   -0.00744000000000
H        -0.23114000000000   -2.75177000000000   -0.00640000000000
H         2.03894000000000   -1.74210000000000   -0.00535000000000
H         3.42003000000000    0.23358000000000   -0.00421000000000
H         2.71024000000000    1.58864000000000    0.88589000000000
H         2.70702000000000    1.58358000000000   -0.89917000000000
H         0.13699000000000    2.12644000000000    0.00193000000000
H        -2.24751000000000    2.24375000000000    0.00100000000000
H        -3.01640000000000    0.90744000000000    0.87615000000000
H        -3.00002000000000    0.91866000000000   -0.90497000000000
17
 energy: -22.506073399380 gnorm: 0.014431518137 xtb: 6.4.1 (1a32961)
N        -1.23871301787480   -0.94451111210523   -0.00485308703803
C        -0.11508062747476   -1.65602677008025   -0.00430640507789
C         1.15089864854242   -1.09924127054206   -0.00381493777388
C         1.27089263999502    0.28572600908810   -0.00261011449092
C         2.60668707133357    0.96090831028751   -0.00413317808186
C         0.09758663674893    1.03382533746284   -0.00178006448363
C        -1.13273516296237    0.38828431155797   -0.00399305763525
C        -2.41868270017912    1.15507156388713   -0.00684046358584
H        -0.25456368216338   -2.73037718187495   -0.00536248146025
H         2.02378552390446   -1.73580667943696   -0.00474378569654
H         3.41533974042998    0.23068752637925   -0.00288243551445
H         2.70964404493593    1.59534664533621    0.87603384325131
H         2.70858728830048    1.59071683726167   -0.88778676195092
H         0.14350915288565    2.11351254873195    0.00020600927682
H        -2.23429515573806    2.22844521966676    0.00178917193932
H        -3.01309946315457    0.88969976266911    0.86655649430047
H        -3.00005093752939    0.90200894171093   -0.89267874597844
17
 energy: -22.506223125303 gnorm: 0.002070497955 xtb: 6.4.1 (1a32961)
N        -1.23292039207203   -0.93771505848623   -0.00531165284633
C        -0.12026033739635   -1.65081426804901   -0.00491427597844
C         1.14851539380460   -1.09804420437185   -0.00435738624921
C         1.27353560536188    0.28657064586610   -0.00358888227961
C         2.60941484938565    0.96030800167437   -0.00373663236845
C         0.09995556887439    1.03250019393578   -0.00324270883757
C        -1.13134349805096    0.38926268047048   -0.00466347366457
C        -2.41830399671518    1.15435914279069   -0.00643692491392
H        -0.26324949652814   -2.72445444671211   -0.00471328964790
H         2.02027700290893   -1.73442012419505   -0.00436976445433
H         3.41346728858604    0.22892734374639   -0.00171238014505
H         2.70904961614848    1.59659364236172    0.87414052208504
H         2.71006873487146    1.59255032276043   -0.88446801185921
H         0.14575620729336    2.11139555448766   -0.00202327135955
H        -2.23495177567689    2.22532814329703    0.00220576885772
H        -3.00993736552979    0.88152279202930    0.86478376849302
H        -2.99936340526547    0.89439963839429   -0.88879140483165
17
 energy: -22.506227981981 gnorm: 0.000801641178 xtb: 6.4.1 (1a32961)
N        -1.23235429080848   -0.93681800560429   -0.00546705413347
C        -0.12070499608370   -1.65104421658037   -0.00481112229093
C         1.14885638494461   -1.09840642078397   -0.00430467785010
C         1.27366314397107    0.28647367358044   -0.00389701707329
C         2.60982616157534    0.95985388129187   -0.00355260061261
C         0.10015425268365    1.03322033091259   -0.00406166022201
C        -1.13177105851473    0.39036037482459   -0.00521869896893
C        -2.41925608696750    1.15490705859065   -0.00622769553640
H        -0.26305749645778   -2.72490635733296   -0.00499989401195
H         2.02110014784077   -1.73427469515623   -0.00421857251991
H         3.41352280477014    0.22834742583058   -0.00107936607853
H         2.70894407530504    1.59611325916843    0.87460051722765
H         2.71094435097347    1.59211775017054   -0.88439827841998
H         0.14658509132865    2.11239888362291   -0.00314540648143
H        -2.23712816126019    2.22574221420012    0.00240289263102
H        -3.00949357289592    0.88056546306928    0.86560730635835
H        -3.00012075040443    0.89361938019581   -0.88842867201748
17
 energy: -22.506228845603 gnorm: 0.000463311958 xtb: 6.4.1 (1a32961)
N        -1.23190951218965   -0.93583702287123   -0.00561149219084
C        -0.12121469308996   -1.65106485352256   -0.00538440519367
C         1.14908334485812   -1.09857007329854   -0.00459183875844
C         1.27351394726678    0.28635801933609   -0.00433035205368
C         2.61011411904188    0.95924795451130   -0.00329413094142
C         0.10036379044384    1.03413671400712   -0.00489639625521
C        -1.13203585022701    0.39168269353831   -0.00542370329563
C        -2.42028387617854    1.15511411845054   -0.00594320161122
H        -0.26250065637387   -2.72511247802607   -0.00499920988578
H         2.02196010240511   -1.73366897572970   -0.00386659218752
H         3.41349567437187    0.22745999695887   -0.00030023260662
H         2.70895972183168    1.59527770552900    0.87524035432661
H         2.71220433898921    1.59151500609178   -0.88419211032348
H         0.14786335863383    2.11352384131814   -0.00481973505266
H        -2.23963995883310    2.22597726752805    0.00251058595153
H        -3.00913024376302    0.87962862391001    0.86658659933425
H        -3.00113360718719    0.89260146226890   -0.88788413925622
