9
 energy: -21.176166199331 gnorm: 0.051663891055 xtb: 6.4.1 (1a32961)
C        -0.43301000000000   -1.19070000000000    0.00684000000000
C        -1.16925000000000   -0.03190000000000    0.00587000000000
C        -0.31966000000000    1.11886000000000    0.00420000000000
C         1.00600000000000    0.75423000000000    0.00403000000000
I         2.56122000000000    2.09546000000000    0.00352000000000
S         1.24056000000000   -0.92759000000000    0.00524000000000
Cl       -1.04448000000000   -2.79482000000000    0.00979000000000
H        -2.25160000000000   -0.00234000000000    0.00640000000000
H        -0.67649000000000    2.14197000000000    0.00354000000000
9
 energy: -21.178364940224 gnorm: 0.023181703865 xtb: 6.4.1 (1a32961)
C        -0.43901975280790   -1.18955813065996    0.00682920541580
C        -1.16872129152958   -0.03598721320149    0.00587118654198
C        -0.33690136156306    1.10881776410305    0.00446439927788
C         0.98696284964172    0.77456887122741    0.00434675119969
I         2.62319486370214    2.10145283030669    0.00282813325574
S         1.24985264427313   -0.91706837117898    0.00586123549611
Cl       -1.05772931206655   -2.79293677424788    0.00931642950434
H        -2.24284521785397   -0.00637640849398    0.00629316780021
H        -0.70150342179591    2.12025743214514    0.00361949150825
9
 energy: -21.178800228035 gnorm: 0.010452536824 xtb: 6.4.1 (1a32961)
C        -0.44097998067037   -1.19152040613383    0.00691791347137
C        -1.16105665138601   -0.03581304110881    0.00597175260557
C        -0.33441344687432    1.10604863006253    0.00448837365074
C         0.98377799157605    0.77947630646231    0.00432587437081
I         2.60934735309654    2.10347804131528    0.00266729128540
S         1.26088457043713   -0.91995744609892    0.00613388749432
Cl       -1.07055593054055   -2.79103090816895    0.00902115123896
H        -2.23237096983540   -0.00152987422607    0.00634127124593
H        -0.70134293580307    2.11401869789646    0.00356248463690
9
 energy: -21.178904278186 gnorm: 0.003767901477 xtb: 6.4.1 (1a32961)
C        -0.44428947610080   -1.19514821630377    0.00694985882110
C        -1.15843484185769   -0.03727617917779    0.00597264135815
C        -0.33098344361118    1.10593666798933    0.00450680677842
C         0.98639535564941    0.78229293311916    0.00444700388159
I         2.60292950341447    2.10927321542390    0.00262142721954
S         1.26632887551070   -0.92379507906312    0.00607680953766
Cl       -1.07792406190817   -2.79184017641935    0.00900183371234
H        -2.23052198623725   -0.00022511136920    0.00634098864420
H        -0.70020992485949    2.11395194580084    0.00351263004700
9
 energy: -21.178919285824 gnorm: 0.001179484888 xtb: 6.4.1 (1a32961)
C        -0.44624098549812   -1.19640218823821    0.00693176725488
C        -1.15888598139981   -0.03807119907827    0.00596222643623
C        -0.33023636759762    1.10642282680122    0.00448905577574
C         0.98777178671178    0.78375474299823    0.00437253861927
I         2.60396440281484    2.11006134396429    0.00266276062912
S         1.26747460242366   -0.92484218184974    0.00608930460726
Cl       -1.07779744155752   -2.79222327215998    0.00903040450681
H        -2.23173588386842   -0.00010962616409    0.00635587549019
H        -0.70102413202879    2.11457955372656    0.00353606668050
9
 energy: -21.178921412570 gnorm: 0.000458487621 xtb: 6.4.1 (1a32961)
C        -0.44749816471452   -1.19669268082921    0.00695380819929
C        -1.15959937808774   -0.03817430419582    0.00596000745213
C        -0.32997337624121    1.10658231041173    0.00450896037814
C         0.98820608870383    0.78381622242725    0.00446424869581
I         2.60498503688714    2.10993079611892    0.00261217019600
S         1.26700838527714   -0.92535226810649    0.00604966943813
Cl       -1.07562436384937   -2.79225015101274    0.00903308537723
H        -2.23264943000004    0.00069440709378    0.00630658752142
H        -0.70156479797523    2.11461566809258    0.00354146274186
9
 energy: -21.178921733168 gnorm: 0.000129017875 xtb: 6.4.1 (1a32961)
C        -0.44753460181564   -1.19655223424635    0.00692498387311
C        -1.15963888839515   -0.03799477633887    0.00596399471120
C        -0.33004937438391    1.10648490485640    0.00446586384261
C         0.98794508368006    0.78352998025395    0.00431802134954
I         2.60491371281871    2.10951290094486    0.00272232952795
S         1.26670374014762   -0.92522530450449    0.00606279890478
Cl       -1.07484600048765   -2.79215868304605    0.00906469078309
H        -2.23253080835357    0.00120061773346    0.00636723029690
H        -0.70167286321045    2.11437259434709    0.00354008671082
