20
 energy: -30.885077327958 gnorm: 0.067273140786 xtb: 6.4.1 (1a32961)
C        -0.87354000000000    1.41751000000000   -0.00054000000000
C         0.28342000000000    0.64981000000000    0.00020000000000
C         0.31397000000000   -0.73603000000000   -0.00001000000000
N         1.61878000000000   -1.17001000000000    0.00118000000000
C         2.31805000000000   -0.05334000000000    0.00202000000000
O         1.57417000000000    1.09704000000000    0.00176000000000
C         3.78473000000000    0.10803000000000    0.00259000000000
C        -0.89285000000000   -1.45791000000000   -0.00158000000000
C        -0.94954000000000   -2.95533000000000   -0.00171000000000
C        -2.08598000000000   -0.70240000000000   -0.00278000000000
C        -2.07405000000000    0.69985000000000   -0.00237000000000
H        -0.84284000000000    2.49929000000000   -0.00015000000000
H         4.27647000000000   -0.86972000000000    0.00243000000000
H         4.11167000000000    0.65429000000000    0.89215000000000
H         4.11221000000000    0.65501000000000   -0.88609000000000
H         0.05529000000000   -3.39086000000000   -0.00261000000000
H        -1.47293000000000   -3.31337000000000   -0.89347000000000
H        -1.47150000000000   -3.31347000000000    0.89082000000000
H        -3.04526000000000   -1.21930000000000   -0.00423000000000
H        -3.01876000000000    1.24077000000000   -0.00358000000000
20
 energy: -30.888308416165 gnorm: 0.024884422140 xtb: 6.4.1 (1a32961)
C        -0.88129429089247    1.41763544137530   -0.00070758462710
C         0.27673533281483    0.66379907387252    0.00021409534950
C         0.30063485988092   -0.73310647253284   -0.00007232915286
N         1.61710134582924   -1.14668354482051    0.00100575946669
C         2.31286482293734   -0.05112075261904    0.00189762379727
O         1.57243965353553    1.09520208999859    0.00157693500303
C         3.78252062598270    0.09027200851408    0.00270356525307
C        -0.89695264042384   -1.45562353629276   -0.00155404139764
C        -0.94045890193636   -2.95055046541244   -0.00176027672979
C        -2.06744991990385   -0.70011268488262   -0.00272323204693
C        -2.06399420055631    0.69438857896731   -0.00232935790773
H        -0.85707280773018    2.49488414214003   -0.00030502288016
H         4.25378162068748   -0.89101969217871    0.00255960611974
H         4.10148788926983    0.64480293037617    0.88553261172153
H         4.10221871400320    0.64548970016596   -0.87935132374899
H         0.06771869064546   -3.36265077754642   -0.00257792635054
H        -1.46870771191775   -3.31172627940837   -0.88406917777260
H        -1.46725563150841   -3.31190826082159    0.88133791613888
H        -3.01687869572279   -1.21781533248376   -0.00404311249732
H        -3.00592875499456    1.22570383358910   -0.00330472773806
20
 energy: -30.888790268172 gnorm: 0.005202986918 xtb: 6.4.1 (1a32961)
C        -0.88792625409060    1.42104404925145   -0.00081175435200
C         0.27478061173778    0.67706799715603    0.00016605072587
C         0.29173524520088   -0.72830678433626   -0.00015574612284
N         1.61387248142977   -1.13302375630714    0.00092155871326
C         2.30715062381872   -0.04869111432694    0.00177368144253
O         1.57233282782678    1.09918790587774    0.00144984335426
C         3.78013616347089    0.07545950746220    0.00278061099524
C        -0.90001628594919   -1.45233777122747   -0.00154563598102
C        -0.92704419221056   -2.94707801973302   -0.00180719302550
C        -2.06306213031900   -0.69861003858625   -0.00260255722144
C        -2.06406632296307    0.69362816975438   -0.00223787777128
H        -0.86878609872589    2.49742345344171   -0.00047957298909
H         4.22966729919645   -0.91202652542281    0.00270781575303
H         4.09951909610730    0.63008253735415    0.88360093848340
H         4.10049794475162    0.63068574557829   -0.87731205540188
H         0.08568666942671   -3.33942596963983   -0.00261258766184
H        -1.45440771529579   -3.31297574889479   -0.88121414483544
H        -1.45294342290182   -3.31322895633113    0.87839031850917
H        -3.00925414535522   -1.21799281222732   -0.00382631937114
H        -3.00636239515575    1.21897813115703   -0.00315537324330
20
 energy: -30.888857369282 gnorm: 0.003179065856 xtb: 6.4.1 (1a32961)
C        -0.89141807287352    1.42333695579717   -0.00087481180974
C         0.27422294844801    0.68332337315728    0.00009338147890
C         0.28821217003004   -0.72426561591671   -0.00020499462070
N         1.61038110372206   -1.12976263683619    0.00087416635887
C         2.30428208475847   -0.04677502297420    0.00173002377202
O         1.57167147212188    1.10325470237239    0.00136355314436
C         3.77881623419567    0.06849706807312    0.00282216087984
C        -0.90136283138075   -1.44983176939068   -0.00154033943461
C        -0.91846117242635   -2.94498281800373   -0.00183814817891
C        -2.06609392615792   -0.69782065666765   -0.00253096981646
C        -2.06732066137894    0.69447155874899   -0.00220561384636
H        -0.87518654319143    2.50021034581756   -0.00058729574935
H         4.21736851332984   -0.92348102599734    0.00282545178000
H         4.10218710544847    0.62006839824137    0.88392898352120
H         4.10331672422757    0.62057207225108   -0.87757109456794
H         0.09769608050242   -3.32752593895529   -0.00264946818027
H        -1.44272863183677   -3.31494805790260   -0.88153889654412
H        -1.44127053533925   -3.31523913902356    0.87862961358896
H        -3.01247071944646   -1.21786493906580   -0.00364979611123
H        -3.01033134275302    1.21862314627477   -0.00304590566446
20
 energy: -30.888894716211 gnorm: 0.001623807023 xtb: 6.4.1 (1a32961)
C        -0.89501061452651    1.42536969827166   -0.00092568324319
C         0.27338745337621    0.68932618488128   -0.00000175543424
C         0.28491608860282   -0.71914107824554   -0.00027179902399
N         1.60617755849304   -1.12708149232566    0.00083522897981
C         2.30160260985140   -0.04433444738520    0.00167731734786
O         1.57040575920771    1.10766316846027    0.00125813620134
C         3.77726480815131    0.06163760853977    0.00286231228919
C        -0.90254927226506   -1.44696587753265   -0.00154300902107
C        -0.90967267336141   -2.94236914686143   -0.00187604217037
C        -2.07021751639780   -0.69735829180601   -0.00243574043922
C        -2.07093211489272    0.69506922854777   -0.00213766403913
H        -0.88259645802269    2.50285221489304   -0.00070669277659
H         4.20527658294627   -0.93495325791885    0.00300276701122
H         4.10624446050315    0.60925534176421    0.88440752551780
H         4.10755415526158    0.60956521572415   -0.87801266823160
H         0.10990767497324   -3.31565392788601   -0.00267605121315
H        -1.43017292075370   -3.31688512205632   -0.88210662146850
H        -1.42877690905380   -3.31722207745845    0.87905544927927
H        -3.01685917632964   -1.21791487787233   -0.00345397920409
H        -3.01443949576337    1.21900093626629   -0.00292103036135
20
 energy: -30.888902765942 gnorm: 0.001044884870 xtb: 6.4.1 (1a32961)
C        -0.89730238654385    1.42661413628204   -0.00095013099025
C         0.27223032989887    0.69244436200730   -0.00006177814289
C         0.28297311799933   -0.71551568605795   -0.00031569761800
N         1.60334745716002   -1.12522070317328    0.00079630475942
C         2.30007981448489   -0.04282713700096    0.00164380771054
O         1.56925018182105    1.10978372248544    0.00119961494003
C         3.77576973802110    0.05725195821411    0.00288332855294
C        -0.90321037197178   -1.44515374283330   -0.00154214098820
C        -0.90429679548548   -2.94036127432911   -0.00189909694399
C        -2.07224571039192   -0.69727146509285   -0.00238568366973
C        -2.07272620570084    0.69520424601587   -0.00210508192851
H        -0.88778773501710    2.50425603286850   -0.00075236572094
H         4.19814048734237   -0.94184560285610    0.00315816654738
H         4.10847789917051    0.60249779256676    0.88452705588858
H         4.10989053899083    0.60260118350522   -0.87816642479836
H         0.11727172256807   -3.30840399605147   -0.00266111253580
H        -1.42242950760506   -3.31759736929054   -0.88230631871344
H        -1.42112051504016   -3.31796667202648    0.87913215698256
H        -3.01860315106617   -1.21814839226596   -0.00334192557199
H        -3.01619890863464    1.21951860703275   -0.00282267775936
20
 energy: -30.888903929446 gnorm: 0.000369619331 xtb: 6.4.1 (1a32961)
C        -0.89782017095536    1.42715895949032   -0.00093372145243
C         0.27163188425660    0.69274528182465   -0.00005994640352
C         0.28256832317582   -0.71478019842031   -0.00033036947863
N         1.60267003100548   -1.12471896231678    0.00078311372178
C         2.29973039404005   -0.04263169590114    0.00163443740396
O         1.56904361840925    1.10990375625503    0.00120067437478
C         3.77516369880294    0.05617392564171    0.00287963613080
C        -0.90348535127274   -1.44487429651717   -0.00155516248624
C        -0.90312151414850   -2.93991281309110   -0.00190386104471
C        -2.07225531016266   -0.69720390118585   -0.00238399499358
C        -2.07287377297671    0.69534397672981   -0.00208263906868
H        -0.88888153021751    2.50466242923199   -0.00072714856704
H         4.19660909376849   -0.94334461792335    0.00323138934239
H         4.10849190567221    0.60116697660913    0.88442233709394
H         4.10992147945087    0.60113546726996   -0.87814415187194
H         0.11896336431503   -3.30662344141931   -0.00261715727314
H        -1.42068252620290   -3.31778784978776   -0.88227960815781
H        -1.41945475814396   -3.31815177936320    0.87904903367168
H        -3.01843743007562   -1.21812431681516   -0.00334461642108
H        -3.01627142874078    1.21972309968852   -0.00280824452054
20
 energy: -30.888904080936 gnorm: 0.000092108061 xtb: 6.4.1 (1a32961)
C        -0.89801238987220    1.42742416423931   -0.00092372629449
C         0.27138590214484    0.69281409613798   -0.00005800740044
C         0.28242562890300   -0.71457310339733   -0.00033738153015
N         1.60241761755475   -1.12459950543524    0.00075588656332
C         2.29955086608883   -0.04250919345774    0.00162664683865
O         1.56902724720157    1.11002538424444    0.00120927122504
C         3.77499532570684    0.05578909439218    0.00287610935451
C        -0.90369087954252   -1.44481085608331   -0.00155748129719
C        -0.90264059153737   -2.93981498105430   -0.00190851958787
C        -2.07235844398692   -0.69712594840072   -0.00238750102936
C        -2.07298053498622    0.69548008852382   -0.00208810890367
H        -0.88913239230589    2.50487928599214   -0.00069091432592
H         4.19598049245403   -0.94391013175272    0.00330002912963
H         4.10859174493117    0.60071212275118    0.88437137902583
H         4.11003583146993    0.60055067024851   -0.87817614919736
H         0.11965710204917   -3.30584223869960   -0.00255913188424
H        -1.41990102100809   -3.31804291195439   -0.88230769379417
H        -1.41877848035284   -3.31839946669599    0.87900829050646
H        -3.01862838733348   -1.21794707258113   -0.00334110235434
H        -3.01643463757860    1.21976050298289   -0.00278189504424
