21
 energy: -30.256986922193 gnorm: 0.055695047293 xtb: 6.4.1 (1a32961)
C         0.91326000000000    1.45936000000000   -0.00311000000000
C         2.10565000000000    0.71059000000000   -0.00184000000000
C         2.10271000000000   -0.68766000000000   -0.00010000000000
C         0.89942000000000   -1.40076000000000    0.00064000000000
C        -0.30458000000000   -0.68420000000000    0.00048000000000
N        -1.59853000000000   -1.14700000000000    0.00159000000000
C        -2.35949000000000   -0.07332000000000    0.00088000000000
C        -3.83998000000000   -0.03255000000000    0.00194000000000
N        -1.59591000000000    1.06708000000000   -0.00097000000000
C        -0.27117000000000    0.70578000000000   -0.00126000000000
C         0.93866000000000    2.95637000000000   -0.00731000000000
H         3.06514000000000    1.22619000000000   -0.00255000000000
H         3.04522000000000   -1.22960000000000    0.00033000000000
H         0.88674000000000   -2.48459000000000    0.00125000000000
H        -4.25350000000000   -1.04573000000000    0.00268000000000
H        -4.21192000000000    0.48665000000000   -0.88669000000000
H        -4.21063000000000    0.48742000000000    0.89066000000000
H        -1.94788000000000    2.01259000000000   -0.00162000000000
H         1.96259000000000    3.34347000000000   -0.00666000000000
H         0.43001000000000    3.34274000000000    0.88156000000000
H         0.43337000000000    3.33707000000000   -0.90059000000000
21
 energy: -30.259671503620 gnorm: 0.019512821409 xtb: 6.4.1 (1a32961)
C         0.91325504191765    1.45336653789169   -0.00332521672809
C         2.08413127645101    0.70368224641371   -0.00220585933034
C         2.08010477947507   -0.69209882388150   -0.00026288535896
C         0.89952071628180   -1.41131205880386    0.00077754052565
C        -0.29421403009061   -0.69190940961635    0.00044594640696
N        -1.59266061881192   -1.13906319874460    0.00182342251731
C        -2.34004057325788   -0.06434100266638    0.00086687581416
C        -3.82031051215138   -0.02902326846702    0.00187493110652
N        -1.59189556883680    1.08293380098308   -0.00121906264576
C        -0.26787036087041    0.71345415375668   -0.00143140080948
C         0.92510609368076    2.95094555485361   -0.00710254261499
H         3.03560492282078    1.22017001491663   -0.00300116420483
H         3.02124413776732   -1.22456245228422    0.00039748744398
H         0.89179240883306   -2.49090348044239    0.00187829678917
H        -4.21251852682758   -1.04423758399757    0.00276351242367
H        -4.19108880540007    0.48989726553817   -0.88304429476966
H        -4.18985202649024    0.49092300199996    0.88671221527701
H        -1.94771327727174    2.02522038472172   -0.00205459937723
H         1.94797142596953    3.32336666824187   -0.00653384487043
H         0.41787869604114    3.34412866330780    0.87525465150320
H         0.42073480077051    3.33926298627897   -0.89330400909786
21
 energy: -30.259962451209 gnorm: 0.003844572910 xtb: 6.4.1 (1a32961)
C         0.91531563057131    1.44954475479644   -0.00359844821886
C         2.07916427429884    0.70111695635881   -0.00256261474298
C         2.07244740850047   -0.69473495652742   -0.00032426480589
C         0.89836997810460   -1.41606935742219    0.00106599988825
C        -0.29149433234790   -0.69530921777352    0.00051925386536
N        -1.59419171050761   -1.13211104484305    0.00198966642804
C        -2.33197868796792   -0.05745590873340    0.00081984012190
C        -3.81347423613464   -0.02736601306457    0.00181385056763
N        -1.58986342864336    1.09168805070279   -0.00152687995453
C        -0.26733516431704    0.71726435379629   -0.00166025412846
C         0.91940520350891    2.94815532729189   -0.00684705157989
H         3.02875797963883    1.21691325325022   -0.00364091339961
H         3.01557957460180   -1.22101714571894    0.00030215566943
H         0.89031602216386   -2.49400772966660    0.00258153862395
H        -4.19195499168253   -1.04491542154631    0.00287967757041
H        -4.18280147413885    0.49114349746543   -0.88215677807717
H        -4.18160846361216    0.49250040064277    0.88549366565155
H        -1.94629666070111    2.03228516132819   -0.00259512867862
H         1.94002185147946    3.32119750504550   -0.00648991432880
H         0.40931601776970    3.33754020091085    0.87404009885111
H         0.41148520941535    3.33353733370682   -0.89079349932282
21
 energy: -30.259979838115 gnorm: 0.001224850072 xtb: 6.4.1 (1a32961)
C         0.91673996237254    1.44851457543535   -0.00370018572172
C         2.08095762181324    0.70031751230280   -0.00276225685555
C         2.07286429407161   -0.69588401211270   -0.00043294361340
C         0.89796881367458   -1.41671719526198    0.00119154622992
C        -0.29160148174466   -0.69570889290458    0.00058056643515
N        -1.59582886435672   -1.12990638193889    0.00213899399130
C        -2.33107653451791   -0.05489210959413    0.00079748615471
C        -3.81352400204119   -0.02687196200704    0.00175904499521
N        -1.58885920550721    1.09397139849018   -0.00167901386908
C        -0.26721950238524    0.71788588719877   -0.00175069532194
C         0.91790144252058    2.94780190020084   -0.00670193463192
H         3.03116870451456    1.21510434745986   -0.00395797494716
H         3.01703138671856   -1.22090645269156    0.00022081052232
H         0.88878049293955   -2.49466652998803    0.00299503418344
H        -4.18803737795546   -1.04547586898093    0.00296925628295
H        -4.18316139778593    0.49086765455033   -0.88237327075508
H        -4.18199943168441    0.49248809338540    0.88543390962912
H        -1.94465335157354    2.03459584758543   -0.00291675327037
H         1.93719455207371    3.32428636527670   -0.00656734360887
H         0.40645610966496    3.33433000610373    0.87466568113125
H         0.40807776918836    3.33076581749044   -0.89059995696029
21
 energy: -30.259983026913 gnorm: 0.000902474222 xtb: 6.4.1 (1a32961)
C         0.91837306912974    1.44756210265502   -0.00380632486530
C         2.08329723937183    0.69952864058343   -0.00296176584094
C         2.07378051299142   -0.69696053447977   -0.00049713763751
C         0.89760022832973   -1.41668267939334    0.00138936219863
C        -0.29177706647608   -0.69565421376976    0.00070362699126
N        -1.59732932442773   -1.12796849448293    0.00230610542169
C        -2.33063901705044   -0.05216496035469    0.00076558213905
C        -3.81402796617405   -0.02637510698618    0.00167332975651
N        -1.58721478806019    1.09600362710554   -0.00185577989055
C        -0.26664367337576    0.71810227531982   -0.00185268538386
C         0.91636392883007    2.94744281916188   -0.00651277256232
H         3.03430360531409    1.21310089484535   -0.00434519509358
H         3.01851640657478   -1.22156286425206    0.00003535401378
H         0.88722241790154   -2.49484746608713    0.00346198391926
H        -4.18499590668773   -1.04612002301166    0.00310502328773
H        -4.18466392612790    0.49015296259421   -0.88273004446383
H        -4.18356089039908    0.49218591455123    0.88535529980152
H        -1.94187442185537    2.03705086980596   -0.00335049713719
H         1.93415934076163    3.32826104230881   -0.00682639195242
H         0.40382125103651    3.33095652608964    0.87564433731742
H         0.40446898039298    3.32788866779663   -0.89039141001938
21
 energy: -30.259983725742 gnorm: 0.000150807345 xtb: 6.4.1 (1a32961)
C         0.91812781027484    1.44776820250990   -0.00377045382809
C         2.08279607151758    0.69969382569542   -0.00292733896271
C         2.07354094336331   -0.69673115913313   -0.00050901569247
C         0.89766004899728   -1.41655578501739    0.00135250366156
C        -0.29174628079001   -0.69554035184430    0.00069688029874
N        -1.59695926583233   -1.12832733877349    0.00230464882354
C        -2.33077019051249   -0.05249511454243    0.00076945991898
C        -3.81384228361178   -0.02643785340755    0.00166220308415
N        -1.58727810947197    1.09565051745374   -0.00182477499830
C        -0.26654769504614    0.71793040699512   -0.00182343454826
C         0.91652854810936    2.94743869552870   -0.00652152447971
H         3.03362934427210    1.21347530361062   -0.00427029047338
H         3.01790688938189   -1.22176059617326    0.00006116364008
H         0.88760114758571   -2.49471190926857    0.00340645441501
H        -4.18538620850589   -1.04605434824620    0.00312191126433
H        -4.18453769794154    0.49011150227183   -0.88272541683976
H        -4.18344856875485    0.49220245716696    0.88528867625064
H        -1.94193387684199    2.03675004108761   -0.00333831617668
H         1.93456554217207    3.32754257836167   -0.00697690322316
H         0.40442818318278    3.33154686262779    0.87559299444909
H         0.40484564845208    3.32840406309697   -0.89025942658360
