12
 energy: -23.699156778727 gnorm: 0.031863953340 xtb: 6.4.1 (1a32961)
C         1.68303000000000   -1.91177000000000   -0.00036000000000
C         2.63997000000000   -0.89734000000000   -0.00012000000000
C         2.23103000000000    0.43300000000000   -0.00285000000000
F         3.15393000000000    1.40392000000000   -0.00124000000000
C         0.88339000000000    0.77225000000000   -0.00617000000000
C        -0.06761000000000   -0.24497000000000   -0.00370000000000
Br       -1.90686000000000    0.19230000000000   -0.00334000000000
C         0.32483000000000   -1.58516000000000   -0.00061000000000
H         1.99313000000000   -2.95380000000000    0.00030000000000
H         3.69972000000000   -1.13318000000000    0.00249000000000
H         0.59687000000000    1.81828000000000   -0.00974000000000
H        -0.41753000000000   -2.37972000000000    0.00219000000000
12
 energy: -23.700118255536 gnorm: 0.013670474118 xtb: 6.4.1 (1a32961)
C         1.68119198613125   -1.90251775252273    0.00045519156657
C         2.63831800038612   -0.90009070106756   -0.00033216593523
C         2.22508321044264    0.42213143378906   -0.00274394623501
F         3.14847928160433    1.39996128671801   -0.00305761928570
C         0.88429091210338    0.76686240734273   -0.00477835897184
C        -0.05584864190345   -0.25138998418378   -0.00309279352814
Br       -1.90218291832861    0.19276692723607   -0.00519378779926
C         0.33148273774012   -1.58360187594863   -0.00052616572487
H         1.98693661434153   -2.93736272392344    0.00183781549053
H         3.69305486013356   -1.13265436660218    0.00117001612932
H         0.59461616549598    1.80772605219271   -0.00776740593094
H        -0.41152220814685   -2.36802070303026    0.00087922022457
12
 energy: -23.700263755802 gnorm: 0.004333254634 xtb: 6.4.1 (1a32961)
C         1.68091566085338   -1.89982482496333    0.00078641866284
C         2.64033929051453   -0.90205522377685   -0.00029829485745
C         2.22257248796048    0.41655379853706   -0.00278805873002
F         3.14695241175427    1.40046074031118   -0.00401677815432
C         0.88483063630574    0.76701678628687   -0.00440374268830
C        -0.04977239930370   -0.25401974547931   -0.00341319667192
Br       -1.90416962814069    0.19225387315305   -0.00555913326199
C         0.33301100434358   -1.58459173585717   -0.00072634933865
H         1.98466139715875   -2.93300679766800    0.00280081345173
H         3.69328979081007   -1.13143229455508    0.00077512985407
H         0.59384583225134    1.80542580694244   -0.00651479815135
H        -0.41257648450774   -2.36297038293087    0.00020798988537
12
 energy: -23.700282177173 gnorm: 0.001225050060 xtb: 6.4.1 (1a32961)
C         1.68126026535210   -1.90031563962344    0.00078507192567
C         2.64166370638221   -0.90271607197739   -0.00037770779591
C         2.22186937975953    0.41514956282539   -0.00293547151813
F         3.14707515205344    1.40146508840117   -0.00422525574401
C         0.88474038449625    0.76838589294797   -0.00423179240466
C        -0.04825503568173   -0.25421774589677   -0.00312328288475
Br       -1.90624134580131    0.19224681775440   -0.00593230043115
C         0.33278990258160   -1.58544604334432   -0.00065485279284
H         1.98483275716529   -2.93414255264248    0.00297228084229
H         3.69468745328106   -1.13068524727795    0.00071211737354
H         0.59373023218152    1.80639010987491   -0.00622172830630
H        -0.41425285176995   -2.36230417104148    0.00008292173625
12
 energy: -23.700283992396 gnorm: 0.000518039850 xtb: 6.4.1 (1a32961)
C         1.68153975641438   -1.90120884213574    0.00080847728103
C         2.64210687114397   -0.90288814307754   -0.00023248425551
C         2.22150709164439    0.41477977015648   -0.00281472323417
F         3.14763545845782    1.40195476353130   -0.00394232808323
C         0.88448500795685    0.76958000771149   -0.00455920444561
C        -0.04786894877915   -0.25386816051129   -0.00369200332480
Br       -1.90758905030485    0.19189951502361   -0.00511451756316
C         0.33251936848817   -1.58574885980989   -0.00086391726801
H         1.98529119450870   -2.93576105997452    0.00291012714790
H         3.69553563657003   -1.13019382490282    0.00088556269668
H         0.59391546493891    1.80771251316566   -0.00660248079010
H        -0.41517785103922   -2.36244767917674    0.00006749183898
12
 energy: -23.700284365748 gnorm: 0.000094140298 xtb: 6.4.1 (1a32961)
C         1.68146599671641   -1.90111421254949    0.00066910585789
C         2.64181342600567   -0.90277746250627   -0.00040786634370
C         2.22152695004720    0.41491471881688   -0.00298472015616
F         3.14765499322059    1.40167730149081   -0.00405926859390
C         0.88445404797057    0.76934812381271   -0.00429740086578
C        -0.04804941840121   -0.25386421381496   -0.00295649978258
Br       -1.90721194418200    0.19184197162979   -0.00597149819149
C         0.33263240372320   -1.58555182782836   -0.00058899665237
H         1.98521415479559   -2.93546412419635    0.00278289139254
H         3.69521225558430   -1.13025518823286    0.00081718843369
H         0.59397280796450    1.80753555050989   -0.00639966774304
H        -0.41478567344482   -2.36248063713180    0.00024673264491
