12
 energy: -16.994994904321 gnorm: 0.037021614038 xtb: 6.4.1 (1a32961)
C        -1.58033000000000    0.17456000000000    0.00962000000000
S        -0.14620000000000    1.10496000000000    0.00821000000000
C         0.83823000000000   -0.29522000000000    0.00380000000000
C         2.32406000000000   -0.17745000000000    0.01211000000000
C         0.07967000000000   -1.44907000000000   -0.00376000000000
C        -1.31894000000000   -1.17719000000000    0.00034000000000
H        -2.54455000000000    0.66305000000000    0.01701000000000
H         2.66210000000000    0.86361000000000   -0.00249000000000
H         2.74771000000000   -0.68077000000000   -0.86344000000000
H         2.73343000000000   -0.65143000000000    0.91053000000000
H         0.50811000000000   -2.44386000000000   -0.00871000000000
H        -2.09345000000000   -1.93413000000000   -0.00112000000000
12
 energy: -16.996303438625 gnorm: 0.015552600978 xtb: 6.4.1 (1a32961)
C        -1.58225640665172    0.16748902571740    0.00792466328598
S        -0.15247378397115    1.11098470071769    0.01611265685827
C         0.83870204313240   -0.29534265175443    0.00663313675760
C         2.32447165612154   -0.18935705511093    0.01098011063375
C         0.07987765961470   -1.43199578900559    0.00017692511851
C        -1.30915167615867   -1.16627209585353    0.00134955834149
H        -2.54305582969534    0.64678976177367    0.01045520732287
H         2.63630134366723    0.85391027052258   -0.00346984299926
H         2.74769276985849   -0.68949487318370   -0.86173454789894
H         2.73908481434326   -0.66151244811666    0.90332603647019
H         0.50229741233621   -2.42203903757370   -0.00630082233878
H        -2.07165000259694   -1.92609980813280   -0.00335308155169
12
 energy: -16.996474826433 gnorm: 0.006334412362 xtb: 6.4.1 (1a32961)
C        -1.58518110874223    0.16428278984898    0.00852165575484
S        -0.15513086681254    1.11561168687364    0.01558877936203
C         0.84061383823098   -0.29785156123071    0.00833090471788
C         2.32658585967094   -0.19146427917980    0.01131485699847
C         0.07996140803441   -1.42679058605097    0.00090953857913
C        -1.30740503189563   -1.16302579819751    0.00065622375438
H        -2.54309413898888    0.64410370745477    0.01048846973330
H         2.63151316784213    0.85156506222207   -0.00396252432901
H         2.74612016172149   -0.69228126011617   -0.86055680207403
H         2.74121152233943   -0.66401257321852    0.90135448743211
H         0.49912174957477   -2.41672710808328   -0.00526921095686
H        -2.06447656097486   -1.92635008032251   -0.00527637897223
12
 energy: -16.996515053635 gnorm: 0.002394052405 xtb: 6.4.1 (1a32961)
C        -1.58755901540200    0.16335993761041    0.00787138946716
S        -0.15587789906552    1.11803599074675    0.01683064710911
C         0.84239824451316   -0.30038769796974    0.00899797048805
C         2.32832917038355   -0.19118656573591    0.01123492460063
C         0.07995927077017   -1.42659154333487    0.00110929656918
C        -1.30845835912458   -1.16275585197319    0.00110289686660
H        -2.54362788380509    0.64666332823078    0.00905904096136
H         2.63123180630216    0.85193131457681   -0.00356418379776
H         2.74660080000295   -0.69142733936590   -0.86131649743600
H         2.74304168620262   -0.66420439248698    0.90068147802399
H         0.49712133953443   -2.41779392946542   -0.00481649658470
H        -2.06331916031187   -1.92858325083272   -0.00509046626763
12
 energy: -16.996523790027 gnorm: 0.000565205275 xtb: 6.4.1 (1a32961)
C        -1.58867755786224    0.16312082058221    0.00832412870736
S        -0.15571923849001    1.11870807276962    0.01558172521870
C         0.84345250380146   -0.30231630543919    0.00892429491765
C         2.32903596815099   -0.19056859387730    0.01130649546657
C         0.07981996516874   -1.42770531015209    0.00131101609065
C        -1.30976008147745   -1.16319221939307    0.00065776589201
H        -2.54357673555121    0.64962439695053    0.00997315232455
H         2.63130688956154    0.85293198289005   -0.00330954517193
H         2.74802453587015   -0.69009449397662   -0.86164669874546
H         2.74427545162051   -0.66316204663320    0.90104492953849
H         0.49553990570157   -2.42004420433368   -0.00444600539974
H        -2.06388160649404   -1.93024209938725   -0.00562125883886
12
 energy: -16.996524178446 gnorm: 0.000288631788 xtb: 6.4.1 (1a32961)
C        -1.58864643584210    0.16310506926154    0.00767287489312
S        -0.15533096389976    1.11831193042588    0.01595214180313
C         0.84362523021648   -0.30302898389491    0.00836498660765
C         2.32885844564894   -0.19030309119489    0.01124393913557
C         0.07970278453612   -1.42841065566503    0.00075218131701
C        -1.31023112782810   -1.16346098221751    0.00141870617718
H        -2.54312265906068    0.65087154051162    0.00909841527211
H         2.63096339802467    0.85351746737827   -0.00240176002879
H         2.74914013934876   -0.68863878404842   -0.86203188551542
H         2.74451312721277   -0.66311912240897    0.90091808283605
H         0.49471567771133   -2.42115671965760   -0.00475692868490
H        -2.06434761606843   -1.93062766848998   -0.00413075381270
