11
 energy: -16.156599379750 gnorm: 0.044104332528 xtb: 6.4.1 (1a32961)
C         1.43303000000000    0.05159000000000    0.00100000000000
C         0.68800000000000    1.22595000000000    0.00151000000000
C        -0.69423000000000    1.12564000000000    0.00218000000000
N        -1.36237000000000   -0.04853000000000    0.00552000000000
C        -0.61197000000000   -1.17189000000000    0.00692000000000
C         0.77379000000000   -1.17331000000000    0.00332000000000
H         2.51852000000000    0.09036000000000   -0.00113000000000
H         1.17153000000000    2.19630000000000    0.00127000000000
H        -1.31976000000000    2.01344000000000    0.00006000000000
H        -1.17257000000000   -2.10232000000000    0.01145000000000
H         1.32543000000000   -2.10632000000000    0.00270000000000
11
 energy: -16.158073024716 gnorm: 0.014897365584 xtb: 6.4.1 (1a32961)
C         1.43734881958934    0.05171571381177    0.00124136083412
C         0.68810021630651    1.21835496959924    0.00100225815466
C        -0.69250960087312    1.11252578861491    0.00256579981477
N        -1.34405184541992   -0.04787762243554    0.00570661250363
C        -0.61119490770325   -1.15872921197971    0.00674497015290
C         0.77340322658246   -1.16562141392946    0.00393736602596
H         2.51849856333097    0.09023689314046   -0.00085026334878
H         1.16465664941243    2.18731283415744   -0.00046819920914
H        -1.32430979721190    1.99186421214797    0.00159742162516
H        -1.17858104050899   -2.08099360062612    0.00968307728963
H         1.31803971649548   -2.09787856250096    0.00363959615709
11
 energy: -16.158194535768 gnorm: 0.002468822960 xtb: 6.4.1 (1a32961)
C         1.43879093187370    0.05176106913077    0.00118789687366
C         0.68848331269935    1.21753952998944    0.00079497581783
C        -0.69338363988536    1.10961067891302    0.00296777075410
N        -1.33552526079522   -0.04757077807172    0.00573524478249
C        -0.61228581780984   -1.15590592421197    0.00624423942752
C         0.77375324911854   -1.16470646094433    0.00399178798040
H         2.51830542441698    0.09018114699726   -0.00068445127323
H         1.16268970283081    2.18648875352381   -0.00134972553207
H        -1.32646980563608    1.98766521258019    0.00241306140215
H        -1.18098118484885   -2.07692667340466    0.00902182094008
H         1.31602308803598   -2.09722655450181    0.00447737882706
11
 energy: -16.158199979507 gnorm: 0.000927222018 xtb: 6.4.1 (1a32961)
C         1.43826328219917    0.05174504161637    0.00123708454463
C         0.68853069184216    1.21807881060838    0.00066719427532
C        -0.69404545532402    1.11029271133007    0.00288269537953
N        -1.33493206942458   -0.04755195174817    0.00577092490399
C        -0.61289819183523   -1.15663596541170    0.00640265262294
C         0.77384393569954   -1.16521821261673    0.00418528974984
H         2.51778422714430    0.09015686210796   -0.00070287653369
H         1.16311073215390    2.18692376943028   -0.00154555638491
H        -1.32615717097732    1.98916224947567    0.00266924386885
H        -1.18054498036849   -2.07840883573785    0.00865144567794
H         1.31644499889056   -2.09763447905427    0.00458190189556
11
 energy: -16.158200654868 gnorm: 0.000447849659 xtb: 6.4.1 (1a32961)
C         1.43754247163528    0.05172322080386    0.00119663780707
C         0.68848898671800    1.21845504956201    0.00080422472104
C        -0.69467756091559    1.11075649123723    0.00314955919129
N        -1.33480833195994   -0.04755143545216    0.00573504602207
C        -0.61349619861852   -1.15714420336435    0.00605376059871
C         0.77383752130271   -1.16557437378960    0.00398187007155
H         2.51723738276986    0.09013757210363   -0.00067578400399
H         1.16361205283436    2.18709870645901   -0.00160465435476
H        -1.32548982073991    1.99049278814453    0.00255603508213
H        -1.17976015584823   -2.07970157888460    0.00888718998893
H         1.31691365282196   -2.09778223681956    0.00471611487595
