18
 energy: -31.132649647015 gnorm: 0.072180144981 xtb: 6.4.1 (1a32961)
C         0.96812000000000   -1.39370000000000    0.02595000000000
Cl        1.01166000000000   -3.09847000000000    0.06773000000000
C         2.11664000000000   -0.61536000000000    0.01065000000000
C         1.95694000000000    0.75970000000000   -0.03543000000000
N         0.77544000000000    1.42082000000000   -0.06851000000000
C        -0.29209000000000    0.60399000000000   -0.06828000000000
N        -1.59209000000000    1.02430000000000   -0.14153000000000
C        -2.43560000000000   -0.06022000000000   -0.21765000000000
C        -3.89289000000000    0.08516000000000   -0.44502000000000
C        -1.65639000000000   -1.19526000000000   -0.08065000000000
C        -0.29344000000000   -0.78694000000000   -0.02871000000000
H         3.10277000000000   -1.06178000000000    0.02299000000000
H         2.83159000000000    1.40760000000000   -0.05465000000000
H        -1.85725000000000    1.99708000000000   -0.18972000000000
H        -4.19470000000000    1.13689000000000   -0.48468000000000
H        -4.46177000000000   -0.40604000000000    0.35037000000000
H        -4.16660000000000   -0.37794000000000   -1.39925000000000
H        -2.02338000000000   -2.21362000000000   -0.08218000000000
18
 energy: -31.136831607288 gnorm: 0.031048133630 xtb: 6.4.1 (1a32961)
C         0.95336501778000   -1.40874882861188    0.02527342185530
Cl        1.03878530049700   -3.12311688894470    0.07449463210468
C         2.08823481936590   -0.61578114587984    0.01770875922041
C         1.93854616757673    0.76703565545664   -0.02645323466338
N         0.77598063408684    1.41511429703596   -0.06947852799889
C        -0.29210463736200    0.61924261704257   -0.07806742198167
N        -1.58474802192428    1.03633933543166   -0.17147402895862
C        -2.41743215122934   -0.05727746135520   -0.21693085365309
C        -3.87937791228336    0.08467132333814   -0.42539184101175
C        -1.65538085302302   -1.19530007804983   -0.11057548497999
C        -0.29757484948203   -0.79184675287031   -0.03394968678023
H         3.07155725860082   -1.05800913139372    0.03938626768482
H         2.81034949794923    1.41005363062472   -0.04112720326480
H        -1.85826036881419    2.00439904481875   -0.22618204487587
H        -4.17020298340037    1.13359360768812   -0.45859737646979
H        -4.44033941761333   -0.41006736368665    0.36698449020265
H        -4.16293892071318   -0.37856375536677   -1.37192666377961
H        -2.02149858001142   -2.20552810527766   -0.11226320265017
18
 energy: -31.137761801747 gnorm: 0.007548505172 xtb: 6.4.1 (1a32961)
C         0.94534148278325   -1.41533057839684    0.01718624572397
Cl        1.06741111299642   -3.13877728079565    0.08016224504565
C         2.07368559716059   -0.61610219384788    0.02526335145967
C         1.93208817932551    0.77222689346094   -0.01986606938450
N         0.77774983249811    1.40764680193516   -0.07613649421472
C        -0.29369300785520    0.62910790545266   -0.09650910584090
N        -1.58255135730335    1.04086656792823   -0.19778639299368
C        -2.40819064537663   -0.05584678476481   -0.23065644907720
C        -3.87657158496774    0.08706096181520   -0.41250279756249
C        -1.65646135695239   -1.19448625604946   -0.13359243581553
C        -0.29980843558457   -0.79517974878566   -0.04986343929469
H         3.05621697050550   -1.05622277630597    0.06341346661943
H         2.80562670061372    1.40867250096658   -0.01634887953231
H        -1.86564271236833    2.00525256357938   -0.24948176315146
H        -4.16104212573118    1.13499692908965   -0.43392708025534
H        -4.41779901702543   -0.41100311825385    0.38907497002664
H        -4.17738038105426   -0.37589908492651   -1.35188443731472
H        -2.02201925166401   -2.20077330210116   -0.12511493443784
18
 energy: -31.137897986944 gnorm: 0.004395981181 xtb: 6.4.1 (1a32961)
C         0.94517693195824   -1.41411487831582    0.01523525187540
Cl        1.07760624933222   -3.14107793431711    0.08143556311118
C         2.07390271263671   -0.61636254613574    0.03391662850003
C         1.93421667283733    0.77307829067819   -0.01362749484411
N         0.77878811934903    1.40594800341887   -0.08324290682218
C        -0.29415698925704    0.63109969431960   -0.11136490708037
N        -1.58281975195290    1.04013821944708   -0.21443603664620
C        -2.40815714234475   -0.05594098028501   -0.24156030172313
C        -3.87977348002693    0.08889901018677   -0.40426089568517
C        -1.65667562714509   -1.19492835126146   -0.14721703263385
C        -0.29940883076266   -0.79607751426252   -0.06236454546129
H         3.05619307117808   -1.05684549361463    0.08210446987371
H         2.80956010333469    1.40654160666615   -0.00144143948432
H        -1.87059480014197    2.00342689873693   -0.26398772190176
H        -4.16324996693113    1.13717554537955   -0.41768728579515
H        -4.40697586885905   -0.41113306613207    0.40589806071547
H        -4.19500343325754   -0.37187866810597   -1.33994063297133
H        -2.02166796994723   -2.20173783640279   -0.13602877302692
18
 energy: -31.137966607141 gnorm: 0.002354823445 xtb: 6.4.1 (1a32961)
C         0.94565816266502   -1.41172107267952    0.01280874384922
Cl        1.08248030698073   -3.14146155601728    0.08098104077012
C         2.07550283399689   -0.61631308212275    0.04081665780623
C         1.93613847903918    0.77307836423718   -0.00941357518895
N         0.77946744350058    1.40534154261387   -0.08959904643768
C        -0.29382294018904    0.63141549387772   -0.12423799863822
N        -1.58266752124327    1.03857807505553   -0.22784234068535
C        -2.40876893784898   -0.05649041805287   -0.25135155574703
C        -3.88200246988996    0.09027334435212   -0.39778535606352
C        -1.65666900233385   -1.19556826938163   -0.15557024140755
C        -0.29873721523878   -0.79684402799074   -0.07478804305100
H         3.05722011080850   -1.05728873008671    0.09974852937430
H         2.81216089748948    1.40526421882392    0.01211150398235
H        -1.87463518800720    2.00098849506613   -0.27633771452544
H        -4.16495024586037    1.13901643366868   -0.40372021751546
H        -4.39729130647563   -0.41153337593443    0.41922664142327
H        -4.21106118208318   -0.36727127186087   -1.33014673150973
H        -2.02106222531011   -2.20325416356835   -0.14347029643558
18
 energy: -31.137992341213 gnorm: 0.001654898477 xtb: 6.4.1 (1a32961)
C         0.94601146309096   -1.41036252260043    0.01206345836141
Cl        1.08267127754445   -3.14157547597734    0.08101689670669
C         2.07634877455207   -0.61600820555223    0.04562250123515
C         1.93653567679241    0.77293490938468   -0.00668628863270
N         0.77983225494619    1.40522681890838   -0.09381927416492
C        -0.29296124124262    0.63084199342245   -0.13273084607008
N        -1.58186462404598    1.03756733688050   -0.23669287327754
C        -2.40881717879497   -0.05702871445000   -0.25743238782382
C        -3.88256568707985    0.09091176810747   -0.39279173643411
C        -1.65629605473651   -1.19618829742306   -0.16127207650818
C        -0.29818604940645   -0.79745579940022   -0.08286733821640
H         3.05736569718225   -1.05712061107923    0.11180701441971
H         2.81200186807829    1.40555884713329    0.01988629732155
H        -1.87620684820968    1.99935307509185   -0.28564021733042
H        -4.16514709033109    1.13993913518232   -0.39302290328085
H        -4.39090113355268   -0.41285141466765    0.42727369957658
H        -4.22059440372961   -0.36330855862775   -1.32332869684908
H        -2.02026670105715   -2.20422428433301   -0.14995522903300
18
 energy: -31.138007501586 gnorm: 0.001326820806 xtb: 6.4.1 (1a32961)
C         0.94637001379713   -1.40989726358080    0.01107520675371
Cl        1.08032569777777   -3.14189942889188    0.08281108492612
C         2.07659791385749   -0.61559808687202    0.05001929473330
C         1.93607906456493    0.77283659020854   -0.00473481125915
N         0.78007282467134    1.40525195783109   -0.09846896606365
C        -0.29180583885400    0.62979738587167   -0.14108423202410
N        -1.58066675981209    1.03695032478776   -0.24503455181304
C        -2.40824638771020   -0.05761469776520   -0.26332489467609
C        -3.88223646329503    0.09122099434853   -0.38734648849796
C        -1.65558912087786   -1.19679631389443   -0.16766214730991
C        -0.29757801168021   -0.79805944527071   -0.09098056084005
H         3.05676013293034   -1.05658595991719    0.12442103280849
H         2.81028126128138    1.40707652413975    0.02717824036095
H        -1.87660343617693    1.99811326924518   -0.29560439450759
H        -4.16446424621254    1.14041466099282   -0.37998141504090
H        -4.38421906973956   -0.41616930307988    0.43416652929872
H        -4.22880882904992   -0.35799555602394   -1.31693738602821
H        -2.01930874547201   -2.20483565212929   -0.15708154082063
18
 energy: -31.138012229207 gnorm: 0.000774301122 xtb: 6.4.1 (1a32961)
C         0.94654786452559   -1.41043224795898    0.01083832852343
Cl        1.07904567292549   -3.14200662134664    0.08507317671060
C         2.07626819998376   -0.61553928164490    0.05211569357340
C         1.93582144056656    0.77292319979928   -0.00397953655050
N         0.78023402556482    1.40520857709741   -0.10075057481881
C        -0.29150586989760    0.62951001968465   -0.14459812993632
N        -1.58034072085890    1.03709985388416   -0.24830394271301
C        -2.40777272410186   -0.05771538378516   -0.26576421046626
C        -3.88212552563495    0.09117914879308   -0.38494119251275
C        -1.65517703321612   -1.19687905891173   -0.17145157637209
C        -0.29726839567114   -0.79808074639063   -0.09408063768931
H         3.05617871668092   -1.05633274176112    0.12979024658491
H         2.80959802325461    1.40770085443320    0.02918929850254
H        -1.87603749380300    1.99816652601632   -0.30019750583682
H        -4.16448090050769    1.14023954570401   -0.37216874639608
H        -4.38130228341715   -0.41970318847259    0.43616306181781
H        -4.23172736649155   -0.35436133941652   -1.31518585167152
H        -2.01899562990177   -2.20476711572382   -0.16031790074921
18
 energy: -31.138015058455 gnorm: 0.000377947184 xtb: 6.4.1 (1a32961)
C         0.94659106442933   -1.41091537311247    0.01035920833919
Cl        1.07831203463724   -3.14168046347800    0.08738993477889
C         2.07582181862017   -0.61556380226159    0.05405475313535
C         1.93570288781067    0.77294111950631   -0.00415875088179
N         0.78045883165682    1.40513424927490   -0.10335168140422
C        -0.29135357591991    0.62942515343830   -0.14790184420206
N        -1.58020933536634    1.03722096872778   -0.25137665487203
C        -2.40747393910030   -0.05773287932721   -0.26794499564322
C        -3.88223662188450    0.09106623366214   -0.38279941975711
C        -1.65487809207167   -1.19683272619060   -0.17432587937450
C        -0.29696864559005   -0.79792612418420   -0.09702769683011
H         3.05563517975401   -1.05610679258819    0.13551037141441
H         2.80945792427383    1.40771676440844    0.03124924908187
H        -1.87511467597049    1.99838643800279   -0.30520645524378
H        -4.16497214394837    1.13986027756587   -0.36279344875474
H        -4.37858206494095   -0.42492541498557    0.43677361884974
H        -4.23439852179471   -0.34922255334517   -1.31454132108276
H        -2.01883212459476   -2.20463507511352   -0.16247898755313
18
 energy: -31.138016508504 gnorm: 0.000439686945 xtb: 6.4.1 (1a32961)
C         0.94653693108306   -1.41115181413701    0.01096353452429
Cl        1.07825853564343   -3.14129436020359    0.08925507724346
C         2.07553804928874   -0.61557373196520    0.05625409500808
C         1.93569543428511    0.77294094285733   -0.00347195270107
N         0.78066115872557    1.40507933041550   -0.10559786991747
C        -0.29123199442290    0.62940332006466   -0.15089783129726
N        -1.58011315471285    1.03718288388259   -0.25436067167465
C        -2.40739013268161   -0.05773703897347   -0.26970835219476
C        -3.88250018089921    0.09101987508705   -0.38106021383571
C        -1.65472880763024   -1.19681378863467   -0.17627687316575
C        -0.29677598653838   -0.79784167950496   -0.09900041901285
H         3.05521535821737   -1.05587675197828    0.13965472727897
H         2.80952658060280    1.40734227898662    0.03152876404927
H        -1.87420138974288    1.99851469406621   -0.30992945779327
H        -4.16571282193232    1.13952220401657   -0.35316059570905
H        -4.37664827497207   -0.43090829493909    0.43606327004655
H        -4.23639997581789   -0.34302031787909   -1.31508082286410
H        -2.01876932849571   -2.20457775116116   -0.16374440798467
18
 energy: -31.138018550888 gnorm: 0.000626302237 xtb: 6.4.1 (1a32961)
C         0.94633409925830   -1.41136634120532    0.01143298705091
Cl        1.07851740695826   -3.14090700162786    0.09216403875720
C         2.07520442148882   -0.61560179958086    0.05765935508293
C         1.93563919632420    0.77288191548606   -0.00433599530741
N         0.78083950806475    1.40495950453001   -0.10872170005500
C        -0.29111886584315    0.62938758378767   -0.15403252549211
N        -1.58000831960406    1.03708171605579   -0.25759886994722
C        -2.40737710542753   -0.05772516371837   -0.27110446497919
C        -3.88274597310427    0.09099996453564   -0.37940251418201
C        -1.65472661785070   -1.19677404370006   -0.17714156055842
C        -0.29668416824887   -0.79784905941995   -0.10071071879445
H         3.05482597148345   -1.05564690674573    0.14415423040280
H         2.80972145743513    1.40699637477123    0.03255743265476
H        -1.87307731361458    1.99862671664762   -0.31543227336134
H        -4.16670421933381    1.13900241551365   -0.34010716331616
H        -4.37510926232395   -0.43987623040170    0.43299835386933
H        -4.23767717095254   -0.33349669841178   -1.31748045920057
H        -2.01889304470946   -2.20448294651601   -0.16346815262404
18
 energy: -31.138024799469 gnorm: 0.001176179198 xtb: 6.4.1 (1a32961)
C         0.94594579281646   -1.41160204491499    0.01307188938159
Cl        1.07935643205095   -3.14022470701336    0.09891930699173
C         2.07476133112958   -0.61559306597882    0.05980307210155
C         1.93558789790165    0.77274830662504   -0.00634426624821
N         0.78106732278704    1.40469336132041   -0.11424063618211
C        -0.29096058915562    0.62924928974482   -0.15889728822193
N        -1.57985830923860    1.03672171161549   -0.26287315264679
C        -2.40750244707990   -0.05776608386308   -0.27263227199040
C        -3.88313895205748    0.09107906652782   -0.37716564597123
C        -1.65490758928881   -1.19677952003741   -0.17699072844852
C        -0.29665321130933   -0.79802822360392   -0.10240158356343
H         3.05428483331326   -1.05522117897870    0.15036832863030
H         2.81006486048038    1.40633154403712    0.03176245968568
H        -1.87105899065727    1.99866985743536   -0.32465310077917
H        -4.16862628542763    1.13784365682359   -0.31380485920013
H        -4.37382643328855   -0.45910289588513    0.42350188886914
H        -4.23826016623817   -0.31240920213319   -1.32485242485038
H        -2.01931549673794   -2.20439987172103   -0.16114098755767
18
 energy: -31.138032442602 gnorm: 0.001737913699 xtb: 6.4.1 (1a32961)
C         0.94566683141903   -1.41178459022969    0.01501149538344
Cl        1.07968503934010   -3.13971308036109    0.10484004696741
C         2.07441340499596   -0.61558185146367    0.06163023922656
C         1.93560826985750    0.77262597811548   -0.00832835485942
N         0.78130890821040    1.40444867573896   -0.11934315495964
C        -0.29079123678479    0.62908701285270   -0.16311170927681
N        -1.57969219060877    1.03646742579784   -0.26739588559281
C        -2.40756581236803   -0.05781215666527   -0.27360066378542
C        -3.88338119525974    0.09113250093719   -0.37533378628486
C        -1.65504831385534   -1.19674970985124   -0.17636380008077
C        -0.29662202647141   -0.79814385161124   -0.10340490822929
H         3.05380389323502   -1.05493862158347    0.15542016662834
H         2.81033304295013    1.40589709284510    0.03035702925811
H        -1.86948018567475    1.99865860475883   -0.33276151875323
H        -4.17044866071575    1.13632254580613   -0.28946889962318
H        -4.37320851547970   -0.47724529725974    0.41340395330291
H        -4.23791918110144   -0.29220073318969   -1.33209967202552
H        -2.01970207168838   -2.20425994463711   -0.15802057729582
18
 energy: -31.138050847477 gnorm: 0.003147839139 xtb: 6.4.1 (1a32961)
C         0.94525338365688   -1.41186161193324    0.01995849271221
Cl        1.08052268690287   -3.13901473211059    0.11679496336605
C         2.07408779188922   -0.61548744727899    0.06309651943004
C         1.93573630456081    0.77240002081166   -0.01343331514848
N         0.78150802848836    1.40394142434689   -0.12754555832099
C        -0.29064255339738    0.62862429600728   -0.16820630994200
N        -1.57954289243436    1.03581849131592   -0.27288049700573
C        -2.40785598482736   -0.05805766509184   -0.27307955050597
C        -3.88359294065934    0.09142319085303   -0.37375135366409
C        -1.65551090942051   -1.19686756892305   -0.17254575438882
C        -0.29678006386005   -0.79855833732401   -0.10225227921137
H         3.05334138285525   -1.05454977834966    0.15994586059337
H         2.81081746922849    1.40541603020741    0.02434260874541
H        -1.86732861727881    1.99832318595840   -0.34333429392102
H        -4.17335021142787    1.13307252479757   -0.24764549446623
H        -4.37527589772501   -0.51010802252163    0.39034580811398
H        -4.23390340142536   -0.25409161324146   -1.34810767684257
H        -2.02052357512579   -2.20421238752369   -0.15027216954378
18
 energy: -31.138049156200 gnorm: 0.007499373410 xtb: 6.4.1 (1a32961)
C         0.94455739264044   -1.41188488076808    0.02704861134268
Cl        1.08168837892723   -3.13811566512534    0.13309555119196
C         2.07374878024209   -0.61537888707007    0.06456872743981
C         1.93614084775832    0.77202063925618   -0.02128081390815
N         0.78190378000057    1.40312433950502   -0.13984866804315
C        -0.29042715646329    0.62799527724170   -0.17496336444617
N        -1.57928641244044    1.03493565973221   -0.28082922825571
C        -2.40834437383178   -0.05834088534161   -0.27080874391989
C        -3.88373504530935    0.09182718044510   -0.37232292751265
C        -1.65643218283372   -1.19681721861079   -0.16354382117173
C        -0.29716316338470   -0.79912588572221   -0.09900997602611
H         3.05285639864901   -1.05413600543312    0.16503153986323
H         2.81180313166748    1.40463891171717    0.01406838230310
H        -1.86422565623109    1.99784194379742   -0.35921851630486
H        -4.17880920802336    1.12610389247870   -0.18324319819180
H        -4.38005542793100   -0.56151555027151    0.35008610584622
H        -4.22514997329433   -0.19310652844292   -1.37388699630295
H        -2.02211011014205   -2.20385633738786   -0.13351266390382
18
 energy: -31.138082147023 gnorm: 0.003551359459 xtb: 6.4.1 (1a32961)
C         0.94489021171763   -1.41162361868981    0.02455391783296
Cl        1.08134275480092   -3.13877193436399    0.12314757861467
C         2.07417564970468   -0.61544679768881    0.06233244985208
C         1.93615155273175    0.77214372506734   -0.01833929130075
N         0.78165757604165    1.40349114723657   -0.13328478316007
C        -0.29060443073100    0.62832641214015   -0.16985370717840
N        -1.57945724857042    1.03538157023192   -0.27549291965307
C        -2.40827927087934   -0.05813882850375   -0.26957033635993
C        -3.88347241276500    0.09165099228735   -0.37443378640905
C        -1.65626088807595   -1.19668925539520   -0.16422045171148
C        -0.29719369203961   -0.79886884189053   -0.09768196693526
H         3.05340716770807   -1.05462575416152    0.15856273757865
H         2.81157791462128    1.40508943385781    0.01745462850601
H        -1.86603361978312    1.99802843228517   -0.34957031681554
H        -4.17681100866760    1.12781891512916   -0.21607837879390
H        -4.38081102678466   -0.53697217558181    0.36402259686664
H        -4.22560962265270   -0.22074977695155   -1.36345838417162
H        -2.02170960637657   -2.20383364500850   -0.13665958676194
18
 energy: -31.138104705758 gnorm: 0.002789056677 xtb: 6.4.1 (1a32961)
C         0.94482745038400   -1.41138298979079    0.02606336187175
Cl        1.08127141080611   -3.13896241334486    0.12457734422041
C         2.07440247026296   -0.61541320160947    0.06126909358464
C         1.93628344716914    0.77202083797829   -0.02012231689837
N         0.78161714877054    1.40328891724241   -0.13449496667544
C        -0.29066390397079    0.62813538112514   -0.16892280972950
N        -1.57946319980987    1.03519040468943   -0.27528903601092
C        -2.40846267948224   -0.05823802839571   -0.26701884825916
C        -3.88318971344045    0.09178403769371   -0.37618237309813
C        -1.65667766736864   -1.19663013045588   -0.15883645142138
C        -0.29748281794775   -0.79896489924429   -0.09421743563297
H         3.05370264713317   -1.05480877750683    0.15541044074885
H         2.81158475503511    1.40517162441751    0.01316057336960
H        -1.86632918782839    1.99766201579174   -0.35011996430870
H        -4.17829688554654    1.12486497443549   -0.20609165570318
H        -4.38339310640542   -0.54604635386595    0.35116809448971
H        -4.22051397879684   -0.20781543703632   -1.37014517036282
H        -2.02225618896408   -2.20364596212361   -0.12877788018438
18
 energy: -31.138182134207 gnorm: 0.004312825611 xtb: 6.4.1 (1a32961)
C         0.94464836748163   -1.41036623177628    0.03442729143959
Cl        1.07933999522051   -3.13957742616223    0.13940495469608
C         2.07524976496459   -0.61526720361601    0.05970718494993
C         1.93683010964947    0.77134736762970   -0.02922288544881
N         0.78186203802125    1.40219635335108   -0.14439578593021
C        -0.29058296226279    0.62698038463956   -0.16931276062508
N        -1.57909221866443    1.03414079375689   -0.27940437830094
C        -2.40893636909730   -0.05889992198712   -0.25868893932414
C        -3.88221251300021    0.09248736398782   -0.38186554952306
C        -1.65822693049460   -1.19656248408795   -0.13758872217834
C        -0.29848997743453   -0.79924645720437   -0.08111925496050
H         3.05460074906796   -1.05544627137509    0.14778202930144
H         2.81129218580926    1.40561105464700   -0.00779060526440
H        -1.86802324389012    1.99539974628339   -0.35994187466401
H        -4.18601464244924    1.11020093503487   -0.13867330283046
H        -4.39055505759333   -0.60181187855296    0.28770077501606
H        -4.20044290967107   -0.13202387993296   -1.40398895628618
H        -2.02428638565702   -2.20295224463534   -0.09559922006693
18
 energy: -31.138221402978 gnorm: 0.005418861725 xtb: 6.4.1 (1a32961)
C         0.94476089205767   -1.40944366156930    0.04081623160069
Cl        1.07595552779210   -3.14029248650220    0.14992301903631
C         2.07599208186864   -0.61542162386406    0.05852811849279
C         1.93728777486333    0.77076873987857   -0.03543982466342
N         0.78228405719707    1.40160292675267   -0.14976316974966
C        -0.29047603336017    0.62643418049795   -0.16813075690420
N        -1.57870590555706    1.03377430095739   -0.28097418343538
C        -2.40891643156654   -0.05920738847142   -0.25368776823067
C        -3.88140642747669    0.09294107368044   -0.38626695969932
C        -1.65891048701028   -1.19633607302749   -0.12493764392758
C        -0.29905799543666   -0.79878963391766   -0.07129288750966
H         3.05535097749731   -1.05644949838203    0.14091809025904
H         2.81098114000904    1.40601590014628   -0.02265873092716
H        -1.87151981637975    1.99352492065476   -0.36382831833579
H        -4.19180702680152    1.09833805851982   -0.09882341967433
H        -4.39293077898956   -0.63488264324597    0.24557488815712
H        -4.18695191232691   -0.08407937956872   -1.42241600776040
H        -2.02496963638000   -2.20228771253903   -0.07611067672837
18
 energy: -31.138249942058 gnorm: 0.004184552788 xtb: 6.4.1 (1a32961)
C         0.94526541244515   -1.40830205425277    0.04495649921413
Cl        1.06951403046000   -3.14157787595066    0.15689449559592
C         2.07694556108177   -0.61588973976619    0.05681288003923
C         1.93768829414557    0.77021922270058   -0.03897056312095
N         0.78290274740767    1.40145635399628   -0.14966937576978
C        -0.29042312877287    0.62642915170805   -0.16306337856738
N        -1.57827400297464    1.03409851901596   -0.27868132629512
C        -2.40829324213977   -0.05936325341072   -0.25060730134698
C        -3.88034156653491    0.09304219321220   -0.39175419014181
C        -1.65883190147703   -1.19596534133274   -0.11738829526843
C        -0.29936999487309   -0.79733713875817   -0.06206965592317
H         3.05636929287931   -1.05807280047917    0.13149501300219
H         2.81024547276554    1.40666144734724   -0.03563386925806
H        -1.87902437261290    1.99131581882653   -0.35981758985981
H        -4.19600540891586    1.08599234496282   -0.08472029677642
H        -4.39019480278516   -0.64637001782228    0.21691786252092
H        -4.17703200570750   -0.05848731564247   -1.42738162323794
H        -2.02418038439129   -2.20163951435449   -0.06588928480652
18
 energy: -31.138299250802 gnorm: 0.005049924270 xtb: 6.4.1 (1a32961)
C         0.94475823642008   -1.40785266695650    0.05255809875721
Cl        1.06762723779036   -3.14099959050048    0.17076255551415
C         2.07690601604995   -0.61628409806434    0.05653203762318
C         1.93848403460741    0.76961463271407   -0.04710058213909
N         0.78384350578206    1.40095131230154   -0.15888618598730
C        -0.29025966331065    0.62664841869589   -0.16575285388485
N        -1.57795270544281    1.03407605904930   -0.28237626638447
C        -2.40838330442156   -0.05926523689410   -0.24738467577802
C        -3.88004394274488    0.09274275867219   -0.39151140250560
C        -1.65919295516545   -1.19537938563988   -0.10939553525359
C        -0.29962148802177   -0.79654644393869   -0.05610626542844
H         3.05625077282987   -1.05852741500899    0.13187632756379
H         2.81181793084773    1.40540066607202   -0.04680070246441
H        -1.88017946496117    1.99049258556828   -0.36829381309543
H        -4.20221806976194    1.07171544372514   -0.03740926722192
H        -4.39410718900434   -0.68305310854738    0.17565874910775
H        -4.16626409916910   -0.00661905933415   -1.44204382653483
H        -2.02450485232376   -2.20090487191392   -0.05289639188809
18
 energy: -31.138348929217 gnorm: 0.002344990286 xtb: 6.4.1 (1a32961)
C         0.94416600014530   -1.40841459272095    0.05192104123707
Cl        1.07030328465156   -3.13938176081358    0.17706633609623
C         2.07623104370305   -0.61651476752299    0.05721210692754
C         1.93859017259314    0.76923825005682   -0.04957386905304
N         0.78407075294843    1.40062097703226   -0.16281638852555
C        -0.29033096921131    0.62693615578492   -0.16919287995390
N        -1.57817128879639    1.03410783819237   -0.28443209187037
C        -2.40854809235277   -0.05918723788678   -0.24991333786085
C        -3.88032771304874    0.09269461731775   -0.38896043838690
C        -1.65907875950760   -1.19541054109128   -0.11383360115163
C        -0.29943746151198   -0.79680859294574   -0.06039975640588
H         3.05553632603721   -1.05781471409946    0.13963437403126
H         2.81302126914056    1.40390019536428   -0.04456242993190
H        -1.87805382535923    1.99127071546902   -0.37157088402208
H        -4.20348908419913    1.06605864144374   -0.02724068789333
H        -4.39275746518965   -0.68513557300883    0.17161812527948
H        -4.17015384662215    0.00107624791183   -1.43664584889408
H        -2.02461034342027   -2.20102585848339   -0.05687976962203
18
 energy: -31.138382448271 gnorm: 0.001400837321 xtb: 6.4.1 (1a32961)
C         0.94318315260161   -1.40922078363855    0.05304440710205
Cl        1.07324660979369   -3.13730653814370    0.18568681736111
C         2.07506265493081   -0.61644354402735    0.06065467642990
C         1.93835429730443    0.76901138025295   -0.05092872669556
N         0.78412251750435    1.40020426080743   -0.16832972236139
C        -0.29047680917903    0.62709616669692   -0.17479030009609
N        -1.57853541431619    1.03391527407599   -0.28814534654120
C        -2.40889821531910   -0.05921785516537   -0.25373611824127
C        -3.88106931652724    0.09258226026836   -0.38542281409961
C        -1.65910988007639   -1.19547847558353   -0.11960238939385
C        -0.29932021550936   -0.79724126318949   -0.06613753720342
H         3.05439681310562   -1.05653553200822    0.15023783598773
H         2.81433521457399    1.40178043397076   -0.04556394145427
H        -1.87446188065127    1.99219007591335   -0.37799022057191
H        -4.20424038127236    1.05862962614226   -0.00801469697500
H        -4.38971134061402   -0.69290999013722    0.16469635996094
H        -4.17495157538903    0.01627760757134   -1.43170898748150
H        -2.02496623096050   -2.20112310380593   -0.06251929572663
18
 energy: -31.138421490905 gnorm: 0.002475451128 xtb: 6.4.1 (1a32961)
C         0.94186588239083   -1.41049208706853    0.05648575627556
Cl        1.07625378732316   -3.13410014733455    0.20263183773625
C         2.07331583149786   -0.61592005715595    0.06723789043583
C         1.93788610016517    0.76873703035525   -0.05456825890845
N         0.78415530565662    1.39941750638061   -0.17978840957671
C        -0.29042291842211    0.62673125291444   -0.18596961999096
N        -1.57884437984825    1.03310980622788   -0.29636264407771
C        -2.40926171909718   -0.05963574963089   -0.26042320819171
C        -3.88249764336403    0.09238108675791   -0.37913806861419
C        -1.65909421150817   -1.19572126901116   -0.12749996951526
C        -0.29896193715674   -0.79811438761118   -0.07550689219032
H         3.05245052057111   -1.05403325532241    0.16973314559177
H         2.81565713114941    1.39908171702540   -0.04830658808365
H        -1.86741285568484    1.99313414973735   -0.39319634891811
H        -4.20556730694215    1.04349536025985    0.03619352406903
H        -4.38392601211694   -0.71462702012143    0.14597428729777
H        -4.18311657286490    0.05402081922704   -1.42588481306889
H        -2.02551900174883   -2.20125475562964   -0.07018162027024
18
 energy: -31.138445312966 gnorm: 0.002651577071 xtb: 6.4.1 (1a32961)
C         0.94185626975238   -1.41066775710199    0.05844986500871
Cl        1.07520629975902   -3.13336737215135    0.21082211374180
C         2.07304095470200   -0.61542739330427    0.07003556984975
C         1.93770804078099    0.76877412679954   -0.05583186542542
N         0.78419583984164    1.39906172289367   -0.18527338127804
C        -0.29009552104140    0.62597873477505   -0.19142621980339
N        -1.57858493631233    1.03242756984158   -0.30169478592758
C        -2.40909465482360   -0.06010168114208   -0.26289416631767
C        -3.88275241844541    0.09229640611955   -0.37669878615863
C        -1.65900274219695   -1.19592634997630   -0.12802220610223
C        -0.29868674697501   -0.79849161924251   -0.07800117300265
H         3.05184244212411   -1.05309406617917    0.17650554105065
H         2.81530180412209    1.39917173047992   -0.05039177182321
H        -1.86472756211246    1.99270176894640   -0.40276974084302
H        -4.20636578415595    1.03386622184355    0.06203790808580
H        -4.38183171074391   -0.72884478462202    0.13075330832250
H        -4.18541161552434    0.07910941800972   -1.42464257630971
H        -2.02563795875085   -2.20125667598931   -0.06952763306763
18
 energy: -31.138474890654 gnorm: 0.003505504515 xtb: 6.4.1 (1a32961)
C         0.94230861150687   -1.41031709303494    0.06204060794587
Cl        1.07203265671037   -3.13313453569462    0.22185554798105
C         2.07327229722923   -0.61477516693039    0.07223972209313
C         1.93759350193700    0.76883071443932   -0.05814859563136
N         0.78421546275952    1.39859621306327   -0.19166140291465
C        -0.28959230082169    0.62462136312869   -0.19747911077910
N        -1.57807360977613    1.03140581491648   -0.30860022532919
C        -2.40870337105669   -0.06093083839574   -0.26490283015704
C        -3.88258686750062    0.09227865059359   -0.37478921235198
C        -1.65889979014191   -1.19628993895030   -0.12558427790045
C        -0.29840575704121   -0.79884566139715   -0.07826896281615
H         3.05161002490924   -1.05243468086480    0.18080982160908
H         2.81406263226239    1.40049587123602   -0.05375499866424
H        -1.86291586464461    1.99139406329549   -0.41435022716465
H        -4.20761380935632    1.01966741488160    0.09586013511470
H        -4.38011672245517   -0.74806666646246    0.10602515614014
H        -4.18561405838734    0.11507016993469   -1.42437790029391
H        -2.02561303613292   -2.20135569375876   -0.06548324688122
18
 energy: -31.138500745052 gnorm: 0.003952536953 xtb: 6.4.1 (1a32961)
C         0.94296254531351   -1.40960261338061    0.06455141163196
Cl        1.06901609292740   -3.13368688368688    0.22678475417001
C         2.07392094092902   -0.61442557652110    0.07250602258535
C         1.93763930762570    0.76885585170469   -0.05970897301015
N         0.78423660869535    1.39825067609106   -0.19494100213353
C        -0.28926000226450    0.62353513592599   -0.19997898620968
N        -1.57759518433263    1.03062584822526   -0.31318560258343
C        -2.40836911465656   -0.06158635507074   -0.26475635809579
C        -3.88206540075920    0.09243410187830   -0.37496233919161
C        -1.65896053037060   -1.19647543688821   -0.12019721204378
C        -0.29835353307858   -0.79890869109743   -0.07555604455963
H         3.05202471095772   -1.05254027378833    0.17985896972628
H         2.81278593293561    1.40218059904862   -0.05662622435377
H        -1.86349891220850    1.98983038330110   -0.42144255634873
H        -4.20907177934413    1.00863904042424    0.11683792146699
H        -4.38017882981250   -0.76027279273082    0.08482629422741
H        -4.18264477231319    0.14064523608318   -1.42504827603678
H        -2.02562808024391   -2.20128824951833   -0.05753179924112
18
 energy: -31.138542047562 gnorm: 0.004178008934 xtb: 6.4.1 (1a32961)
C         0.94391832144616   -1.40817760622215    0.06839345395507
Cl        1.06548374750370   -3.13504077133512    0.22973454861692
C         2.07516630052117   -0.61429739470209    0.07143663707542
C         1.93791962424959    0.76871239200326   -0.06245459511533
N         0.78435761898789    1.39764003160397   -0.19877551527775
C        -0.28900069419326    0.62222589579961   -0.20126410899744
N        -1.57695441848018    1.02956277238428   -0.31922158784086
C        -2.40802215481395   -0.06245176138728   -0.26278958782449
C        -3.88106404472475    0.09292544686129   -0.37711461246378
C        -1.65930815456337   -1.19654040610789   -0.10919926440903
C        -0.29860779941588   -0.79869533232883   -0.06818628387100
H         3.05321194749177   -1.05339271109619    0.17467428567460
H         2.81115518589706    1.40464753370937   -0.06089598208011
H        -1.86684061848160    1.98708399553044   -0.42986168151285
H        -4.21257395423204    0.99143797639763    0.14295457510238
H        -4.38127228088955   -0.77501635965784    0.05064943171586
H        -4.17472634886387    0.17646736277188   -1.42663159202730
H        -2.02588227743889   -2.20088106422434   -0.04001812072028
18
 energy: -31.138575597714 gnorm: 0.003578405344 xtb: 6.4.1 (1a32961)
C         0.94399059133640   -1.40734235045619    0.07126818533271
Cl        1.06568973332003   -3.13549768318103    0.23196920178592
C         2.07566452309672   -0.61461494047851    0.07029424943887
C         1.93824870573329    0.76833933640085   -0.06543430948188
N         0.78458892121476    1.39702876916945   -0.20199992354729
C        -0.28915471593639    0.62199112431276   -0.20093910335728
N        -1.57681308566268    1.02899213532359   -0.32229490431982
C        -2.40811696272957   -0.06283832326769   -0.26081487401642
C        -3.88058456470052    0.09335852659478   -0.37942974060183
C        -1.65978468535973   -1.19633726578118   -0.10182350693306
C        -0.29908023051918   -0.79835129262228   -0.06212609698642
H         3.05395401971775   -1.05411130686908    0.17088707214447
H         2.81118928551328    1.40489587105532   -0.06531958365968
H        -1.87025868715742    1.98538779084887   -0.43356389339504
H        -4.21672864658161    0.97767357647131    0.16024133974568
H        -4.38181208393107   -0.78405745389305    0.02422158606653
H        -4.16765746809749    0.20198158586540   -1.42737038825423
H        -2.02637464925659   -2.20028809949333   -0.02633530996122
18
 energy: -31.138610998531 gnorm: 0.005542841252 xtb: 6.4.1 (1a32961)
C         0.94309309802851   -1.40649720524648    0.07852669010443
Cl        1.06849021152285   -3.13432661911199    0.24684391077692
C         2.07552180496167   -0.61514521342472    0.07000332164006
C         1.93879192245719    0.76736474755804   -0.07395822627646
N         0.78516239524251    1.39554645126858   -0.21259574001814
C        -0.28956760718141    0.62200807005945   -0.20313617980515
N        -1.57686569246870    1.02786871102770   -0.32852546447512
C        -2.40861723118488   -0.06348991280772   -0.25877385100527
C        -3.88033250406589    0.09388775550293   -0.38204586808679
C        -1.66072933103254   -1.19591953085967   -0.09183019660995
C        -0.29992987413511   -0.79789064185600   -0.05385286220087
H         3.05422554791312   -1.05434299186375    0.17039894568881
H         2.81278639039142    1.40286552288251   -0.07835539529507
H        -1.87417077408049    1.98298985520622   -0.44247272068878
H        -4.22621985168277    0.94457968344861    0.20898094611140
H        -4.38086121933037   -0.80998354754094   -0.03565244286249
H        -4.15628823538702    0.26580650852015   -1.42691003703796
H        -2.02752904996810   -2.19911164276291   -0.00521482995953
18
 energy: -31.138655619240 gnorm: 0.002615650582 xtb: 6.4.1 (1a32961)
C         0.94139239003787   -1.40656324258758    0.08210526739695
Cl        1.07479035407492   -3.13270236031106    0.25245189330531
C         2.07463377704626   -0.61601613289205    0.06832538408120
C         1.93931972395877    0.76646879459514   -0.07957236366128
N         0.78572365732988    1.39465839806775   -0.21612346094619
C        -0.29035288804675    0.62372528637867   -0.19875762372032
N        -1.57735464612127    1.02779630406214   -0.32621359744561
C        -2.40948679049558   -0.06316515629699   -0.25488004704565
C        -3.88049908555737    0.09409366705171   -0.38609984384622
C        -1.66165211024138   -1.19506832164246   -0.08612866981327
C        -0.30087288597658   -0.79711438634696   -0.04662202990194
H         3.05403414120252   -1.05446869711030    0.16666310876913
H         2.81618240025243    1.39828998774802   -0.09029964864426
H        -1.87837227508228    1.98235602762320   -0.43760133556540
H        -4.23430956667308    0.92551145767666    0.21932081038098
H        -4.38095307038553   -0.81415787226414   -0.06776138827382
H        -4.14675772687551    0.29033186317575   -1.42402514309886
H        -2.02850539844733   -2.19776561692749    0.00664868802926
18
 energy: -31.138679638771 gnorm: 0.004086649997 xtb: 6.4.1 (1a32961)
C         0.94063512665078   -1.40658620248234    0.08821245596567
Cl        1.07546894620111   -3.13072523187382    0.26923355848345
C         2.07411652793848   -0.61583028030727    0.06921355812390
C         1.93948128136733    0.76586091428636   -0.08645161486165
N         0.78597047586431    1.39374120695527   -0.22429631436408
C        -0.29038124332227    0.62367536112193   -0.20121776182626
N        -1.57729907380785    1.02699130208426   -0.32948595760505
C        -2.40971285416751   -0.06359814490287   -0.25433056849199
C        -3.88045081318229    0.09418878092020   -0.38690252043903
C        -1.66205889372569   -1.19490453172889   -0.08121362477826
C        -0.30105183002187   -0.79701399806851   -0.04326055075071
H         3.05353384487708   -1.05359349345222    0.16925530487021
H         2.81741599967906    1.39595325853665   -0.10318762016767
H        -1.87809205025720    1.98135511114189   -0.44313735032376
H        -4.24134167494592    0.89801147216936    0.25659440381100
H        -4.37896944968080   -0.83318699164927   -0.11295637735617
H        -4.14135715799999    0.33903149470617   -1.41942111551185
H        -2.02894716146677   -2.19716002745689    0.01478209522227
18
 energy: -31.138704534559 gnorm: 0.002430133539 xtb: 6.4.1 (1a32961)
C         0.94096508921490   -1.40715539257084    0.08859907631849
Cl        1.07237018932157   -3.12975984299255    0.27564118321996
C         2.07394158568958   -0.61510846732569    0.07043007263850
C         1.93910551849348    0.76604298229206   -0.08677368183161
N         0.78557749350612    1.39408267604405   -0.22464984704554
C        -0.29000222346115    0.62313093361793   -0.20352719413707
N        -1.57722778568313    1.02704709630407   -0.32895574955719
C        -2.40940605716812   -0.06369519475119   -0.25656229842106
C        -3.88057298449865    0.09383523038086   -0.38485386903688
C        -1.66153581360277   -1.19530003354822   -0.08529703569060
C        -0.30040537189813   -0.79742140578354   -0.04776828102465
H         3.05293827869094   -1.05263934841136    0.17351281530612
H         2.81656096949404    1.39624434442782   -0.10362734341227
H        -1.87388326571766    1.98238263504341   -0.44353054468255
H        -4.23979918772438    0.89715628890158    0.25849491501749
H        -4.37703956085281   -0.83293747122593   -0.10940353014554
H        -4.14636180760380    0.33818471412393   -1.41504886325328
H        -2.02826506620005   -2.19787974452641    0.00475017573771
18
 energy: -31.138729415613 gnorm: 0.002584518888 xtb: 6.4.1 (1a32961)
C         0.94094542659360   -1.40752582475552    0.09287387925287
Cl        1.06821410663734   -3.12702766801059    0.29553475784208
C         2.07356307789712   -0.61428961616796    0.07201350496931
C         1.93889851859257    0.76566717574810   -0.09204488201586
N         0.78532509607820    1.39397458186465   -0.23045168734931
C        -0.28964952310345    0.62236205020455   -0.20786977610124
N        -1.57723805694266    1.02689533539386   -0.33064957976349
C        -2.40922099856590   -0.06389273846767   -0.25907353283905
C        -3.88076992311803    0.09309203806757   -0.38286209094096
C        -1.66120904832866   -1.19545201045067   -0.08744649486884
C        -0.29989343095406   -0.79765092000608   -0.05102198499435
H         3.05211319081292   -1.05144128183538    0.18000204607175
H         2.81625099388489    1.39550933671093   -0.11230100494256
H        -1.86862588420427    1.98337377171306   -0.44788076257536
H        -4.24216713357463    0.87476464316578    0.28576647423985
H        -4.37381721839007   -0.84396799042109   -0.13701528154611
H        -4.14789450274385    0.37022114405320   -1.40454737313549
H        -2.02786469057107   -2.19840202680676   -0.00159621130323
18
 energy: -31.138749020226 gnorm: 0.002647678428 xtb: 6.4.1 (1a32961)
C         0.94087620291440   -1.40723549432030    0.09679815455699
Cl        1.06566786266240   -3.12477171956173    0.31174412496442
C         2.07346585959040   -0.61402645186727    0.07302449100208
C         1.93898433700721    0.76507557888465   -0.09677818697593
N         0.78537379138482    1.39357861741413   -0.23610572180140
C        -0.28952338900898    0.62164925132464   -0.21130101932528
N        -1.57728905916742    1.02669409483567   -0.33361187966413
C        -2.40915130217977   -0.06408072457195   -0.26099711885021
C        -3.88093789147951    0.09259343505184   -0.38206669566861
C        -1.66114419143713   -1.19540376223136   -0.08780654103066
C        -0.29982103630431   -0.79765598947849   -0.05168988742731
H         3.05182683419267   -1.05108423040377    0.18406525704916
H         2.81619517862703    1.39516024181713   -0.11984689676750
H        -1.86598610326389    1.98367585309320   -0.45312257017816
H        -4.24495221307547    0.85003775814409    0.31277617914620
H        -4.37175230206508   -0.85318099306108   -0.16812073911248
H        -4.14700646163051    0.40372044576169   -1.39403430660781
H        -2.02786611676688   -2.19853591083109   -0.00149664330933
18
 energy: -31.138769182787 gnorm: 0.001661908884 xtb: 6.4.1 (1a32961)
C         0.94097404149287   -1.40640554431733    0.09922309068154
Cl        1.06446944158814   -3.12359064967916    0.31990287509738
C         2.07372776710452   -0.61418708996716    0.07387638138251
C         1.93923390372765    0.76453661466484   -0.09911239673873
N         0.78565393171501    1.39305353143077   -0.24008386011630
C        -0.28947240869493    0.62085900952395   -0.21410741128277
N        -1.57723093786475    1.02646382998341   -0.33776031132471
C        -2.40905837469345   -0.06425557667237   -0.26289424392898
C        -3.88110785753720    0.09247221164910   -0.38150418737370
C        -1.66120351820822   -1.19530921257519   -0.08758759645000
C        -0.30001744761510   -0.79761318947370   -0.05116378606951
H         3.05204496376565   -1.05139147962660    0.18635139289325
H         2.81586810961772    1.39584186485177   -0.12269957859855
H        -1.86533695279580    1.98337606495630   -0.45963011012689
H        -4.24610527687617    0.82943328600545    0.33164485080537
H        -4.37098802443137   -0.85709904169976   -0.19188232038460
H        -4.14638241009796    0.42841945005871   -1.38345599566192
H        -2.02810895019662   -2.19839407911304    0.00231320719661
18
 energy: -31.138343740061 gnorm: 0.018588694743 xtb: 6.4.1 (1a32961)
C         0.94047439342573   -1.40313889406143    0.11706792609430
Cl        1.06362033333078   -3.11812733886663    0.36566870283309
C         2.07426404235729   -0.61458592983150    0.07898434880406
C         1.94032124247604    0.76195061837492   -0.11555326135724
N         0.78713919220896    1.38914174851459   -0.26647984177113
C        -0.28922044884296    0.61760766950084   -0.22832169520794
N        -1.57643291161412    1.02328327388943   -0.36138724944189
C        -2.40884435434390   -0.06630592776637   -0.26984408150141
C        -3.88134688846082    0.09342523684288   -0.38158125603510
C        -1.66211499530835   -1.19504919852878   -0.07618095351990
C        -0.30105326901411   -0.79751921421026   -0.04156493688374
H         3.05254529021809   -1.05100006357194    0.19738925573003
H         2.81594280769166    1.39548177602370   -0.14812193267072
H        -1.86544193987674    1.97844114901274   -0.49609423734220
H        -4.26100340451125    0.71124801658776    0.45310996228899
H        -4.36401237848841   -0.89445269135150   -0.34692006917614
H        -4.13830024028449    0.59217729428235   -1.33423573520587
H        -2.02957647096342   -2.19636752484079    0.03549505436282
18
 energy: -31.138800535212 gnorm: 0.003342630196 xtb: 6.4.1 (1a32961)
C         0.94071808557735   -1.40460623018433    0.10751643642752
Cl        1.06588869249215   -3.12187921287274    0.33756702520816
C         2.07409381619097   -0.61450214019934    0.07708705542769
C         1.93981845594942    0.76343289011805   -0.10563398888963
N         0.78660883314313    1.39072587721711   -0.25332491670125
C        -0.28927610582518    0.61918691224681   -0.22189509227795
N        -1.57652224477478    1.02436125648397   -0.35197262129706
C        -2.40888498330291   -0.06551346494599   -0.26711665901103
C        -3.88117537751846    0.09359424758180   -0.38151452797933
C        -1.66179504956362   -1.19521627353812   -0.08080784241961
C        -0.30064225331445   -0.79765053688896   -0.04560705436236
H         3.05243983971212   -1.05106143062993    0.19217315974048
H         2.81584615920798    1.39595066474464   -0.13223128673535
H        -1.86690820565750    1.97970343426623   -0.48134425022225
H        -4.25306933597596    0.76932716201576    0.39118697819384
H        -4.36730411052494   -0.87281456710144   -0.26874068451446
H        -4.14384920787740    0.51004090120879   -1.35629103968003
H        -2.02902700793792   -2.19686948952231    0.02237930909262
18
 energy: -31.138814580639 gnorm: 0.001195023780 xtb: 6.4.1 (1a32961)
C         0.94061720797873   -1.40478542892068    0.10716808827462
Cl        1.06617363660133   -3.12237047105349    0.33602577340006
C         2.07393576942645   -0.61423447098036    0.07791370161353
C         1.93977743025295    0.76369934291430   -0.10491572845440
N         0.78670751626007    1.39064016853457   -0.25405648825205
C        -0.28908919571651    0.61931429900347   -0.22318571569131
N        -1.57625368305996    1.02410071256165   -0.35341280392099
C        -2.40883229007361   -0.06551622070500   -0.26786968809405
C        -3.88117527812824    0.09373418868444   -0.38063608199773
C        -1.66182390664908   -1.19509426464330   -0.08062159089450
C        -0.30053426872250   -0.79763437877755   -0.04644710167166
H         3.05215554356732   -1.05052023523723    0.19412856442402
H         2.81597075893227    1.39570916772963   -0.13051839925250
H        -1.86678203383840    1.97915356859960   -0.48440554716620
H        -4.25235370860013    0.76677680541211    0.39198226141431
H        -4.36696427311162   -0.87151189806635   -0.26953611720877
H        -4.14552073953332    0.51127269826561   -1.35234259737682
H        -2.02904848558575   -2.19652358332143    0.02215947085445
18
 energy: -31.138818315250 gnorm: 0.000760560879 xtb: 6.4.1 (1a32961)
C         0.94037210649643   -1.40491268585680    0.10774965548947
Cl        1.06631151224212   -3.12272933843294    0.33564893372451
C         2.07361874798053   -0.61378520588433    0.07956206248153
C         1.93975738691897    0.76399144181350   -0.10450764702870
N         0.78687493297842    1.39049048837138   -0.25611659563984
C        -0.28884989726873    0.61954364466571   -0.22557955522995
N        -1.57593538627746    1.02369972895904   -0.35615736573069
C        -2.40873803988435   -0.06559095352268   -0.26937920470501
C        -3.88115797481459    0.09373669937341   -0.37950168487696
C        -1.66175020956618   -1.19491821840684   -0.08064372747580
C        -0.30035124221786   -0.79753419166114   -0.04743962482088
H         3.05165686610620   -1.04976053288055    0.19750278144778
H         2.81646604479099    1.39501147377580   -0.12933529363070
H        -1.86684739585623    1.97822610010672   -0.48978849292752
H        -4.25189003257990    0.75958896674447    0.39806437044775
H        -4.36597051059195   -0.87113201163721   -0.27507691928430
H        -4.14765399570588    0.51845991752624   -1.34601527185190
H        -2.02895291275054   -2.19617532305379    0.02244357961124
18
 energy: -31.138820696438 gnorm: 0.000476261716 xtb: 6.4.1 (1a32961)
C         0.94027064830757   -1.40480884019347    0.10826271440820
Cl        1.06603904131702   -3.12255607798395    0.33731147857519
C         2.07353179170635   -0.61364968716580    0.08010342008294
C         1.93982847713991    0.76395887227853   -0.10510497207303
N         0.78702847383780    1.39037041729295   -0.25771256075716
C        -0.28876131535538    0.61959772340814   -0.22667732012359
N        -1.57583581073304    1.02359726139173   -0.35749777780619
C        -2.40871062068184   -0.06557443431257   -0.26966782471749
C        -3.88115878944114    0.09376976269730   -0.37884577426979
C        -1.66171954627258   -1.19478317574549   -0.08022673295520
C        -0.30030849942443   -0.79742954594201   -0.04751866393842
H         3.05149097923297   -1.04958062553178    0.19898128410047
H         2.81675732451846    1.39466361552962   -0.12996939550930
H        -1.86705113455473    1.97782298488020   -0.49259617787197
H        -4.25217800455416    0.75357375773473    0.40371234171462
H        -4.36593679825429   -0.87284647320530   -0.28247160602178
H        -4.14742816714607    0.52609179803925   -1.34222523668810
H        -2.02889804964243   -2.19600733317209    0.02357280385061
18
 energy: -31.138820014992 gnorm: 0.001901243593 xtb: 6.4.1 (1a32961)
C         0.94004455103688   -1.40431641148910    0.11122890084419
Cl        1.06509851169101   -3.12158799184342    0.34568313868142
C         2.07332979857879   -0.61317335197718    0.08282899264486
C         1.94001943785420    0.76374360338387   -0.10734348014461
N         0.78749343172848    1.38973420540026   -0.26407127647821
C        -0.28846384977115    0.61933625684175   -0.23170571670125
N        -1.57552331971744    1.02286036908400   -0.36386515764147
C        -2.40846473890362   -0.06603549313086   -0.27288793156460
C        -3.88118411288364    0.09379313477345   -0.37724165945759
C        -1.66146902136529   -1.19469601601101   -0.08003374477236
C        -0.30012353907308   -0.79730317459376   -0.04821503042487
H         3.05100962987572   -1.04883240705872    0.20541276404333
H         2.81744634093028    1.39381818793203   -0.13261038129589
H        -1.86766251243682    1.97600698424687   -0.50449770511425
H        -4.25324847429142    0.72673790354532    0.42994997723369
H        -4.36377251207187   -0.87754279368728   -0.31202598344176
H        -4.14902509592495    0.55937341017815   -1.32660791186230
H        -2.02854452525611   -2.19570641559438    0.02743220545167
18
 energy: -31.138823926951 gnorm: 0.000334676727 xtb: 6.4.1 (1a32961)
C         0.94015252488271   -1.40447473181083    0.11009135197058
Cl        1.06546253504941   -3.12192463502666    0.34223872795577
C         2.07348322933314   -0.61347405944449    0.08145522808422
C         1.93997522796326    0.76376613591409   -0.10655403599590
N         0.78733201483718    1.38998945028046   -0.26118181120758
C        -0.28859442203270    0.61940050197797   -0.22928774687519
N        -1.57565915843678    1.02326661232957   -0.36074299345261
C        -2.40857705482322   -0.06577186764479   -0.27122103520469
C        -3.88117727813290    0.09383386576263   -0.37799117124542
C        -1.66162789546755   -1.19471803306341   -0.08003204093206
C        -0.30026466049567   -0.79734850025185   -0.04764442103327
H         3.05128795770497   -1.04927636020084    0.20215747077729
H         2.81705830759931    1.39433031427665   -0.13181401483328
H        -1.86741891909578    1.97688507680093   -0.49884378089493
H        -4.25290394412102    0.73799826524500    0.41790517640321
H        -4.36501251696376   -0.87525589758347   -0.29985396661527
H        -4.14780114298870    0.54478053777156   -1.33303998910556
H        -2.02875480481194   -2.19579667533253    0.02578905220470
18
 energy: -31.138824247153 gnorm: 0.000099772019 xtb: 6.4.1 (1a32961)
C         0.94019856813908   -1.40447647929182    0.11026791952133
Cl        1.06547485376043   -3.12172206977348    0.34339207224587
C         2.07355093454155   -0.61356590779168    0.08112457133942
C         1.93999214163314    0.76366627891600   -0.10698458838933
N         0.78730639433423    1.38996280443681   -0.26110153863038
C        -0.28861342885450    0.61934064194866   -0.22896036794108
N        -1.57568815285143    1.02331785023234   -0.36016284226482
C        -2.40857817875429   -0.06578501960027   -0.27099647568577
C        -3.88115924223491    0.09384928634966   -0.37837530745451
C        -1.66165132770593   -1.19475098197884   -0.07980811521192
C        -0.30027944092846   -0.79736838077667   -0.04739784510474
H         3.05139188493479   -1.04937282313605    0.20158135954555
H         2.81697665752710    1.39434029301230   -0.13273646243600
H        -1.86732008769124    1.97703739915009   -0.49797253202927
H        -4.25361595304368    0.73698664157321    0.41795249915871
H        -4.36467105754787   -0.87502831804445   -0.30133502872752
H        -4.14756486689674    0.54560045993568   -1.33302933275664
H        -2.02878969836131   -2.19582167516150    0.02597201482112
