10
 energy: -18.348539277195 gnorm: 0.045099112406 xtb: 6.4.1 (1a32961)
C         0.22705000000000    0.99734000000000   -0.00912000000000
S         1.84964000000000    0.44796000000000    0.00100000000000
C         1.35338000000000   -1.19032000000000    0.00346000000000
C        -0.01926000000000   -1.31517000000000   -0.00480000000000
C        -0.67302000000000   -0.04658000000000   -0.00921000000000
C        -2.09219000000000    0.14554000000000   -0.01259000000000
N        -3.24240000000000    0.29811000000000   -0.01356000000000
H         0.01938000000000    2.05979000000000   -0.01310000000000
H         2.09171000000000   -1.98107000000000    0.01059000000000
H        -0.52680000000000   -2.27306000000000   -0.00557000000000
10
 energy: -18.350251722314 gnorm: 0.018463642333 xtb: 6.4.1 (1a32961)
C         0.22342294922324    0.99852949096734   -0.00814089218157
S         1.84295841995818    0.45065947641154    0.00086399005069
C         1.33548268147801   -1.18827358770674    0.00259813156129
C        -0.01942847724164   -1.31183530207574   -0.00277115852384
C        -0.66772863714231   -0.04585178459810   -0.00975646415493
C        -2.06847620169658    0.13670573998301   -0.01523223604723
N        -3.20378756654076    0.28474482064101   -0.01341033444385
H         0.01085025340024    2.05154417482805   -0.01210216331511
H         2.06585402324725   -1.97497524537639    0.00859675013551
H        -0.53165744468565   -2.25870778307399   -0.00354562308096
10
 energy: -18.350379628649 gnorm: 0.005346883483 xtb: 6.4.1 (1a32961)
C         0.22573968668579    1.00030747923148   -0.00840687640879
S         1.84400494267796    0.45139213266995   -0.00121986193691
C         1.33002075942168   -1.18931669815202    0.00107827930025
C        -0.01902829628203   -1.30996313846401   -0.00298184363197
C        -0.66481100006988   -0.04241379914934   -0.00742327117239
C        -2.05870629437474    0.13777461448140   -0.00420953133773
N        -3.19915692309374    0.26930583828146   -0.02407024452268
H         0.01025083846172    2.04989367909809   -0.01106101285101
H         2.05842054834618   -1.97450220069504    0.00703643349500
H        -0.53924426177295   -2.24993790730198   -0.00164207093375
10
 energy: -18.350294994224 gnorm: 0.010339306879 xtb: 6.4.1 (1a32961)
C         0.22492975153600    1.00014399834662   -0.00632106113795
S         1.84378455497965    0.45399848752467    0.00164443384908
C         1.32886939008253   -1.19052517709273    0.00426155732666
C        -0.01640376023062   -1.31142845607288   -0.00176601236695
C        -0.66399796518901   -0.04329419291154   -0.00940104450575
C        -2.05489582146584    0.12401044802492   -0.03025997070529
N        -3.19404773496117    0.28097266025509   -0.00266911118273
H         0.00431367135967    2.04727227752277   -0.01270157801585
H         2.05894916285866   -1.97259439317038    0.00815882979320
H        -0.54401124896987   -2.24601565242654   -0.00384604305442
10
 energy: -18.350429852342 gnorm: 0.001603390308 xtb: 6.4.1 (1a32961)
C         0.22695481260991    1.00104258719510   -0.00735044869056
S         1.84538725030463    0.45251936223639   -0.00067057262898
C         1.33039885026391   -1.19110748408456    0.00182411900879
C        -0.01809021872010   -1.31046637926561   -0.00189483857806
C        -0.66478707311498   -0.04100899093908   -0.00749501543566
C        -2.05821552122093    0.13270935141055   -0.01295315065316
N        -3.19816184441654    0.26972976996991   -0.01816053602478
H         0.00856534458752    2.05011201749678   -0.01117529840270
H         2.06104057646157   -1.97450154278015    0.00642916470228
H        -0.54560217675500   -2.24648869123932   -0.00145342329715
10
 energy: -18.350435847765 gnorm: 0.000811111182 xtb: 6.4.1 (1a32961)
C         0.22853909398020    1.00174086391484   -0.00741279087699
S         1.84659015076971    0.45239240999014   -0.00101920882336
C         1.33046306595488   -1.19226705760302    0.00159023082989
C        -0.01810840257891   -1.30999408389932   -0.00198144249539
C        -0.66445739052301   -0.03924222429268   -0.00732229339369
C        -2.05860356602887    0.13250201255172   -0.01206601575403
N        -3.19929968378802    0.26520048061645   -0.01931405690141
H         0.00961474385556    2.05111538557454   -0.01071502655864
H         2.06231288156293   -1.97484655266467    0.00620591178193
H        -0.54956089320447   -2.24406123418798   -0.00086530780831
10
 energy: -18.350436913806 gnorm: 0.000415965098 xtb: 6.4.1 (1a32961)
C         0.22930350821616    1.00215008915615   -0.00737433606040
S         1.84697559325219    0.45222133238388   -0.00088264672733
C         1.33000956609937   -1.19278443377071    0.00172205781462
C        -0.01834204335985   -1.30952883107845   -0.00190212385150
C        -0.66412606589399   -0.03821496787901   -0.00735565706448
C        -2.05856371250517    0.13179799166017   -0.01280323688547
N        -3.19925496787813    0.26255658647388   -0.01868670100278
H         0.01055314553298    2.05163229907663   -0.01081949191147
H         2.06246428524378   -1.97472668960093    0.00618652366847
H        -0.55152930870734   -2.24256337642160   -0.00098438797966
10
 energy: -18.350437232110 gnorm: 0.000237721559 xtb: 6.4.1 (1a32961)
C         0.22962724066506    1.00238959576830   -0.00742930128695
S         1.84711934091762    0.45200000361169   -0.00081975732784
C         1.32979126621155   -1.19284432813027    0.00172440488486
C        -0.01864790992858   -1.30919417549676   -0.00199172269319
C        -0.66400447160668   -0.03772828567424   -0.00749015590208
C        -2.05862029853835    0.13187451254563   -0.01273497102446
N        -3.19959168706189    0.26096240486884   -0.01855456332627
H         0.01144527966404    2.05200676168406   -0.01085460620308
H         2.06228441860611   -1.97474691325523    0.00633502866414
H        -0.55191317892889   -2.24217957592203   -0.00108435578513
