22
 energy: -31.889259973684 gnorm: 0.044798146776 xtb: 6.4.1 (1a32961)
C         0.79470000000000    0.26945000000000    1.17484000000000
S        -0.59369000000000   -0.69109000000000    0.89151000000000
C        -0.40180000000000   -0.56067000000000   -0.79965000000000
C         0.69411000000000    0.20275000000000   -1.13706000000000
C         1.40179000000000    0.70033000000000    0.00857000000000
C         2.60841000000000    1.53148000000000    0.01212000000000
C         2.85743000000000    2.45002000000000    1.04149000000000
C         4.01126000000000    3.24155000000000    1.03144000000000
C         4.93479000000000    3.13590000000000   -0.01193000000000
C         6.16901000000000    3.98677000000000   -0.03842000000000
C         4.68891000000000    2.22468000000000   -1.04373000000000
C         3.53774000000000    1.42970000000000   -1.03040000000000
H         1.09298000000000    0.45976000000000    2.19641000000000
H        -1.10014000000000   -1.04714000000000   -1.46634000000000
H         0.96937000000000    0.40192000000000   -2.16551000000000
H         2.15504000000000    2.57659000000000    1.86098000000000
H         4.17684000000000    3.94387000000000    1.84565000000000
H         6.23021000000000    4.63169000000000    0.84431000000000
H         6.16385000000000    4.62918000000000   -0.92470000000000
H         7.06281000000000    3.35507000000000   -0.05482000000000
H         5.39441000000000    2.12607000000000   -1.86669000000000
H         3.38777000000000    0.72410000000000   -1.84369000000000
22
 energy: -31.891642261345 gnorm: 0.015725869548 xtb: 6.4.1 (1a32961)
C         0.79645672366114    0.27560733317599    1.17669188808926
S        -0.58459234321848   -0.69603652700792    0.89145942250784
C        -0.37857162249647   -0.54624828215110   -0.80133679765989
C         0.70858342208982    0.20636816394955   -1.12314585077580
C         1.40282095456075    0.69848492043822    0.02055537099669
C         2.60411946600285    1.53568816039120    0.00652286978317
C         2.85711967174670    2.44718688215571    1.03114565540144
C         4.00163157589042    3.22984269312280    1.02055558328972
C         4.92584903891118    3.13042633459919   -0.01272647583368
C         6.16122570776656    3.98072833320836   -0.03798508864336
C         4.67578852377845    2.22198592745278   -1.03666157732441
C         3.53335718404263    1.43706030415401   -1.02914714106364
H         1.09666563714169    0.46186078275961    2.19021066010402
H        -1.07179382454819   -1.02209429058664   -1.46966272168372
H         0.98629719118717    0.41801082749770   -2.14167781459856
H         2.15283105825143    2.56671866278979    1.84298522109842
H         4.16849048406550    3.92985470428658    1.82858784745022
H         6.21710116472296    4.62086552353845    0.84206507000530
H         6.16689478875607    4.61557863724009   -0.92432768944577
H         7.05418291565275    3.35593405644910   -0.06540629510170
H         5.38111002248243    2.12446332145537   -1.85162672757928
H         3.38023225955262    0.72969353108116   -1.83269540901627
22
 energy: -31.891941666215 gnorm: 0.004850075625 xtb: 6.4.1 (1a32961)
C         0.79692486980075    0.27485702119890    1.18220345247841
S        -0.58390278200677   -0.69826750678264    0.88805955936383
C        -0.36423521238542   -0.53966752605023   -0.80782207556383
C         0.71787154169200    0.21400046790449   -1.11633332651891
C         1.40405022621827    0.69781766972495    0.03287324606707
C         2.60378044937184    1.53526544777106    0.00897631475070
C         2.85720057246803    2.44808084875313    1.02986472266351
C         3.99658071498501    3.22955006703261    1.01540488419460
C         4.92108597750573    3.12988895571243   -0.01544537179615
C         6.15772162107112    3.97683603733984   -0.03995338805389
C         4.66760482319816    2.22032154444131   -1.03627233274212
C         3.53044987824592    1.43696727561262   -1.02762932617030
H         1.09651648729083    0.45734929315534    2.19412783699929
H        -1.05371272757038   -1.01261693221518   -1.47825770999625
H         1.00493702492797    0.43558632088205   -2.12830203555599
H         2.14893424235813    2.56268669871363    1.83674265375145
H         4.16667570496958    3.92977239868682    1.82047370315017
H         6.21000279469155    4.61361231229491    0.83964211123730
H         6.16592734092229    4.60797708702821   -0.92761004197153
H         7.04792306754049    3.35030972683249   -0.07110385192919
H         5.37383811738257    2.12240092138138   -1.84808375137249
H         3.36962526732234    0.72925187058188   -1.82717527298567
22
 energy: -31.891997976383 gnorm: 0.002333590940 xtb: 6.4.1 (1a32961)
C         0.79562171955203    0.27112660568250    1.18598644819514
S        -0.58455160984783   -0.70354523527252    0.88355653151881
C        -0.35963646994645   -0.53687664622605   -0.81407056558239
C         0.72318248917715    0.21767097742538   -1.11438736116912
C         1.40467944041605    0.69767631283564    0.04024158961674
C         2.60348455058702    1.53542339041206    0.01319164410400
C         2.85707349670829    2.45063469562971    1.03234366896066
C         3.99582233829978    3.23222331266478    1.01492446911452
C         4.91971829533008    3.12998100570271   -0.01671051435204
C         6.15688215879624    3.97529319279757   -0.04307118665535
C         4.66451034807652    2.21879788951068   -1.03637773769163
C         3.52810242996760    1.43560957413526   -1.02556785955206
H         1.09302350983562    0.45041486755335    2.19924725595194
H        -1.04833564369586   -1.00830575750691   -1.48612982599155
H         1.01703071462360    0.44704153104930   -2.12272726634856
H         2.14701931557207    2.56281666935721    1.83796631986058
H         4.16735213666105    3.93565360773445    1.81714042912928
H         6.20979490268489    4.61179597569302    0.83604246113682
H         6.16513247284298    4.60527578868071   -0.93160009505166
H         7.04558425685399    3.34668064688929   -0.07476133639372
H         5.37048386676337    2.12129139116738   -1.84870043036635
H         3.36382528074182    0.72530020408450   -1.82215663843405
22
 energy: -31.892026444732 gnorm: 0.001287727895 xtb: 6.4.1 (1a32961)
C         0.79342296368857    0.26468878881739    1.18942067729660
S        -0.58662394621797   -0.70999028533923    0.87660081836532
C        -0.35558930274294   -0.53465688822998   -0.82209605655042
C         0.72737105504031    0.22301624767374   -1.11312619704710
C         1.40544143469118    0.69718225720812    0.04780640210924
C         2.60365326739227    1.53507945231017    0.02012373018979
C         2.85734375680339    2.45376221584682    1.03698362289332
C         3.99557917065377    3.23667543848743    1.01514656633859
C         4.91801757346849    3.13085079434019   -0.01819032929182
C         6.15620716019452    3.97420004840308   -0.04809151256275
C         4.66187202217746    2.21685615033359   -1.03576918284596
C         3.52613879163522    1.43260784426057   -1.02090408321069
H         1.08681833103737    0.43930045415798    2.20517743207447
H        -1.04337645427971   -1.00472511705831   -1.49629261408191
H         1.02826055000698    0.46179501979812   -2.11742005798790
H         2.14618293577163    2.56483104210797    1.84210878054159
H         4.16888162292850    3.94396655322837    1.81412425681763
H         6.21205861409044    4.61196655760242    0.82996522391234
H         6.16408554259381    4.60297176900365   -0.93771011820800
H         7.04355339915501    3.34329500076499   -0.07989402060809
H         5.36725751065908    2.11912833319751   -1.84916716366094
H         3.35924400125261    0.71917832308542   -1.81441617448326
22
 energy: -31.892034114692 gnorm: 0.001007720791 xtb: 6.4.1 (1a32961)
C         0.79227378124273    0.26040255748194    1.18976579514961
S        -0.58705374492112   -0.71421963438886    0.87214809909441
C        -0.35501552999960   -0.53264876262953   -0.82600882112374
C         0.72812960235363    0.22604677478863   -1.11314813827642
C         1.40547347625933    0.69700410823511    0.05018683091107
C         2.60383777260444    1.53489392068177    0.02436119724204
C         2.85761580067207    2.45523636262685    1.03983097035458
C         3.99588180676365    3.23879111079172    1.01583541948946
C         4.91738051664167    3.13121390679639   -0.01829840356178
C         6.15556904706770    3.97467395417423   -0.05161211854805
C         4.66176324123844    2.21509406650356   -1.03399879665258
C         3.52616339894272    1.43012577364643   -1.01665774685387
H         1.08326383984596    0.43136528049749    2.20702441262772
H        -1.04263062215787   -1.00137995609862   -1.50150213126384
H         1.03084932294596    0.46932858516335   -2.11569684396110
H         2.14719230919613    2.56701622229421    1.84571564708222
H         4.16945821430082    3.94807812088262    1.81306517602092
H         6.21391500310428    4.61431036821989    0.82533322947972
H         6.16231325922055    4.60233091563944   -0.94214267923633
H         7.04278257274948    3.34337245371727   -0.08352149138395
H         5.36664483446340    2.11635932782604   -1.84785569192285
H         3.35999209746563    0.71458454315011   -1.80844391466721
22
 energy: -31.892039466905 gnorm: 0.000625005221 xtb: 6.4.1 (1a32961)
C         0.79214913270235    0.25668832956299    1.18926890745868
S        -0.58703342566138   -0.71665179783917    0.86882773764507
C        -0.35485757836785   -0.53070474121866   -0.82817069184587
C         0.72759937689235    0.22946693712175   -1.11334379673737
C         1.40536569068025    0.69673203375597    0.05105813930638
C         2.60416413227664    1.53438990080716    0.02738980297050
C         2.85786510079248    2.45573934075633    1.04158664592874
C         3.99594717258598    3.23981146427267    1.01619461623726
C         4.91711950957233    3.13132151017040   -0.01793738061445
C         6.15464892752392    3.97586446480157   -0.05446266378152
C         4.66263287144418    2.21279451126387   -1.03145276777407
C         3.52715561218652    1.42756307174713   -1.01261241265368
H         1.08190406043430    0.42433816246884    2.20734636834880
H        -1.04234907035735   -0.99758940808748   -1.50506003112286
H         1.02977207106371    0.47605295867619   -2.11513284586923
H         2.14836906057817    2.56919809754078    1.84810423637633
H         4.16929860053349    3.94991176419995    1.81257041534361
H         6.21434588259568    4.61739486157949    0.82117089525815
H         6.15943323875994    4.60191238115778   -0.94610691330591
H         7.04232554668397    3.34525295435912   -0.08680750660796
H         5.36749697670531    2.11206081556621   -1.84488896145709
H         3.36244711037498    0.71043238733712   -1.80316179310348
22
 energy: -31.892042728009 gnorm: 0.000439426375 xtb: 6.4.1 (1a32961)
C         0.79230662190283    0.25301257362088    1.18938252037844
S        -0.58608340092107   -0.72029903769886    0.86572475048113
C        -0.35507650432095   -0.52749914990366   -0.83034157229753
C         0.72747540754141    0.23345072742489   -1.11324434428204
C         1.40515126777814    0.69668308067674    0.05253529453317
C         2.60453998374163    1.53366165138679    0.03011155500397
C         2.85795642691506    2.45627762533756    1.04291349302734
C         3.99589834921506    3.24062168304359    1.01627839373036
C         4.91718854629179    3.13094767653627   -0.01751656675493
C         6.15348424685500    3.97717417767611   -0.05710963448587
C         4.66370297506024    2.20965422522923   -1.02878195431285
C         3.52839850505222    1.42442006586809   -1.00880772802333
H         1.08207362973135    0.41698414738953    2.20800879941670
H        -1.04227564903072   -0.99203055923063   -1.50910934684905
H         1.02930817146355    0.48359221582712   -2.11428398509781
H         2.14874134472404    2.57105947954313    1.84950745282777
H         4.16860715386931    3.95227277142118    1.81138317389370
H         6.21350378780870    4.62032077588536    0.81718555122267
H         6.15572600887507    4.60146666221881   -0.94997710703401
H         7.04194812910721    3.34779995973985   -0.09003432957002
H         5.36892608710283    2.10684528679523   -1.84153310131492
H         3.36429891123725    0.70556396121285   -1.79791131449286
22
 energy: -31.892044633500 gnorm: 0.000259937354 xtb: 6.4.1 (1a32961)
C         0.79326196090602    0.24947935813126    1.18965572900130
S        -0.58631743334774   -0.72149595785115    0.86371306386114
C        -0.35525653418547   -0.52526410281953   -0.83175756100752
C         0.72702738063876    0.23685757535044   -1.11306959504822
C         1.40543927709632    0.69610590551370    0.05368569231723
C         2.60517283762145    1.53261490770633    0.03187092844264
C         2.85802247667350    2.45644744130965    1.04361954508123
C         3.99563593227559    3.24132116306447    1.01600547114385
C         4.91733157713427    3.13050090078354   -0.01729005217420
C         6.15237980171231    3.97838607156510   -0.05888436205049
C         4.66491790632045    2.20680159589973   -1.02674961205998
C         3.52981209231193    1.42152281092890   -1.00619632430768
H         1.08368777345951    0.41115391428194    2.20843420566399
H        -1.04259293317622   -0.98730152723473   -1.51207335354129
H         1.02791691710708    0.49032625632418   -2.11358402807100
H         2.14838816161570    2.57205927222086    1.84973853523075
H         4.16777865848529    3.95423941268344    1.81015136431628
H         6.21210494113394    4.62259224181388    0.81452755259899
H         6.15243304521069    4.60161052277949   -0.95252510258631
H         7.04184020998617    3.35049332804499   -0.09224824424171
H         5.37085659012591    2.10244721774032   -1.83870472350784
H         3.36595936089448    0.70108169176325   -1.79393912906113
22
 energy: -31.892045970908 gnorm: 0.000242646626 xtb: 6.4.1 (1a32961)
C         0.79415037644182    0.24752827378729    1.18971429080843
S        -0.58585654811194   -0.72269944580848    0.86301098139522
C        -0.35656571597301   -0.52260779085631   -0.83219803881484
C         0.72630359772495    0.23898584692898   -1.11299209895880
C         1.40579448473600    0.69561255331909    0.05405447148095
C         2.60604983563189    1.53135975247338    0.03259645454965
C         2.85805335835724    2.45623990415534    1.04359243523572
C         3.99529779455757    3.24160328602310    1.01558102425433
C         4.91747767675057    3.13007196753509   -0.01720305361762
C         6.15140708885815    3.97948463434857   -0.05969653403073
C         4.66623529171950    2.20467378577006   -1.02545890074542
C         3.53148059028997    1.41900182703918   -1.00466667649397
H         1.08609541370255    0.40745925657596    2.20833073941846
H        -1.04430312480731   -0.98287744882537   -1.51327333498325
H         1.02660805906284    0.49376957534831   -2.11330015514591
H         2.14770288168752    2.57223709719456    1.84901705028761
H         4.16674911619087    3.95552385194839    1.80900259411036
H         6.21055942805801    4.62411971510612    0.81341136156238
H         6.14993558960485    4.60243466542076   -0.95355578406059
H         7.04184074818156    3.35301216929857   -0.09341051951391
H         5.37296424947880    2.09951399238745   -1.83665975216735
H         3.36781980785752    0.69753253082999   -1.79151655457069
22
 energy: -31.892047187690 gnorm: 0.000263732638 xtb: 6.4.1 (1a32961)
C         0.79567665361111    0.24547968266612    1.18968754537702
S        -0.58601038263873   -0.72239770779879    0.86299848863582
C        -0.35818234448685   -0.52005829258192   -0.83218209148290
C         0.72556405013346    0.24032784784413   -1.11300234656095
C         1.40657395703740    0.69461424712211    0.05405426894948
C         2.60708475255529    1.52997622234135    0.03267419170369
C         2.85792253349095    2.45588399463334    1.04303292839618
C         3.99478625782374    3.24170598077814    1.01504580896861
C         4.91762081293042    3.12962148058287   -0.01712150777521
C         6.15037883935261    3.98068761693959   -0.06006712007610
C         4.66782000366966    2.20275377803737   -1.02439977228692
C         3.53339836014506    1.41659556546686   -1.00368173278942
H         1.08936211043094    0.40386069493262    2.20806777119756
H        -1.04733727594537   -0.97805452516289   -1.51336073361835
H         1.02519239740362    0.49634085334385   -2.11324431733946
H         2.14669835963517    2.57198286189400    1.84765962270457
H         4.16521755211180    3.95682880426065    1.80761080071928
H         6.20890176873020    4.62530412699042    0.81311447724241
H         6.14759819665557    4.60384913383853   -0.95380279805648
H         7.04173482783398    3.35557978102875   -0.09427583318874
H         5.37538473242050    2.09716706727671   -1.83482754475717
H         3.37041383709944    0.69393078556625   -1.78960010596290
22
 energy: -31.892048306380 gnorm: 0.000217084725 xtb: 6.4.1 (1a32961)
C         0.79766121645325    0.24288636759495    1.18964943761930
S        -0.58634250912884   -0.72174788405454    0.86308662760539
C        -0.36047569484824   -0.51660347810777   -0.83216373183074
C         0.72425399936408    0.24237820382458   -1.11305207975951
C         1.40783924441582    0.69292790685529    0.05402292797411
C         2.60880078424714    1.52763675842339    0.03287896799298
C         2.85780034247302    2.45516305682443    1.04225004392853
C         3.99375704001593    3.24223753953981    1.01402370346478
C         4.91756701770374    3.12944341612488   -0.01724245386683
C         6.14911456539015    3.98227040823559   -0.06044795738982
C         4.66989783668880    2.20052158029473   -1.02316460294025
C         3.53616292495955    1.41326576963934   -1.00235901729041
H         1.09336597600264    0.39896225983936    2.20783289172793
H        -1.05164558122231   -0.97201450902260   -1.51303685111535
H         1.02356191918964    0.49954312186588   -2.11312191017935
H         2.14533346573012    2.57167905103178    1.84572517042103
H         4.16300672919000    3.95855664065550    1.80574536799856
H         6.20709318801293    4.62656861436187    0.81302780547486
H         6.14470362314249    4.60599717687550   -0.95379866469852
H         7.04149117316648    3.35868035765963   -0.09556607329480
H         5.37856289382032    2.09430114112988   -1.83255400850515
H         3.37428984523322    0.68932650040859   -1.78735559333673
22
 energy: -31.892048778234 gnorm: 0.000115413472 xtb: 6.4.1 (1a32961)
C         0.79935345370580    0.24058647802581    1.18955028573923
S        -0.58658464284265   -0.72129903150215    0.86308611246669
C        -0.36231566697441   -0.51387143802188   -0.83217763264862
C         0.72345011778412    0.24355182382051   -1.11308776386423
C         1.40872567976509    0.69163535264128    0.05391964836053
C         2.60989554048977    1.52612641823823    0.03286240401390
C         2.85752309525140    2.45484043762789    1.04145560307962
C         3.99305776856728    3.24249845367687    1.01333540720639
C         4.91771736536643    3.12912410218267   -0.01711329219369
C         6.14816186091453    3.98357300075519   -0.06079590391044
C         4.67165672233205    2.19869754636316   -1.02199940791497
C         3.53828936818674    1.41079946056938   -1.00127440115476
H         1.09638312188680    0.39457406058360    2.20766005936588
H        -1.05550491206460   -0.96684510286928   -1.51264433172021
H         1.02229991910219    0.50202118048718   -2.11295879199941
H         2.14437881408508    2.57167971708604    1.84428262778558
H         4.16092745053941    3.96023931324086    1.80407128816840
H         6.20603789014096    4.62741120053474    0.81304263193031
H         6.14222040425046    4.60795276771910   -0.95370538929490
H         7.04128528113983    3.36116270907546   -0.09704557647609
H         5.38106763785356    2.09192328746861   -1.83065624801002
H         3.37777373052009    0.68559826229676   -1.78542732892917
