12
 energy: -24.170328637133 gnorm: 0.031461753486 xtb: 6.4.1 (1a32961)
C        -0.77151000000000   -1.91415000000000   -0.00131000000000
C        -1.82854000000000   -1.00464000000000    0.00678000000000
C        -1.56015000000000    0.36144000000000    0.01289000000000
F        -2.57930000000000    1.23037000000000    0.01568000000000
C        -0.25522000000000    0.83946000000000    0.01470000000000
C         0.79578000000000   -0.07214000000000    0.00411000000000
Cl        2.41988000000000    0.49638000000000    0.00170000000000
C         0.54466000000000   -1.44628000000000   -0.00525000000000
H        -0.97076000000000   -2.98256000000000   -0.00513000000000
H        -2.85801000000000   -1.34929000000000    0.00789000000000
H        -0.07583000000000    1.90875000000000    0.02396000000000
H         1.36873000000000   -2.15548000000000   -0.01563000000000
12
 energy: -24.171228969179 gnorm: 0.013858634002 xtb: 6.4.1 (1a32961)
C        -0.76994668445834   -1.90317795829011   -0.00230989105282
C        -1.82676366233072   -1.00692290120443    0.00626313155133
C        -1.55308666486287    0.35045959808434    0.01298005653846
F        -2.57407417993574    1.22641982095076    0.02060511261707
C        -0.25555596942632    0.83349222977583    0.01273341727506
C         0.78803195823077   -0.07886341835879    0.00369262310157
Cl        2.41429017727405    0.49405291433930    0.00258686433155
C         0.53893875225207   -1.44454318006898   -0.00400379024106
H        -0.96627845596904   -2.96400092615660   -0.00786821380231
H        -2.85161609630450   -1.34784713997921    0.00765008244249
H        -0.07485538357720    1.89798359972758    0.02015160817732
H         1.36064620910784   -2.14519263881968   -0.01209100093866
12
 energy: -24.171357941132 gnorm: 0.004941073760 xtb: 6.4.1 (1a32961)
C        -0.76978145689521   -1.90028852269870   -0.00269520473209
C        -1.82877303637867   -1.00909611255290    0.00591245320481
C        -1.54944590675581    0.34486107858074    0.01323093805032
F        -2.57188383727586    1.22758486152796    0.02295781299069
C        -0.25550892588794    0.83294186118951    0.01220430985734
C         0.78480989703718   -0.08197100995207    0.00365715454086
Cl        2.41384817615250    0.49583360558969    0.00261990536132
C         0.53789088171937   -1.44577310398075   -0.00363748999428
H        -0.96483299595788   -2.95947085377221   -0.00882280111542
H        -2.85235905377930   -1.34648156692344    0.00700973224268
H        -0.07449650000464    1.89539975603591    0.01836135844516
H         1.36026275802626   -2.14167999304373   -0.01040816885138
12
 energy: -24.171379495736 gnorm: 0.001503197904 xtb: 6.4.1 (1a32961)
C        -0.77005614108010   -1.90065813866627   -0.00268336307045
C        -1.83030463736802   -1.01008548914532    0.00592760288114
C        -1.54817227778068    0.34314533881932    0.01339019539250
F        -2.57160964570581    1.22907769934252    0.02309089606116
C        -0.25539549043224    0.83396257980877    0.01221694966133
C         0.78394852213121   -0.08255793494130    0.00366997645859
Cl        2.41523246121068    0.49719157214109    0.00237620821292
C         0.53809791550128   -1.44669917299048   -0.00345159131286
H        -0.96480085459630   -2.96045518469305   -0.00912108024874
H        -2.85403842059971   -1.34586811393518    0.00686915455016
H        -0.07463588289445    1.89605317645481    0.01823300536562
H         1.36146445161415   -2.14124633219492   -0.01012795395137
12
 energy: -24.171382481819 gnorm: 0.000753177808 xtb: 6.4.1 (1a32961)
C        -0.77032396786805   -1.90162696654624   -0.00260982727251
C        -1.83093042823550   -1.01039501610923    0.00598873196889
C        -1.54770378459517    0.34276534892739    0.01334859711143
F        -2.57211473144148    1.22984725157908    0.02243698799558
C        -0.25530209042747    0.83507909386840    0.01246542367043
C         0.78361648815285   -0.08233050147359    0.00375079918312
Cl        2.41708044615835    0.49745917508468    0.00230315760090
C         0.53826785786391   -1.44696034986629   -0.00365136514053
H        -0.96500002979664   -2.96222649718291   -0.00875576683215
H        -2.85508302774738   -1.34560919482735    0.00698271212646
H        -0.07505407365808    1.89731602783744    0.01870893820724
H         1.36227734159465   -2.14145837129138   -0.01057838861886
12
 energy: -24.171383015941 gnorm: 0.000197850921 xtb: 6.4.1 (1a32961)
C        -0.77026696278420   -1.90155124427616   -0.00255652476543
C        -1.83055072808037   -1.01017992345594    0.00602563017692
C        -1.54787800731884    0.34303346090645    0.01333071400792
F        -2.57225958707402    1.22941143162316    0.02242837633893
C        -0.25531037618973    0.83492029545373    0.01240734823138
C         0.78361650300341   -0.08223265772467    0.00369770853832
Cl        2.41704663658016    0.49701950110993    0.00237501263229
C         0.53814922652950   -1.44670134243584   -0.00359984891003
H        -0.96496691852296   -2.96193544721783   -0.00881249905124
H        -2.85466250010682   -1.34568624134284    0.00701633429350
H        -0.07510960977325    1.89721041436451    0.01870682675131
H         1.36192232373713   -2.14144824700448   -0.01062907824387
