14
 energy: -23.382039341056 gnorm: 0.040702316838 xtb: 6.4.1 (1a32961)
C        -2.00172000000000    0.00497000000000    0.01017000000000
N        -3.39054000000000    0.00587000000000   -0.15945000000000
C        -1.29022000000000   -1.19781000000000   -0.02883000000000
C         0.10850000000000   -1.20211000000000   -0.01294000000000
C         0.80134000000000    0.00527000000000    0.00260000000000
Cl        2.52161000000000    0.00572000000000    0.00113000000000
C         0.10819000000000    1.21185000000000   -0.00504000000000
C        -1.29029000000000    1.20786000000000   -0.02275000000000
H        -3.85065000000000   -0.83597000000000    0.17222000000000
H        -3.84880000000000    0.85070000000000    0.16691000000000
H        -1.81948000000000   -2.14577000000000   -0.07674000000000
H         0.64463000000000   -2.14624000000000   -0.03240000000000
H         0.64403000000000    2.15683000000000   -0.01710000000000
H        -1.81967000000000    2.15577000000000   -0.06593000000000
14
 energy: -23.383940428405 gnorm: 0.017806624793 xtb: 6.4.1 (1a32961)
C        -1.99854414365416    0.00533162927993   -0.04256025475038
N        -3.38316645641483    0.00581099852939   -0.15023708090633
C        -1.28634716804768   -1.19598067610211   -0.04047794833825
C         0.09793249878223   -1.19816296995379   -0.01996040919823
C         0.78694129556760    0.00523415522424   -0.00615645258672
Cl        2.51564956137632    0.00520777295813    0.01561133568564
C         0.09793691674793    1.20840490585625   -0.01291826984276
C        -1.28633626736636    1.20658040678575   -0.03397626337995
H        -3.83503676877920   -0.83618849189436    0.17826520635860
H        -3.83383265124376    0.84961209111362    0.17522057264044
H        -1.81459598182867   -2.13930057992270   -0.05441287255392
H         0.63553777643549   -2.13510190628939   -0.02366182386671
H         0.63541865509216    2.14558956410639   -0.01015321424301
H        -1.81462726666708    2.14990310030862   -0.04273252501843
14
 energy: -23.384320546230 gnorm: 0.007845253797 xtb: 6.4.1 (1a32961)
C        -1.99948544400813    0.00552912188274   -0.04359451233644
N        -3.37504569027668    0.00581979277153   -0.13832237515590
C        -1.28488355834773   -1.19473175744844   -0.03636669115901
C         0.09391589995464   -1.19680842059008   -0.02614860930690
C         0.78144031827055    0.00524191428568   -0.01644578388028
Cl        2.51850859923311    0.00492763896838    0.01500899780964
C         0.09415919938103    1.20742815758699   -0.01943880170276
C        -1.28472385620147    1.20564514476931   -0.02964230335134
H        -3.83253965222986   -0.83916159475153    0.16610927051864
H        -3.83167656367563    0.85152429237458    0.16514247463108
H        -1.81581612953288   -2.13364618511050   -0.04595171943527
H         0.63415589197624   -2.12988883425645   -0.01841119322448
H         0.63444872587220    2.14036062957969   -0.00619776737277
H        -1.81552774041539    2.14470009993810   -0.03389098603421
14
 energy: -23.384485627804 gnorm: 0.004166558912 xtb: 6.4.1 (1a32961)
C        -2.00153098076290    0.00568751872591   -0.04123364187248
N        -3.37104657553298    0.00594345826967   -0.12478052124503
C        -1.28426441926980   -1.19470538224435   -0.03424385521242
C         0.09386632553781   -1.19724115955318   -0.02520202212665
C         0.78027885362298    0.00522618072756   -0.01604621972302
Cl        2.52421744251746    0.00483705303933    0.00584488224798
C         0.09425315075855    1.20801344450000   -0.01884282030562
C        -1.28393604644008    1.20581445187245   -0.02758605335250
H        -3.83664968582016   -0.84348613589421    0.15173898025484
H        -3.83612905469482    0.85501159803196    0.15306921034083
H        -1.81853931171819   -2.13164071609430   -0.03910535399263
H         0.63684750554539   -2.12829485363741   -0.01808816489111
H         0.63745761392401    2.13879769297795   -0.00666218719970
H        -1.81789481766726    2.14297684927862   -0.02701223292248
14
 energy: -23.384552119219 gnorm: 0.003577857080 xtb: 6.4.1 (1a32961)
C        -2.00247681722377    0.00575255724705   -0.03447057714328
N        -3.36921217779943    0.00606513389180   -0.11258461731611
C        -1.28396366346615   -1.19525408818783   -0.03084411961042
C         0.09533619673665   -1.19818313879058   -0.02396029060759
C         0.78075091504703    0.00522365493013   -0.01728392511642
Cl        2.52837461975449    0.00485460830240   -0.00170414106542
C         0.09576592613896    1.20894951896120   -0.01766110630078
C        -1.28354727553303    1.20643868280306   -0.02442051814322
H        -3.84250298106061   -0.84667535496200    0.13877589327793
H        -3.84225702644015    0.85782985191984    0.14183151287429
H        -1.81993661284049   -2.13201786338650   -0.03573736641176
H         0.63947003368623   -2.12920671824345   -0.01867469001830
H         0.64023530969321    2.13970303308083   -0.00737035679262
H        -1.81910644669294    2.14346012243404   -0.02404569762631
14
 energy: -23.384569991686 gnorm: 0.002262025483 xtb: 6.4.1 (1a32961)
C        -2.00219297474870    0.00573861917209   -0.03078517470238
N        -3.36874562650245    0.00609386525601   -0.10603579296148
C        -1.28386305691351   -1.19562330648472   -0.02908174694097
C         0.09615406046389   -1.19854929938866   -0.02287836370705
C         0.78108704862353    0.00521657775507   -0.01636854936423
Cl        2.52904511974728    0.00489352212814   -0.00496873523478
C         0.09656561195773    1.20925208037652   -0.01654757326997
C        -1.28344911760379    1.20680098408459   -0.02280975328655
H        -3.84510698026365   -0.84757789717805    0.13264468772087
H        -3.84496178425945    0.85879596837811    0.13619196993194
H        -1.81950640837377   -2.13306110546620   -0.03477494647332
H         0.63992346746665   -2.13014734728248   -0.02042952423037
H         0.64068343617692    2.14062612834924   -0.00896554361785
H        -1.81870279577068    2.14448121030034   -0.02334095386386
14
 energy: -23.384577079278 gnorm: 0.001086769358 xtb: 6.4.1 (1a32961)
C        -2.00166852264490    0.00573471254966   -0.02851097007836
N        -3.36833453646569    0.00613953566353   -0.10161100798374
C        -1.28383849595510   -1.19573811968885   -0.02774221746296
C         0.09643140298118   -1.19851295268545   -0.02267617987822
C         0.78134197076945    0.00521685572016   -0.01662812229815
Cl        2.52853472547843    0.00490334555274   -0.00636482608851
C         0.09684372380647    1.20918661647710   -0.01636980442333
C        -1.28342536223670    1.20693431430760   -0.02148621723983
H        -3.84618991012443   -0.84819432970086    0.12832299434340
H        -3.84601725093984    0.85939279710687    0.13254879145433
H        -1.81857859934134   -2.13379144713507   -0.03378396574644
H         0.63944337413743   -2.13067481760008   -0.02136411140132
H         0.64019870369759    2.14113872414853   -0.00995531349737
H        -1.81781122316255    2.14520476528413   -0.02252904969950
14
 energy: -23.384579120800 gnorm: 0.000640973293 xtb: 6.4.1 (1a32961)
C        -2.00134905327974    0.00573687192592   -0.02739827018303
N        -3.36786263727891    0.00616103668085   -0.09858462313552
C        -1.28381140169368   -1.19565163556880   -0.02656266782098
C         0.09635167295659   -1.19821688468150   -0.02259279786493
C         0.78170257810526    0.00521722888190   -0.01706959093991
Cl        2.52766409388259    0.00489180592869   -0.00809761461201
C         0.09677422951664    1.20889224486649   -0.01635813020251
C        -1.28339242445522    1.20686330492148   -0.02036774681675
H        -3.84652816852140   -0.84894555373201    0.12456006808831
H        -3.84630038116886    0.86010902196014    0.12940198793036
H        -1.81761443113432   -2.13405142417544   -0.03207301847100
H         0.63870610015777   -2.13067485086172   -0.02171592597548
H         0.63946154307173    2.14114298916695   -0.01044313340771
H        -1.81687172015846    2.14546584468705   -0.02084853658883
14
 energy: -23.384579441065 gnorm: 0.000202844661 xtb: 6.4.1 (1a32961)
C        -2.00157216437862    0.00573827624958   -0.02786463987270
N        -3.36795343248681    0.00615598101576   -0.09927530512003
C        -1.28380040832505   -1.19558719198279   -0.02671518460341
C         0.09626584715381   -1.19815924703176   -0.02268747677338
C         0.78186997751414    0.00521909985786   -0.01736410225422
Cl        2.52760662955331    0.00488654674765   -0.00831340808978
C         0.09668933741779    1.20884971006528   -0.01644955134873
C        -1.28337943208662    1.20679414493912   -0.02047740873102
H        -3.84634028682446   -0.84897473594308    0.12483623320643
H        -3.84609667365547    0.86013269920978    0.12968303642725
H        -1.81774495946773   -2.13385453082339   -0.03176334411130
H         0.63880911965121   -2.13050047387893   -0.02123105883396
H         0.63956447948747    2.14097691144810   -0.01001078685441
H        -1.81698803355296    2.14526281012682   -0.02051700304073
